<?xml version="1.0" encoding="UTF-8"?>
<coverage generated="1703031969628" clover="3.2.0">
  <project timestamp="1703031969628" name="All files">
    <metrics statements="3359" coveredstatements="3252" conditionals="1905" coveredconditionals="1565" methods="807" coveredmethods="758" elements="6071" coveredelements="5575" complexity="0" loc="3359" ncloc="3359" packages="50" files="275" classes="275"/>
    <package name="src">
      <metrics statements="171" coveredstatements="120" conditionals="37" coveredconditionals="36" methods="38" coveredmethods="34"/>
      <file name="App.tsx" path="/Users/Vamsi/random-hacks/my-react-app/src/App.tsx">
        <metrics statements="3" coveredstatements="0" conditionals="0" coveredconditionals="0" methods="1" coveredmethods="0"/>
        <line num="13" count="0" type="stmt"/>
        <line num="16" count="0" type="stmt"/>
        <line num="19" count="0" type="stmt"/>
      </file>
      <file name="createRenderer.ts" path="/Users/Vamsi/random-hacks/my-react-app/src/createRenderer.ts">
        <metrics statements="9" coveredstatements="0" conditionals="0" coveredconditionals="0" methods="1" coveredmethods="0"/>
        <line num="1" count="0" type="stmt"/>
        <line num="2" count="0" type="stmt"/>
        <line num="3" count="0" type="stmt"/>
        <line num="4" count="0" type="stmt"/>
        <line num="5" count="0" type="stmt"/>
        <line num="6" count="0" type="stmt"/>
        <line num="8" count="0" type="stmt"/>
        <line num="9" count="0" type="stmt"/>
        <line num="10" count="0" type="stmt"/>
      </file>
      <file name="dom.ts" path="/Users/Vamsi/random-hacks/my-react-app/src/dom.ts">
        <metrics statements="19" coveredstatements="19" conditionals="3" coveredconditionals="3" methods="6" coveredmethods="6"/>
        <line num="1" count="20" type="stmt"/>
        <line num="2" count="20" type="stmt"/>
        <line num="4" count="20" type="stmt"/>
        <line num="5" count="2" type="stmt"/>
        <line num="6" count="2" type="stmt"/>
        <line num="7" count="2" type="stmt"/>
        <line num="10" count="20" type="cond" truecount="1" falsecount="0"/>
        <line num="11" count="3" type="stmt"/>
        <line num="14" count="20" type="cond" truecount="1" falsecount="0"/>
        <line num="15" count="2" type="stmt"/>
        <line num="18" count="20" type="stmt"/>
        <line num="19" count="2" type="cond" truecount="1" falsecount="0"/>
        <line num="20" count="2" type="stmt"/>
        <line num="25" count="20" type="stmt"/>
        <line num="26" count="20" type="stmt"/>
        <line num="27" count="20" type="stmt"/>
        <line num="28" count="20" type="stmt"/>
        <line num="29" count="20" type="stmt"/>
        <line num="30" count="20" type="stmt"/>
      </file>
      <file name="main.tsx" path="/Users/Vamsi/random-hacks/my-react-app/src/main.tsx">
        <metrics statements="38" coveredstatements="0" conditionals="0" coveredconditionals="0" methods="2" coveredmethods="0"/>
        <line num="1" count="0" type="stmt"/>
        <line num="2" count="0" type="stmt"/>
        <line num="4" count="0" type="stmt"/>
        <line num="5" count="0" type="stmt"/>
        <line num="7" count="0" type="stmt"/>
        <line num="8" count="0" type="stmt"/>
        <line num="10" count="0" type="stmt"/>
        <line num="11" count="0" type="stmt"/>
        <line num="13" count="0" type="stmt"/>
        <line num="14" count="0" type="stmt"/>
        <line num="16" count="0" type="stmt"/>
        <line num="17" count="0" type="stmt"/>
        <line num="18" count="0" type="stmt"/>
        <line num="20" count="0" type="stmt"/>
        <line num="21" count="0" type="stmt"/>
        <line num="23" count="0" type="stmt"/>
        <line num="25" count="0" type="stmt"/>
        <line num="26" count="0" type="stmt"/>
        <line num="27" count="0" type="stmt"/>
        <line num="29" count="0" type="stmt"/>
        <line num="31" count="0" type="stmt"/>
        <line num="32" count="0" type="stmt"/>
        <line num="33" count="0" type="stmt"/>
        <line num="35" count="0" type="stmt"/>
        <line num="36" count="0" type="stmt"/>
        <line num="38" count="0" type="stmt"/>
        <line num="40" count="0" type="stmt"/>
        <line num="41" count="0" type="stmt"/>
        <line num="43" count="0" type="stmt"/>
        <line num="45" count="0" type="stmt"/>
        <line num="46" count="0" type="stmt"/>
        <line num="47" count="0" type="stmt"/>
        <line num="49" count="0" type="stmt"/>
        <line num="50" count="0" type="stmt"/>
        <line num="52" count="0" type="stmt"/>
        <line num="53" count="0" type="stmt"/>
        <line num="54" count="0" type="stmt"/>
        <line num="55" count="0" type="stmt"/>
      </file>
      <file name="utils.ts" path="/Users/Vamsi/random-hacks/my-react-app/src/utils.ts">
        <metrics statements="102" coveredstatements="101" conditionals="34" coveredconditionals="33" methods="28" coveredmethods="28"/>
        <line num="1" count="71" type="stmt"/>
        <line num="10" count="71" type="stmt"/>
        <line num="11" count="40" type="cond" truecount="1" falsecount="1"/>
        <line num="17" count="71" type="stmt"/>
        <line num="18" count="40" type="stmt"/>
        <line num="20" count="40" type="stmt"/>
        <line num="36" count="71" type="stmt"/>
        <line num="37" count="32" type="stmt"/>
        <line num="39" count="32" type="cond" truecount="1" falsecount="0"/>
        <line num="40" count="4" type="stmt"/>
        <line num="43" count="32" type="cond" truecount="2" falsecount="0"/>
        <line num="51" count="71" type="stmt"/>
        <line num="52" count="128" type="cond" truecount="2" falsecount="0"/>
        <line num="61" count="71" type="stmt"/>
        <line num="62" count="70" type="cond" truecount="3" falsecount="0"/>
        <line num="70" count="71" type="stmt"/>
        <line num="74" count="5" type="cond" truecount="3" falsecount="0"/>
        <line num="75" count="2" type="stmt"/>
        <line num="78" count="3" type="stmt"/>
        <line num="79" count="3" type="stmt"/>
        <line num="81" count="3" type="stmt"/>
        <line num="82" count="4" type="cond" truecount="1" falsecount="0"/>
        <line num="83" count="3" type="stmt"/>
        <line num="87" count="3" type="stmt"/>
        <line num="99" count="71" type="stmt"/>
        <line num="100" count="22" type="stmt"/>
        <line num="101" count="71" type="stmt"/>
        <line num="102" count="31" type="cond" truecount="3" falsecount="0"/>
        <line num="105" count="8" type="stmt"/>
        <line num="113" count="71" type="stmt"/>
        <line num="114" count="31" type="cond" truecount="3" falsecount="0"/>
        <line num="116" count="71" type="stmt"/>
        <line num="118" count="71" type="stmt"/>
        <line num="119" count="14" type="stmt"/>
        <line num="120" count="14" type="stmt"/>
        <line num="129" count="71" type="stmt"/>
        <line num="136" count="71" type="stmt"/>
        <line num="144" count="71" type="stmt"/>
        <line num="145" count="24" type="stmt"/>
        <line num="148" count="116" type="cond" truecount="2" falsecount="0"/>
        <line num="158" count="71" type="stmt"/>
        <line num="159" count="255" type="cond" truecount="2" falsecount="0"/>
        <line num="166" count="71" type="stmt"/>
        <line num="167" count="44" type="stmt"/>
        <line num="168" count="206" type="cond" truecount="2" falsecount="0"/>
        <line num="177" count="71" type="stmt"/>
        <line num="180" count="21" type="stmt"/>
        <line num="181" count="93" type="cond" truecount="2" falsecount="0"/>
        <line num="191" count="71" type="stmt"/>
        <line num="195" count="22" type="stmt"/>
        <line num="197" count="22" type="stmt"/>
        <line num="198" count="110" type="stmt"/>
        <line num="199" count="110" type="stmt"/>
        <line num="200" count="110" type="stmt"/>
        <line num="203" count="22" type="stmt"/>
        <line num="204" count="22" type="stmt"/>
        <line num="206" count="33" type="stmt"/>
        <line num="207" count="22" type="stmt"/>
        <line num="217" count="71" type="stmt"/>
        <line num="218" count="21" type="stmt"/>
        <line num="219" count="21" type="cond" truecount="1" falsecount="0"/>
        <line num="220" count="1" type="stmt"/>
        <line num="221" count="1" type="stmt"/>
        <line num="224" count="20" type="stmt"/>
        <line num="225" count="25" type="stmt"/>
        <line num="228" count="20" type="stmt"/>
        <line num="231" count="71" type="stmt"/>
        <line num="239" count="71" type="stmt"/>
        <line num="259" count="71" type="stmt"/>
        <line num="263" count="44" type="cond" truecount="1" falsecount="0"/>
        <line num="264" count="4" type="cond" truecount="2" falsecount="0"/>
        <line num="269" count="40" type="stmt"/>
        <line num="272" count="71" type="stmt"/>
        <line num="273" count="41" type="cond" truecount="1" falsecount="0"/>
        <line num="274" count="38" type="stmt"/>
        <line num="277" count="3" type="cond" truecount="1" falsecount="0"/>
        <line num="278" count="3" type="stmt"/>
        <line num="281" count="0" type="stmt"/>
        <line num="284" count="71" type="stmt"/>
        <line num="287" count="71" type="stmt"/>
        <line num="288" count="71" type="stmt"/>
        <line num="289" count="71" type="stmt"/>
        <line num="290" count="71" type="stmt"/>
        <line num="291" count="71" type="stmt"/>
        <line num="292" count="71" type="stmt"/>
        <line num="293" count="71" type="stmt"/>
        <line num="294" count="71" type="stmt"/>
        <line num="295" count="71" type="stmt"/>
        <line num="296" count="71" type="stmt"/>
        <line num="297" count="71" type="stmt"/>
        <line num="298" count="71" type="stmt"/>
        <line num="299" count="71" type="stmt"/>
        <line num="300" count="71" type="stmt"/>
        <line num="301" count="71" type="stmt"/>
        <line num="302" count="71" type="stmt"/>
        <line num="303" count="71" type="stmt"/>
        <line num="304" count="71" type="stmt"/>
        <line num="305" count="71" type="stmt"/>
        <line num="306" count="71" type="stmt"/>
        <line num="307" count="71" type="stmt"/>
        <line num="308" count="71" type="stmt"/>
        <line num="309" count="71" type="stmt"/>
      </file>
    </package>
    <package name="src.components">
      <metrics statements="20" coveredstatements="20" conditionals="9" coveredconditionals="9" methods="5" coveredmethods="5"/>
      <file name="CloseButton.tsx" path="/Users/Vamsi/random-hacks/my-react-app/src/components/CloseButton.tsx">
        <metrics statements="13" coveredstatements="13" conditionals="7" coveredconditionals="7" methods="4" coveredmethods="4"/>
        <line num="2" count="3" type="stmt"/>
        <line num="3" count="3" type="stmt"/>
        <line num="6" count="3" type="stmt"/>
        <line num="7" count="29" type="stmt"/>
        <line num="14" count="29" type="stmt"/>
        <line num="48" count="3" type="stmt"/>
        <line num="49" count="29" type="cond" truecount="2" falsecount="0"/>
        <line num="63" count="3" type="stmt"/>
        <line num="64" count="29" type="cond" truecount="2" falsecount="0"/>
        <line num="74" count="3" type="stmt"/>
        <line num="80" count="29" type="stmt"/>
        <line num="81" count="29" type="stmt"/>
        <line num="86" count="29" type="stmt"/>
      </file>
      <file name="Portal.tsx" path="/Users/Vamsi/random-hacks/my-react-app/src/components/Portal.tsx">
        <metrics statements="7" coveredstatements="7" conditionals="2" coveredconditionals="2" methods="1" coveredmethods="1"/>
        <line num="1" count="16" type="stmt"/>
        <line num="2" count="16" type="stmt"/>
        <line num="10" count="16" type="cond" truecount="1" falsecount="0"/>
        <line num="11" count="4" type="stmt"/>
        <line num="13" count="4" type="cond" truecount="1" falsecount="0"/>
        <line num="14" count="2" type="stmt"/>
        <line num="17" count="2" type="stmt"/>
      </file>
    </package>
    <package name="src.components.Accordion">
      <metrics statements="102" coveredstatements="102" conditionals="39" coveredconditionals="31" methods="18" coveredmethods="18"/>
      <file name="Accordion.tsx" path="/Users/Vamsi/random-hacks/my-react-app/src/components/Accordion/Accordion.tsx">
        <metrics statements="6" coveredstatements="6" conditionals="1" coveredconditionals="1" methods="1" coveredmethods="1"/>
        <line num="1" count="1" type="stmt"/>
        <line num="3" count="1" type="stmt"/>
        <line num="7" count="1" type="stmt"/>
        <line num="12" count="4" type="stmt"/>
        <line num="14" count="4" type="stmt"/>
        <line num="20" count="4" type="stmt"/>
      </file>
      <file name="AccordionContext.tsx" path="/Users/Vamsi/random-hacks/my-react-app/src/components/Accordion/AccordionContext.tsx">
        <metrics statements="2" coveredstatements="2" conditionals="0" coveredconditionals="0" methods="0" coveredmethods="0"/>
        <line num="1" count="2" type="stmt"/>
        <line num="11" count="2" type="stmt"/>
      </file>
      <file name="AccordionPanel.tsx" path="/Users/Vamsi/random-hacks/my-react-app/src/components/Accordion/AccordionPanel.tsx">
        <metrics statements="34" coveredstatements="34" conditionals="12" coveredconditionals="11" methods="9" coveredmethods="9"/>
        <line num="2" count="2" type="stmt"/>
        <line num="4" count="2" type="stmt"/>
        <line num="8" count="2" type="stmt"/>
        <line num="9" count="2" type="stmt"/>
        <line num="10" count="2" type="stmt"/>
        <line num="19" count="40" type="stmt"/>
        <line num="26" count="2" type="stmt"/>
        <line num="27" count="40" type="cond" truecount="2" falsecount="0"/>
        <line num="35" count="2" type="stmt"/>
        <line num="36" count="40" type="cond" truecount="2" falsecount="0"/>
        <line num="43" count="2" type="stmt"/>
        <line num="48" count="40" type="cond" truecount="1" falsecount="0"/>
        <line num="49" count="18" type="stmt"/>
        <line num="52" count="22" type="stmt"/>
        <line num="58" count="22" type="cond" truecount="1" falsecount="0"/>
        <line num="59" count="4" type="stmt"/>
        <line num="62" count="22" type="cond" truecount="1" falsecount="0"/>
        <line num="63" count="4" type="stmt"/>
        <line num="66" count="22" type="stmt"/>
        <line num="69" count="2" type="stmt"/>
        <line num="76" count="40" type="stmt"/>
        <line num="77" count="40" type="stmt"/>
        <line num="83" count="40" type="stmt"/>
        <line num="85" count="40" type="stmt"/>
        <line num="91" count="40" type="stmt"/>
        <line num="98" count="40" type="stmt"/>
        <line num="100" count="40" type="stmt"/>
        <line num="101" count="21" type="cond" truecount="1" falsecount="0"/>
        <line num="102" count="4" type="stmt"/>
        <line num="106" count="40" type="stmt"/>
        <line num="107" count="19" type="stmt"/>
        <line num="110" count="40" type="stmt"/>
        <line num="111" count="2" type="stmt"/>
        <line num="118" count="40" type="stmt"/>
      </file>
      <file name="AccordionPanelContent.tsx" path="/Users/Vamsi/random-hacks/my-react-app/src/components/Accordion/AccordionPanelContent.tsx">
        <metrics statements="16" coveredstatements="16" conditionals="11" coveredconditionals="8" methods="2" coveredmethods="2"/>
        <line num="1" count="3" type="stmt"/>
        <line num="3" count="3" type="stmt"/>
        <line num="4" count="3" type="stmt"/>
        <line num="7" count="3" type="cond" truecount="0" falsecount="3"/>
        <line num="8" count="48" type="stmt"/>
        <line num="13" count="48" type="cond" truecount="1" falsecount="0"/>
        <line num="14" count="22" type="stmt"/>
        <line num="17" count="48" type="cond" truecount="1" falsecount="0"/>
        <line num="18" count="8" type="stmt"/>
        <line num="19" count="8" type="stmt"/>
        <line num="22" count="48" type="stmt"/>
        <line num="25" count="3" type="stmt"/>
        <line num="34" count="48" type="stmt"/>
        <line num="35" count="48" type="stmt"/>
        <line num="36" count="48" type="stmt"/>
        <line num="37" count="48" type="stmt"/>
      </file>
      <file name="AccordionPanelContext.ts" path="/Users/Vamsi/random-hacks/my-react-app/src/components/Accordion/AccordionPanelContext.ts">
        <metrics statements="2" coveredstatements="2" conditionals="0" coveredconditionals="0" methods="0" coveredmethods="0"/>
        <line num="1" count="4" type="stmt"/>
        <line num="10" count="4" type="stmt"/>
      </file>
      <file name="AccordionPanelHeader.tsx" path="/Users/Vamsi/random-hacks/my-react-app/src/components/Accordion/AccordionPanelHeader.tsx">
        <metrics statements="11" coveredstatements="11" conditionals="1" coveredconditionals="1" methods="1" coveredmethods="1"/>
        <line num="1" count="3" type="stmt"/>
        <line num="2" count="3" type="stmt"/>
        <line num="3" count="3" type="stmt"/>
        <line num="4" count="3" type="stmt"/>
        <line num="5" count="3" type="stmt"/>
        <line num="6" count="3" type="stmt"/>
        <line num="9" count="3" type="stmt"/>
        <line num="13" count="38" type="stmt"/>
        <line num="14" count="38" type="stmt"/>
        <line num="15" count="38" type="stmt"/>
        <line num="20" count="38" type="stmt"/>
      </file>
      <file name="ToggleButton.tsx" path="/Users/Vamsi/random-hacks/my-react-app/src/components/Accordion/ToggleButton.tsx">
        <metrics statements="19" coveredstatements="19" conditionals="11" coveredconditionals="8" methods="2" coveredmethods="2"/>
        <line num="1" count="4" type="stmt"/>
        <line num="3" count="4" type="stmt"/>
        <line num="5" count="4" type="cond" truecount="0" falsecount="3"/>
        <line num="6" count="48" type="stmt"/>
        <line num="35" count="48" type="cond" truecount="1" falsecount="0"/>
        <line num="36" count="10" type="stmt"/>
        <line num="37" count="10" type="stmt"/>
        <line num="38" count="10" type="stmt"/>
        <line num="41" count="48" type="cond" truecount="1" falsecount="0"/>
        <line num="42" count="10" type="stmt"/>
        <line num="43" count="10" type="stmt"/>
        <line num="46" count="48" type="cond" truecount="3" falsecount="0"/>
        <line num="47" count="6" type="stmt"/>
        <line num="48" count="6" type="stmt"/>
        <line num="51" count="48" type="stmt"/>
        <line num="60" count="4" type="stmt"/>
        <line num="67" count="48" type="stmt"/>
        <line num="68" count="48" type="stmt"/>
        <line num="69" count="48" type="stmt"/>
      </file>
      <file name="ToggleIcon.tsx" path="/Users/Vamsi/random-hacks/my-react-app/src/components/Accordion/ToggleIcon.tsx">
        <metrics statements="10" coveredstatements="10" conditionals="3" coveredconditionals="2" methods="2" coveredmethods="2"/>
        <line num="2" count="4" type="stmt"/>
        <line num="4" count="4" type="cond" truecount="0" falsecount="1"/>
        <line num="5" count="42" type="stmt"/>
        <line num="19" count="42" type="cond" truecount="1" falsecount="0"/>
        <line num="20" count="8" type="stmt"/>
        <line num="23" count="42" type="stmt"/>
        <line num="26" count="4" type="cond" truecount="1" falsecount="0"/>
        <line num="27" count="42" type="stmt"/>
        <line num="28" count="42" type="stmt"/>
        <line num="29" count="42" type="stmt"/>
      </file>
      <file name="getPanelKey.ts" path="/Users/Vamsi/random-hacks/my-react-app/src/components/Accordion/getPanelKey.ts">
        <metrics statements="2" coveredstatements="2" conditionals="0" coveredconditionals="0" methods="1" coveredmethods="1"/>
        <line num="1" count="3" type="stmt"/>
        <line num="3" count="3" type="stmt"/>
      </file>
    </package>
    <package name="src.components.Alert">
      <metrics statements="37" coveredstatements="36" conditionals="18" coveredconditionals="16" methods="8" coveredmethods="6"/>
      <file name="Alert.tsx" path="/Users/Vamsi/random-hacks/my-react-app/src/components/Alert/Alert.tsx">
        <metrics statements="16" coveredstatements="16" conditionals="11" coveredconditionals="10" methods="3" coveredmethods="2"/>
        <line num="1" count="2" type="stmt"/>
        <line num="2" count="2" type="stmt"/>
        <line num="23" count="2" type="stmt"/>
        <line num="33" count="2" type="stmt"/>
        <line num="43" count="2" type="stmt"/>
        <line num="53" count="2" type="stmt"/>
        <line num="60" count="2" type="stmt"/>
        <line num="61" count="38" type="stmt"/>
        <line num="80" count="2" type="stmt"/>
        <line num="89" count="41" type="cond" truecount="1" falsecount="0"/>
        <line num="90" count="3" type="stmt"/>
        <line num="93" count="38" type="stmt"/>
        <line num="94" count="38" type="cond" truecount="2" falsecount="0"/>
        <line num="97" count="38" type="stmt"/>
        <line num="98" count="38" type="cond" truecount="2" falsecount="0"/>
        <line num="100" count="38" type="stmt"/>
      </file>
      <file name="HeaderAlert.tsx" path="/Users/Vamsi/random-hacks/my-react-app/src/components/Alert/HeaderAlert.tsx">
        <metrics statements="12" coveredstatements="11" conditionals="6" coveredconditionals="5" methods="2" coveredmethods="1"/>
        <line num="1" count="2" type="stmt"/>
        <line num="2" count="2" type="stmt"/>
        <line num="3" count="2" type="stmt"/>
        <line num="4" count="2" type="stmt"/>
        <line num="6" count="2" type="stmt"/>
        <line num="10" count="0" type="cond" truecount="1" falsecount="0"/>
        <line num="15" count="21" type="stmt"/>
        <line num="26" count="21" type="cond" truecount="1" falsecount="0"/>
        <line num="27" count="2" type="stmt"/>
        <line num="31" count="19" type="stmt"/>
        <line num="32" count="19" type="stmt"/>
        <line num="34" count="19" type="stmt"/>
      </file>
      <file name="Sticky.tsx" path="/Users/Vamsi/random-hacks/my-react-app/src/components/Alert/Sticky.tsx">
        <metrics statements="6" coveredstatements="6" conditionals="1" coveredconditionals="1" methods="1" coveredmethods="1"/>
        <line num="2" count="3" type="stmt"/>
        <line num="4" count="3" type="stmt"/>
        <line num="8" count="20" type="stmt"/>
        <line num="9" count="20" type="stmt"/>
        <line num="15" count="20" type="stmt"/>
        <line num="16" count="20" type="stmt"/>
      </file>
      <file name="index.tsx" path="/Users/Vamsi/random-hacks/my-react-app/src/components/Alert/index.tsx">
        <metrics statements="3" coveredstatements="3" conditionals="0" coveredconditionals="0" methods="2" coveredmethods="2"/>
        <line num="1" count="2" type="stmt"/>
        <line num="2" count="2" type="stmt"/>
        <line num="4" count="24" type="stmt"/>
      </file>
    </package>
    <package name="src.components.Badge">
      <metrics statements="22" coveredstatements="22" conditionals="16" coveredconditionals="16" methods="6" coveredmethods="6"/>
      <file name="Badge.tsx" path="/Users/Vamsi/random-hacks/my-react-app/src/components/Badge/Badge.tsx">
        <metrics statements="16" coveredstatements="16" conditionals="16" coveredconditionals="16" methods="6" coveredmethods="6"/>
        <line num="1" count="2" type="stmt"/>
        <line num="4" count="2" type="stmt"/>
        <line num="20" count="2" type="stmt"/>
        <line num="21" count="32" type="cond" truecount="2" falsecount="0"/>
        <line num="23" count="2" type="stmt"/>
        <line num="24" count="32" type="cond" truecount="2" falsecount="0"/>
        <line num="33" count="2" type="stmt"/>
        <line num="34" count="32" type="cond" truecount="2" falsecount="0"/>
        <line num="46" count="2" type="stmt"/>
        <line num="47" count="32" type="cond" truecount="2" falsecount="0"/>
        <line num="51" count="32" type="stmt"/>
        <line num="71" count="32" type="stmt"/>
        <line num="76" count="2" type="stmt"/>
        <line num="86" count="32" type="stmt"/>
        <line num="93" count="32" type="stmt"/>
        <line num="101" count="32" type="stmt"/>
      </file>
      <file name="mappings.ts" path="/Users/Vamsi/random-hacks/my-react-app/src/components/Badge/mappings.ts">
        <metrics statements="6" coveredstatements="6" conditionals="0" coveredconditionals="0" methods="0" coveredmethods="0"/>
        <line num="4" count="2" type="stmt"/>
        <line num="11" count="2" type="stmt"/>
        <line num="18" count="2" type="stmt"/>
        <line num="25" count="2" type="stmt"/>
        <line num="31" count="2" type="stmt"/>
        <line num="41" count="2" type="stmt"/>
      </file>
    </package>
    <package name="src.components.Blockquote">
      <metrics statements="9" coveredstatements="9" conditionals="7" coveredconditionals="7" methods="3" coveredmethods="3"/>
      <file name="Blockquote.tsx" path="/Users/Vamsi/random-hacks/my-react-app/src/components/Blockquote/Blockquote.tsx">
        <metrics statements="9" coveredstatements="9" conditionals="7" coveredconditionals="7" methods="3" coveredmethods="3"/>
        <line num="2" count="1" type="stmt"/>
        <line num="13" count="12" type="stmt"/>
        <line num="22" count="8" type="stmt"/>
        <line num="32" count="1" type="stmt"/>
        <line num="39" count="12" type="stmt"/>
        <line num="40" count="12" type="stmt"/>
        <line num="42" count="12" type="cond" truecount="1" falsecount="0"/>
        <line num="43" count="8" type="stmt"/>
        <line num="69" count="4" type="stmt"/>
      </file>
    </package>
    <package name="src.components.Breadcrumb">
      <metrics statements="44" coveredstatements="42" conditionals="18" coveredconditionals="11" methods="9" coveredmethods="9"/>
      <file name="ActiveItem.tsx" path="/Users/Vamsi/random-hacks/my-react-app/src/components/Breadcrumb/ActiveItem.tsx">
        <metrics statements="7" coveredstatements="7" conditionals="1" coveredconditionals="1" methods="2" coveredmethods="2"/>
        <line num="1" count="4" type="stmt"/>
        <line num="2" count="4" type="stmt"/>
        <line num="4" count="14" type="stmt"/>
        <line num="11" count="4" type="cond" truecount="1" falsecount="0"/>
        <line num="12" count="14" type="stmt"/>
        <line num="13" count="14" type="stmt"/>
        <line num="14" count="14" type="stmt"/>
      </file>
      <file name="Breadcrumb.tsx" path="/Users/Vamsi/random-hacks/my-react-app/src/components/Breadcrumb/Breadcrumb.tsx">
        <metrics statements="5" coveredstatements="5" conditionals="4" coveredconditionals="3" methods="2" coveredmethods="2"/>
        <line num="1" count="1" type="stmt"/>
        <line num="2" count="1" type="stmt"/>
        <line num="15" count="1" type="stmt"/>
        <line num="21" count="10" type="stmt"/>
        <line num="24" count="30" type="stmt"/>
      </file>
      <file name="Divider.tsx" path="/Users/Vamsi/random-hacks/my-react-app/src/components/Breadcrumb/Divider.tsx">
        <metrics statements="5" coveredstatements="5" conditionals="1" coveredconditionals="1" methods="1" coveredmethods="1"/>
        <line num="1" count="5" type="stmt"/>
        <line num="3" count="5" type="cond" truecount="1" falsecount="0"/>
        <line num="4" count="27" type="stmt"/>
        <line num="5" count="27" type="stmt"/>
        <line num="10" count="27" type="stmt"/>
      </file>
      <file name="Item.tsx" path="/Users/Vamsi/random-hacks/my-react-app/src/components/Breadcrumb/Item.tsx">
        <metrics statements="14" coveredstatements="14" conditionals="6" coveredconditionals="6" methods="2" coveredmethods="2"/>
        <line num="2" count="3" type="stmt"/>
        <line num="3" count="3" type="stmt"/>
        <line num="4" count="3" type="stmt"/>
        <line num="5" count="3" type="stmt"/>
        <line num="15" count="3" type="stmt"/>
        <line num="16" count="12" type="stmt"/>
        <line num="23" count="3" type="stmt"/>
        <line num="32" count="35" type="stmt"/>
        <line num="33" count="35" type="stmt"/>
        <line num="35" count="35" type="cond" truecount="1" falsecount="0"/>
        <line num="36" count="12" type="stmt"/>
        <line num="39" count="23" type="cond" truecount="1" falsecount="0"/>
        <line num="40" count="12" type="stmt"/>
        <line num="43" count="11" type="stmt"/>
      </file>
      <file name="Wrapper.tsx" path="/Users/Vamsi/random-hacks/my-react-app/src/components/Breadcrumb/Wrapper.tsx">
        <metrics statements="13" coveredstatements="11" conditionals="6" coveredconditionals="0" methods="2" coveredmethods="2"/>
        <line num="1" count="2" type="stmt"/>
        <line num="11" count="2" type="stmt"/>
        <line num="15" count="11" type="stmt"/>
        <line num="22" count="11" type="stmt"/>
        <line num="31" count="11" type="cond" truecount="0" falsecount="1"/>
        <line num="32" count="0" type="stmt"/>
        <line num="35" count="11" type="cond" truecount="0" falsecount="1"/>
        <line num="36" count="0" type="stmt"/>
        <line num="39" count="11" type="stmt"/>
        <line num="42" count="2" type="stmt"/>
        <line num="48" count="11" type="stmt"/>
        <line num="53" count="11" type="stmt"/>
        <line num="54" count="11" type="stmt"/>
      </file>
    </package>
    <package name="src.components.Button">
      <metrics statements="138" coveredstatements="136" conditionals="89" coveredconditionals="60" methods="23" coveredmethods="18"/>
      <file name="Button.tsx" path="/Users/Vamsi/random-hacks/my-react-app/src/components/Button/Button.tsx">
        <metrics statements="65" coveredstatements="64" conditionals="42" coveredconditionals="31" methods="4" coveredmethods="4"/>
        <line num="3" count="47" type="stmt"/>
        <line num="4" count="47" type="stmt"/>
        <line num="39" count="47" type="stmt"/>
        <line num="49" count="47" type="stmt"/>
        <line num="59" count="47" type="stmt"/>
        <line num="69" count="47" type="stmt"/>
        <line num="90" count="47" type="stmt"/>
        <line num="96" count="47" type="stmt"/>
        <line num="106" count="47" type="stmt"/>
        <line num="116" count="47" type="stmt"/>
        <line num="126" count="47" type="stmt"/>
        <line num="136" count="47" type="stmt"/>
        <line num="146" count="47" type="stmt"/>
        <line num="156" count="47" type="stmt"/>
        <line num="166" count="47" type="stmt"/>
        <line num="176" count="47" type="stmt"/>
        <line num="186" count="47" type="stmt"/>
        <line num="196" count="47" type="stmt"/>
        <line num="217" count="47" type="stmt"/>
        <line num="220" count="786" type="stmt"/>
        <line num="272" count="786" type="cond" truecount="1" falsecount="0"/>
        <line num="273" count="1" type="stmt"/>
        <line num="276" count="786" type="stmt"/>
        <line num="279" count="47" type="stmt"/>
        <line num="284" count="786" type="cond" truecount="1" falsecount="0"/>
        <line num="285" count="710" type="stmt"/>
        <line num="288" count="76" type="stmt"/>
        <line num="298" count="76" type="stmt"/>
        <line num="308" count="76" type="stmt"/>
        <line num="318" count="76" type="stmt"/>
        <line num="319" count="76" type="stmt"/>
        <line num="321" count="76" type="stmt"/>
        <line num="347" count="76" type="cond" truecount="0" falsecount="1"/>
        <line num="348" count="0" type="stmt"/>
        <line num="351" count="76" type="stmt"/>
        <line num="354" count="47" type="stmt"/>
        <line num="363" count="786" type="stmt"/>
        <line num="364" count="786" type="cond" truecount="1" falsecount="0"/>
        <line num="365" count="64" type="stmt"/>
        <line num="380" count="786" type="cond" truecount="1" falsecount="0"/>
        <line num="381" count="8" type="stmt"/>
        <line num="384" count="786" type="cond" truecount="3" falsecount="0"/>
        <line num="385" count="786" type="stmt"/>
        <line num="386" count="786" type="stmt"/>
        <line num="389" count="786" type="cond" truecount="1" falsecount="0"/>
        <line num="390" count="3" type="stmt"/>
        <line num="391" count="3" type="stmt"/>
        <line num="392" count="3" type="stmt"/>
        <line num="395" count="786" type="cond" truecount="1" falsecount="0"/>
        <line num="396" count="3" type="stmt"/>
        <line num="397" count="3" type="stmt"/>
        <line num="398" count="3" type="stmt"/>
        <line num="401" count="786" type="cond" truecount="1" falsecount="0"/>
        <line num="402" count="21" type="stmt"/>
        <line num="405" count="786" type="cond" truecount="3" falsecount="0"/>
        <line num="406" count="14" type="stmt"/>
        <line num="407" count="14" type="stmt"/>
        <line num="408" count="14" type="stmt"/>
        <line num="411" count="786" type="stmt"/>
        <line num="414" count="47" type="stmt"/>
        <line num="436" count="786" type="stmt"/>
        <line num="450" count="786" type="stmt"/>
        <line num="453" count="786" type="cond" truecount="2" falsecount="0"/>
        <line num="455" count="786" type="stmt"/>
        <line num="470" count="47" type="stmt"/>
      </file>
      <file name="ButtonGroup.tsx" path="/Users/Vamsi/random-hacks/my-react-app/src/components/Button/ButtonGroup.tsx">
        <metrics statements="14" coveredstatements="14" conditionals="5" coveredconditionals="4" methods="2" coveredmethods="2"/>
        <line num="2" count="44" type="stmt"/>
        <line num="7" count="44" type="cond" truecount="0" falsecount="1"/>
        <line num="8" count="22" type="stmt"/>
        <line num="14" count="22" type="cond" truecount="1" falsecount="0"/>
        <line num="15" count="15" type="stmt"/>
        <line num="18" count="22" type="cond" truecount="1" falsecount="0"/>
        <line num="19" count="7" type="stmt"/>
        <line num="20" count="7" type="stmt"/>
        <line num="21" count="7" type="stmt"/>
        <line num="24" count="22" type="stmt"/>
        <line num="27" count="44" type="stmt"/>
        <line num="33" count="22" type="stmt"/>
        <line num="34" count="22" type="stmt"/>
        <line num="35" count="22" type="stmt"/>
      </file>
      <file name="ButtonToolbar.tsx" path="/Users/Vamsi/random-hacks/my-react-app/src/components/Button/ButtonToolbar.tsx">
        <metrics statements="5" coveredstatements="5" conditionals="1" coveredconditionals="1" methods="1" coveredmethods="1"/>
        <line num="1" count="43" type="stmt"/>
        <line num="4" count="43" type="stmt"/>
        <line num="9" count="1" type="stmt"/>
        <line num="10" count="1" type="stmt"/>
        <line num="15" count="1" type="stmt"/>
      </file>
      <file name="ToggleButton.tsx" path="/Users/Vamsi/random-hacks/my-react-app/src/components/Button/ToggleButton.tsx">
        <metrics statements="34" coveredstatements="33" conditionals="38" coveredconditionals="22" methods="8" coveredmethods="7"/>
        <line num="1" count="44" type="stmt"/>
        <line num="3" count="44" type="stmt"/>
        <line num="4" count="44" type="stmt"/>
        <line num="6" count="44" type="stmt"/>
        <line num="12" count="44" type="stmt"/>
        <line num="22" count="44" type="stmt"/>
        <line num="32" count="44" type="stmt"/>
        <line num="42" count="44" type="stmt"/>
        <line num="52" count="44" type="stmt"/>
        <line num="62" count="44" type="stmt"/>
        <line num="72" count="44" type="stmt"/>
        <line num="82" count="44" type="stmt"/>
        <line num="92" count="44" type="stmt"/>
        <line num="102" count="44" type="stmt"/>
        <line num="112" count="116" type="stmt"/>
        <line num="118" count="116" type="cond" truecount="0" falsecount="2"/>
        <line num="130" count="44" type="stmt"/>
        <line num="135" count="116" type="cond" truecount="2" falsecount="0"/>
        <line num="155" count="44" type="cond" truecount="0" falsecount="1"/>
        <line num="156" count="116" type="cond" truecount="2" falsecount="0"/>
        <line num="164" count="44" type="stmt"/>
        <line num="169" count="116" type="cond" truecount="1" falsecount="1"/>
        <line num="183" count="44" type="stmt"/>
        <line num="193" count="0" type="cond" truecount="1" falsecount="0"/>
        <line num="196" count="116" type="stmt"/>
        <line num="197" count="116" type="stmt"/>
        <line num="199" count="116" type="stmt"/>
        <line num="200" count="28" type="cond" truecount="1" falsecount="1"/>
        <line num="201" count="28" type="cond" truecount="1" falsecount="1"/>
        <line num="202" count="28" type="stmt"/>
        <line num="205" count="116" type="stmt"/>
        <line num="213" count="116" type="stmt"/>
        <line num="219" count="116" type="stmt"/>
        <line num="223" count="116" type="stmt"/>
      </file>
      <file name="ToggleButtonGroup.tsx" path="/Users/Vamsi/random-hacks/my-react-app/src/components/Button/ToggleButtonGroup.tsx">
        <metrics statements="10" coveredstatements="10" conditionals="3" coveredconditionals="2" methods="3" coveredmethods="3"/>
        <line num="1" count="43" type="stmt"/>
        <line num="2" count="43" type="stmt"/>
        <line num="17" count="43" type="stmt"/>
        <line num="22" count="6" type="stmt"/>
        <line num="23" count="6" type="stmt"/>
        <line num="24" count="1" type="stmt"/>
        <line num="27" count="6" type="cond" truecount="1" falsecount="0"/>
        <line num="28" count="1" type="stmt"/>
        <line num="31" count="5" type="stmt"/>
        <line num="34" count="15" type="stmt"/>
      </file>
      <file name="index.ts" path="/Users/Vamsi/random-hacks/my-react-app/src/components/Button/index.ts">
        <metrics statements="10" coveredstatements="10" conditionals="0" coveredconditionals="0" methods="5" coveredmethods="1"/>
        <line num="1" count="42" type="stmt"/>
        <line num="2" count="42" type="stmt"/>
        <line num="3" count="42" type="stmt"/>
        <line num="4" count="42" type="stmt"/>
        <line num="5" count="42" type="stmt"/>
        <line num="12" count="633" type="stmt"/>
        <line num="13" count="42" type="stmt"/>
        <line num="14" count="42" type="stmt"/>
        <line num="15" count="42" type="stmt"/>
        <line num="16" count="42" type="stmt"/>
      </file>
    </package>
    <package name="src.components.Card">
      <metrics statements="81" coveredstatements="81" conditionals="47" coveredconditionals="42" methods="20" coveredmethods="20"/>
      <file name="Body.tsx" path="/Users/Vamsi/random-hacks/my-react-app/src/components/Card/Body.tsx">
        <metrics statements="8" coveredstatements="8" conditionals="5" coveredconditionals="5" methods="2" coveredmethods="2"/>
        <line num="1" count="2" type="stmt"/>
        <line num="3" count="2" type="stmt"/>
        <line num="5" count="2" type="stmt"/>
        <line num="12" count="13" type="stmt"/>
        <line num="22" count="2" type="stmt"/>
        <line num="29" count="13" type="stmt"/>
        <line num="30" count="13" type="stmt"/>
        <line num="33" count="13" type="stmt"/>
      </file>
      <file name="Card.tsx" path="/Users/Vamsi/random-hacks/my-react-app/src/components/Card/Card.tsx">
        <metrics statements="8" coveredstatements="8" conditionals="6" coveredconditionals="5" methods="2" coveredmethods="2"/>
        <line num="1" count="1" type="stmt"/>
        <line num="11" count="1" type="stmt"/>
        <line num="18" count="1" type="stmt"/>
        <line num="21" count="12" type="stmt"/>
        <line num="41" count="1" type="stmt"/>
        <line num="48" count="12" type="stmt"/>
        <line num="50" count="12" type="cond" truecount="2" falsecount="0"/>
        <line num="51" count="12" type="stmt"/>
      </file>
      <file name="Footer.tsx" path="/Users/Vamsi/random-hacks/my-react-app/src/components/Card/Footer.tsx">
        <metrics statements="8" coveredstatements="8" conditionals="2" coveredconditionals="1" methods="2" coveredmethods="2"/>
        <line num="1" count="1" type="stmt"/>
        <line num="4" count="1" type="stmt"/>
        <line num="5" count="1" type="stmt"/>
        <line num="6" count="1" type="stmt"/>
        <line num="15" count="1" type="stmt"/>
        <line num="16" count="1" type="stmt"/>
        <line num="17" count="1" type="cond" truecount="1" falsecount="1"/>
        <line num="18" count="1" type="stmt"/>
      </file>
      <file name="Header.tsx" path="/Users/Vamsi/random-hacks/my-react-app/src/components/Card/Header.tsx">
        <metrics statements="11" coveredstatements="11" conditionals="6" coveredconditionals="5" methods="2" coveredmethods="2"/>
        <line num="1" count="2" type="stmt"/>
        <line num="7" count="2" type="cond" truecount="0" falsecount="1"/>
        <line num="8" count="4" type="stmt"/>
        <line num="10" count="4" type="stmt"/>
        <line num="18" count="4" type="cond" truecount="1" falsecount="0"/>
        <line num="19" count="3" type="stmt"/>
        <line num="22" count="4" type="stmt"/>
        <line num="25" count="2" type="stmt"/>
        <line num="31" count="4" type="stmt"/>
        <line num="32" count="4" type="cond" truecount="2" falsecount="0"/>
        <line num="33" count="4" type="stmt"/>
      </file>
      <file name="Image.tsx" path="/Users/Vamsi/random-hacks/my-react-app/src/components/Card/Image.tsx">
        <metrics statements="11" coveredstatements="11" conditionals="7" coveredconditionals="7" methods="4" coveredmethods="4"/>
        <line num="1" count="2" type="stmt"/>
        <line num="3" count="2" type="stmt"/>
        <line num="11" count="7" type="stmt"/>
        <line num="12" count="2" type="stmt"/>
        <line num="13" count="7" type="cond" truecount="2" falsecount="0"/>
        <line num="14" count="2" type="stmt"/>
        <line num="15" count="7" type="cond" truecount="2" falsecount="0"/>
        <line num="17" count="2" type="stmt"/>
        <line num="23" count="7" type="stmt"/>
        <line num="24" count="7" type="cond" truecount="2" falsecount="0"/>
        <line num="25" count="7" type="stmt"/>
      </file>
      <file name="Subtitle.tsx" path="/Users/Vamsi/random-hacks/my-react-app/src/components/Card/Subtitle.tsx">
        <metrics statements="8" coveredstatements="8" conditionals="6" coveredconditionals="5" methods="2" coveredmethods="2"/>
        <line num="2" count="2" type="stmt"/>
        <line num="14" count="2" type="stmt"/>
        <line num="16" count="6" type="stmt"/>
        <line num="22" count="2" type="stmt"/>
        <line num="29" count="6" type="cond" truecount="2" falsecount="0"/>
        <line num="30" count="6" type="stmt"/>
        <line num="31" count="6" type="cond" truecount="2" falsecount="0"/>
        <line num="32" count="6" type="stmt"/>
      </file>
      <file name="Text.tsx" path="/Users/Vamsi/random-hacks/my-react-app/src/components/Card/Text.tsx">
        <metrics statements="5" coveredstatements="5" conditionals="3" coveredconditionals="3" methods="1" coveredmethods="1"/>
        <line num="1" count="2" type="stmt"/>
        <line num="4" count="2" type="stmt"/>
        <line num="9" count="9" type="stmt"/>
        <line num="10" count="9" type="stmt"/>
        <line num="13" count="9" type="stmt"/>
      </file>
      <file name="Title.tsx" path="/Users/Vamsi/random-hacks/my-react-app/src/components/Card/Title.tsx">
        <metrics statements="8" coveredstatements="8" conditionals="5" coveredconditionals="4" methods="2" coveredmethods="2"/>
        <line num="1" count="2" type="stmt"/>
        <line num="2" count="2" type="stmt"/>
        <line num="7" count="2" type="stmt"/>
        <line num="8" count="7" type="stmt"/>
        <line num="14" count="2" type="stmt"/>
        <line num="21" count="7" type="stmt"/>
        <line num="22" count="7" type="cond" truecount="2" falsecount="0"/>
        <line num="24" count="7" type="stmt"/>
      </file>
      <file name="imageStyle.ts" path="/Users/Vamsi/random-hacks/my-react-app/src/components/Card/imageStyle.ts">
        <metrics statements="14" coveredstatements="14" conditionals="7" coveredconditionals="7" methods="3" coveredmethods="3"/>
        <line num="4" count="4" type="stmt"/>
        <line num="11" count="4" type="stmt"/>
        <line num="16" count="11" type="cond" truecount="1" falsecount="0"/>
        <line num="17" count="4" type="stmt"/>
        <line num="23" count="7" type="cond" truecount="1" falsecount="0"/>
        <line num="24" count="4" type="stmt"/>
        <line num="30" count="3" type="cond" truecount="1" falsecount="0"/>
        <line num="31" count="2" type="stmt"/>
        <line num="39" count="1" type="stmt"/>
        <line num="42" count="4" type="stmt"/>
        <line num="43" count="15" type="cond" truecount="2" falsecount="0"/>
        <line num="53" count="4" type="stmt"/>
        <line num="54" count="15" type="cond" truecount="2" falsecount="0"/>
        <line num="61" count="4" type="stmt"/>
      </file>
    </package>
    <package name="src.components.Caret">
      <metrics statements="30" coveredstatements="30" conditionals="10" coveredconditionals="6" methods="9" coveredmethods="9"/>
      <file name="Caret.tsx" path="/Users/Vamsi/random-hacks/my-react-app/src/components/Caret/Caret.tsx">
        <metrics statements="10" coveredstatements="10" conditionals="6" coveredconditionals="6" methods="1" coveredmethods="1"/>
        <line num="1" count="7" type="stmt"/>
        <line num="2" count="7" type="stmt"/>
        <line num="3" count="7" type="stmt"/>
        <line num="4" count="7" type="stmt"/>
        <line num="12" count="7" type="stmt"/>
        <line num="17" count="375" type="cond" truecount="4" falsecount="0"/>
        <line num="19" count="5" type="stmt"/>
        <line num="22" count="15" type="stmt"/>
        <line num="25" count="15" type="stmt"/>
        <line num="28" count="340" type="stmt"/>
      </file>
      <file name="CaretDown.tsx" path="/Users/Vamsi/random-hacks/my-react-app/src/components/Caret/CaretDown.tsx">
        <metrics statements="5" coveredstatements="5" conditionals="1" coveredconditionals="0" methods="2" coveredmethods="2"/>
        <line num="1" count="7" type="stmt"/>
        <line num="4" count="340" type="stmt"/>
        <line num="15" count="7" type="cond" truecount="0" falsecount="1"/>
        <line num="16" count="340" type="stmt"/>
        <line num="17" count="340" type="stmt"/>
      </file>
      <file name="CaretEnd.tsx" path="/Users/Vamsi/random-hacks/my-react-app/src/components/Caret/CaretEnd.tsx">
        <metrics statements="5" coveredstatements="5" conditionals="1" coveredconditionals="0" methods="2" coveredmethods="2"/>
        <line num="1" count="7" type="stmt"/>
        <line num="4" count="15" type="stmt"/>
        <line num="15" count="7" type="cond" truecount="0" falsecount="1"/>
        <line num="16" count="15" type="stmt"/>
        <line num="17" count="15" type="stmt"/>
      </file>
      <file name="CaretStart.tsx" path="/Users/Vamsi/random-hacks/my-react-app/src/components/Caret/CaretStart.tsx">
        <metrics statements="5" coveredstatements="5" conditionals="1" coveredconditionals="0" methods="2" coveredmethods="2"/>
        <line num="1" count="7" type="stmt"/>
        <line num="4" count="15" type="stmt"/>
        <line num="16" count="7" type="cond" truecount="0" falsecount="1"/>
        <line num="17" count="15" type="stmt"/>
        <line num="18" count="15" type="stmt"/>
      </file>
      <file name="CaretUp.tsx" path="/Users/Vamsi/random-hacks/my-react-app/src/components/Caret/CaretUp.tsx">
        <metrics statements="5" coveredstatements="5" conditionals="1" coveredconditionals="0" methods="2" coveredmethods="2"/>
        <line num="1" count="7" type="stmt"/>
        <line num="4" count="7" type="stmt"/>
        <line num="15" count="7" type="cond" truecount="0" falsecount="1"/>
        <line num="16" count="5" type="stmt"/>
        <line num="17" count="5" type="stmt"/>
      </file>
    </package>
    <package name="src.components.Carousel">
      <metrics statements="151" coveredstatements="150" conditionals="51" coveredconditionals="46" methods="42" coveredmethods="40"/>
      <file name="AutoplayControls.tsx" path="/Users/Vamsi/random-hacks/my-react-app/src/components/Carousel/AutoplayControls.tsx">
        <metrics statements="10" coveredstatements="10" conditionals="7" coveredconditionals="7" methods="2" coveredmethods="2"/>
        <line num="1" count="2" type="stmt"/>
        <line num="2" count="2" type="stmt"/>
        <line num="3" count="2" type="stmt"/>
        <line num="13" count="6" type="stmt"/>
        <line num="21" count="2" type="stmt"/>
        <line num="28" count="28" type="stmt"/>
        <line num="30" count="28" type="cond" truecount="1" falsecount="0"/>
        <line num="31" count="22" type="stmt"/>
        <line num="34" count="6" type="stmt"/>
        <line num="35" count="6" type="stmt"/>
      </file>
      <file name="Caption.tsx" path="/Users/Vamsi/random-hacks/my-react-app/src/components/Carousel/Caption.tsx">
        <metrics statements="7" coveredstatements="7" conditionals="1" coveredconditionals="1" methods="2" coveredmethods="2"/>
        <line num="1" count="4" type="stmt"/>
        <line num="2" count="4" type="stmt"/>
        <line num="4" count="14" type="stmt"/>
        <line num="27" count="4" type="stmt"/>
        <line num="32" count="14" type="stmt"/>
        <line num="33" count="14" type="stmt"/>
        <line num="34" count="14" type="stmt"/>
      </file>
      <file name="Carousel.tsx" path="/Users/Vamsi/random-hacks/my-react-app/src/components/Carousel/Carousel.tsx">
        <metrics statements="43" coveredstatements="42" conditionals="13" coveredconditionals="12" methods="11" coveredmethods="9"/>
        <line num="1" count="1" type="stmt"/>
        <line num="2" count="1" type="stmt"/>
        <line num="3" count="1" type="stmt"/>
        <line num="4" count="1" type="stmt"/>
        <line num="5" count="1" type="stmt"/>
        <line num="6" count="1" type="stmt"/>
        <line num="7" count="1" type="stmt"/>
        <line num="8" count="1" type="stmt"/>
        <line num="9" count="1" type="stmt"/>
        <line num="11" count="1" type="stmt"/>
        <line num="17" count="1" type="stmt"/>
        <line num="27" count="1" type="stmt"/>
        <line num="34" count="23" type="stmt"/>
        <line num="35" count="23" type="stmt"/>
        <line num="36" count="23" type="stmt"/>
        <line num="38" count="23" type="stmt"/>
        <line num="39" count="23" type="stmt"/>
        <line num="41" count="23" type="stmt"/>
        <line num="42" count="0" type="stmt"/>
        <line num="45" count="23" type="stmt"/>
        <line num="46" count="2" type="cond" truecount="1" falsecount="0"/>
        <line num="47" count="2" type="stmt"/>
        <line num="48" count="2" type="stmt"/>
        <line num="49" count="2" type="stmt"/>
        <line num="53" count="23" type="stmt"/>
        <line num="54" count="1" type="cond" truecount="1" falsecount="0"/>
        <line num="55" count="1" type="stmt"/>
        <line num="56" count="1" type="stmt"/>
        <line num="57" count="1" type="stmt"/>
        <line num="61" count="36" type="stmt"/>
        <line num="62" count="4" type="cond" truecount="1" falsecount="0"/>
        <line num="63" count="1" type="stmt"/>
        <line num="66" count="3" type="cond" truecount="1" falsecount="0"/>
        <line num="67" count="1" type="stmt"/>
        <line num="68" count="1" type="stmt"/>
        <line num="71" count="3" type="cond" truecount="1" falsecount="0"/>
        <line num="72" count="2" type="stmt"/>
        <line num="73" count="2" type="stmt"/>
        <line num="76" count="3" type="stmt"/>
        <line num="79" count="23" type="stmt"/>
        <line num="87" count="23" type="stmt"/>
        <line num="92" count="36" type="stmt"/>
        <line num="105" count="69" type="stmt"/>
      </file>
      <file name="Control.tsx" path="/Users/Vamsi/random-hacks/my-react-app/src/components/Carousel/Control.tsx">
        <metrics statements="15" coveredstatements="15" conditionals="4" coveredconditionals="4" methods="2" coveredmethods="2"/>
        <line num="2" count="2" type="stmt"/>
        <line num="3" count="2" type="stmt"/>
        <line num="5" count="2" type="stmt"/>
        <line num="15" count="2" type="stmt"/>
        <line num="16" count="61" type="stmt"/>
        <line num="49" count="61" type="cond" truecount="2" falsecount="0"/>
        <line num="51" count="31" type="stmt"/>
        <line num="52" count="31" type="stmt"/>
        <line num="54" count="30" type="stmt"/>
        <line num="55" count="30" type="stmt"/>
        <line num="58" count="61" type="stmt"/>
        <line num="61" count="2" type="stmt"/>
        <line num="68" count="61" type="stmt"/>
        <line num="69" count="61" type="stmt"/>
        <line num="70" count="61" type="stmt"/>
      </file>
      <file name="Icon.tsx" path="/Users/Vamsi/random-hacks/my-react-app/src/components/Carousel/Icon.tsx">
        <metrics statements="8" coveredstatements="8" conditionals="1" coveredconditionals="1" methods="2" coveredmethods="2"/>
        <line num="1" count="3" type="stmt"/>
        <line num="4" count="3" type="stmt"/>
        <line num="11" count="3" type="stmt"/>
        <line num="12" count="66" type="stmt"/>
        <line num="23" count="3" type="stmt"/>
        <line num="32" count="66" type="stmt"/>
        <line num="33" count="66" type="stmt"/>
        <line num="35" count="66" type="stmt"/>
      </file>
      <file name="Indicator.tsx" path="/Users/Vamsi/random-hacks/my-react-app/src/components/Carousel/Indicator.tsx">
        <metrics statements="7" coveredstatements="7" conditionals="4" coveredconditionals="4" methods="2" coveredmethods="2"/>
        <line num="1" count="3" type="stmt"/>
        <line num="2" count="3" type="stmt"/>
        <line num="7" count="41" type="stmt"/>
        <line num="29" count="3" type="stmt"/>
        <line num="35" count="41" type="stmt"/>
        <line num="36" count="41" type="stmt"/>
        <line num="37" count="41" type="stmt"/>
      </file>
      <file name="Indicators.tsx" path="/Users/Vamsi/random-hacks/my-react-app/src/components/Carousel/Indicators.tsx">
        <metrics statements="6" coveredstatements="6" conditionals="1" coveredconditionals="1" methods="2" coveredmethods="2"/>
        <line num="1" count="2" type="stmt"/>
        <line num="4" count="14" type="stmt"/>
        <line num="18" count="2" type="cond" truecount="1" falsecount="0"/>
        <line num="19" count="14" type="stmt"/>
        <line num="20" count="14" type="stmt"/>
        <line num="21" count="14" type="stmt"/>
      </file>
      <file name="Item.tsx" path="/Users/Vamsi/random-hacks/my-react-app/src/components/Carousel/Item.tsx">
        <metrics statements="13" coveredstatements="13" conditionals="11" coveredconditionals="11" methods="3" coveredmethods="3"/>
        <line num="2" count="3" type="stmt"/>
        <line num="3" count="3" type="stmt"/>
        <line num="14" count="81" type="stmt"/>
        <line num="27" count="3" type="stmt"/>
        <line num="28" count="81" type="stmt"/>
        <line num="37" count="81" type="cond" truecount="1" falsecount="0"/>
        <line num="38" count="31" type="stmt"/>
        <line num="39" count="31" type="stmt"/>
        <line num="42" count="81" type="cond" truecount="2" falsecount="0"/>
        <line num="45" count="3" type="stmt"/>
        <line num="55" count="81" type="stmt"/>
        <line num="56" count="81" type="stmt"/>
        <line num="57" count="81" type="stmt"/>
      </file>
      <file name="Items.tsx" path="/Users/Vamsi/random-hacks/my-react-app/src/components/Carousel/Items.tsx">
        <metrics statements="6" coveredstatements="6" conditionals="1" coveredconditionals="1" methods="2" coveredmethods="2"/>
        <line num="2" count="2" type="stmt"/>
        <line num="4" count="27" type="stmt"/>
        <line num="10" count="2" type="cond" truecount="1" falsecount="0"/>
        <line num="11" count="27" type="stmt"/>
        <line num="12" count="27" type="stmt"/>
        <line num="14" count="27" type="stmt"/>
      </file>
      <file name="PauseButton.tsx" path="/Users/Vamsi/random-hacks/my-react-app/src/components/Carousel/PauseButton.tsx">
        <metrics statements="9" coveredstatements="9" conditionals="1" coveredconditionals="1" methods="2" coveredmethods="2"/>
        <line num="1" count="4" type="stmt"/>
        <line num="2" count="4" type="stmt"/>
        <line num="3" count="4" type="stmt"/>
        <line num="5" count="4" type="stmt"/>
        <line num="6" count="10" type="stmt"/>
        <line num="20" count="4" type="stmt"/>
        <line num="26" count="8" type="stmt"/>
        <line num="27" count="8" type="stmt"/>
        <line num="28" count="8" type="stmt"/>
      </file>
      <file name="PlayButton.tsx" path="/Users/Vamsi/random-hacks/my-react-app/src/components/Carousel/PlayButton.tsx">
        <metrics statements="9" coveredstatements="9" conditionals="1" coveredconditionals="1" methods="2" coveredmethods="2"/>
        <line num="1" count="4" type="stmt"/>
        <line num="2" count="4" type="stmt"/>
        <line num="3" count="4" type="stmt"/>
        <line num="5" count="4" type="stmt"/>
        <line num="6" count="8" type="stmt"/>
        <line num="22" count="4" type="stmt"/>
        <line num="28" count="6" type="stmt"/>
        <line num="29" count="6" type="stmt"/>
        <line num="30" count="6" type="stmt"/>
      </file>
      <file name="Wrapper.tsx" path="/Users/Vamsi/random-hacks/my-react-app/src/components/Carousel/Wrapper.tsx">
        <metrics statements="5" coveredstatements="5" conditionals="1" coveredconditionals="1" methods="1" coveredmethods="1"/>
        <line num="2" count="2" type="stmt"/>
        <line num="4" count="2" type="cond" truecount="1" falsecount="0"/>
        <line num="5" count="24" type="stmt"/>
        <line num="6" count="24" type="stmt"/>
        <line num="7" count="24" type="stmt"/>
      </file>
      <file name="animations.ts" path="/Users/Vamsi/random-hacks/my-react-app/src/components/Carousel/animations.ts">
        <metrics statements="5" coveredstatements="5" conditionals="0" coveredconditionals="0" methods="4" coveredmethods="4"/>
        <line num="2" count="4" type="stmt"/>
        <line num="13" count="4" type="stmt"/>
        <line num="26" count="2" type="stmt"/>
        <line num="38" count="2" type="stmt"/>
        <line num="50" count="1" type="stmt"/>
      </file>
      <file name="useAutoplay.ts" path="/Users/Vamsi/random-hacks/my-react-app/src/components/Carousel/useAutoplay.ts">
        <metrics statements="8" coveredstatements="8" conditionals="5" coveredconditionals="1" methods="5" coveredmethods="5"/>
        <line num="1" count="1" type="stmt"/>
        <line num="13" count="1" type="stmt"/>
        <line num="20" count="23" type="stmt"/>
        <line num="23" count="16" type="cond" truecount="1" falsecount="0"/>
        <line num="24" count="2" type="stmt"/>
        <line num="25" count="1" type="stmt"/>
        <line num="29" count="16" type="stmt"/>
        <line num="32" count="23" type="stmt"/>
      </file>
    </package>
    <package name="src.components.Collapse">
      <metrics statements="57" coveredstatements="46" conditionals="20" coveredconditionals="14" methods="18" coveredmethods="10"/>
      <file name="Collapse.tsx" path="/Users/Vamsi/random-hacks/my-react-app/src/components/Collapse/Collapse.tsx">
        <metrics statements="6" coveredstatements="3" conditionals="3" coveredconditionals="0" methods="1" coveredmethods="0"/>
        <line num="2" count="5" type="stmt"/>
        <line num="3" count="5" type="stmt"/>
        <line num="9" count="5" type="stmt"/>
        <line num="20" count="0" type="stmt"/>
        <line num="24" count="0" type="stmt"/>
        <line num="33" count="0" type="stmt"/>
      </file>
      <file name="CollapseContext.ts" path="/Users/Vamsi/random-hacks/my-react-app/src/components/Collapse/CollapseContext.ts">
        <metrics statements="3" coveredstatements="2" conditionals="0" coveredconditionals="0" methods="1" coveredmethods="0"/>
        <line num="1" count="10" type="stmt"/>
        <line num="12" count="10" type="stmt"/>
        <line num="15" count="0" type="stmt"/>
      </file>
      <file name="Content.tsx" path="/Users/Vamsi/random-hacks/my-react-app/src/components/Collapse/Content.tsx">
        <metrics statements="12" coveredstatements="12" conditionals="5" coveredconditionals="5" methods="2" coveredmethods="2"/>
        <line num="2" count="9" type="stmt"/>
        <line num="3" count="9" type="stmt"/>
        <line num="4" count="9" type="stmt"/>
        <line num="6" count="9" type="stmt"/>
        <line num="11" count="53" type="stmt"/>
        <line num="21" count="9" type="stmt"/>
        <line num="28" count="53" type="stmt"/>
        <line num="29" count="53" type="stmt"/>
        <line num="31" count="53" type="stmt"/>
        <line num="32" count="53" type="cond" truecount="1" falsecount="0"/>
        <line num="33" count="2" type="stmt"/>
        <line num="49" count="51" type="stmt"/>
      </file>
      <file name="Target.tsx" path="/Users/Vamsi/random-hacks/my-react-app/src/components/Collapse/Target.tsx">
        <metrics statements="6" coveredstatements="6" conditionals="2" coveredconditionals="2" methods="1" coveredmethods="1"/>
        <line num="1" count="6" type="stmt"/>
        <line num="2" count="6" type="stmt"/>
        <line num="4" count="6" type="stmt"/>
        <line num="8" count="3" type="stmt"/>
        <line num="9" count="3" type="cond" truecount="2" falsecount="0"/>
        <line num="10" count="3" type="stmt"/>
      </file>
      <file name="index.ts" path="/Users/Vamsi/random-hacks/my-react-app/src/components/Collapse/index.ts">
        <metrics statements="6" coveredstatements="6" conditionals="0" coveredconditionals="0" methods="5" coveredmethods="3"/>
        <line num="1" count="5" type="stmt"/>
        <line num="2" count="5" type="stmt"/>
        <line num="3" count="5" type="stmt"/>
        <line num="4" count="5" type="stmt"/>
        <line num="5" count="5" type="stmt"/>
        <line num="7" count="21" type="stmt"/>
      </file>
      <file name="useCollapse.ts" path="/Users/Vamsi/random-hacks/my-react-app/src/components/Collapse/useCollapse.ts">
        <metrics statements="24" coveredstatements="17" conditionals="10" coveredconditionals="7" methods="8" coveredmethods="4"/>
        <line num="1" count="7" type="stmt"/>
        <line num="4" count="7" type="cond" truecount="0" falsecount="1"/>
        <line num="5" count="37" type="stmt"/>
        <line num="6" count="37" type="stmt"/>
        <line num="8" count="37" type="stmt"/>
        <line num="12" count="37" type="stmt"/>
        <line num="13" count="14" type="cond" truecount="1" falsecount="0"/>
        <line num="14" count="14" type="stmt"/>
        <line num="15" count="14" type="cond" truecount="2" falsecount="0"/>
        <line num="16" count="14" type="stmt"/>
        <line num="19" count="0" type="stmt"/>
        <line num="22" count="37" type="stmt"/>
        <line num="23" count="23" type="cond" truecount="2" falsecount="2"/>
        <line num="24" count="0" type="stmt"/>
        <line num="25" count="0" type="stmt"/>
        <line num="26" count="0" type="stmt"/>
        <line num="29" count="0" type="stmt"/>
        <line num="31" count="0" type="stmt"/>
        <line num="34" count="23" type="stmt"/>
        <line num="37" count="37" type="stmt"/>
        <line num="38" count="37" type="stmt"/>
        <line num="40" count="37" type="stmt"/>
        <line num="41" count="37" type="stmt"/>
        <line num="43" count="0" type="stmt"/>
      </file>
    </package>
    <package name="src.components.Dropdown">
      <metrics statements="170" coveredstatements="166" conditionals="74" coveredconditionals="48" methods="29" coveredmethods="28"/>
      <file name="Dropdown.tsx" path="/Users/Vamsi/random-hacks/my-react-app/src/components/Dropdown/Dropdown.tsx">
        <metrics statements="7" coveredstatements="7" conditionals="9" coveredconditionals="2" methods="1" coveredmethods="1"/>
        <line num="3" count="5" type="stmt"/>
        <line num="4" count="5" type="stmt"/>
        <line num="5" count="5" type="stmt"/>
        <line num="24" count="5" type="stmt"/>
        <line num="34" count="312" type="stmt"/>
        <line num="46" count="312" type="stmt"/>
        <line num="48" count="312" type="stmt"/>
      </file>
      <file name="DropdownContext.tsx" path="/Users/Vamsi/random-hacks/my-react-app/src/components/Dropdown/DropdownContext.tsx">
        <metrics statements="2" coveredstatements="2" conditionals="0" coveredconditionals="0" methods="0" coveredmethods="0"/>
        <line num="1" count="8" type="stmt"/>
        <line num="14" count="8" type="stmt"/>
      </file>
      <file name="DropdownDivider.tsx" path="/Users/Vamsi/random-hacks/my-react-app/src/components/Dropdown/DropdownDivider.tsx">
        <metrics statements="5" coveredstatements="5" conditionals="3" coveredconditionals="3" methods="1" coveredmethods="1"/>
        <line num="1" count="8" type="stmt"/>
        <line num="6" count="8" type="stmt"/>
        <line num="10" count="4" type="stmt"/>
        <line num="11" count="4" type="stmt"/>
        <line num="17" count="4" type="stmt"/>
      </file>
      <file name="DropdownHeader.tsx" path="/Users/Vamsi/random-hacks/my-react-app/src/components/Dropdown/DropdownHeader.tsx">
        <metrics statements="6" coveredstatements="6" conditionals="4" coveredconditionals="4" methods="1" coveredmethods="1"/>
        <line num="1" count="8" type="stmt"/>
        <line num="2" count="8" type="stmt"/>
        <line num="4" count="8" type="stmt"/>
        <line num="10" count="11" type="stmt"/>
        <line num="11" count="11" type="stmt"/>
        <line num="20" count="11" type="stmt"/>
      </file>
      <file name="DropdownItem.tsx" path="/Users/Vamsi/random-hacks/my-react-app/src/components/Dropdown/DropdownItem.tsx">
        <metrics statements="28" coveredstatements="28" conditionals="7" coveredconditionals="6" methods="5" coveredmethods="5"/>
        <line num="1" count="8" type="stmt"/>
        <line num="2" count="8" type="stmt"/>
        <line num="3" count="8" type="stmt"/>
        <line num="5" count="8" type="stmt"/>
        <line num="16" count="8" type="stmt"/>
        <line num="17" count="542" type="stmt"/>
        <line num="18" count="542" type="stmt"/>
        <line num="20" count="542" type="stmt"/>
        <line num="43" count="8" type="stmt"/>
        <line num="44" count="542" type="cond" truecount="1" falsecount="0"/>
        <line num="45" count="40" type="stmt"/>
        <line num="52" count="502" type="stmt"/>
        <line num="55" count="8" type="stmt"/>
        <line num="56" count="542" type="cond" truecount="1" falsecount="0"/>
        <line num="57" count="18" type="stmt"/>
        <line num="65" count="524" type="stmt"/>
        <line num="68" count="8" type="stmt"/>
        <line num="73" count="542" type="stmt"/>
        <line num="75" count="542" type="stmt"/>
        <line num="77" count="542" type="stmt"/>
        <line num="78" count="542" type="stmt"/>
        <line num="79" count="542" type="cond" truecount="2" falsecount="0"/>
        <line num="80" count="542" type="cond" truecount="2" falsecount="0"/>
        <line num="82" count="542" type="stmt"/>
        <line num="83" count="542" type="stmt"/>
        <line num="85" count="542" type="stmt"/>
        <line num="86" count="542" type="stmt"/>
        <line num="88" count="542" type="stmt"/>
      </file>
      <file name="DropdownList.tsx" path="/Users/Vamsi/random-hacks/my-react-app/src/components/Dropdown/DropdownList.tsx">
        <metrics statements="19" coveredstatements="19" conditionals="6" coveredconditionals="3" methods="5" coveredmethods="5"/>
        <line num="1" count="6" type="stmt"/>
        <line num="8" count="6" type="stmt"/>
        <line num="10" count="6" type="stmt"/>
        <line num="17" count="6" type="stmt"/>
        <line num="18" count="6" type="stmt"/>
        <line num="42" count="6" type="stmt"/>
        <line num="43" count="316" type="stmt"/>
        <line num="65" count="6" type="cond" truecount="0" falsecount="1"/>
        <line num="66" count="316" type="cond" truecount="1" falsecount="0"/>
        <line num="67" count="155" type="stmt"/>
        <line num="70" count="161" type="stmt"/>
        <line num="77" count="6" type="cond" truecount="0" falsecount="1"/>
        <line num="78" count="316" type="stmt"/>
        <line num="86" count="6" type="stmt"/>
        <line num="101" count="316" type="stmt"/>
        <line num="102" count="316" type="stmt"/>
        <line num="103" count="316" type="stmt"/>
        <line num="105" count="316" type="stmt"/>
        <line num="125" count="6" type="stmt"/>
      </file>
      <file name="DropdownMenu.tsx" path="/Users/Vamsi/random-hacks/my-react-app/src/components/Dropdown/DropdownMenu.tsx">
        <metrics statements="27" coveredstatements="26" conditionals="24" coveredconditionals="18" methods="5" coveredmethods="5"/>
        <line num="1" count="5" type="stmt"/>
        <line num="2" count="5" type="stmt"/>
        <line num="3" count="5" type="stmt"/>
        <line num="4" count="5" type="stmt"/>
        <line num="5" count="5" type="stmt"/>
        <line num="6" count="5" type="stmt"/>
        <line num="15" count="5" type="stmt"/>
        <line num="42" count="5" type="stmt"/>
        <line num="43" count="105" type="stmt"/>
        <line num="65" count="5" type="cond" truecount="0" falsecount="1"/>
        <line num="66" count="105" type="cond" truecount="1" falsecount="0"/>
        <line num="67" count="52" type="stmt"/>
        <line num="70" count="53" type="stmt"/>
        <line num="77" count="5" type="cond" truecount="0" falsecount="1"/>
        <line num="78" count="105" type="stmt"/>
        <line num="86" count="5" type="stmt"/>
        <line num="97" count="105" type="stmt"/>
        <line num="98" count="105" type="cond" truecount="2" falsecount="0"/>
        <line num="99" count="105" type="stmt"/>
        <line num="111" count="227" type="stmt"/>
        <line num="112" count="227" type="stmt"/>
        <line num="117" count="227" type="stmt"/>
        <line num="118" count="227" type="cond" truecount="3" falsecount="1"/>
        <line num="120" count="7" type="stmt"/>
        <line num="122" count="12" type="stmt"/>
        <line num="128" count="0" type="stmt"/>
        <line num="130" count="208" type="stmt"/>
      </file>
      <file name="DropdownText.tsx" path="/Users/Vamsi/random-hacks/my-react-app/src/components/Dropdown/DropdownText.tsx">
        <metrics statements="5" coveredstatements="5" conditionals="3" coveredconditionals="3" methods="1" coveredmethods="1"/>
        <line num="1" count="8" type="stmt"/>
        <line num="6" count="8" type="stmt"/>
        <line num="11" count="4" type="stmt"/>
        <line num="12" count="4" type="stmt"/>
        <line num="18" count="4" type="stmt"/>
      </file>
      <file name="DropdownToggle.tsx" path="/Users/Vamsi/random-hacks/my-react-app/src/components/Dropdown/DropdownToggle.tsx">
        <metrics statements="24" coveredstatements="24" conditionals="8" coveredconditionals="2" methods="3" coveredmethods="3"/>
        <line num="1" count="6" type="stmt"/>
        <line num="3" count="6" type="stmt"/>
        <line num="4" count="6" type="stmt"/>
        <line num="5" count="6" type="stmt"/>
        <line num="6" count="6" type="stmt"/>
        <line num="7" count="6" type="stmt"/>
        <line num="18" count="6" type="stmt"/>
        <line num="45" count="6" type="stmt"/>
        <line num="46" count="362" type="stmt"/>
        <line num="64" count="6" type="stmt"/>
        <line num="68" count="362" type="cond" truecount="1" falsecount="0"/>
        <line num="69" count="354" type="stmt"/>
        <line num="72" count="8" type="stmt"/>
        <line num="73" count="8" type="stmt"/>
        <line num="82" count="6" type="stmt"/>
        <line num="95" count="362" type="stmt"/>
        <line num="96" count="362" type="stmt"/>
        <line num="98" count="362" type="stmt"/>
        <line num="99" count="362" type="stmt"/>
        <line num="100" count="362" type="stmt"/>
        <line num="102" count="362" type="cond" truecount="1" falsecount="0"/>
        <line num="103" count="173" type="stmt"/>
        <line num="123" count="189" type="stmt"/>
        <line num="144" count="6" type="stmt"/>
      </file>
      <file name="getCaretStyle.ts" path="/Users/Vamsi/random-hacks/my-react-app/src/components/Dropdown/getCaretStyle.ts">
        <metrics statements="11" coveredstatements="11" conditionals="5" coveredconditionals="5" methods="2" coveredmethods="2"/>
        <line num="4" count="6" type="stmt"/>
        <line num="5" count="362" type="cond" truecount="3" falsecount="0"/>
        <line num="6" count="24" type="stmt"/>
        <line num="9" count="338" type="stmt"/>
        <line num="12" count="6" type="stmt"/>
        <line num="13" count="362" type="cond" truecount="1" falsecount="0"/>
        <line num="14" count="12" type="stmt"/>
        <line num="22" count="350" type="cond" truecount="1" falsecount="0"/>
        <line num="23" count="12" type="stmt"/>
        <line num="31" count="338" type="stmt"/>
        <line num="34" count="6" type="stmt"/>
      </file>
      <file name="index.ts" path="/Users/Vamsi/random-hacks/my-react-app/src/components/Dropdown/index.ts">
        <metrics statements="2" coveredstatements="2" conditionals="0" coveredconditionals="0" methods="1" coveredmethods="1"/>
        <line num="1" count="2" type="stmt"/>
        <line num="3" count="36" type="stmt"/>
      </file>
      <file name="mappings.ts" path="/Users/Vamsi/random-hacks/my-react-app/src/components/Dropdown/mappings.ts">
        <metrics statements="4" coveredstatements="4" conditionals="0" coveredconditionals="0" methods="0" coveredmethods="0"/>
        <line num="4" count="7" type="stmt"/>
        <line num="10" count="7" type="stmt"/>
        <line num="18" count="7" type="stmt"/>
        <line num="26" count="7" type="stmt"/>
      </file>
      <file name="useDropdownMenu.ts" path="/Users/Vamsi/random-hacks/my-react-app/src/components/Dropdown/useDropdownMenu.ts">
        <metrics statements="30" coveredstatements="27" conditionals="5" coveredconditionals="2" methods="4" coveredmethods="3"/>
        <line num="1" count="5" type="stmt"/>
        <line num="12" count="5" type="stmt"/>
        <line num="15" count="5" type="stmt"/>
        <line num="17" count="5" type="stmt"/>
        <line num="18" count="312" type="stmt"/>
        <line num="19" count="312" type="stmt"/>
        <line num="20" count="312" type="stmt"/>
        <line num="21" count="312" type="stmt"/>
        <line num="22" count="312" type="stmt"/>
        <line num="24" count="312" type="stmt"/>
        <line num="32" count="312" type="stmt"/>
        <line num="33" count="312" type="stmt"/>
        <line num="35" count="312" type="stmt"/>
        <line num="36" count="1" type="stmt"/>
        <line num="37" count="1" type="stmt"/>
        <line num="39" count="1" type="cond" truecount="1" falsecount="0"/>
        <line num="40" count="1" type="stmt"/>
        <line num="44" count="312" type="stmt"/>
        <line num="45" count="312" type="stmt"/>
        <line num="46" count="0" type="cond" truecount="0" falsecount="2"/>
        <line num="47" count="0" type="stmt"/>
        <line num="49" count="0" type="stmt"/>
        <line num="53" count="312" type="stmt"/>
        <line num="60" count="312" type="stmt"/>
        <line num="67" count="312" type="stmt"/>
        <line num="68" count="312" type="stmt"/>
        <line num="69" count="312" type="stmt"/>
        <line num="71" count="312" type="stmt"/>
        <line num="75" count="312" type="stmt"/>
        <line num="76" count="310" type="stmt"/>
      </file>
    </package>
    <package name="src.components.Figure">
      <metrics statements="13" coveredstatements="13" conditionals="6" coveredconditionals="6" methods="3" coveredmethods="3"/>
      <file name="Caption.tsx" path="/Users/Vamsi/random-hacks/my-react-app/src/components/Figure/Caption.tsx">
        <metrics statements="6" coveredstatements="6" conditionals="1" coveredconditionals="1" methods="2" coveredmethods="2"/>
        <line num="2" count="2" type="stmt"/>
        <line num="4" count="4" type="stmt"/>
        <line num="11" count="2" type="stmt"/>
        <line num="16" count="4" type="stmt"/>
        <line num="17" count="4" type="stmt"/>
        <line num="18" count="4" type="stmt"/>
      </file>
      <file name="Figure.tsx" path="/Users/Vamsi/random-hacks/my-react-app/src/components/Figure/Figure.tsx">
        <metrics statements="7" coveredstatements="7" conditionals="5" coveredconditionals="5" methods="1" coveredmethods="1"/>
        <line num="2" count="1" type="stmt"/>
        <line num="3" count="1" type="stmt"/>
        <line num="4" count="1" type="stmt"/>
        <line num="7" count="1" type="stmt"/>
        <line num="16" count="2" type="stmt"/>
        <line num="17" count="2" type="stmt"/>
        <line num="18" count="2" type="stmt"/>
      </file>
    </package>
    <package name="src.components.Flex">
      <metrics statements="224" coveredstatements="217" conditionals="116" coveredconditionals="95" methods="39" coveredmethods="39"/>
      <file name="Box.tsx" path="/Users/Vamsi/random-hacks/my-react-app/src/components/Flex/Box.tsx">
        <metrics statements="5" coveredstatements="5" conditionals="1" coveredconditionals="1" methods="2" coveredmethods="2"/>
        <line num="1" count="2" type="stmt"/>
        <line num="4" count="10" type="stmt"/>
        <line num="14" count="2" type="cond" truecount="1" falsecount="0"/>
        <line num="15" count="10" type="stmt"/>
        <line num="16" count="10" type="stmt"/>
      </file>
      <file name="Column.tsx" path="/Users/Vamsi/random-hacks/my-react-app/src/components/Flex/Column.tsx">
        <metrics statements="11" coveredstatements="11" conditionals="18" coveredconditionals="14" methods="1" coveredmethods="1"/>
        <line num="1" count="2" type="stmt"/>
        <line num="2" count="2" type="stmt"/>
        <line num="5" count="2" type="stmt"/>
        <line num="7" count="2" type="stmt"/>
        <line num="35" count="2" type="stmt"/>
        <line num="51" count="15" type="stmt"/>
        <line num="52" count="15" type="stmt"/>
        <line num="68" count="15" type="stmt"/>
        <line num="79" count="15" type="cond" truecount="2" falsecount="0"/>
        <line num="80" count="15" type="cond" truecount="2" falsecount="0"/>
        <line num="81" count="15" type="stmt"/>
      </file>
      <file name="Container.tsx" path="/Users/Vamsi/random-hacks/my-react-app/src/components/Flex/Container.tsx">
[...]
      </file>
      <file name="TableContext.ts" path="/Users/Vamsi/random-hacks/my-react-app/src/components/Table/TableContext.ts">
        <metrics statements="2" coveredstatements="2" conditionals="0" coveredconditionals="0" methods="0" coveredmethods="0"/>
        <line num="1" count="6" type="stmt"/>
        <line num="12" count="6" type="stmt"/>
      </file>
      <file name="Wrapper.tsx" path="/Users/Vamsi/random-hacks/my-react-app/src/components/Table/Wrapper.tsx">
        <metrics statements="10" coveredstatements="10" conditionals="4" coveredconditionals="1" methods="3" coveredmethods="3"/>
        <line num="1" count="2" type="stmt"/>
        <line num="2" count="2" type="stmt"/>
        <line num="3" count="2" type="stmt"/>
        <line num="4" count="2" type="stmt"/>
        <line num="6" count="37" type="stmt"/>
        <line num="13" count="37" type="stmt"/>
        <line num="21" count="2" type="stmt"/>
        <line num="30" count="37" type="stmt"/>
        <line num="31" count="37" type="stmt"/>
        <line num="32" count="37" type="stmt"/>
      </file>
      <file name="variant.ts" path="/Users/Vamsi/random-hacks/my-react-app/src/components/Table/variant.ts">
        <metrics statements="7" coveredstatements="7" conditionals="10" coveredconditionals="9" methods="1" coveredmethods="1"/>
        <line num="3" count="5" type="stmt"/>
        <line num="13" count="5" type="stmt"/>
        <line num="23" count="5" type="stmt"/>
        <line num="38" count="5" type="stmt"/>
        <line num="48" count="5" type="stmt"/>
        <line num="58" count="5" type="stmt"/>
        <line num="64" count="1651" type="cond" truecount="4" falsecount="0"/>
      </file>
    </package>
    <package name="src.components.Toast">
      <metrics statements="87" coveredstatements="87" conditionals="41" coveredconditionals="36" methods="17" coveredmethods="17"/>
      <file name="Body.tsx" path="/Users/Vamsi/random-hacks/my-react-app/src/components/Toast/Body.tsx">
        <metrics statements="6" coveredstatements="6" conditionals="1" coveredconditionals="1" methods="2" coveredmethods="2"/>
        <line num="1" count="3" type="stmt"/>
        <line num="4" count="87" type="stmt"/>
        <line num="9" count="3" type="cond" truecount="1" falsecount="0"/>
        <line num="10" count="87" type="stmt"/>
        <line num="11" count="87" type="stmt"/>
        <line num="12" count="87" type="stmt"/>
      </file>
      <file name="CloseButton.tsx" path="/Users/Vamsi/random-hacks/my-react-app/src/components/Toast/CloseButton.tsx">
        <metrics statements="9" coveredstatements="9" conditionals="1" coveredconditionals="1" methods="2" coveredmethods="2"/>
        <line num="1" count="4" type="stmt"/>
        <line num="2" count="4" type="stmt"/>
        <line num="5" count="4" type="stmt"/>
        <line num="12" count="4" type="stmt"/>
        <line num="13" count="77" type="stmt"/>
        <line num="51" count="4" type="cond" truecount="1" falsecount="0"/>
        <line num="52" count="77" type="stmt"/>
        <line num="53" count="77" type="stmt"/>
        <line num="54" count="77" type="stmt"/>
      </file>
      <file name="Container.tsx" path="/Users/Vamsi/random-hacks/my-react-app/src/components/Toast/Container.tsx">
        <metrics statements="32" coveredstatements="32" conditionals="19" coveredconditionals="17" methods="3" coveredmethods="3"/>
        <line num="3" count="3" type="stmt"/>
        <line num="28" count="3" type="stmt"/>
        <line num="29" count="74" type="stmt"/>
        <line num="30" count="74" type="stmt"/>
        <line num="33" count="3" type="cond" truecount="0" falsecount="2"/>
        <line num="34" count="74" type="stmt"/>
        <line num="37" count="74" type="cond" truecount="3" falsecount="0"/>
        <line num="39" count="24" type="stmt"/>
        <line num="40" count="24" type="stmt"/>
        <line num="43" count="24" type="stmt"/>
        <line num="44" count="24" type="stmt"/>
        <line num="48" count="26" type="stmt"/>
        <line num="49" count="26" type="stmt"/>
        <line num="53" count="74" type="cond" truecount="3" falsecount="0"/>
        <line num="55" count="24" type="stmt"/>
        <line num="56" count="24" type="stmt"/>
        <line num="60" count="24" type="stmt"/>
        <line num="61" count="24" type="stmt"/>
        <line num="65" count="26" type="stmt"/>
        <line num="66" count="26" type="stmt"/>
        <line num="70" count="74" type="cond" truecount="3" falsecount="0"/>
        <line num="71" count="16" type="stmt"/>
        <line num="74" count="74" type="cond" truecount="3" falsecount="0"/>
        <line num="75" count="16" type="stmt"/>
        <line num="78" count="74" type="cond" truecount="3" falsecount="0"/>
        <line num="79" count="8" type="stmt"/>
        <line num="82" count="74" type="stmt"/>
        <line num="85" count="3" type="stmt"/>
        <line num="91" count="74" type="stmt"/>
        <line num="92" count="74" type="stmt"/>
        <line num="93" count="74" type="stmt"/>
        <line num="94" count="74" type="stmt"/>
      </file>
      <file name="Header.tsx" path="/Users/Vamsi/random-hacks/my-react-app/src/components/Toast/Header.tsx">
        <metrics statements="8" coveredstatements="8" conditionals="7" coveredconditionals="7" methods="2" coveredmethods="2"/>
        <line num="1" count="3" type="stmt"/>
        <line num="3" count="3" type="stmt"/>
        <line num="5" count="3" type="stmt"/>
        <line num="7" count="75" type="stmt"/>
        <line num="26" count="3" type="stmt"/>
        <line num="34" count="75" type="stmt"/>
        <line num="35" count="75" type="stmt"/>
        <line num="36" count="75" type="stmt"/>
      </file>
      <file name="Icon.tsx" path="/Users/Vamsi/random-hacks/my-react-app/src/components/Toast/Icon.tsx">
        <metrics statements="5" coveredstatements="5" conditionals="1" coveredconditionals="1" methods="2" coveredmethods="2"/>
        <line num="1" count="4" type="stmt"/>
        <line num="3" count="75" type="stmt"/>
        <line num="8" count="4" type="cond" truecount="1" falsecount="0"/>
        <line num="9" count="75" type="stmt"/>
        <line num="10" count="75" type="stmt"/>
      </file>
      <file name="Stack.tsx" path="/Users/Vamsi/random-hacks/my-react-app/src/components/Toast/Stack.tsx">
        <metrics statements="10" coveredstatements="10" conditionals="6" coveredconditionals="3" methods="2" coveredmethods="2"/>
        <line num="1" count="1" type="stmt"/>
        <line num="2" count="1" type="stmt"/>
        <line num="4" count="1" type="stmt"/>
        <line num="15" count="1" type="stmt"/>
        <line num="21" count="18" type="stmt"/>
        <line num="22" count="18" type="stmt"/>
        <line num="25" count="18" type="stmt"/>
        <line num="28" count="36" type="stmt"/>
        <line num="29" count="36" type="cond" truecount="1" falsecount="1"/>
        <line num="30" count="36" type="stmt"/>
      </file>
      <file name="Toast.tsx" path="/Users/Vamsi/random-hacks/my-react-app/src/components/Toast/Toast.tsx">
        <metrics statements="17" coveredstatements="17" conditionals="6" coveredconditionals="6" methods="4" coveredmethods="4"/>
        <line num="2" count="2" type="stmt"/>
        <line num="3" count="2" type="stmt"/>
        <line num="4" count="2" type="stmt"/>
        <line num="5" count="2" type="stmt"/>
        <line num="6" count="2" type="stmt"/>
        <line num="7" count="2" type="stmt"/>
        <line num="21" count="81" type="stmt"/>
        <line num="33" count="2" type="stmt"/>
        <line num="35" count="2" type="stmt"/>
        <line num="43" count="2" type="stmt"/>
        <line num="51" count="81" type="stmt"/>
        <line num="52" count="81" type="stmt"/>
        <line num="53" count="81" type="cond" truecount="1" falsecount="0"/>
        <line num="54" count="36" type="stmt"/>
        <line num="58" count="36" type="stmt"/>
        <line num="87" count="45" type="stmt"/>
        <line num="91" count="47" type="stmt"/>
      </file>
    </package>
    <package name="src.components.Tooltip">
      <metrics statements="52" coveredstatements="52" conditionals="14" coveredconditionals="7" methods="10" coveredmethods="10"/>
      <file name="Arrow.tsx" path="/Users/Vamsi/random-hacks/my-react-app/src/components/Tooltip/Arrow.tsx">
        <metrics statements="5" coveredstatements="5" conditionals="0" coveredconditionals="0" methods="1" coveredmethods="1"/>
        <line num="1" count="1" type="stmt"/>
        <line num="2" count="1" type="stmt"/>
        <line num="4" count="1" type="stmt"/>
        <line num="8" count="60" type="stmt"/>
        <line num="19" count="1" type="stmt"/>
      </file>
      <file name="Content.tsx" path="/Users/Vamsi/random-hacks/my-react-app/src/components/Tooltip/Content.tsx">
        <metrics statements="12" coveredstatements="12" conditionals="3" coveredconditionals="2" methods="3" coveredmethods="3"/>
        <line num="1" count="1" type="stmt"/>
        <line num="4" count="1" type="stmt"/>
        <line num="12" count="60" type="stmt"/>
        <line num="34" count="60" type="stmt"/>
        <line num="43" count="1" type="stmt"/>
        <line num="55" count="88" type="stmt"/>
        <line num="57" count="88" type="cond" truecount="1" falsecount="0"/>
        <line num="58" count="28" type="stmt"/>
        <line num="61" count="60" type="stmt"/>
        <line num="62" count="60" type="stmt"/>
        <line num="64" count="60" type="stmt"/>
        <line num="84" count="1" type="stmt"/>
      </file>
      <file name="Tooltip.tsx" path="/Users/Vamsi/random-hacks/my-react-app/src/components/Tooltip/Tooltip.tsx">
        <metrics statements="7" coveredstatements="7" conditionals="5" coveredconditionals="1" methods="1" coveredmethods="1"/>
        <line num="2" count="1" type="stmt"/>
        <line num="3" count="1" type="stmt"/>
        <line num="4" count="1" type="stmt"/>
        <line num="5" count="1" type="stmt"/>
        <line num="11" count="1" type="stmt"/>
        <line num="17" count="92" type="stmt"/>
        <line num="18" count="92" type="stmt"/>
      </file>
      <file name="Trigger.tsx" path="/Users/Vamsi/random-hacks/my-react-app/src/components/Tooltip/Trigger.tsx">
        <metrics statements="4" coveredstatements="4" conditionals="0" coveredconditionals="0" methods="1" coveredmethods="1"/>
        <line num="1" count="2" type="stmt"/>
        <line num="5" count="2" type="stmt"/>
        <line num="9" count="89" type="stmt"/>
        <line num="16" count="2" type="stmt"/>
      </file>
      <file name="useTooltip.ts" path="/Users/Vamsi/random-hacks/my-react-app/src/components/Tooltip/useTooltip.ts">
        <metrics statements="24" coveredstatements="24" conditionals="6" coveredconditionals="4" methods="4" coveredmethods="4"/>
        <line num="1" count="1" type="stmt"/>
        <line num="15" count="1" type="stmt"/>
        <line num="23" count="1" type="stmt"/>
        <line num="28" count="1" type="cond" truecount="2" falsecount="0"/>
        <line num="29" count="92" type="stmt"/>
        <line num="30" count="92" type="stmt"/>
        <line num="32" count="92" type="stmt"/>
        <line num="40" count="1" type="stmt"/>
        <line num="41" count="1" type="stmt"/>
        <line num="43" count="1" type="stmt"/>
        <line num="47" count="92" type="stmt"/>
        <line num="48" count="92" type="stmt"/>
        <line num="50" count="92" type="stmt"/>
        <line num="63" count="92" type="stmt"/>
        <line num="65" count="92" type="cond" truecount="2" falsecount="0"/>
        <line num="67" count="92" type="stmt"/>
        <line num="68" count="92" type="stmt"/>
        <line num="69" count="92" type="stmt"/>
        <line num="70" count="92" type="stmt"/>
        <line num="72" count="92" type="stmt"/>
        <line num="74" count="92" type="stmt"/>
        <line num="76" count="44" type="stmt"/>
        <line num="79" count="92" type="stmt"/>
        <line num="80" count="76" type="stmt"/>
      </file>
    </package>
    <package name="src.hooks">
      <metrics statements="101" coveredstatements="101" conditionals="24" coveredconditionals="22" methods="29" coveredmethods="26"/>
      <file name="index.ts" path="/Users/Vamsi/random-hacks/my-react-app/src/hooks/index.ts">
        <metrics statements="10" coveredstatements="10" conditionals="0" coveredconditionals="0" methods="5" coveredmethods="2"/>
        <line num="1" count="2" type="stmt"/>
        <line num="2" count="2" type="stmt"/>
        <line num="3" count="2" type="stmt"/>
        <line num="4" count="2" type="stmt"/>
        <line num="5" count="2" type="stmt"/>
        <line num="8" count="2" type="stmt"/>
        <line num="9" count="68" type="stmt"/>
        <line num="10" count="68" type="stmt"/>
        <line num="11" count="2" type="stmt"/>
        <line num="12" count="2" type="stmt"/>
      </file>
      <file name="useClickOutside.ts" path="/Users/Vamsi/random-hacks/my-react-app/src/hooks/useClickOutside.ts">
        <metrics statements="10" coveredstatements="10" conditionals="5" coveredconditionals="5" methods="4" coveredmethods="4"/>
        <line num="1" count="4" type="stmt"/>
        <line num="13" count="4" type="stmt"/>
        <line num="20" count="84" type="stmt"/>
        <line num="24" count="58" type="stmt"/>
        <line num="25" count="11" type="cond" truecount="3" falsecount="0"/>
        <line num="26" count="10" type="stmt"/>
        <line num="29" count="58" type="cond" truecount="1" falsecount="0"/>
        <line num="31" count="39" type="stmt"/>
        <line num="32" count="39" type="stmt"/>
        <line num="34" count="39" type="stmt"/>
      </file>
      <file name="useEscapeKey.ts" path="/Users/Vamsi/random-hacks/my-react-app/src/hooks/useEscapeKey.ts">
        <metrics statements="13" coveredstatements="13" conditionals="4" coveredconditionals="4" methods="5" coveredmethods="5"/>
        <line num="1" count="4" type="stmt"/>
        <line num="3" count="4" type="stmt"/>
        <line num="4" count="6" type="stmt"/>
        <line num="12" count="4" type="stmt"/>
        <line num="19" count="85" type="stmt"/>
        <line num="20" count="59" type="stmt"/>
        <line num="21" count="6" type="cond" truecount="2" falsecount="0"/>
        <line num="23" count="59" type="cond" truecount="1" falsecount="0"/>
        <line num="24" count="39" type="stmt"/>
        <line num="26" count="39" type="stmt"/>
        <line num="27" count="39" type="stmt"/>
        <line num="30" count="39" type="stmt"/>
        <line num="34" count="85" type="stmt"/>
      </file>
      <file name="useFillColor.ts" path="/Users/Vamsi/random-hacks/my-react-app/src/hooks/useFillColor.ts">
        <metrics statements="16" coveredstatements="16" conditionals="2" coveredconditionals="2" methods="4" coveredmethods="4"/>
        <line num="1" count="7" type="stmt"/>
        <line num="3" count="7" type="stmt"/>
        <line num="11" count="7" type="stmt"/>
        <line num="15" count="26" type="stmt"/>
        <line num="17" count="26" type="stmt"/>
        <line num="18" count="13" type="stmt"/>
        <line num="20" count="13" type="cond" truecount="1" falsecount="0"/>
        <line num="21" count="13" type="stmt"/>
        <line num="22" count="13" type="stmt"/>
        <line num="24" count="13" type="stmt"/>
        <line num="25" count="13" type="stmt"/>
        <line num="26" count="11" type="stmt"/>
        <line num="27" count="11" type="stmt"/>
        <line num="28" count="11" type="stmt"/>
        <line num="32" count="13" type="stmt"/>
        <line num="35" count="26" type="stmt"/>
      </file>
      <file name="useIsomorphicLayoutEffect.ts" path="/Users/Vamsi/random-hacks/my-react-app/src/hooks/useIsomorphicLayoutEffect.ts">
        <metrics statements="4" coveredstatements="4" conditionals="2" coveredconditionals="1" methods="0" coveredmethods="0"/>
        <line num="1" count="19" type="stmt"/>
        <line num="2" count="19" type="stmt"/>
        <line num="4" count="19" type="cond" truecount="1" falsecount="1"/>
        <line num="6" count="19" type="stmt"/>
      </file>
      <file name="useMediaQuery.ts" path="/Users/Vamsi/random-hacks/my-react-app/src/hooks/useMediaQuery.ts">
        <metrics statements="14" coveredstatements="14" conditionals="3" coveredconditionals="2" methods="4" coveredmethods="4"/>
        <line num="1" count="3" type="stmt"/>
        <line num="3" count="3" type="stmt"/>
        <line num="17" count="3" type="stmt"/>
        <line num="21" count="39" type="stmt"/>
        <line num="22" count="39" type="stmt"/>
        <line num="24" count="39" type="stmt"/>
        <line num="25" count="2" type="cond" truecount="1" falsecount="1"/>
        <line num="29" count="39" type="stmt"/>
        <line num="30" count="21" type="cond" truecount="1" falsecount="0"/>
        <line num="31" count="2" type="stmt"/>
        <line num="32" count="2" type="stmt"/>
        <line num="34" count="2" type="stmt"/>
        <line num="35" count="2" type="stmt"/>
        <line num="39" count="39" type="stmt"/>
      </file>
      <file name="useWindowSize.ts" path="/Users/Vamsi/random-hacks/my-react-app/src/hooks/useWindowSize.ts">
        <metrics statements="12" coveredstatements="12" conditionals="0" coveredconditionals="0" methods="4" coveredmethods="4"/>
        <line num="1" count="3" type="stmt"/>
        <line num="3" count="3" type="stmt"/>
        <line num="4" count="5" type="stmt"/>
        <line num="5" count="5" type="stmt"/>
        <line num="7" count="5" type="stmt"/>
        <line num="8" count="2" type="stmt"/>
        <line num="9" count="3" type="stmt"/>
        <line num="10" count="3" type="stmt"/>
        <line num="13" count="2" type="stmt"/>
        <line num="14" count="2" type="stmt"/>
        <line num="16" count="2" type="stmt"/>
        <line num="19" count="5" type="stmt"/>
      </file>
      <file name="useWrapperElement.ts" path="/Users/Vamsi/random-hacks/my-react-app/src/hooks/useWrapperElement.ts">
        <metrics statements="22" coveredstatements="22" conditionals="8" coveredconditionals="8" methods="3" coveredmethods="3"/>
        <line num="1" count="19" type="stmt"/>
        <line num="3" count="19" type="stmt"/>
        <line num="4" count="19" type="stmt"/>
        <line num="6" count="19" type="stmt"/>
        <line num="8" count="19" type="stmt"/>
        <line num="12" count="12" type="stmt"/>
        <line num="16" count="12" type="stmt"/>
        <line num="17" count="6" type="stmt"/>
        <line num="18" count="6" type="cond" truecount="2" falsecount="0"/>
        <line num="22" count="6" type="cond" truecount="1" falsecount="0"/>
        <line num="23" count="3" type="stmt"/>
        <line num="26" count="6" type="cond" truecount="4" falsecount="0"/>
        <line num="27" count="2" type="stmt"/>
        <line num="28" count="2" type="stmt"/>
        <line num="29" count="6" type="stmt"/>
        <line num="33" count="6" type="stmt"/>
        <line num="34" count="6" type="stmt"/>
        <line num="35" count="6" type="cond" truecount="1" falsecount="0"/>
        <line num="36" count="3" type="stmt"/>
        <line num="39" count="6" type="stmt"/>
        <line num="42" count="6" type="stmt"/>
        <line num="45" count="12" type="stmt"/>
      </file>
    </package>
    <package name="src.reboot">
      <metrics statements="1" coveredstatements="1" conditionals="0" coveredconditionals="0" methods="0" coveredmethods="0"/>
      <file name="lightTheme.ts" path="/Users/Vamsi/random-hacks/my-react-app/src/reboot/lightTheme.ts">
        <metrics statements="1" coveredstatements="1" conditionals="0" coveredconditionals="0" methods="0" coveredmethods="0"/>
        <line num="1" count="200" type="stmt"/>
      </file>
    </package>
  </project>
</coverage>
