{"/Users/Vamsi/random-hacks/my-react-app/src/App.tsx": {"path":"/Users/Vamsi/random-hacks/my-react-app/src/App.tsx","statementMap":{"0":{"start":{"line":13,"column":0},"end":{"line":13,"column":49}},"1":{"start":{"line":16,"column":2},"end":{"line":16,"column":24}},"2":{"start":{"line":19,"column":0},"end":{"line":19,"column":19}}},"fnMap":{"0":{"name":"App","decl":{"start":{"line":15,"column":9},"end":{"line":15,"column":12}},"loc":{"start":{"line":15,"column":12},"end":{"line":17,"column":1}}}},"branchMap":{},"s":{"0":0,"1":0,"2":0},"f":{"0":0},"b":{}}
,"/Users/Vamsi/random-hacks/my-react-app/src/createRenderer.ts": {"path":"/Users/Vamsi/random-hacks/my-react-app/src/createRenderer.ts","statementMap":{"0":{"start":{"line":1,"column":0},"end":{"line":1,"column":60}},"1":{"start":{"line":2,"column":0},"end":{"line":2,"column":59}},"2":{"start":{"line":3,"column":0},"end":{"line":3,"column":67}},"3":{"start":{"line":4,"column":0},"end":{"line":4,"column":44}},"4":{"start":{"line":5,"column":0},"end":{"line":5,"column":50}},"5":{"start":{"line":6,"column":0},"end":{"line":6,"column":75}},"6":{"start":{"line":8,"column":30},"end":{"line":18,"column":1}},"7":{"start":{"line":9,"column":29},"end":{"line":9,"column":33}},"8":{"start":{"line":10,"column":2},"end":{"line":17,"column":5}},"9":{"start":{"line":8,"column":13},"end":{"line":8,"column":30}}},"fnMap":{"0":{"name":"(anonymous_0)","decl":{"start":{"line":8,"column":30},"end":{"line":8,"column":33}},"loc":{"start":{"line":8,"column":35},"end":{"line":18,"column":1}}}},"branchMap":{},"s":{"0":0,"1":0,"2":0,"3":0,"4":0,"5":0,"6":0,"7":0,"8":0,"9":0},"f":{"0":0},"b":{}}
,"/Users/Vamsi/random-hacks/my-react-app/src/dom.ts": {"path":"/Users/Vamsi/random-hacks/my-react-app/src/dom.ts","statementMap":{"0":{"start":{"line":1,"column":19},"end":{"line":1,"column":62}},"1":{"start":{"line":1,"column":35},"end":{"line":1,"column":62}},"2":{"start":{"line":26,"column":2},"end":{"line":26,"column":12}},"3":{"start":{"line":2,"column":19},"end":{"line":2,"column":71}},"4":{"start":{"line":2,"column":35},"end":{"line":2,"column":71}},"5":{"start":{"line":27,"column":2},"end":{"line":27,"column":12}},"6":{"start":{"line":4,"column":22},"end":{"line":8,"column":1}},"7":{"start":{"line":5,"column":13},"end":{"line":5,"column":42}},"8":{"start":{"line":6,"column":2},"end":{"line":6,"column":28}},"9":{"start":{"line":7,"column":2},"end":{"line":7,"column":12}},"10":{"start":{"line":25,"column":2},"end":{"line":25,"column":15}},"11":{"start":{"line":10,"column":22},"end":{"line":12,"column":1}},"12":{"start":{"line":11,"column":2},"end":{"line":11,"column":21}},"13":{"start":{"line":28,"column":2},"end":{"line":28,"column":15}},"14":{"start":{"line":14,"column":23},"end":{"line":16,"column":1}},"15":{"start":{"line":15,"column":2},"end":{"line":15,"column":17}},"16":{"start":{"line":30,"column":2},"end":{"line":30,"column":16}},"17":{"start":{"line":18,"column":22},"end":{"line":22,"column":1}},"18":{"start":{"line":19,"column":2},"end":{"line":21,"column":null}},"19":{"start":{"line":20,"column":4},"end":{"line":20,"column":34}},"20":{"start":{"line":29,"column":2},"end":{"line":29,"column":15}}},"fnMap":{"0":{"name":"(anonymous_0)","decl":{"start":{"line":1,"column":19},"end":{"line":1,"column":20}},"loc":{"start":{"line":1,"column":35},"end":{"line":1,"column":62}}},"1":{"name":"(anonymous_1)","decl":{"start":{"line":2,"column":19},"end":{"line":2,"column":20}},"loc":{"start":{"line":2,"column":35},"end":{"line":2,"column":71}}},"2":{"name":"(anonymous_2)","decl":{"start":{"line":4,"column":22},"end":{"line":4,"column":23}},"loc":{"start":{"line":4,"column":37},"end":{"line":8,"column":1}}},"3":{"name":"(anonymous_3)","decl":{"start":{"line":10,"column":22},"end":{"line":10,"column":23}},"loc":{"start":{"line":10,"column":62},"end":{"line":12,"column":1}}},"4":{"name":"(anonymous_4)","decl":{"start":{"line":14,"column":23},"end":{"line":14,"column":24}},"loc":{"start":{"line":14,"column":63},"end":{"line":16,"column":1}}},"5":{"name":"(anonymous_5)","decl":{"start":{"line":18,"column":22},"end":{"line":18,"column":23}},"loc":{"start":{"line":18,"column":42},"end":{"line":22,"column":1}}}},"branchMap":{"0":{"loc":{"start":{"line":10,"column":40},"end":{"line":10,"column":58}},"type":"default-arg","locations":[{"start":{"line":10,"column":45},"end":{"line":10,"column":58}}]},"1":{"loc":{"start":{"line":14,"column":41},"end":{"line":14,"column":59}},"type":"default-arg","locations":[{"start":{"line":14,"column":46},"end":{"line":14,"column":59}}]},"2":{"loc":{"start":{"line":19,"column":2},"end":{"line":21,"column":null}},"type":"if","locations":[{"start":{"line":19,"column":2},"end":{"line":21,"column":null}}]}},"s":{"0":20,"1":3,"2":20,"3":20,"4":6,"5":20,"6":20,"7":2,"8":2,"9":2,"10":20,"11":20,"12":3,"13":20,"14":20,"15":2,"16":20,"17":20,"18":2,"19":2,"20":20},"f":{"0":3,"1":6,"2":2,"3":3,"4":2,"5":2},"b":{"0":[2],"1":[1],"2":[2]}}
,"/Users/Vamsi/random-hacks/my-react-app/src/main.tsx": {"path":"/Users/Vamsi/random-hacks/my-react-app/src/main.tsx","statementMap":{"0":{"start":{"line":1,"column":0},"end":{"line":1,"column":53}},"1":{"start":{"line":2,"column":0},"end":{"line":2,"column":52}},"2":{"start":{"line":4,"column":13},"end":{"line":4,"column":41}},"3":{"start":{"line":5,"column":0},"end":{"line":5,"column":34}},"4":{"start":{"line":7,"column":0},"end":{"line":7,"column":39}},"5":{"start":{"line":8,"column":0},"end":{"line":8,"column":35}},"6":{"start":{"line":10,"column":0},"end":{"line":10,"column":35}},"7":{"start":{"line":11,"column":0},"end":{"line":11,"column":40}},"8":{"start":{"line":13,"column":0},"end":{"line":13,"column":40}},"9":{"start":{"line":14,"column":0},"end":{"line":14,"column":36}},"10":{"start":{"line":16,"column":0},"end":{"line":16,"column":34}},"11":{"start":{"line":17,"column":0},"end":{"line":17,"column":9}},"12":{"start":{"line":17,"column":9},"end":{"line":17,"column":61}},"13":{"start":{"line":18,"column":0},"end":{"line":18,"column":41}},"14":{"start":{"line":20,"column":0},"end":{"line":20,"column":38}},"15":{"start":{"line":21,"column":0},"end":{"line":21,"column":50}},"16":{"start":{"line":23,"column":0},"end":{"line":23,"column":38}},"17":{"start":{"line":25,"column":0},"end":{"line":25,"column":36}},"18":{"start":{"line":26,"column":0},"end":{"line":26,"column":34}},"19":{"start":{"line":27,"column":0},"end":{"line":27,"column":34}},"20":{"start":{"line":29,"column":0},"end":{"line":29,"column":35}},"21":{"start":{"line":31,"column":0},"end":{"line":31,"column":9}},"22":{"start":{"line":31,"column":9},"end":{"line":31,"column":64}},"23":{"start":{"line":32,"column":0},"end":{"line":32,"column":35}},"24":{"start":{"line":33,"column":0},"end":{"line":33,"column":35}},"25":{"start":{"line":35,"column":0},"end":{"line":35,"column":39}},"26":{"start":{"line":36,"column":0},"end":{"line":36,"column":34}},"27":{"start":{"line":38,"column":0},"end":{"line":38,"column":35}},"28":{"start":{"line":40,"column":0},"end":{"line":40,"column":33}},"29":{"start":{"line":41,"column":0},"end":{"line":41,"column":46}},"30":{"start":{"line":43,"column":0},"end":{"line":43,"column":39}},"31":{"start":{"line":45,"column":0},"end":{"line":45,"column":40}},"32":{"start":{"line":46,"column":0},"end":{"line":46,"column":40}},"33":{"start":{"line":47,"column":0},"end":{"line":47,"column":38}},"34":{"start":{"line":49,"column":0},"end":{"line":49,"column":45}},"35":{"start":{"line":50,"column":0},"end":{"line":50,"column":37}},"36":{"start":{"line":52,"column":0},"end":{"line":52,"column":35}},"37":{"start":{"line":53,"column":0},"end":{"line":53,"column":35}},"38":{"start":{"line":54,"column":0},"end":{"line":54,"column":37}},"39":{"start":{"line":55,"column":0},"end":{"line":55,"column":36}}},"fnMap":{"0":{"name":"(anonymous_4)","decl":{"start":{"line":17,"column":9},"end":{"line":17,"column":14}},"loc":{"start":{"line":17,"column":9},"end":{"line":17,"column":61}}},"1":{"name":"(anonymous_5)","decl":{"start":{"line":31,"column":9},"end":{"line":31,"column":20}},"loc":{"start":{"line":31,"column":9},"end":{"line":31,"column":64}}}},"branchMap":{},"s":{"0":0,"1":0,"2":0,"3":0,"4":0,"5":0,"6":0,"7":0,"8":0,"9":0,"10":0,"11":0,"12":0,"13":0,"14":0,"15":0,"16":0,"17":0,"18":0,"19":0,"20":0,"21":0,"22":0,"23":0,"24":0,"25":0,"26":0,"27":0,"28":0,"29":0,"30":0,"31":0,"32":0,"33":0,"34":0,"35":0,"36":0,"37":0,"38":0,"39":0},"f":{"0":0,"1":0},"b":{}}
,"/Users/Vamsi/random-hacks/my-react-app/src/utils.ts": {"path":"/Users/Vamsi/random-hacks/my-react-app/src/utils.ts","statementMap":{"0":{"start":{"line":1,"column":0},"end":{"line":1,"column":40}},"1":{"start":{"line":10,"column":19},"end":{"line":15,"column":1}},"2":{"start":{"line":11,"column":2},"end":{"line":14,"column":23}},"3":{"start":{"line":17,"column":14},"end":{"line":24,"column":1}},"4":{"start":{"line":18,"column":13},"end":{"line":18,"column":30}},"5":{"start":{"line":20,"column":2},"end":{"line":23,"column":4}},"6":{"start":{"line":289,"column":2},"end":{"line":289,"column":7}},"7":{"start":{"line":36,"column":27},"end":{"line":44,"column":1}},"8":{"start":{"line":37,"column":15},"end":{"line":37,"column":29}},"9":{"start":{"line":39,"column":2},"end":{"line":41,"column":null}},"10":{"start":{"line":40,"column":4},"end":{"line":40,"column":30}},"11":{"start":{"line":43,"column":2},"end":{"line":43,"column":41}},"12":{"start":{"line":292,"column":2},"end":{"line":292,"column":20}},"13":{"start":{"line":51,"column":17},"end":{"line":52,"column":47}},"14":{"start":{"line":52,"column":2},"end":{"line":52,"column":47}},"15":{"start":{"line":296,"column":2},"end":{"line":296,"column":10}},"16":{"start":{"line":61,"column":16},"end":{"line":62,"column":43}},"17":{"start":{"line":62,"column":2},"end":{"line":62,"column":43}},"18":{"start":{"line":287,"column":2},"end":{"line":287,"column":9}},"19":{"start":{"line":70,"column":13},"end":{"line":88,"column":1}},"20":{"start":{"line":74,"column":2},"end":{"line":76,"column":null}},"21":{"start":{"line":75,"column":4},"end":{"line":75,"column":15}},"22":{"start":{"line":78,"column":42},"end":{"line":78,"column":44}},"23":{"start":{"line":79,"column":18},"end":{"line":79,"column":37}},"24":{"start":{"line":81,"column":2},"end":{"line":85,"column":null}},"25":{"start":{"line":82,"column":4},"end":{"line":84,"column":null}},"26":{"start":{"line":83,"column":6},"end":{"line":83,"column":26}},"27":{"start":{"line":87,"column":2},"end":{"line":87,"column":16}},"28":{"start":{"line":302,"column":2},"end":{"line":302,"column":6}},"29":{"start":{"line":99,"column":14},"end":{"line":100,"column":32}},"30":{"start":{"line":100,"column":2},"end":{"line":100,"column":32}},"31":{"start":{"line":303,"column":2},"end":{"line":303,"column":7}},"32":{"start":{"line":101,"column":17},"end":{"line":102,"column":64}},"33":{"start":{"line":102,"column":2},"end":{"line":102,"column":64}},"34":{"start":{"line":297,"column":2},"end":{"line":297,"column":10}},"35":{"start":{"line":105,"column":2},"end":{"line":105,"column":30}},"36":{"start":{"line":293,"column":2},"end":{"line":293,"column":9}},"37":{"start":{"line":113,"column":19},"end":{"line":114,"column":78}},"38":{"start":{"line":114,"column":2},"end":{"line":114,"column":78}},"39":{"start":{"line":295,"column":2},"end":{"line":295,"column":12}},"40":{"start":{"line":116,"column":17},"end":{"line":116,"column":67}},"41":{"start":{"line":116,"column":46},"end":{"line":116,"column":67}},"42":{"start":{"line":300,"column":2},"end":{"line":300,"column":10}},"43":{"start":{"line":118,"column":27},"end":{"line":121,"column":1}},"44":{"start":{"line":119,"column":39},"end":{"line":119,"column":64}},"45":{"start":{"line":120,"column":2},"end":{"line":120,"column":17}},"46":{"start":{"line":291,"column":2},"end":{"line":291,"column":20}},"47":{"start":{"line":129,"column":15},"end":{"line":129,"column":52}},"48":{"start":{"line":129,"column":21},"end":{"line":129,"column":52}},"49":{"start":{"line":301,"column":2},"end":{"line":301,"column":8}},"50":{"start":{"line":136,"column":18},"end":{"line":136,"column":55}},"51":{"start":{"line":136,"column":24},"end":{"line":136,"column":55}},"52":{"start":{"line":288,"column":2},"end":{"line":288,"column":11}},"53":{"start":{"line":144,"column":22},"end":{"line":151,"column":1}},"54":{"start":{"line":145,"column":2},"end":{"line":150,"column":4}},"55":{"start":{"line":148,"column":41},"end":{"line":148,"column":78}},"56":{"start":{"line":290,"column":2},"end":{"line":290,"column":15}},"57":{"start":{"line":158,"column":16},"end":{"line":159,"column":64}},"58":{"start":{"line":159,"column":2},"end":{"line":159,"column":64}},"59":{"start":{"line":159,"column":34},"end":{"line":159,"column":63}},"60":{"start":{"line":294,"column":2},"end":{"line":294,"column":9}},"61":{"start":{"line":166,"column":29},"end":{"line":170,"column":1}},"62":{"start":{"line":167,"column":2},"end":{"line":169,"column":4}},"63":{"start":{"line":168,"column":37},"end":{"line":168,"column":66}},"64":{"start":{"line":298,"column":2},"end":{"line":298,"column":22}},"65":{"start":{"line":177,"column":40},"end":{"line":183,"column":1}},"66":{"start":{"line":180,"column":2},"end":{"line":182,"column":4}},"67":{"start":{"line":181,"column":37},"end":{"line":181,"column":66}},"68":{"start":{"line":177,"column":13},"end":{"line":177,"column":40}},"69":{"start":{"line":191,"column":25},"end":{"line":208,"column":1}},"70":{"start":{"line":195,"column":17},"end":{"line":195,"column":40}},"71":{"start":{"line":197,"column":2},"end":{"line":201,"column":null}},"72":{"start":{"line":198,"column":18},"end":{"line":198,"column":30}},"73":{"start":{"line":199,"column":18},"end":{"line":199,"column":38}},"74":{"start":{"line":200,"column":4},"end":{"line":200,"column":24}},"75":{"start":{"line":203,"column":23},"end":{"line":203,"column":43}},"76":{"start":{"line":204,"column":15},"end":{"line":204,"column":47}},"77":{"start":{"line":206,"column":21},"end":{"line":206,"column":58}},"78":{"start":{"line":206,"column":37},"end":{"line":206,"column":58}},"79":{"start":{"line":207,"column":2},"end":{"line":207,"column":35}},"80":{"start":{"line":299,"column":2},"end":{"line":299,"column":18}},"81":{"start":{"line":217,"column":16},"end":{"line":229,"column":1}},"82":{"start":{"line":218,"column":34},"end":{"line":218,"column":36}},"83":{"start":{"line":219,"column":2},"end":{"line":222,"column":null}},"84":{"start":{"line":220,"column":20},"end":{"line":220,"column":26}},"85":{"start":{"line":221,"column":4},"end":{"line":221,"column":20}},"86":{"start":{"line":224,"column":2},"end":{"line":226,"column":null}},"87":{"start":{"line":224,"column":15},"end":{"line":224,"column":16}},"88":{"start":{"line":225,"column":4},"end":{"line":225,"column":37}},"89":{"start":{"line":228,"column":2},"end":{"line":228,"column":15}},"90":{"start":{"line":304,"column":2},"end":{"line":304,"column":9}},"91":{"start":{"line":231,"column":24},"end":{"line":237,"column":2}},"92":{"start":{"line":309,"column":2},"end":{"line":309,"column":17}},"93":{"start":{"line":239,"column":26},"end":{"line":245,"column":2}},"94":{"start":{"line":308,"column":2},"end":{"line":308,"column":19}},"95":{"start":{"line":259,"column":22},"end":{"line":270,"column":1}},"96":{"start":{"line":263,"column":2},"end":{"line":267,"column":null}},"97":{"start":{"line":264,"column":4},"end":{"line":266,"column":38}},"98":{"start":{"line":269,"column":2},"end":{"line":269,"column":19}},"99":{"start":{"line":306,"column":2},"end":{"line":306,"column":15}},"100":{"start":{"line":272,"column":19},"end":{"line":282,"column":1}},"101":{"start":{"line":273,"column":2},"end":{"line":275,"column":null}},"102":{"start":{"line":274,"column":4},"end":{"line":274,"column":16}},"103":{"start":{"line":277,"column":2},"end":{"line":279,"column":null}},"104":{"start":{"line":278,"column":4},"end":{"line":278,"column":44}},"105":{"start":{"line":281,"column":2},"end":{"line":281,"column":15}},"106":{"start":{"line":305,"column":2},"end":{"line":305,"column":12}},"107":{"start":{"line":284,"column":26},"end":{"line":284,"column":79}},"108":{"start":{"line":284,"column":50},"end":{"line":284,"column":79}},"109":{"start":{"line":307,"column":2},"end":{"line":307,"column":19}}},"fnMap":{"0":{"name":"(anonymous_0)","decl":{"start":{"line":10,"column":19},"end":{"line":10,"column":20}},"loc":{"start":{"line":10,"column":51},"end":{"line":15,"column":1}}},"1":{"name":"(anonymous_1)","decl":{"start":{"line":17,"column":14},"end":{"line":17,"column":15}},"loc":{"start":{"line":17,"column":49},"end":{"line":24,"column":1}}},"2":{"name":"(anonymous_2)","decl":{"start":{"line":36,"column":27},"end":{"line":36,"column":28}},"loc":{"start":{"line":36,"column":65},"end":{"line":44,"column":1}}},"3":{"name":"(anonymous_3)","decl":{"start":{"line":51,"column":17},"end":{"line":51,"column":18}},"loc":{"start":{"line":52,"column":2},"end":{"line":52,"column":47}}},"4":{"name":"(anonymous_4)","decl":{"start":{"line":61,"column":16},"end":{"line":61,"column":17}},"loc":{"start":{"line":62,"column":2},"end":{"line":62,"column":43}}},"5":{"name":"(anonymous_5)","decl":{"start":{"line":70,"column":13},"end":{"line":70,"column":null}},"loc":{"start":{"line":73,"column":29},"end":{"line":88,"column":1}}},"6":{"name":"(anonymous_6)","decl":{"start":{"line":99,"column":14},"end":{"line":99,"column":27}},"loc":{"start":{"line":100,"column":2},"end":{"line":100,"column":32}}},"7":{"name":"(anonymous_7)","decl":{"start":{"line":101,"column":17},"end":{"line":101,"column":18}},"loc":{"start":{"line":102,"column":2},"end":{"line":102,"column":64}}},"8":{"name":"isArray","decl":{"start":{"line":104,"column":9},"end":{"line":104,"column":16}},"loc":{"start":{"line":104,"column":31},"end":{"line":106,"column":1}}},"9":{"name":"(anonymous_9)","decl":{"start":{"line":113,"column":19},"end":{"line":113,"column":20}},"loc":{"start":{"line":114,"column":2},"end":{"line":114,"column":78}}},"10":{"name":"(anonymous_10)","decl":{"start":{"line":116,"column":17},"end":{"line":116,"column":18}},"loc":{"start":{"line":116,"column":46},"end":{"line":116,"column":67}}},"11":{"name":"(anonymous_11)","decl":{"start":{"line":118,"column":27},"end":{"line":118,"column":28}},"loc":{"start":{"line":118,"column":51},"end":{"line":121,"column":1}}},"12":{"name":"(anonymous_12)","decl":{"start":{"line":129,"column":15},"end":{"line":129,"column":18}},"loc":{"start":{"line":129,"column":21},"end":{"line":129,"column":52}}},"13":{"name":"(anonymous_13)","decl":{"start":{"line":136,"column":18},"end":{"line":136,"column":21}},"loc":{"start":{"line":136,"column":24},"end":{"line":136,"column":55}}},"14":{"name":"(anonymous_14)","decl":{"start":{"line":144,"column":22},"end":{"line":144,"column":23}},"loc":{"start":{"line":144,"column":55},"end":{"line":151,"column":1}}},"15":{"name":"(anonymous_15)","decl":{"start":{"line":148,"column":6},"end":{"line":148,"column":7}},"loc":{"start":{"line":148,"column":41},"end":{"line":148,"column":78}}},"16":{"name":"(anonymous_16)","decl":{"start":{"line":158,"column":16},"end":{"line":158,"column":17}},"loc":{"start":{"line":159,"column":2},"end":{"line":159,"column":64}}},"17":{"name":"(anonymous_17)","decl":{"start":{"line":159,"column":27},"end":{"line":159,"column":28}},"loc":{"start":{"line":159,"column":34},"end":{"line":159,"column":63}}},"18":{"name":"(anonymous_18)","decl":{"start":{"line":166,"column":29},"end":{"line":166,"column":30}},"loc":{"start":{"line":166,"column":62},"end":{"line":170,"column":1}}},"19":{"name":"(anonymous_19)","decl":{"start":{"line":168,"column":30},"end":{"line":168,"column":31}},"loc":{"start":{"line":168,"column":37},"end":{"line":168,"column":66}}},"20":{"name":"(anonymous_20)","decl":{"start":{"line":177,"column":40},"end":{"line":177,"column":null}},"loc":{"start":{"line":179,"column":13},"end":{"line":183,"column":1}}},"21":{"name":"(anonymous_21)","decl":{"start":{"line":181,"column":30},"end":{"line":181,"column":31}},"loc":{"start":{"line":181,"column":37},"end":{"line":181,"column":66}}},"22":{"name":"(anonymous_22)","decl":{"start":{"line":191,"column":25},"end":{"line":191,"column":null}},"loc":{"start":{"line":194,"column":4},"end":{"line":208,"column":1}}},"23":{"name":"(anonymous_23)","decl":{"start":{"line":206,"column":21},"end":{"line":206,"column":22}},"loc":{"start":{"line":206,"column":37},"end":{"line":206,"column":58}}},"24":{"name":"(anonymous_24)","decl":{"start":{"line":217,"column":16},"end":{"line":217,"column":30}},"loc":{"start":{"line":217,"column":60},"end":{"line":229,"column":1}}},"25":{"name":"(anonymous_25)","decl":{"start":{"line":259,"column":22},"end":{"line":259,"column":23}},"loc":{"start":{"line":262,"column":47},"end":{"line":270,"column":1}}},"26":{"name":"(anonymous_26)","decl":{"start":{"line":272,"column":19},"end":{"line":272,"column":20}},"loc":{"start":{"line":272,"column":49},"end":{"line":282,"column":1}}},"27":{"name":"(anonymous_27)","decl":{"start":{"line":284,"column":26},"end":{"line":284,"column":27}},"loc":{"start":{"line":284,"column":50},"end":{"line":284,"column":79}}}},"branchMap":{"0":{"loc":{"start":{"line":11,"column":9},"end":{"line":14,"column":22}},"type":"cond-expr","locations":[{"start":{"line":13,"column":7},"end":{"line":13,"column":42}},{"start":{"line":14,"column":6},"end":{"line":14,"column":22}}]},"1":{"loc":{"start":{"line":39,"column":2},"end":{"line":41,"column":null}},"type":"if","locations":[{"start":{"line":39,"column":2},"end":{"line":41,"column":null}}]},"2":{"loc":{"start":{"line":43,"column":9},"end":{"line":43,"column":40}},"type":"cond-expr","locations":[{"start":{"line":43,"column":25},"end":{"line":43,"column":31}},{"start":{"line":43,"column":34},"end":{"line":43,"column":40}}]},"3":{"loc":{"start":{"line":52,"column":2},"end":{"line":52,"column":47}},"type":"binary-expr","locations":[{"start":{"line":52,"column":2},"end":{"line":52,"column":25}},{"start":{"line":52,"column":29},"end":{"line":52,"column":47}}]},"4":{"loc":{"start":{"line":62,"column":2},"end":{"line":62,"column":43}},"type":"binary-expr","locations":[{"start":{"line":62,"column":2},"end":{"line":62,"column":15}},{"start":{"line":62,"column":19},"end":{"line":62,"column":29}},{"start":{"line":62,"column":33},"end":{"line":62,"column":43}}]},"5":{"loc":{"start":{"line":74,"column":2},"end":{"line":76,"column":null}},"type":"if","locations":[{"start":{"line":74,"column":2},"end":{"line":76,"column":null}}]},"6":{"loc":{"start":{"line":74,"column":6},"end":{"line":74,"column":37}},"type":"binary-expr","locations":[{"start":{"line":74,"column":6},"end":{"line":74,"column":18}},{"start":{"line":74,"column":22},"end":{"line":74,"column":37}}]},"7":{"loc":{"start":{"line":82,"column":4},"end":{"line":84,"column":null}},"type":"if","locations":[{"start":{"line":82,"column":4},"end":{"line":84,"column":null}}]},"8":{"loc":{"start":{"line":102,"column":2},"end":{"line":102,"column":64}},"type":"binary-expr","locations":[{"start":{"line":102,"column":2},"end":{"line":102,"column":25}},{"start":{"line":102,"column":29},"end":{"line":102,"column":48}},{"start":{"line":102,"column":52},"end":{"line":102,"column":64}}]},"9":{"loc":{"start":{"line":114,"column":2},"end":{"line":114,"column":78}},"type":"binary-expr","locations":[{"start":{"line":114,"column":2},"end":{"line":114,"column":15}},{"start":{"line":114,"column":19},"end":{"line":114,"column":48}},{"start":{"line":114,"column":52},"end":{"line":114,"column":78}}]},"10":{"loc":{"start":{"line":148,"column":41},"end":{"line":148,"column":78}},"type":"binary-expr","locations":[{"start":{"line":148,"column":41},"end":{"line":148,"column":55}},{"start":{"line":148,"column":59},"end":{"line":148,"column":78}}]},"11":{"loc":{"start":{"line":159,"column":34},"end":{"line":159,"column":63}},"type":"binary-expr","locations":[{"start":{"line":159,"column":34},"end":{"line":159,"column":44}},{"start":{"line":159,"column":48},"end":{"line":159,"column":63}}]},"12":{"loc":{"start":{"line":168,"column":37},"end":{"line":168,"column":66}},"type":"binary-expr","locations":[{"start":{"line":168,"column":37},"end":{"line":168,"column":47}},{"start":{"line":168,"column":51},"end":{"line":168,"column":66}}]},"13":{"loc":{"start":{"line":181,"column":37},"end":{"line":181,"column":66}},"type":"binary-expr","locations":[{"start":{"line":181,"column":37},"end":{"line":181,"column":47}},{"start":{"line":181,"column":51},"end":{"line":181,"column":66}}]},"14":{"loc":{"start":{"line":219,"column":2},"end":{"line":222,"column":null}},"type":"if","locations":[{"start":{"line":219,"column":2},"end":{"line":222,"column":null}}]},"15":{"loc":{"start":{"line":263,"column":2},"end":{"line":267,"column":null}},"type":"if","locations":[{"start":{"line":263,"column":2},"end":{"line":267,"column":null}}]},"16":{"loc":{"start":{"line":264,"column":11},"end":{"line":266,"column":37}},"type":"cond-expr","locations":[{"start":{"line":265,"column":8},"end":{"line":265,"column":35}},{"start":{"line":266,"column":8},"end":{"line":266,"column":37}}]},"17":{"loc":{"start":{"line":273,"column":2},"end":{"line":275,"column":null}},"type":"if","locations":[{"start":{"line":273,"column":2},"end":{"line":275,"column":null}}]},"18":{"loc":{"start":{"line":277,"column":2},"end":{"line":279,"column":null}},"type":"if","locations":[{"start":{"line":277,"column":2},"end":{"line":279,"column":null}}]}},"s":{"0":71,"1":71,"2":40,"3":71,"4":40,"5":40,"6":71,"7":71,"8":32,"9":32,"10":4,"11":32,"12":71,"13":71,"14":128,"15":71,"16":71,"17":70,"18":71,"19":71,"20":5,"21":2,"22":3,"23":3,"24":3,"25":4,"26":3,"27":3,"28":71,"29":71,"30":22,"31":71,"32":71,"33":31,"34":71,"35":8,"36":71,"37":71,"38":31,"39":71,"40":71,"41":9,"42":71,"43":71,"44":14,"45":14,"46":71,"47":71,"48":28,"49":71,"50":71,"51":19,"52":71,"53":71,"54":24,"55":116,"56":71,"57":71,"58":79,"59":255,"60":71,"61":71,"62":44,"63":206,"64":71,"65":71,"66":21,"67":93,"68":71,"69":71,"70":22,"71":22,"72":110,"73":110,"74":110,"75":22,"76":22,"77":22,"78":33,"79":22,"80":71,"81":71,"82":21,"83":21,"84":1,"85":1,"86":20,"87":20,"88":25,"89":20,"90":71,"91":71,"92":71,"93":71,"94":71,"95":71,"96":44,"97":4,"98":40,"99":71,"100":71,"101":41,"102":38,"103":3,"104":3,"105":0,"106":71,"107":71,"108":1,"109":71},"f":{"0":40,"1":40,"2":32,"3":128,"4":70,"5":5,"6":22,"7":31,"8":8,"9":31,"10":9,"11":14,"12":28,"13":19,"14":24,"15":116,"16":79,"17":255,"18":44,"19":206,"20":21,"21":93,"22":22,"23":33,"24":21,"25":44,"26":41,"27":1},"b":{"0":[0,40],"1":[4],"2":[10,22],"3":[128,120],"4":[70,70,68],"5":[2],"6":[5,4],"7":[3],"8":[31,26,25],"9":[31,24,3],"10":[116,78],"11":[255,125],"12":[206,163],"13":[93,57],"14":[1],"15":[4],"16":[3,1],"17":[38],"18":[3]}}
,"/Users/Vamsi/random-hacks/my-react-app/src/components/CloseButton.tsx": {"path":"/Users/Vamsi/random-hacks/my-react-app/src/components/CloseButton.tsx","statementMap":{"0":{"start":{"line":2,"column":0},"end":{"line":2,"column":37}},"1":{"start":{"line":3,"column":0},"end":{"line":3,"column":42}},"2":{"start":{"line":6,"column":14},"end":{"line":46,"column":1}},"3":{"start":{"line":7,"column":23},"end":{"line":12,"column":4}},"4":{"start":{"line":14,"column":2},"end":{"line":45,"column":4}},"5":{"start":{"line":48,"column":18},"end":{"line":61,"column":1}},"6":{"start":{"line":49,"column":2},"end":{"line":60,"column":9}},"7":{"start":{"line":63,"column":18},"end":{"line":69,"column":8}},"8":{"start":{"line":64,"column":2},"end":{"line":69,"column":8}},"9":{"start":{"line":74,"column":27},"end":{"line":94,"column":1}},"10":{"start":{"line":80,"column":18},"end":{"line":80,"column":68}},"11":{"start":{"line":81,"column":13},"end":{"line":85,"column":39}},"12":{"start":{"line":86,"column":2},"end":{"line":93,"column":4}},"13":{"start":{"line":74,"column":13},"end":{"line":74,"column":27}}},"fnMap":{"0":{"name":"(anonymous_0)","decl":{"start":{"line":6,"column":14},"end":{"line":6,"column":17}},"loc":{"start":{"line":6,"column":19},"end":{"line":46,"column":1}}},"1":{"name":"(anonymous_1)","decl":{"start":{"line":48,"column":18},"end":{"line":48,"column":19}},"loc":{"start":{"line":48,"column":62},"end":{"line":61,"column":1}}},"2":{"name":"(anonymous_2)","decl":{"start":{"line":63,"column":18},"end":{"line":63,"column":19}},"loc":{"start":{"line":64,"column":2},"end":{"line":69,"column":8}}},"3":{"name":"(anonymous_3)","decl":{"start":{"line":74,"column":27},"end":{"line":74,"column":28}},"loc":{"start":{"line":79,"column":23},"end":{"line":94,"column":1}}}},"branchMap":{"0":{"loc":{"start":{"line":49,"column":9},"end":{"line":60,"column":8}},"type":"cond-expr","locations":[{"start":{"line":50,"column":6},"end":{"line":59,"column":null}},{"start":{"line":60,"column":6},"end":{"line":60,"column":8}}]},"1":{"loc":{"start":{"line":64,"column":2},"end":{"line":69,"column":8}},"type":"cond-expr","locations":[{"start":{"line":65,"column":6},"end":{"line":68,"column":null}},{"start":{"line":69,"column":6},"end":{"line":69,"column":8}}]},"2":{"loc":{"start":{"line":75,"column":2},"end":{"line":75,"column":15}},"type":"default-arg","locations":[{"start":{"line":75,"column":10},"end":{"line":75,"column":15}}]},"3":{"loc":{"start":{"line":76,"column":2},"end":{"line":76,"column":15}},"type":"default-arg","locations":[{"start":{"line":76,"column":10},"end":{"line":76,"column":15}}]},"4":{"loc":{"start":{"line":77,"column":2},"end":{"line":77,"column":16}},"type":"default-arg","locations":[{"start":{"line":77,"column":14},"end":{"line":77,"column":16}}]}},"s":{"0":3,"1":3,"2":3,"3":29,"4":29,"5":3,"6":29,"7":3,"8":29,"9":3,"10":29,"11":29,"12":29,"13":3},"f":{"0":29,"1":29,"2":29,"3":29},"b":{"0":[22,7],"1":[2,27],"2":[7],"3":[27],"4":[27]}}
,"/Users/Vamsi/random-hacks/my-react-app/src/components/Portal.tsx": {"path":"/Users/Vamsi/random-hacks/my-react-app/src/components/Portal.tsx","statementMap":{"0":{"start":{"line":1,"column":0},"end":{"line":1,"column":41}},"1":{"start":{"line":2,"column":0},"end":{"line":2,"column":63}},"2":{"start":{"line":10,"column":22},"end":{"line":18,"column":1}},"3":{"start":{"line":11,"column":25},"end":{"line":11,"column":61}},"4":{"start":{"line":13,"column":2},"end":{"line":15,"column":null}},"5":{"start":{"line":14,"column":4},"end":{"line":14,"column":16}},"6":{"start":{"line":17,"column":2},"end":{"line":17,"column":48}},"7":{"start":{"line":10,"column":13},"end":{"line":10,"column":22}}},"fnMap":{"0":{"name":"(anonymous_0)","decl":{"start":{"line":10,"column":22},"end":{"line":10,"column":23}},"loc":{"start":{"line":10,"column":77},"end":{"line":18,"column":1}}}},"branchMap":{"0":{"loc":{"start":{"line":10,"column":46},"end":{"line":10,"column":58}},"type":"default-arg","locations":[{"start":{"line":10,"column":54},"end":{"line":10,"column":58}}]},"1":{"loc":{"start":{"line":13,"column":2},"end":{"line":15,"column":null}},"type":"if","locations":[{"start":{"line":13,"column":2},"end":{"line":15,"column":null}}]}},"s":{"0":16,"1":16,"2":16,"3":4,"4":4,"5":2,"6":2,"7":16},"f":{"0":4},"b":{"0":[4],"1":[2]}}
,"/Users/Vamsi/random-hacks/my-react-app/src/components/Accordion/Accordion.tsx": {"path":"/Users/Vamsi/random-hacks/my-react-app/src/components/Accordion/Accordion.tsx","statementMap":{"0":{"start":{"line":1,"column":0},"end":{"line":1,"column":33}},"1":{"start":{"line":3,"column":0},"end":{"line":3,"column":77}},"2":{"start":{"line":7,"column":25},"end":{"line":27,"column":1}},"3":{"start":{"line":12,"column":36},"end":{"line":12,"column":48}},"4":{"start":{"line":14,"column":39},"end":{"line":18,"column":4}},"5":{"start":{"line":20,"column":2},"end":{"line":26,"column":4}},"6":{"start":{"line":7,"column":13},"end":{"line":7,"column":25}}},"fnMap":{"0":{"name":"(anonymous_0)","decl":{"start":{"line":7,"column":25},"end":{"line":7,"column":26}},"loc":{"start":{"line":11,"column":21},"end":{"line":27,"column":1}}}},"branchMap":{"0":{"loc":{"start":{"line":9,"column":2},"end":{"line":9,"column":15}},"type":"default-arg","locations":[{"start":{"line":9,"column":10},"end":{"line":9,"column":15}}]}},"s":{"0":1,"1":1,"2":1,"3":4,"4":4,"5":4,"6":1},"f":{"0":4},"b":{"0":[2]}}
,"/Users/Vamsi/random-hacks/my-react-app/src/components/Accordion/AccordionContext.tsx": {"path":"/Users/Vamsi/random-hacks/my-react-app/src/components/Accordion/AccordionContext.tsx","statementMap":{"0":{"start":{"line":1,"column":0},"end":{"line":1,"column":74}},"1":{"start":{"line":11,"column":13},"end":{"line":11,"column":80}}},"fnMap":{},"branchMap":{},"s":{"0":2,"1":2},"f":{},"b":{}}
,"/Users/Vamsi/random-hacks/my-react-app/src/components/Accordion/AccordionPanel.tsx": {"path":"/Users/Vamsi/random-hacks/my-react-app/src/components/Accordion/AccordionPanel.tsx","statementMap":{"0":{"start":{"line":2,"column":0},"end":{"line":2,"column":37}},"1":{"start":{"line":4,"column":0},"end":{"line":4,"column":null}},"2":{"start":{"line":8,"column":0},"end":{"line":8,"column":64}},"3":{"start":{"line":9,"column":0},"end":{"line":9,"column":54}},"4":{"start":{"line":10,"column":0},"end":{"line":10,"column":40}},"5":{"start":{"line":19,"column":13},"end":{"line":24,"column":2}},"6":{"start":{"line":19,"column":20},"end":{"line":24,"column":2}},"7":{"start":{"line":26,"column":18},"end":{"line":33,"column":8}},"8":{"start":{"line":27,"column":2},"end":{"line":33,"column":8}},"9":{"start":{"line":35,"column":17},"end":{"line":41,"column":8}},"10":{"start":{"line":36,"column":2},"end":{"line":41,"column":8}},"11":{"start":{"line":43,"column":18},"end":{"line":67,"column":1}},"12":{"start":{"line":48,"column":2},"end":{"line":50,"column":null}},"13":{"start":{"line":49,"column":4},"end":{"line":49,"column":14}},"14":{"start":{"line":52,"column":31},"end":{"line":56,"column":4}},"15":{"start":{"line":58,"column":2},"end":{"line":60,"column":null}},"16":{"start":{"line":59,"column":4},"end":{"line":59,"column":24}},"17":{"start":{"line":62,"column":2},"end":{"line":64,"column":null}},"18":{"start":{"line":63,"column":4},"end":{"line":63,"column":27}},"19":{"start":{"line":66,"column":2},"end":{"line":66,"column":15}},"20":{"start":{"line":69,"column":30},"end":{"line":125,"column":1}},"21":{"start":{"line":76,"column":19},"end":{"line":76,"column":32}},"22":{"start":{"line":77,"column":14},"end":{"line":77,"column":30}},"23":{"start":{"line":83,"column":6},"end":{"line":83,"column":35}},"24":{"start":{"line":85,"column":18},"end":{"line":89,"column":4}},"25":{"start":{"line":91,"column":13},"end":{"line":96,"column":34}},"26":{"start":{"line":98,"column":28},"end":{"line":98,"column":63}},"27":{"start":{"line":100,"column":2},"end":{"line":104,"column":29}},"28":{"start":{"line":101,"column":4},"end":{"line":103,"column":null}},"29":{"start":{"line":102,"column":6},"end":{"line":102,"column":32}},"30":{"start":{"line":106,"column":2},"end":{"line":108,"column":18}},"31":{"start":{"line":107,"column":4},"end":{"line":107,"column":39}},"32":{"start":{"line":110,"column":44},"end":{"line":116,"column":4}},"33":{"start":{"line":111,"column":18},"end":{"line":111,"column":36}},"34":{"start":{"line":111,"column":33},"end":{"line":111,"column":35}},"35":{"start":{"line":118,"column":2},"end":{"line":124,"column":4}},"36":{"start":{"line":69,"column":13},"end":{"line":69,"column":30}}},"fnMap":{"0":{"name":"(anonymous_0)","decl":{"start":{"line":19,"column":13},"end":{"line":19,"column":16}},"loc":{"start":{"line":19,"column":20},"end":{"line":24,"column":2}}},"1":{"name":"(anonymous_1)","decl":{"start":{"line":26,"column":18},"end":{"line":26,"column":19}},"loc":{"start":{"line":27,"column":2},"end":{"line":33,"column":8}}},"2":{"name":"(anonymous_2)","decl":{"start":{"line":35,"column":17},"end":{"line":35,"column":18}},"loc":{"start":{"line":36,"column":2},"end":{"line":41,"column":8}}},"3":{"name":"(anonymous_3)","decl":{"start":{"line":43,"column":18},"end":{"line":43,"column":19}},"loc":{"start":{"line":47,"column":59},"end":{"line":67,"column":1}}},"4":{"name":"(anonymous_4)","decl":{"start":{"line":69,"column":30},"end":{"line":69,"column":31}},"loc":{"start":{"line":75,"column":26},"end":{"line":125,"column":1}}},"5":{"name":"(anonymous_5)","decl":{"start":{"line":100,"column":12},"end":{"line":100,"column":15}},"loc":{"start":{"line":100,"column":17},"end":{"line":104,"column":3}}},"6":{"name":"(anonymous_6)","decl":{"start":{"line":106,"column":12},"end":{"line":106,"column":15}},"loc":{"start":{"line":106,"column":17},"end":{"line":108,"column":3}}},"7":{"name":"(anonymous_7)","decl":{"start":{"line":111,"column":12},"end":{"line":111,"column":15}},"loc":{"start":{"line":111,"column":18},"end":{"line":111,"column":36}}},"8":{"name":"(anonymous_8)","decl":{"start":{"line":111,"column":26},"end":{"line":111,"column":27}},"loc":{"start":{"line":111,"column":33},"end":{"line":111,"column":35}}}},"branchMap":{"0":{"loc":{"start":{"line":27,"column":2},"end":{"line":33,"column":8}},"type":"cond-expr","locations":[{"start":{"line":28,"column":6},"end":{"line":32,"column":null}},{"start":{"line":33,"column":6},"end":{"line":33,"column":8}}]},"1":{"loc":{"start":{"line":36,"column":2},"end":{"line":41,"column":8}},"type":"cond-expr","locations":[{"start":{"line":37,"column":6},"end":{"line":40,"column":null}},{"start":{"line":41,"column":6},"end":{"line":41,"column":8}}]},"2":{"loc":{"start":{"line":48,"column":2},"end":{"line":50,"column":null}},"type":"if","locations":[{"start":{"line":48,"column":2},"end":{"line":50,"column":null}}]},"3":{"loc":{"start":{"line":58,"column":2},"end":{"line":60,"column":null}},"type":"if","locations":[{"start":{"line":58,"column":2},"end":{"line":60,"column":null}}]},"4":{"loc":{"start":{"line":62,"column":2},"end":{"line":64,"column":null}},"type":"if","locations":[{"start":{"line":62,"column":2},"end":{"line":64,"column":null}}]},"5":{"loc":{"start":{"line":70,"column":2},"end":{"line":70,"column":16}},"type":"default-arg","locations":[{"start":{"line":70,"column":14},"end":{"line":70,"column":16}}]},"6":{"loc":{"start":{"line":71,"column":2},"end":{"line":71,"column":15}},"type":"default-arg","locations":[{"start":{"line":71,"column":10},"end":{"line":71,"column":15}}]},"7":{"loc":{"start":{"line":72,"column":2},"end":{"line":72,"column":14}},"type":"default-arg","locations":[{"start":{"line":72,"column":9},"end":{"line":72,"column":14}}]},"8":{"loc":{"start":{"line":80,"column":4},"end":{"line":80,"column":17}},"type":"default-arg","locations":[{"start":{"line":80,"column":12},"end":{"line":80,"column":17}}]},"9":{"loc":{"start":{"line":101,"column":4},"end":{"line":103,"column":null}},"type":"if","locations":[{"start":{"line":101,"column":4},"end":{"line":103,"column":null}}]}},"s":{"0":2,"1":2,"2":2,"3":2,"4":2,"5":2,"6":40,"7":2,"8":40,"9":2,"10":40,"11":2,"12":40,"13":18,"14":22,"15":22,"16":4,"17":22,"18":4,"19":22,"20":2,"21":40,"22":40,"23":40,"24":40,"25":40,"26":40,"27":40,"28":21,"29":4,"30":40,"31":19,"32":40,"33":2,"34":2,"35":40,"36":2},"f":{"0":40,"1":40,"2":40,"3":40,"4":40,"5":21,"6":19,"7":2,"8":2},"b":{"0":[8,32],"1":[8,32],"2":[18],"3":[4],"4":[4],"5":[38],"6":[12],"7":[12],"8":[0],"9":[4]}}
,"/Users/Vamsi/random-hacks/my-react-app/src/components/Accordion/AccordionPanelContent.tsx": {"path":"/Users/Vamsi/random-hacks/my-react-app/src/components/Accordion/AccordionPanelContent.tsx","statementMap":{"0":{"start":{"line":1,"column":0},"end":{"line":1,"column":37}},"1":{"start":{"line":3,"column":0},"end":{"line":3,"column":35}},"2":{"start":{"line":4,"column":0},"end":{"line":4,"column":64}},"3":{"start":{"line":7,"column":13},"end":{"line":23,"column":1}},"4":{"start":{"line":8,"column":31},"end":{"line":11,"column":4}},"5":{"start":{"line":13,"column":2},"end":{"line":15,"column":null}},"6":{"start":{"line":14,"column":4},"end":{"line":14,"column":26}},"7":{"start":{"line":17,"column":2},"end":{"line":20,"column":null}},"8":{"start":{"line":18,"column":4},"end":{"line":18,"column":47}},"9":{"start":{"line":19,"column":4},"end":{"line":19,"column":46}},"10":{"start":{"line":22,"column":2},"end":{"line":22,"column":15}},"11":{"start":{"line":25,"column":37},"end":{"line":47,"column":1}},"12":{"start":{"line":34,"column":6},"end":{"line":34,"column":40}},"13":{"start":{"line":35,"column":18},"end":{"line":35,"column":50}},"14":{"start":{"line":36,"column":13},"end":{"line":36,"column":55}},"15":{"start":{"line":37,"column":2},"end":{"line":46,"column":4}},"16":{"start":{"line":25,"column":13},"end":{"line":25,"column":37}}},"fnMap":{"0":{"name":"(anonymous_0)","decl":{"start":{"line":7,"column":13},"end":{"line":7,"column":14}},"loc":{"start":{"line":7,"column":65},"end":{"line":23,"column":1}}},"1":{"name":"(anonymous_1)","decl":{"start":{"line":25,"column":37},"end":{"line":25,"column":38}},"loc":{"start":{"line":29,"column":15},"end":{"line":47,"column":1}}}},"branchMap":{"0":{"loc":{"start":{"line":7,"column":16},"end":{"line":7,"column":29}},"type":"default-arg","locations":[{"start":{"line":7,"column":24},"end":{"line":7,"column":29}}]},"1":{"loc":{"start":{"line":7,"column":31},"end":{"line":7,"column":43}},"type":"default-arg","locations":[{"start":{"line":7,"column":38},"end":{"line":7,"column":43}}]},"2":{"loc":{"start":{"line":7,"column":45},"end":{"line":7,"column":59}},"type":"default-arg","locations":[{"start":{"line":7,"column":54},"end":{"line":7,"column":59}}]},"3":{"loc":{"start":{"line":10,"column":12},"end":{"line":10,"column":31}},"type":"cond-expr","locations":[{"start":{"line":10,"column":21},"end":{"line":10,"column":27}},{"start":{"line":10,"column":30},"end":{"line":10,"column":31}}]},"4":{"loc":{"start":{"line":13,"column":2},"end":{"line":15,"column":null}},"type":"if","locations":[{"start":{"line":13,"column":2},"end":{"line":15,"column":null}}]},"5":{"loc":{"start":{"line":17,"column":2},"end":{"line":20,"column":null}},"type":"if","locations":[{"start":{"line":17,"column":2},"end":{"line":20,"column":null}}]},"6":{"loc":{"start":{"line":26,"column":2},"end":{"line":26,"column":16}},"type":"default-arg","locations":[{"start":{"line":26,"column":14},"end":{"line":26,"column":16}}]},"7":{"loc":{"start":{"line":31,"column":4},"end":{"line":31,"column":18}},"type":"default-arg","locations":[{"start":{"line":31,"column":13},"end":{"line":31,"column":18}}]},"8":{"loc":{"start":{"line":32,"column":4},"end":{"line":32,"column":17}},"type":"default-arg","locations":[{"start":{"line":32,"column":12},"end":{"line":32,"column":17}}]},"9":{"loc":{"start":{"line":33,"column":4},"end":{"line":33,"column":16}},"type":"default-arg","locations":[{"start":{"line":33,"column":11},"end":{"line":33,"column":16}}]}},"s":{"0":3,"1":3,"2":3,"3":3,"4":48,"5":48,"6":22,"7":48,"8":8,"9":8,"10":48,"11":3,"12":48,"13":48,"14":48,"15":48,"16":3},"f":{"0":48,"1":48},"b":{"0":[0],"1":[0],"2":[0],"3":[12,36],"4":[22],"5":[8],"6":[48],"7":[2],"8":[2],"9":[2]}}
,"/Users/Vamsi/random-hacks/my-react-app/src/components/Accordion/AccordionPanelContext.ts": {"path":"/Users/Vamsi/random-hacks/my-react-app/src/components/Accordion/AccordionPanelContext.ts","statementMap":{"0":{"start":{"line":1,"column":0},"end":{"line":1,"column":38}},"1":{"start":{"line":10,"column":13},"end":{"line":12,"column":13}}},"fnMap":{},"branchMap":{},"s":{"0":4,"1":4},"f":{},"b":{}}
,"/Users/Vamsi/random-hacks/my-react-app/src/components/Accordion/AccordionPanelHeader.tsx": {"path":"/Users/Vamsi/random-hacks/my-react-app/src/components/Accordion/AccordionPanelHeader.tsx","statementMap":{"0":{"start":{"line":1,"column":0},"end":{"line":1,"column":35}},"1":{"start":{"line":2,"column":0},"end":{"line":2,"column":37}},"2":{"start":{"line":3,"column":0},"end":{"line":3,"column":60}},"3":{"start":{"line":4,"column":0},"end":{"line":4,"column":64}},"4":{"start":{"line":5,"column":0},"end":{"line":5,"column":46}},"5":{"start":{"line":6,"column":0},"end":{"line":6,"column":42}},"6":{"start":{"line":9,"column":36},"end":{"line":33,"column":1}},"7":{"start":{"line":13,"column":18},"end":{"line":13,"column":27}},"8":{"start":{"line":14,"column":42},"end":{"line":14,"column":76}},"9":{"start":{"line":15,"column":13},"end":{"line":18,"column":36}},"10":{"start":{"line":20,"column":2},"end":{"line":32,"column":4}},"11":{"start":{"line":9,"column":13},"end":{"line":9,"column":36}}},"fnMap":{"0":{"name":"(anonymous_0)","decl":{"start":{"line":9,"column":36},"end":{"line":9,"column":37}},"loc":{"start":{"line":12,"column":30},"end":{"line":33,"column":1}}}},"branchMap":{"0":{"loc":{"start":{"line":10,"column":2},"end":{"line":10,"column":16}},"type":"default-arg","locations":[{"start":{"line":10,"column":14},"end":{"line":10,"column":16}}]}},"s":{"0":3,"1":3,"2":3,"3":3,"4":3,"5":3,"6":3,"7":38,"8":38,"9":38,"10":38,"11":3},"f":{"0":38},"b":{"0":[38]}}
,"/Users/Vamsi/random-hacks/my-react-app/src/components/Accordion/ToggleButton.tsx": {"path":"/Users/Vamsi/random-hacks/my-react-app/src/components/Accordion/ToggleButton.tsx","statementMap":{"0":{"start":{"line":1,"column":0},"end":{"line":1,"column":37}},"1":{"start":{"line":3,"column":0},"end":{"line":3,"column":53}},"2":{"start":{"line":5,"column":13},"end":{"line":52,"column":1}},"3":{"start":{"line":6,"column":24},"end":{"line":33,"column":4}},"4":{"start":{"line":35,"column":2},"end":{"line":39,"column":null}},"5":{"start":{"line":36,"column":4},"end":{"line":36,"column":28}},"6":{"start":{"line":37,"column":4},"end":{"line":37,"column":38}},"7":{"start":{"line":38,"column":4},"end":{"line":38,"column":58}},"8":{"start":{"line":41,"column":2},"end":{"line":44,"column":null}},"9":{"start":{"line":42,"column":4},"end":{"line":42,"column":55}},"10":{"start":{"line":43,"column":4},"end":{"line":43,"column":56}},"11":{"start":{"line":46,"column":2},"end":{"line":49,"column":null}},"12":{"start":{"line":47,"column":4},"end":{"line":47,"column":59}},"13":{"start":{"line":48,"column":4},"end":{"line":48,"column":58}},"14":{"start":{"line":51,"column":2},"end":{"line":51,"column":15}},"15":{"start":{"line":60,"column":28},"end":{"line":79,"column":1}},"16":{"start":{"line":67,"column":18},"end":{"line":67,"column":50}},"17":{"start":{"line":68,"column":13},"end":{"line":68,"column":51}},"18":{"start":{"line":69,"column":2},"end":{"line":78,"column":4}},"19":{"start":{"line":60,"column":13},"end":{"line":60,"column":28}}},"fnMap":{"0":{"name":"(anonymous_0)","decl":{"start":{"line":5,"column":13},"end":{"line":5,"column":14}},"loc":{"start":{"line":5,"column":65},"end":{"line":52,"column":1}}},"1":{"name":"(anonymous_1)","decl":{"start":{"line":60,"column":28},"end":{"line":60,"column":29}},"loc":{"start":{"line":66,"column":24},"end":{"line":79,"column":1}}}},"branchMap":{"0":{"loc":{"start":{"line":5,"column":16},"end":{"line":5,"column":30}},"type":"default-arg","locations":[{"start":{"line":5,"column":25},"end":{"line":5,"column":30}}]},"1":{"loc":{"start":{"line":5,"column":32},"end":{"line":5,"column":45}},"type":"default-arg","locations":[{"start":{"line":5,"column":40},"end":{"line":5,"column":45}}]},"2":{"loc":{"start":{"line":5,"column":47},"end":{"line":5,"column":59}},"type":"default-arg","locations":[{"start":{"line":5,"column":54},"end":{"line":5,"column":59}}]},"3":{"loc":{"start":{"line":35,"column":2},"end":{"line":39,"column":null}},"type":"if","locations":[{"start":{"line":35,"column":2},"end":{"line":39,"column":null}}]},"4":{"loc":{"start":{"line":41,"column":2},"end":{"line":44,"column":null}},"type":"if","locations":[{"start":{"line":41,"column":2},"end":{"line":44,"column":null}}]},"5":{"loc":{"start":{"line":46,"column":2},"end":{"line":49,"column":null}},"type":"if","locations":[{"start":{"line":46,"column":2},"end":{"line":49,"column":null}}]},"6":{"loc":{"start":{"line":46,"column":6},"end":{"line":46,"column":21}},"type":"binary-expr","locations":[{"start":{"line":46,"column":6},"end":{"line":46,"column":10}},{"start":{"line":46,"column":14},"end":{"line":46,"column":21}}]},"7":{"loc":{"start":{"line":61,"column":2},"end":{"line":61,"column":16}},"type":"default-arg","locations":[{"start":{"line":61,"column":11},"end":{"line":61,"column":16}}]},"8":{"loc":{"start":{"line":62,"column":2},"end":{"line":62,"column":15}},"type":"default-arg","locations":[{"start":{"line":62,"column":10},"end":{"line":62,"column":15}}]},"9":{"loc":{"start":{"line":63,"column":2},"end":{"line":63,"column":14}},"type":"default-arg","locations":[{"start":{"line":63,"column":9},"end":{"line":63,"column":14}}]}},"s":{"0":4,"1":4,"2":4,"3":48,"4":48,"5":10,"6":10,"7":10,"8":48,"9":10,"10":10,"11":48,"12":6,"13":6,"14":48,"15":4,"16":48,"17":48,"18":48,"19":4},"f":{"0":48,"1":48},"b":{"0":[0],"1":[0],"2":[0],"3":[10],"4":[10],"5":[6],"6":[48,8],"7":[6],"8":[8],"9":[6]}}
,"/Users/Vamsi/random-hacks/my-react-app/src/components/Accordion/ToggleIcon.tsx": {"path":"/Users/Vamsi/random-hacks/my-react-app/src/components/Accordion/ToggleIcon.tsx","statementMap":{"0":{"start":{"line":2,"column":0},"end":{"line":2,"column":37}},"1":{"start":{"line":4,"column":17},"end":{"line":24,"column":1}},"2":{"start":{"line":5,"column":24},"end":{"line":17,"column":4}},"3":{"start":{"line":19,"column":2},"end":{"line":21,"column":null}},"4":{"start":{"line":20,"column":4},"end":{"line":20,"column":40}},"5":{"start":{"line":23,"column":2},"end":{"line":23,"column":15}},"6":{"start":{"line":26,"column":26},"end":{"line":30,"column":1}},"7":{"start":{"line":27,"column":18},"end":{"line":27,"column":37}},"8":{"start":{"line":28,"column":13},"end":{"line":28,"column":53}},"9":{"start":{"line":29,"column":2},"end":{"line":29,"column":68}},"10":{"start":{"line":26,"column":13},"end":{"line":26,"column":26}}},"fnMap":{"0":{"name":"(anonymous_0)","decl":{"start":{"line":4,"column":17},"end":{"line":4,"column":18}},"loc":{"start":{"line":4,"column":40},"end":{"line":24,"column":1}}},"1":{"name":"(anonymous_1)","decl":{"start":{"line":26,"column":26},"end":{"line":26,"column":27}},"loc":{"start":{"line":26,"column":71},"end":{"line":30,"column":1}}}},"branchMap":{"0":{"loc":{"start":{"line":4,"column":20},"end":{"line":4,"column":34}},"type":"default-arg","locations":[{"start":{"line":4,"column":29},"end":{"line":4,"column":34}}]},"1":{"loc":{"start":{"line":19,"column":2},"end":{"line":21,"column":null}},"type":"if","locations":[{"start":{"line":19,"column":2},"end":{"line":21,"column":null}}]},"2":{"loc":{"start":{"line":26,"column":29},"end":{"line":26,"column":43}},"type":"default-arg","locations":[{"start":{"line":26,"column":38},"end":{"line":26,"column":43}}]}},"s":{"0":4,"1":4,"2":42,"3":42,"4":8,"5":42,"6":4,"7":42,"8":42,"9":42,"10":4},"f":{"0":42,"1":42},"b":{"0":[0],"1":[8],"2":[2]}}
,"/Users/Vamsi/random-hacks/my-react-app/src/components/Accordion/getPanelKey.ts": {"path":"/Users/Vamsi/random-hacks/my-react-app/src/components/Accordion/getPanelKey.ts","statementMap":{"0":{"start":{"line":1,"column":20},"end":{"line":1,"column":65}},"1":{"start":{"line":1,"column":26},"end":{"line":1,"column":65}},"2":{"start":{"line":3,"column":0},"end":{"line":3,"column":27}}},"fnMap":{"0":{"name":"(anonymous_0)","decl":{"start":{"line":1,"column":20},"end":{"line":1,"column":23}},"loc":{"start":{"line":1,"column":26},"end":{"line":1,"column":65}}}},"branchMap":{},"s":{"0":3,"1":1,"2":3},"f":{"0":1},"b":{}}
,"/Users/Vamsi/random-hacks/my-react-app/src/components/Alert/Alert.tsx": {"path":"/Users/Vamsi/random-hacks/my-react-app/src/components/Alert/Alert.tsx","statementMap":{"0":{"start":{"line":1,"column":0},"end":{"line":1,"column":37}},"1":{"start":{"line":2,"column":0},"end":{"line":2,"column":63}},"2":{"start":{"line":23,"column":47},"end":{"line":31,"column":2}},"3":{"start":{"line":33,"column":43},"end":{"line":41,"column":2}},"4":{"start":{"line":43,"column":37},"end":{"line":51,"column":2}},"5":{"start":{"line":53,"column":35},"end":{"line":58,"column":2}},"6":{"start":{"line":60,"column":14},"end":{"line":78,"column":1}},"7":{"start":{"line":61,"column":2},"end":{"line":77,"column":4}},"8":{"start":{"line":80,"column":21},"end":{"line":108,"column":1}},"9":{"start":{"line":89,"column":2},"end":{"line":91,"column":null}},"10":{"start":{"line":90,"column":4},"end":{"line":90,"column":16}},"11":{"start":{"line":93,"column":15},"end":{"line":93,"column":30}},"12":{"start":{"line":93,"column":21},"end":{"line":93,"column":30}},"13":{"start":{"line":94,"column":18},"end":{"line":94,"column":35}},"14":{"start":{"line":97,"column":18},"end":{"line":97,"column":57}},"15":{"start":{"line":98,"column":13},"end":{"line":98,"column":54}},"16":{"start":{"line":100,"column":2},"end":{"line":107,"column":4}},"17":{"start":{"line":80,"column":13},"end":{"line":80,"column":21}}},"fnMap":{"0":{"name":"(anonymous_0)","decl":{"start":{"line":60,"column":14},"end":{"line":60,"column":15}},"loc":{"start":{"line":60,"column":64},"end":{"line":78,"column":1}}},"1":{"name":"(anonymous_1)","decl":{"start":{"line":80,"column":21},"end":{"line":80,"column":22}},"loc":{"start":{"line":88,"column":17},"end":{"line":108,"column":1}}},"2":{"name":"(anonymous_2)","decl":{"start":{"line":93,"column":15},"end":{"line":93,"column":18}},"loc":{"start":{"line":93,"column":21},"end":{"line":93,"column":30}}}},"branchMap":{"0":{"loc":{"start":{"line":82,"column":2},"end":{"line":82,"column":16}},"type":"default-arg","locations":[{"start":{"line":82,"column":14},"end":{"line":82,"column":16}}]},"1":{"loc":{"start":{"line":83,"column":2},"end":{"line":83,"column":16}},"type":"default-arg","locations":[{"start":{"line":83,"column":11},"end":{"line":83,"column":16}}]},"2":{"loc":{"start":{"line":84,"column":2},"end":{"line":84,"column":21}},"type":"default-arg","locations":[{"start":{"line":84,"column":16},"end":{"line":84,"column":21}}]},"3":{"loc":{"start":{"line":86,"column":2},"end":{"line":86,"column":21}},"type":"default-arg","locations":[{"start":{"line":86,"column":12},"end":{"line":86,"column":21}}]},"4":{"loc":{"start":{"line":89,"column":2},"end":{"line":91,"column":null}},"type":"if","locations":[{"start":{"line":89,"column":2},"end":{"line":91,"column":null}}]},"5":{"loc":{"start":{"line":94,"column":18},"end":{"line":94,"column":35}},"type":"binary-expr","locations":[{"start":{"line":94,"column":18},"end":{"line":94,"column":27}},{"start":{"line":94,"column":31},"end":{"line":94,"column":35}}]},"6":{"loc":{"start":{"line":98,"column":30},"end":{"line":98,"column":45}},"type":"binary-expr","locations":[{"start":{"line":98,"column":30},"end":{"line":98,"column":39}},{"start":{"line":98,"column":43},"end":{"line":98,"column":45}}]},"7":{"loc":{"start":{"line":102,"column":7},"end":{"line":104,"column":14}},"type":"cond-expr","locations":[{"start":{"line":103,"column":8},"end":{"line":103,"column":77}},{"start":{"line":104,"column":10},"end":{"line":104,"column":14}}]}},"s":{"0":2,"1":2,"2":2,"3":2,"4":2,"5":2,"6":2,"7":38,"8":2,"9":41,"10":3,"11":38,"12":0,"13":38,"14":38,"15":38,"16":38,"17":2},"f":{"0":38,"1":41,"2":0},"b":{"0":[22],"1":[0],"2":[10],"3":[8],"4":[3],"5":[38,17],"6":[38,19],"7":[20,18]}}
,"/Users/Vamsi/random-hacks/my-react-app/src/components/Alert/HeaderAlert.tsx": {"path":"/Users/Vamsi/random-hacks/my-react-app/src/components/Alert/HeaderAlert.tsx","statementMap":{"0":{"start":{"line":1,"column":0},"end":{"line":1,"column":49}},"1":{"start":{"line":2,"column":0},"end":{"line":2,"column":37}},"2":{"start":{"line":3,"column":0},"end":{"line":3,"column":35}},"3":{"start":{"line":4,"column":0},"end":{"line":4,"column":34}},"4":{"start":{"line":6,"column":27},"end":{"line":50,"column":1}},"5":{"start":{"line":10,"column":20},"end":{"line":10,"column":29}},"6":{"start":{"line":15,"column":16},"end":{"line":25,"column":27}},"7":{"start":{"line":26,"column":2},"end":{"line":28,"column":null}},"8":{"start":{"line":27,"column":4},"end":{"line":27,"column":16}},"9":{"start":{"line":31,"column":18},"end":{"line":31,"column":27}},"10":{"start":{"line":32,"column":13},"end":{"line":32,"column":51}},"11":{"start":{"line":34,"column":2},"end":{"line":49,"column":4}},"12":{"start":{"line":6,"column":13},"end":{"line":6,"column":27}}},"fnMap":{"0":{"name":"(anonymous_0)","decl":{"start":{"line":6,"column":27},"end":{"line":6,"column":28}},"loc":{"start":{"line":14,"column":17},"end":{"line":50,"column":1}}},"1":{"name":"(anonymous_1)","decl":{"start":{"line":10,"column":14},"end":{"line":10,"column":17}},"loc":{"start":{"line":10,"column":20},"end":{"line":10,"column":29}}}},"branchMap":{"0":{"loc":{"start":{"line":7,"column":2},"end":{"line":7,"column":16}},"type":"default-arg","locations":[{"start":{"line":7,"column":14},"end":{"line":7,"column":16}}]},"1":{"loc":{"start":{"line":9,"column":2},"end":{"line":9,"column":21}},"type":"default-arg","locations":[{"start":{"line":9,"column":16},"end":{"line":9,"column":21}}]},"2":{"loc":{"start":{"line":10,"column":2},"end":{"line":10,"column":29}},"type":"default-arg","locations":[{"start":{"line":10,"column":14},"end":{"line":10,"column":29}}]},"3":{"loc":{"start":{"line":11,"column":2},"end":{"line":11,"column":16}},"type":"default-arg","locations":[{"start":{"line":11,"column":11},"end":{"line":11,"column":16}}]},"4":{"loc":{"start":{"line":12,"column":2},"end":{"line":12,"column":21}},"type":"default-arg","locations":[{"start":{"line":12,"column":12},"end":{"line":12,"column":21}}]},"5":{"loc":{"start":{"line":26,"column":2},"end":{"line":28,"column":null}},"type":"if","locations":[{"start":{"line":26,"column":2},"end":{"line":28,"column":null}}]}},"s":{"0":2,"1":2,"2":2,"3":2,"4":2,"5":0,"6":21,"7":21,"8":2,"9":19,"10":19,"11":19,"12":2},"f":{"0":21,"1":0},"b":{"0":[21],"1":[10],"2":[18],"3":[0],"4":[7],"5":[2]}}
,"/Users/Vamsi/random-hacks/my-react-app/src/components/Alert/Sticky.tsx": {"path":"/Users/Vamsi/random-hacks/my-react-app/src/components/Alert/Sticky.tsx","statementMap":{"0":{"start":{"line":2,"column":0},"end":{"line":2,"column":37}},"1":{"start":{"line":4,"column":22},"end":{"line":21,"column":1}},"2":{"start":{"line":8,"column":18},"end":{"line":8,"column":27}},"3":{"start":{"line":9,"column":16},"end":{"line":13,"column":4}},"4":{"start":{"line":15,"column":13},"end":{"line":15,"column":48}},"5":{"start":{"line":16,"column":2},"end":{"line":20,"column":4}},"6":{"start":{"line":4,"column":13},"end":{"line":4,"column":22}}},"fnMap":{"0":{"name":"(anonymous_0)","decl":{"start":{"line":4,"column":22},"end":{"line":4,"column":23}},"loc":{"start":{"line":7,"column":38},"end":{"line":21,"column":1}}}},"branchMap":{"0":{"loc":{"start":{"line":5,"column":2},"end":{"line":5,"column":16}},"type":"default-arg","locations":[{"start":{"line":5,"column":14},"end":{"line":5,"column":16}}]}},"s":{"0":3,"1":3,"2":20,"3":20,"4":20,"5":20,"6":3},"f":{"0":20},"b":{"0":[1]}}
,"/Users/Vamsi/random-hacks/my-react-app/src/components/Alert/index.tsx": {"path":"/Users/Vamsi/random-hacks/my-react-app/src/components/Alert/index.tsx","statementMap":{"0":{"start":{"line":1,"column":0},"end":{"line":1,"column":9}},"1":{"start":{"line":4,"column":9},"end":{"line":1,"column":49}},"2":{"start":{"line":2,"column":0},"end":{"line":2,"column":9}},"3":{"start":{"line":4,"column":16},"end":{"line":2,"column":44}}},"fnMap":{"0":{"name":"(anonymous_0)","decl":{"start":{"line":4,"column":9},"end":{"line":4,"column":14}},"loc":{"start":{"line":4,"column":9},"end":{"line":1,"column":49}}},"1":{"name":"(anonymous_1)","decl":{"start":{"line":4,"column":16},"end":{"line":4,"column":27}},"loc":{"start":{"line":4,"column":16},"end":{"line":2,"column":44}}}},"branchMap":{},"s":{"0":2,"1":24,"2":2,"3":23},"f":{"0":22,"1":21},"b":{}}
,"/Users/Vamsi/random-hacks/my-react-app/src/components/Badge/Badge.tsx": {"path":"/Users/Vamsi/random-hacks/my-react-app/src/components/Badge/Badge.tsx","statementMap":{"0":{"start":{"line":1,"column":0},"end":{"line":1,"column":37}},"1":{"start":{"line":4,"column":0},"end":{"line":4,"column":null}},"2":{"start":{"line":20,"column":20},"end":{"line":21,"column":62}},"3":{"start":{"line":21,"column":2},"end":{"line":21,"column":62}},"4":{"start":{"line":23,"column":19},"end":{"line":31,"column":8}},"5":{"start":{"line":24,"column":2},"end":{"line":31,"column":8}},"6":{"start":{"line":33,"column":23},"end":{"line":44,"column":8}},"7":{"start":{"line":34,"column":2},"end":{"line":44,"column":8}},"8":{"start":{"line":46,"column":13},"end":{"line":69,"column":1}},"9":{"start":{"line":47,"column":23},"end":{"line":49,"column":30}},"10":{"start":{"line":51,"column":2},"end":{"line":68,"column":4}},"11":{"start":{"line":71,"column":21},"end":{"line":74,"column":2}},"12":{"start":{"line":71,"column":63},"end":{"line":74,"column":2}},"13":{"start":{"line":76,"column":21},"end":{"line":106,"column":1}},"14":{"start":{"line":86,"column":18},"end":{"line":92,"column":4}},"15":{"start":{"line":93,"column":13},"end":{"line":99,"column":32}},"16":{"start":{"line":101,"column":2},"end":{"line":105,"column":4}},"17":{"start":{"line":76,"column":13},"end":{"line":76,"column":21}}},"fnMap":{"0":{"name":"(anonymous_0)","decl":{"start":{"line":20,"column":20},"end":{"line":20,"column":21}},"loc":{"start":{"line":21,"column":2},"end":{"line":21,"column":62}}},"1":{"name":"(anonymous_1)","decl":{"start":{"line":23,"column":19},"end":{"line":23,"column":20}},"loc":{"start":{"line":24,"column":2},"end":{"line":31,"column":8}}},"2":{"name":"(anonymous_2)","decl":{"start":{"line":33,"column":23},"end":{"line":33,"column":24}},"loc":{"start":{"line":34,"column":2},"end":{"line":44,"column":8}}},"3":{"name":"(anonymous_3)","decl":{"start":{"line":46,"column":13},"end":{"line":46,"column":14}},"loc":{"start":{"line":46,"column":58},"end":{"line":69,"column":1}}},"4":{"name":"(anonymous_4)","decl":{"start":{"line":71,"column":21},"end":{"line":71,"column":22}},"loc":{"start":{"line":71,"column":63},"end":{"line":74,"column":2}}},"5":{"name":"(anonymous_5)","decl":{"start":{"line":76,"column":21},"end":{"line":76,"column":22}},"loc":{"start":{"line":85,"column":17},"end":{"line":106,"column":1}}}},"branchMap":{"0":{"loc":{"start":{"line":21,"column":2},"end":{"line":21,"column":62}},"type":"cond-expr","locations":[{"start":{"line":21,"column":12},"end":{"line":21,"column":57}},{"start":{"line":21,"column":60},"end":{"line":21,"column":62}}]},"1":{"loc":{"start":{"line":24,"column":2},"end":{"line":31,"column":8}},"type":"cond-expr","locations":[{"start":{"line":25,"column":6},"end":{"line":30,"column":null}},{"start":{"line":31,"column":6},"end":{"line":31,"column":8}}]},"2":{"loc":{"start":{"line":34,"column":2},"end":{"line":44,"column":8}},"type":"cond-expr","locations":[{"start":{"line":35,"column":6},"end":{"line":43,"column":null}},{"start":{"line":44,"column":6},"end":{"line":44,"column":8}}]},"3":{"loc":{"start":{"line":47,"column":23},"end":{"line":49,"column":30}},"type":"cond-expr","locations":[{"start":{"line":48,"column":6},"end":{"line":48,"column":30}},{"start":{"line":49,"column":6},"end":{"line":49,"column":30}}]},"4":{"loc":{"start":{"line":78,"column":2},"end":{"line":78,"column":16}},"type":"default-arg","locations":[{"start":{"line":78,"column":14},"end":{"line":78,"column":16}}]},"5":{"loc":{"start":{"line":79,"column":2},"end":{"line":79,"column":17}},"type":"default-arg","locations":[{"start":{"line":79,"column":12},"end":{"line":79,"column":17}}]},"6":{"loc":{"start":{"line":80,"column":2},"end":{"line":80,"column":16}},"type":"default-arg","locations":[{"start":{"line":80,"column":11},"end":{"line":80,"column":16}}]},"7":{"loc":{"start":{"line":81,"column":2},"end":{"line":81,"column":20}},"type":"default-arg","locations":[{"start":{"line":81,"column":15},"end":{"line":81,"column":20}}]},"8":{"loc":{"start":{"line":82,"column":2},"end":{"line":82,"column":14}},"type":"default-arg","locations":[{"start":{"line":82,"column":9},"end":{"line":82,"column":14}}]},"9":{"loc":{"start":{"line":83,"column":2},"end":{"line":83,"column":23}},"type":"default-arg","locations":[{"start":{"line":83,"column":12},"end":{"line":83,"column":23}}]},"10":{"loc":{"start":{"line":99,"column":8},"end":{"line":99,"column":23}},"type":"binary-expr","locations":[{"start":{"line":99,"column":8},"end":{"line":99,"column":17}},{"start":{"line":99,"column":21},"end":{"line":99,"column":23}}]}},"s":{"0":2,"1":2,"2":2,"3":32,"4":2,"5":32,"6":2,"7":32,"8":2,"9":32,"10":32,"11":2,"12":32,"13":2,"14":32,"15":32,"16":32,"17":2},"f":{"0":32,"1":32,"2":32,"3":32,"4":32,"5":32},"b":{"0":[2,30],"1":[1,31],"2":[1,31],"3":[9,23],"4":[32],"5":[30],"6":[31],"7":[31],"8":[23],"9":[6],"10":[32,32]}}
,"/Users/Vamsi/random-hacks/my-react-app/src/components/Badge/mappings.ts": {"path":"/Users/Vamsi/random-hacks/my-react-app/src/components/Badge/mappings.ts","statementMap":{"0":{"start":{"line":4,"column":40},"end":{"line":9,"column":2}},"1":{"start":{"line":11,"column":40},"end":{"line":16,"column":2}},"2":{"start":{"line":18,"column":46},"end":{"line":23,"column":2}},"3":{"start":{"line":25,"column":13},"end":{"line":29,"column":2}},"4":{"start":{"line":31,"column":13},"end":{"line":39,"column":18}},"5":{"start":{"line":41,"column":13},"end":{"line":49,"column":18}}},"fnMap":{},"branchMap":{},"s":{"0":2,"1":2,"2":2,"3":2,"4":2,"5":2},"f":{},"b":{}}
,"/Users/Vamsi/random-hacks/my-react-app/src/components/Blockquote/Blockquote.tsx": {"path":"/Users/Vamsi/random-hacks/my-react-app/src/components/Blockquote/Blockquote.tsx","statementMap":{"0":{"start":{"line":2,"column":0},"end":{"line":2,"column":37}},"1":{"start":{"line":13,"column":13},"end":{"line":20,"column":2}},"2":{"start":{"line":13,"column":20},"end":{"line":20,"column":2}},"3":{"start":{"line":22,"column":20},"end":{"line":30,"column":2}},"4":{"start":{"line":22,"column":27},"end":{"line":30,"column":2}},"5":{"start":{"line":32,"column":26},"end":{"line":74,"column":1}},"6":{"start":{"line":39,"column":18},"end":{"line":39,"column":36}},"7":{"start":{"line":40,"column":25},"end":{"line":40,"column":59}},"8":{"start":{"line":42,"column":2},"end":{"line":67,"column":null}},"9":{"start":{"line":43,"column":4},"end":{"line":66,"column":6}},"10":{"start":{"line":69,"column":2},"end":{"line":73,"column":4}},"11":{"start":{"line":32,"column":13},"end":{"line":32,"column":26}}},"fnMap":{"0":{"name":"(anonymous_0)","decl":{"start":{"line":13,"column":13},"end":{"line":13,"column":16}},"loc":{"start":{"line":13,"column":20},"end":{"line":20,"column":2}}},"1":{"name":"(anonymous_1)","decl":{"start":{"line":22,"column":20},"end":{"line":22,"column":23}},"loc":{"start":{"line":22,"column":27},"end":{"line":30,"column":2}}},"2":{"name":"(anonymous_2)","decl":{"start":{"line":32,"column":26},"end":{"line":32,"column":27}},"loc":{"start":{"line":38,"column":22},"end":{"line":74,"column":1}}}},"branchMap":{"0":{"loc":{"start":{"line":34,"column":2},"end":{"line":34,"column":18}},"type":"default-arg","locations":[{"start":{"line":34,"column":16},"end":{"line":34,"column":18}}]},"1":{"loc":{"start":{"line":35,"column":2},"end":{"line":35,"column":16}},"type":"default-arg","locations":[{"start":{"line":35,"column":10},"end":{"line":35,"column":16}}]},"2":{"loc":{"start":{"line":36,"column":2},"end":{"line":36,"column":16}},"type":"default-arg","locations":[{"start":{"line":36,"column":14},"end":{"line":36,"column":16}}]},"3":{"loc":{"start":{"line":37,"column":2},"end":{"line":37,"column":13}},"type":"default-arg","locations":[{"start":{"line":37,"column":11},"end":{"line":37,"column":13}}]},"4":{"loc":{"start":{"line":42,"column":2},"end":{"line":67,"column":null}},"type":"if","locations":[{"start":{"line":42,"column":2},"end":{"line":67,"column":null}}]},"5":{"loc":{"start":{"line":56,"column":11},"end":{"line":63,"column":18}},"type":"cond-expr","locations":[{"start":{"line":57,"column":12},"end":{"line":61,"column":null}},{"start":{"line":63,"column":14},"end":{"line":63,"column":18}}]}},"s":{"0":1,"1":1,"2":12,"3":1,"4":8,"5":1,"6":12,"7":12,"8":12,"9":8,"10":4,"11":1},"f":{"0":12,"1":8,"2":12},"b":{"0":[4],"1":[3],"2":[12],"3":[8],"4":[8],"5":[4,4]}}
,"/Users/Vamsi/random-hacks/my-react-app/src/components/Breadcrumb/ActiveItem.tsx": {"path":"/Users/Vamsi/random-hacks/my-react-app/src/components/Breadcrumb/ActiveItem.tsx","statementMap":{"0":{"start":{"line":1,"column":0},"end":{"line":1,"column":37}},"1":{"start":{"line":2,"column":0},"end":{"line":2,"column":36}},"2":{"start":{"line":4,"column":13},"end":{"line":7,"column":2}},"3":{"start":{"line":4,"column":20},"end":{"line":7,"column":2}},"4":{"start":{"line":11,"column":26},"end":{"line":24,"column":1}},"5":{"start":{"line":12,"column":18},"end":{"line":12,"column":27}},"6":{"start":{"line":13,"column":20},"end":{"line":13,"column":57}},"7":{"start":{"line":14,"column":2},"end":{"line":23,"column":4}},"8":{"start":{"line":11,"column":13},"end":{"line":11,"column":26}}},"fnMap":{"0":{"name":"(anonymous_0)","decl":{"start":{"line":4,"column":13},"end":{"line":4,"column":16}},"loc":{"start":{"line":4,"column":20},"end":{"line":7,"column":2}}},"1":{"name":"(anonymous_1)","decl":{"start":{"line":11,"column":26},"end":{"line":11,"column":27}},"loc":{"start":{"line":11,"column":72},"end":{"line":24,"column":1}}}},"branchMap":{"0":{"loc":{"start":{"line":11,"column":36},"end":{"line":11,"column":49}},"type":"default-arg","locations":[{"start":{"line":11,"column":46},"end":{"line":11,"column":49}}]}},"s":{"0":4,"1":4,"2":4,"3":14,"4":4,"5":14,"6":14,"7":14,"8":4},"f":{"0":14,"1":14},"b":{"0":[2]}}
,"/Users/Vamsi/random-hacks/my-react-app/src/components/Breadcrumb/Breadcrumb.tsx": {"path":"/Users/Vamsi/random-hacks/my-react-app/src/components/Breadcrumb/Breadcrumb.tsx","statementMap":{"0":{"start":{"line":1,"column":0},"end":{"line":1,"column":36}},"1":{"start":{"line":2,"column":0},"end":{"line":2,"column":30}},"2":{"start":{"line":15,"column":26},"end":{"line":35,"column":1}},"3":{"start":{"line":21,"column":2},"end":{"line":34,"column":4}},"4":{"start":{"line":24,"column":8},"end":{"line":26,"column":null}},"5":{"start":{"line":15,"column":13},"end":{"line":15,"column":26}}},"fnMap":{"0":{"name":"(anonymous_0)","decl":{"start":{"line":15,"column":26},"end":{"line":15,"column":27}},"loc":{"start":{"line":20,"column":22},"end":{"line":35,"column":1}}},"1":{"name":"(anonymous_1)","decl":{"start":{"line":23,"column":17},"end":{"line":23,"column":18}},"loc":{"start":{"line":24,"column":8},"end":{"line":26,"column":null}}}},"branchMap":{"0":{"loc":{"start":{"line":16,"column":2},"end":{"line":16,"column":24}},"type":"default-arg","locations":[{"start":{"line":16,"column":20},"end":{"line":16,"column":24}}]},"1":{"loc":{"start":{"line":17,"column":2},"end":{"line":17,"column":21}},"type":"default-arg","locations":[{"start":{"line":17,"column":17},"end":{"line":17,"column":21}}]},"2":{"loc":{"start":{"line":18,"column":2},"end":{"line":18,"column":15}},"type":"default-arg","locations":[{"start":{"line":18,"column":12},"end":{"line":18,"column":15}}]},"3":{"loc":{"start":{"line":19,"column":2},"end":{"line":19,"column":12}},"type":"default-arg","locations":[{"start":{"line":19,"column":10},"end":{"line":19,"column":12}}]}},"s":{"0":1,"1":1,"2":1,"3":10,"4":30,"5":1},"f":{"0":10,"1":30},"b":{"0":[10],"1":[10],"2":[10],"3":[0]}}
,"/Users/Vamsi/random-hacks/my-react-app/src/components/Breadcrumb/Divider.tsx": {"path":"/Users/Vamsi/random-hacks/my-react-app/src/components/Breadcrumb/Divider.tsx","statementMap":{"0":{"start":{"line":1,"column":0},"end":{"line":1,"column":37}},"1":{"start":{"line":3,"column":23},"end":{"line":19,"column":1}},"2":{"start":{"line":4,"column":18},"end":{"line":4,"column":27}},"3":{"start":{"line":5,"column":20},"end":{"line":9,"column":4}},"4":{"start":{"line":10,"column":2},"end":{"line":18,"column":4}},"5":{"start":{"line":3,"column":13},"end":{"line":3,"column":23}}},"fnMap":{"0":{"name":"(anonymous_0)","decl":{"start":{"line":3,"column":23},"end":{"line":3,"column":24}},"loc":{"start":{"line":3,"column":67},"end":{"line":19,"column":1}}}},"branchMap":{"0":{"loc":{"start":{"line":3,"column":26},"end":{"line":3,"column":39}},"type":"default-arg","locations":[{"start":{"line":3,"column":36},"end":{"line":3,"column":39}}]}},"s":{"0":5,"1":5,"2":27,"3":27,"4":27,"5":5},"f":{"0":27},"b":{"0":[1]}}
,"/Users/Vamsi/random-hacks/my-react-app/src/components/Breadcrumb/Item.tsx": {"path":"/Users/Vamsi/random-hacks/my-react-app/src/components/Breadcrumb/Item.tsx","statementMap":{"0":{"start":{"line":2,"column":0},"end":{"line":2,"column":37}},"1":{"start":{"line":3,"column":0},"end":{"line":3,"column":52}},"2":{"start":{"line":4,"column":0},"end":{"line":4,"column":42}},"3":{"start":{"line":5,"column":0},"end":{"line":5,"column":36}},"4":{"start":{"line":15,"column":18},"end":{"line":21,"column":1}},"5":{"start":{"line":16,"column":2},"end":{"line":20,"column":4}},"6":{"start":{"line":23,"column":20},"end":{"line":51,"column":1}},"7":{"start":{"line":32,"column":18},"end":{"line":32,"column":27}},"8":{"start":{"line":33,"column":20},"end":{"line":33,"column":50}},"9":{"start":{"line":35,"column":2},"end":{"line":37,"column":null}},"10":{"start":{"line":36,"column":4},"end":{"line":36,"column":51}},"11":{"start":{"line":39,"column":2},"end":{"line":41,"column":null}},"12":{"start":{"line":40,"column":4},"end":{"line":40,"column":58}},"13":{"start":{"line":43,"column":2},"end":{"line":50,"column":4}},"14":{"start":{"line":23,"column":13},"end":{"line":23,"column":20}}},"fnMap":{"0":{"name":"(anonymous_0)","decl":{"start":{"line":15,"column":18},"end":{"line":15,"column":19}},"loc":{"start":{"line":15,"column":76},"end":{"line":21,"column":1}}},"1":{"name":"(anonymous_1)","decl":{"start":{"line":23,"column":20},"end":{"line":23,"column":21}},"loc":{"start":{"line":31,"column":16},"end":{"line":51,"column":1}}}},"branchMap":{"0":{"loc":{"start":{"line":24,"column":2},"end":{"line":24,"column":15}},"type":"default-arg","locations":[{"start":{"line":24,"column":10},"end":{"line":24,"column":15}}]},"1":{"loc":{"start":{"line":25,"column":2},"end":{"line":25,"column":16}},"type":"default-arg","locations":[{"start":{"line":25,"column":11},"end":{"line":25,"column":16}}]},"2":{"loc":{"start":{"line":28,"column":2},"end":{"line":28,"column":15}},"type":"default-arg","locations":[{"start":{"line":28,"column":12},"end":{"line":28,"column":15}}]},"3":{"loc":{"start":{"line":29,"column":2},"end":{"line":29,"column":12}},"type":"default-arg","locations":[{"start":{"line":29,"column":10},"end":{"line":29,"column":12}}]},"4":{"loc":{"start":{"line":35,"column":2},"end":{"line":37,"column":null}},"type":"if","locations":[{"start":{"line":35,"column":2},"end":{"line":37,"column":null}}]},"5":{"loc":{"start":{"line":39,"column":2},"end":{"line":41,"column":null}},"type":"if","locations":[{"start":{"line":39,"column":2},"end":{"line":41,"column":null}}]}},"s":{"0":3,"1":3,"2":3,"3":3,"4":3,"5":12,"6":3,"7":35,"8":35,"9":35,"10":12,"11":23,"12":12,"13":11,"14":3},"f":{"0":12,"1":35},"b":{"0":[3],"1":[3],"2":[5],"3":[35],"4":[12],"5":[12]}}
,"/Users/Vamsi/random-hacks/my-react-app/src/components/Breadcrumb/Wrapper.tsx": {"path":"/Users/Vamsi/random-hacks/my-react-app/src/components/Breadcrumb/Wrapper.tsx","statementMap":{"0":{"start":{"line":1,"column":0},"end":{"line":1,"column":37}},"1":{"start":{"line":11,"column":13},"end":{"line":40,"column":1}},"2":{"start":{"line":15,"column":18},"end":{"line":20,"column":4}},"3":{"start":{"line":22,"column":31},"end":{"line":29,"column":4}},"4":{"start":{"line":31,"column":2},"end":{"line":33,"column":null}},"5":{"start":{"line":32,"column":4},"end":{"line":32,"column":44}},"6":{"start":{"line":35,"column":2},"end":{"line":37,"column":null}},"7":{"start":{"line":36,"column":4},"end":{"line":36,"column":38}},"8":{"start":{"line":39,"column":2},"end":{"line":39,"column":15}},"9":{"start":{"line":42,"column":23},"end":{"line":61,"column":1}},"10":{"start":{"line":48,"column":18},"end":{"line":51,"column":4}},"11":{"start":{"line":53,"column":20},"end":{"line":53,"column":29}},"12":{"start":{"line":54,"column":2},"end":{"line":60,"column":4}},"13":{"start":{"line":42,"column":13},"end":{"line":42,"column":23}}},"fnMap":{"0":{"name":"(anonymous_0)","decl":{"start":{"line":11,"column":13},"end":{"line":11,"column":14}},"loc":{"start":{"line":14,"column":31},"end":{"line":40,"column":1}}},"1":{"name":"(anonymous_1)","decl":{"start":{"line":42,"column":23},"end":{"line":42,"column":24}},"loc":{"start":{"line":47,"column":19},"end":{"line":61,"column":1}}}},"branchMap":{"0":{"loc":{"start":{"line":12,"column":2},"end":{"line":12,"column":24}},"type":"default-arg","locations":[{"start":{"line":12,"column":20},"end":{"line":12,"column":24}}]},"1":{"loc":{"start":{"line":13,"column":2},"end":{"line":13,"column":21}},"type":"default-arg","locations":[{"start":{"line":13,"column":17},"end":{"line":13,"column":21}}]},"2":{"loc":{"start":{"line":31,"column":2},"end":{"line":33,"column":null}},"type":"if","locations":[{"start":{"line":31,"column":2},"end":{"line":33,"column":null}}]},"3":{"loc":{"start":{"line":35,"column":2},"end":{"line":37,"column":null}},"type":"if","locations":[{"start":{"line":35,"column":2},"end":{"line":37,"column":null}}]},"4":{"loc":{"start":{"line":43,"column":2},"end":{"line":43,"column":21}},"type":"default-arg","locations":[{"start":{"line":43,"column":17},"end":{"line":43,"column":21}}]},"5":{"loc":{"start":{"line":44,"column":2},"end":{"line":44,"column":24}},"type":"default-arg","locations":[{"start":{"line":44,"column":20},"end":{"line":44,"column":24}}]}},"s":{"0":2,"1":2,"2":11,"3":11,"4":11,"5":0,"6":11,"7":0,"8":11,"9":2,"10":11,"11":11,"12":11,"13":2},"f":{"0":11,"1":11},"b":{"0":[0],"1":[0],"2":[0],"3":[0],"4":[0],"5":[0]}}
,"/Users/Vamsi/random-hacks/my-react-app/src/components/Button/Button.tsx": {"path":"/Users/Vamsi/random-hacks/my-react-app/src/components/Button/Button.tsx","statementMap":{"0":{"start":{"line":3,"column":0},"end":{"line":3,"column":35}},"1":{"start":{"line":4,"column":0},"end":{"line":4,"column":37}},"2":{"start":{"line":39,"column":37},"end":{"line":47,"column":2}},"3":{"start":{"line":49,"column":47},"end":{"line":57,"column":2}},"4":{"start":{"line":59,"column":43},"end":{"line":67,"column":2}},"5":{"start":{"line":69,"column":37},"end":{"line":88,"column":2}},"6":{"start":{"line":90,"column":48},"end":{"line":94,"column":2}},"7":{"start":{"line":96,"column":34},"end":{"line":104,"column":2}},"8":{"start":{"line":106,"column":40},"end":{"line":114,"column":2}},"9":{"start":{"line":116,"column":44},"end":{"line":124,"column":2}},"10":{"start":{"line":126,"column":39},"end":{"line":134,"column":2}},"11":{"start":{"line":136,"column":33},"end":{"line":144,"column":2}},"12":{"start":{"line":146,"column":43},"end":{"line":154,"column":2}},"13":{"start":{"line":156,"column":36},"end":{"line":164,"column":2}},"14":{"start":{"line":166,"column":46},"end":{"line":174,"column":2}},"15":{"start":{"line":176,"column":42},"end":{"line":184,"column":2}},"16":{"start":{"line":186,"column":37},"end":{"line":194,"column":2}},"17":{"start":{"line":196,"column":55},"end":{"line":215,"column":2}},"18":{"start":{"line":217,"column":45},"end":{"line":277,"column":1}},"19":{"start":{"line":220,"column":24},"end":{"line":270,"column":4}},"20":{"start":{"line":272,"column":2},"end":{"line":274,"column":null}},"21":{"start":{"line":273,"column":4},"end":{"line":273,"column":32}},"22":{"start":{"line":276,"column":2},"end":{"line":276,"column":15}},"23":{"start":{"line":279,"column":47},"end":{"line":352,"column":1}},"24":{"start":{"line":284,"column":2},"end":{"line":286,"column":null}},"25":{"start":{"line":285,"column":4},"end":{"line":285,"column":24}},"26":{"start":{"line":288,"column":39},"end":{"line":296,"column":4}},"27":{"start":{"line":298,"column":45},"end":{"line":306,"column":4}},"28":{"start":{"line":308,"column":39},"end":{"line":316,"column":4}},"29":{"start":{"line":318,"column":22},"end":{"line":318,"column":51}},"30":{"start":{"line":319,"column":16},"end":{"line":319,"column":39}},"31":{"start":{"line":321,"column":24},"end":{"line":345,"column":4}},"32":{"start":{"line":347,"column":2},"e
[...]
,"/Users/Vamsi/random-hacks/my-react-app/src/hooks/index.ts": {"path":"/Users/Vamsi/random-hacks/my-react-app/src/hooks/index.ts","statementMap":{"0":{"start":{"line":1,"column":0},"end":{"line":1,"column":9}},"1":{"start":{"line":8,"column":2},"end":{"line":1,"column":56}},"2":{"start":{"line":2,"column":0},"end":{"line":2,"column":9}},"3":{"start":{"line":9,"column":2},"end":{"line":2,"column":52}},"4":{"start":{"line":3,"column":0},"end":{"line":3,"column":9}},"5":{"start":{"line":10,"column":2},"end":{"line":3,"column":46}},"6":{"start":{"line":4,"column":0},"end":{"line":4,"column":9}},"7":{"start":{"line":11,"column":2},"end":{"line":4,"column":48}},"8":{"start":{"line":5,"column":0},"end":{"line":5,"column":9}},"9":{"start":{"line":12,"column":2},"end":{"line":5,"column":75}}},"fnMap":{"0":{"name":"(anonymous_0)","decl":{"start":{"line":8,"column":2},"end":{"line":8,"column":19}},"loc":{"start":{"line":8,"column":2},"end":{"line":1,"column":56}}},"1":{"name":"(anonymous_1)","decl":{"start":{"line":9,"column":2},"end":{"line":9,"column":17}},"loc":{"start":{"line":9,"column":2},"end":{"line":2,"column":52}}},"2":{"name":"(anonymous_2)","decl":{"start":{"line":10,"column":2},"end":{"line":10,"column":14}},"loc":{"start":{"line":10,"column":2},"end":{"line":3,"column":46}}},"3":{"name":"(anonymous_3)","decl":{"start":{"line":11,"column":2},"end":{"line":11,"column":15}},"loc":{"start":{"line":11,"column":2},"end":{"line":4,"column":48}}},"4":{"name":"(anonymous_4)","decl":{"start":{"line":12,"column":2},"end":{"line":12,"column":15}},"loc":{"start":{"line":12,"column":2},"end":{"line":5,"column":75}}}},"branchMap":{},"s":{"0":2,"1":2,"2":2,"3":68,"4":2,"5":68,"6":2,"7":2,"8":2,"9":2},"f":{"0":0,"1":66,"2":66,"3":0,"4":0},"b":{}}
,"/Users/Vamsi/random-hacks/my-react-app/src/hooks/useClickOutside.ts": {"path":"/Users/Vamsi/random-hacks/my-react-app/src/hooks/useClickOutside.ts","statementMap":{"0":{"start":{"line":1,"column":0},"end":{"line":1,"column":52}},"1":{"start":{"line":20,"column":2},"end":{"line":37,"column":32}},"2":{"start":{"line":24,"column":31},"end":{"line":28,"column":5}},"3":{"start":{"line":25,"column":6},"end":{"line":27,"column":null}},"4":{"start":{"line":26,"column":8},"end":{"line":26,"column":24}},"5":{"start":{"line":29,"column":4},"end":{"line":36,"column":null}},"6":{"start":{"line":31,"column":6},"end":{"line":31,"column":65}},"7":{"start":{"line":32,"column":6},"end":{"line":35,"column":8}},"8":{"start":{"line":34,"column":8},"end":{"line":34,"column":70}},"9":{"start":{"line":13,"column":0},"end":{"line":13,"column":16}}},"fnMap":{"0":{"name":"useClickOutside","decl":{"start":{"line":13,"column":16},"end":{"line":13,"column":31}},"loc":{"start":{"line":18,"column":58},"end":{"line":38,"column":1}}},"1":{"name":"(anonymous_1)","decl":{"start":{"line":20,"column":12},"end":{"line":20,"column":15}},"loc":{"start":{"line":20,"column":17},"end":{"line":37,"column":3}}},"2":{"name":"(anonymous_2)","decl":{"start":{"line":24,"column":31},"end":{"line":24,"column":32}},"loc":{"start":{"line":24,"column":53},"end":{"line":28,"column":5}}},"3":{"name":"(anonymous_3)","decl":{"start":{"line":32,"column":13},"end":{"line":32,"column":16}},"loc":{"start":{"line":32,"column":18},"end":{"line":35,"column":7}}}},"branchMap":{"0":{"loc":{"start":{"line":17,"column":4},"end":{"line":17,"column":20}},"type":"default-arg","locations":[{"start":{"line":17,"column":15},"end":{"line":17,"column":20}}]},"1":{"loc":{"start":{"line":25,"column":6},"end":{"line":27,"column":null}},"type":"if","locations":[{"start":{"line":25,"column":6},"end":{"line":27,"column":null}}]},"2":{"loc":{"start":{"line":25,"column":10},"end":{"line":25,"column":68}},"type":"binary-expr","locations":[{"start":{"line":25,"column":10},"end":{"line":25,"column":21}},{"start":{"line":25,"column":25},"end":{"line":25,"column":68}}]},"3":{"loc":{"start":{"line":29,"column":4},"end":{"line":36,"column":null}},"type":"if","locations":[{"start":{"line":29,"column":4},"end":{"line":36,"column":null}}]}},"s":{"0":4,"1":84,"2":58,"3":11,"4":10,"5":58,"6":39,"7":39,"8":39,"9":4},"f":{"0":84,"1":58,"2":11,"3":39},"b":{"0":[2],"1":[10],"2":[11,11],"3":[39]}}
,"/Users/Vamsi/random-hacks/my-react-app/src/hooks/useEscapeKey.ts": {"path":"/Users/Vamsi/random-hacks/my-react-app/src/hooks/useEscapeKey.ts","statementMap":{"0":{"start":{"line":1,"column":0},"end":{"line":1,"column":34}},"1":{"start":{"line":3,"column":18},"end":{"line":3,"column":27}},"2":{"start":{"line":4,"column":27},"end":{"line":4,"column":71}},"3":{"start":{"line":4,"column":55},"end":{"line":4,"column":71}},"4":{"start":{"line":4,"column":13},"end":{"line":4,"column":27}},"5":{"start":{"line":12,"column":28},"end":{"line":35,"column":1}},"6":{"start":{"line":19,"column":17},"end":{"line":32,"column":3}},"7":{"start":{"line":20,"column":21},"end":{"line":21,"column":48}},"8":{"start":{"line":21,"column":6},"end":{"line":21,"column":48}},"9":{"start":{"line":23,"column":4},"end":{"line":31,"column":null}},"10":{"start":{"line":24,"column":6},"end":{"line":24,"column":58}},"11":{"start":{"line":26,"column":22},"end":{"line":28,"column":7}},"12":{"start":{"line":27,"column":8},"end":{"line":27,"column":63}},"13":{"start":{"line":30,"column":6},"end":{"line":30,"column":21}},"14":{"start":{"line":34,"column":2},"end":{"line":34,"column":56}},"15":{"start":{"line":12,"column":13},"end":{"line":12,"column":28}}},"fnMap":{"0":{"name":"(anonymous_0)","decl":{"start":{"line":4,"column":27},"end":{"line":4,"column":28}},"loc":{"start":{"line":4,"column":55},"end":{"line":4,"column":71}}},"1":{"name":"(anonymous_1)","decl":{"start":{"line":12,"column":28},"end":{"line":12,"column":29}},"loc":{"start":{"line":18,"column":5},"end":{"line":35,"column":1}}},"2":{"name":"(anonymous_2)","decl":{"start":{"line":19,"column":17},"end":{"line":19,"column":20}},"loc":{"start":{"line":19,"column":22},"end":{"line":32,"column":3}}},"3":{"name":"(anonymous_3)","decl":{"start":{"line":20,"column":21},"end":{"line":20,"column":22}},"loc":{"start":{"line":21,"column":6},"end":{"line":21,"column":48}}},"4":{"name":"(anonymous_4)","decl":{"start":{"line":26,"column":22},"end":{"line":26,"column":25}},"loc":{"start":{"line":26,"column":27},"end":{"line":28,"column":7}}}},"branchMap":{"0":{"loc":{"start":{"line":14,"column":2},"end":{"line":14,"column":18}},"type":"default-arg","locations":[{"start":{"line":14,"column":13},"end":{"line":14,"column":18}}]},"1":{"loc":{"start":{"line":21,"column":6},"end":{"line":21,"column":48}},"type":"cond-expr","locations":[{"start":{"line":21,"column":23},"end":{"line":21,"column":41}},{"start":{"line":21,"column":44},"end":{"line":21,"column":48}}]},"2":{"loc":{"start":{"line":23,"column":4},"end":{"line":31,"column":null}},"type":"if","locations":[{"start":{"line":23,"column":4},"end":{"line":31,"column":null}}]}},"s":{"0":4,"1":4,"2":4,"3":6,"4":4,"5":4,"6":85,"7":59,"8":6,"9":59,"10":39,"11":39,"12":39,"13":39,"14":85,"15":4},"f":{"0":6,"1":85,"2":59,"3":6,"4":39},"b":{"0":[1],"1":[5,1],"2":[39]}}
,"/Users/Vamsi/random-hacks/my-react-app/src/hooks/useFillColor.ts": {"path":"/Users/Vamsi/random-hacks/my-react-app/src/hooks/useFillColor.ts","statementMap":{"0":{"start":{"line":1,"column":0},"end":{"line":1,"column":55}},"1":{"start":{"line":3,"column":0},"end":{"line":3,"column":66}},"2":{"start":{"line":11,"column":28},"end":{"line":36,"column":1}},"3":{"start":{"line":15,"column":26},"end":{"line":15,"column":42}},"4":{"start":{"line":17,"column":2},"end":{"line":33,"column":37}},"5":{"start":{"line":18,"column":19},"end":{"line":18,"column":36}},"6":{"start":{"line":20,"column":4},"end":{"line":30,"column":null}},"7":{"start":{"line":21,"column":22},"end":{"line":21,"column":49}},"8":{"start":{"line":22,"column":24},"end":{"line":22,"column":51}},"9":{"start":{"line":24,"column":6},"end":{"line":24,"column":25}},"10":{"start":{"line":25,"column":6},"end":{"line":29,"column":19}},"11":{"start":{"line":26,"column":45},"end":{"line":26,"column":70}},"12":{"start":{"line":27,"column":26},"end":{"line":27,"column":53}},"13":{"start":{"line":28,"column":8},"end":{"line":28,"column":27}},"14":{"start":{"line":32,"column":4},"end":{"line":32,"column":37}},"15":{"start":{"line":32,"column":17},"end":{"line":32,"column":36}},"16":{"start":{"line":35,"column":2},"end":{"line":35,"column":14}},"17":{"start":{"line":11,"column":13},"end":{"line":11,"column":28}}},"fnMap":{"0":{"name":"(anonymous_0)","decl":{"start":{"line":11,"column":28},"end":{"line":11,"column":29}},"loc":{"start":{"line":14,"column":26},"end":{"line":36,"column":1}}},"1":{"name":"(anonymous_1)","decl":{"start":{"line":17,"column":12},"end":{"line":17,"column":15}},"loc":{"start":{"line":17,"column":17},"end":{"line":33,"column":3}}},"2":{"name":"(anonymous_2)","decl":{"start":{"line":25,"column":25},"end":{"line":25,"column":28}},"loc":{"start":{"line":25,"column":30},"end":{"line":29,"column":7}}},"3":{"name":"(anonymous_3)","decl":{"start":{"line":32,"column":11},"end":{"line":32,"column":14}},"loc":{"start":{"line":32,"column":17},"end":{"line":32,"column":36}}}},"branchMap":{"0":{"loc":{"start":{"line":12,"column":2},"end":{"line":12,"column":16}},"type":"default-arg","locations":[{"start":{"line":12,"column":13},"end":{"line":12,"column":16}}]},"1":{"loc":{"start":{"line":20,"column":4},"end":{"line":30,"column":null}},"type":"if","locations":[{"start":{"line":20,"column":4},"end":{"line":30,"column":null}}]}},"s":{"0":7,"1":7,"2":7,"3":26,"4":26,"5":13,"6":13,"7":13,"8":13,"9":13,"10":13,"11":11,"12":11,"13":11,"14":13,"15":13,"16":26,"17":7},"f":{"0":26,"1":13,"2":11,"3":13},"b":{"0":[9],"1":[13]}}
,"/Users/Vamsi/random-hacks/my-react-app/src/hooks/useIsomorphicLayoutEffect.ts": {"path":"/Users/Vamsi/random-hacks/my-react-app/src/hooks/useIsomorphicLayoutEffect.ts","statementMap":{"0":{"start":{"line":1,"column":0},"end":{"line":1,"column":51}},"1":{"start":{"line":2,"column":0},"end":{"line":2,"column":37}},"2":{"start":{"line":4,"column":34},"end":{"line":4,"column":75}},"3":{"start":{"line":6,"column":0},"end":{"line":6,"column":41}}},"fnMap":{},"branchMap":{"0":{"loc":{"start":{"line":4,"column":34},"end":{"line":4,"column":75}},"type":"cond-expr","locations":[{"start":{"line":4,"column":48},"end":{"line":4,"column":63}},{"start":{"line":4,"column":66},"end":{"line":4,"column":75}}]}},"s":{"0":19,"1":19,"2":19,"3":19},"f":{},"b":{"0":[19,0]}}
,"/Users/Vamsi/random-hacks/my-react-app/src/hooks/useMediaQuery.ts": {"path":"/Users/Vamsi/random-hacks/my-react-app/src/hooks/useMediaQuery.ts","statementMap":{"0":{"start":{"line":1,"column":0},"end":{"line":1,"column":57}},"1":{"start":{"line":3,"column":0},"end":{"line":3,"column":72}},"2":{"start":{"line":17,"column":29},"end":{"line":40,"column":1}},"3":{"start":{"line":21,"column":21},"end":{"line":21,"column":62}},"4":{"start":{"line":22,"column":32},"end":{"line":22,"column":64}},"5":{"start":{"line":24,"column":23},"end":{"line":26,"column":30}},"6":{"start":{"line":25,"column":4},"end":{"line":25,"column":59}},"7":{"start":{"line":29,"column":2},"end":{"line":37,"column":54}},"8":{"start":{"line":30,"column":4},"end":{"line":36,"column":null}},"9":{"start":{"line":31,"column":29},"end":{"line":31,"column":58}},"10":{"start":{"line":32,"column":6},"end":{"line":32,"column":21}},"11":{"start":{"line":34,"column":6},"end":{"line":34,"column":62}},"12":{"start":{"line":35,"column":6},"end":{"line":35,"column":78}},"13":{"start":{"line":35,"column":19},"end":{"line":35,"column":77}},"14":{"start":{"line":39,"column":2},"end":{"line":39,"column":17}},"15":{"start":{"line":17,"column":13},"end":{"line":17,"column":29}}},"fnMap":{"0":{"name":"(anonymous_0)","decl":{"start":{"line":17,"column":29},"end":{"line":17,"column":30}},"loc":{"start":{"line":20,"column":27},"end":{"line":40,"column":1}}},"1":{"name":"(anonymous_1)","decl":{"start":{"line":24,"column":35},"end":{"line":24,"column":38}},"loc":{"start":{"line":24,"column":40},"end":{"line":26,"column":3}}},"2":{"name":"(anonymous_2)","decl":{"start":{"line":29,"column":12},"end":{"line":29,"column":15}},"loc":{"start":{"line":29,"column":17},"end":{"line":37,"column":3}}},"3":{"name":"(anonymous_3)","decl":{"start":{"line":35,"column":13},"end":{"line":35,"column":16}},"loc":{"start":{"line":35,"column":19},"end":{"line":35,"column":77}}}},"branchMap":{"0":{"loc":{"start":{"line":25,"column":15},"end":{"line":25,"column":57}},"type":"cond-expr","locations":[{"start":{"line":25,"column":28},"end":{"line":25,"column":50}},{"start":{"line":25,"column":53},"end":{"line":25,"column":57}}]},"1":{"loc":{"start":{"line":30,"column":4},"end":{"line":36,"column":null}},"type":"if","locations":[{"start":{"line":30,"column":4},"end":{"line":36,"column":null}}]}},"s":{"0":3,"1":3,"2":3,"3":39,"4":39,"5":39,"6":2,"7":39,"8":21,"9":2,"10":2,"11":2,"12":2,"13":2,"14":39,"15":3},"f":{"0":39,"1":2,"2":21,"3":2},"b":{"0":[2,0],"1":[2]}}
,"/Users/Vamsi/random-hacks/my-react-app/src/hooks/useWindowSize.ts": {"path":"/Users/Vamsi/random-hacks/my-react-app/src/hooks/useWindowSize.ts","statementMap":{"0":{"start":{"line":1,"column":0},"end":{"line":1,"column":44}},"1":{"start":{"line":3,"column":29},"end":{"line":20,"column":1}},"2":{"start":{"line":4,"column":28},"end":{"line":4,"column":39}},"3":{"start":{"line":5,"column":30},"end":{"line":5,"column":41}},"4":{"start":{"line":7,"column":2},"end":{"line":17,"column":28}},"5":{"start":{"line":8,"column":21},"end":{"line":11,"column":5}},"6":{"start":{"line":9,"column":6},"end":{"line":9,"column":34}},"7":{"start":{"line":10,"column":6},"end":{"line":10,"column":36}},"8":{"start":{"line":13,"column":4},"end":{"line":13,"column":48}},"9":{"start":{"line":14,"column":4},"end":{"line":14,"column":15}},"10":{"start":{"line":16,"column":4},"end":{"line":16,"column":64}},"11":{"start":{"line":16,"column":17},"end":{"line":16,"column":63}},"12":{"start":{"line":19,"column":2},"end":{"line":19,"column":27}},"13":{"start":{"line":3,"column":13},"end":{"line":3,"column":29}}},"fnMap":{"0":{"name":"(anonymous_0)","decl":{"start":{"line":3,"column":29},"end":{"line":3,"column":32}},"loc":{"start":{"line":3,"column":34},"end":{"line":20,"column":1}}},"1":{"name":"(anonymous_1)","decl":{"start":{"line":7,"column":12},"end":{"line":7,"column":15}},"loc":{"start":{"line":7,"column":17},"end":{"line":17,"column":3}}},"2":{"name":"(anonymous_2)","decl":{"start":{"line":8,"column":21},"end":{"line":8,"column":24}},"loc":{"start":{"line":8,"column":26},"end":{"line":11,"column":5}}},"3":{"name":"(anonymous_3)","decl":{"start":{"line":16,"column":11},"end":{"line":16,"column":14}},"loc":{"start":{"line":16,"column":17},"end":{"line":16,"column":63}}}},"branchMap":{},"s":{"0":3,"1":3,"2":5,"3":5,"4":5,"5":2,"6":3,"7":3,"8":2,"9":2,"10":2,"11":2,"12":5,"13":3},"f":{"0":5,"1":2,"2":3,"3":2},"b":{}}
,"/Users/Vamsi/random-hacks/my-react-app/src/hooks/useWrapperElement.ts": {"path":"/Users/Vamsi/random-hacks/my-react-app/src/hooks/useWrapperElement.ts","statementMap":{"0":{"start":{"line":1,"column":0},"end":{"line":1,"column":33}},"1":{"start":{"line":3,"column":0},"end":{"line":3,"column":30}},"2":{"start":{"line":4,"column":0},"end":{"line":4,"column":38}},"3":{"start":{"line":6,"column":0},"end":{"line":6,"column":58}},"4":{"start":{"line":8,"column":33},"end":{"line":46,"column":1}},"5":{"start":{"line":12,"column":46},"end":{"line":13,"column":null}},"6":{"start":{"line":16,"column":2},"end":{"line":43,"column":25}},"7":{"start":{"line":17,"column":26},"end":{"line":17,"column":52}},"8":{"start":{"line":18,"column":20},"end":{"line":20,"column":36}},"9":{"start":{"line":22,"column":4},"end":{"line":24,"column":null}},"10":{"start":{"line":23,"column":6},"end":{"line":23,"column":48}},"11":{"start":{"line":26,"column":4},"end":{"line":31,"column":null}},"12":{"start":{"line":27,"column":30},"end":{"line":27,"column":48}},"13":{"start":{"line":28,"column":6},"end":{"line":30,"column":null}},"14":{"start":{"line":29,"column":8},"end":{"line":29,"column":62}},"15":{"start":{"line":33,"column":4},"end":{"line":33,"column":31}},"16":{"start":{"line":34,"column":20},"end":{"line":40,"column":5}},"17":{"start":{"line":35,"column":6},"end":{"line":37,"column":null}},"18":{"start":{"line":36,"column":8},"end":{"line":36,"column":50}},"19":{"start":{"line":39,"column":6},"end":{"line":39,"column":23}},"20":{"start":{"line":42,"column":4},"end":{"line":42,"column":19}},"21":{"start":{"line":45,"column":2},"end":{"line":45,"column":24}},"22":{"start":{"line":8,"column":13},"end":{"line":8,"column":33}}},"fnMap":{"0":{"name":"(anonymous_0)","decl":{"start":{"line":8,"column":33},"end":{"line":8,"column":null}},"loc":{"start":{"line":11,"column":4},"end":{"line":46,"column":1}}},"1":{"name":"(anonymous_1)","decl":{"start":{"line":16,"column":18},"end":{"line":16,"column":21}},"loc":{"start":{"line":16,"column":23},"end":{"line":43,"column":3}}},"2":{"name":"(anonymous_2)","decl":{"start":{"line":34,"column":20},"end":{"line":34,"column":23}},"loc":{"start":{"line":34,"column":25},"end":{"line":40,"column":5}}}},"branchMap":{"0":{"loc":{"start":{"line":18,"column":20},"end":{"line":20,"column":36}},"type":"cond-expr","locations":[{"start":{"line":19,"column":8},"end":{"line":19,"column":33}},{"start":{"line":20,"column":8},"end":{"line":20,"column":36}}]},"1":{"loc":{"start":{"line":22,"column":4},"end":{"line":24,"column":null}},"type":"if","locations":[{"start":{"line":22,"column":4},"end":{"line":24,"column":null}}]},"2":{"loc":{"start":{"line":26,"column":4},"end":{"line":31,"column":null}},"type":"if","locations":[{"start":{"line":26,"column":4},"end":{"line":31,"column":null}}]},"3":{"loc":{"start":{"line":26,"column":8},"end":{"line":26,"column":53}},"type":"binary-expr","locations":[{"start":{"line":26,"column":8},"end":{"line":26,"column":13}},{"start":{"line":26,"column":17},"end":{"line":26,"column":35}},{"start":{"line":26,"column":39},"end":{"line":26,"column":53}}]},"4":{"loc":{"start":{"line":35,"column":6},"end":{"line":37,"column":null}},"type":"if","locations":[{"start":{"line":35,"column":6},"end":{"line":37,"column":null}}]}},"s":{"0":19,"1":19,"2":19,"3":19,"4":19,"5":12,"6":12,"7":6,"8":6,"9":6,"10":3,"11":6,"12":2,"13":2,"14":6,"15":6,"16":6,"17":6,"18":3,"19":6,"20":6,"21":12,"22":19},"f":{"0":12,"1":6,"2":6},"b":{"0":[3,3],"1":[3],"2":[2],"3":[6,2,2],"4":[3]}}
,"/Users/Vamsi/random-hacks/my-react-app/src/reboot/lightTheme.ts": {"path":"/Users/Vamsi/random-hacks/my-react-app/src/reboot/lightTheme.ts","statementMap":{"0":{"start":{"line":1,"column":13},"end":{"line":415,"column":2}}},"fnMap":{},"branchMap":{},"s":{"0":200},"f":{},"b":{}}
}
