TN:
SF:src/App.tsx
FN:15,App
FNF:1
FNH:0
FNDA:0,App
DA:13,0
DA:16,0
DA:19,0
LF:3
LH:0
BRF:0
BRH:0
end_of_record
TN:
SF:src/createRenderer.ts
FN:8,(anonymous_0)
FNF:1
FNH:0
FNDA:0,(anonymous_0)
DA:1,0
DA:2,0
DA:3,0
DA:4,0
DA:5,0
DA:6,0
DA:8,0
DA:9,0
DA:10,0
LF:9
LH:0
BRF:0
BRH:0
end_of_record
TN:
SF:src/dom.ts
FN:1,(anonymous_0)
FN:2,(anonymous_1)
FN:4,(anonymous_2)
FN:10,(anonymous_3)
FN:14,(anonymous_4)
FN:18,(anonymous_5)
FNF:6
FNH:6
FNDA:3,(anonymous_0)
FNDA:6,(anonymous_1)
FNDA:2,(anonymous_2)
FNDA:3,(anonymous_3)
FNDA:2,(anonymous_4)
FNDA:2,(anonymous_5)
DA:1,20
DA:2,20
DA:4,20
DA:5,2
DA:6,2
DA:7,2
DA:10,20
DA:11,3
DA:14,20
DA:15,2
DA:18,20
DA:19,2
DA:20,2
DA:25,20
DA:26,20
DA:27,20
DA:28,20
DA:29,20
DA:30,20
LF:19
LH:19
BRDA:10,0,0,2
BRDA:14,1,0,1
BRDA:19,2,0,2
BRF:3
BRH:3
end_of_record
TN:
SF:src/main.tsx
FN:17,(anonymous_4)
FN:31,(anonymous_5)
FNF:2
FNH:0
FNDA:0,(anonymous_4)
FNDA:0,(anonymous_5)
DA:1,0
DA:2,0
DA:4,0
DA:5,0
DA:7,0
DA:8,0
DA:10,0
DA:11,0
DA:13,0
DA:14,0
DA:16,0
DA:17,0
DA:18,0
DA:20,0
DA:21,0
DA:23,0
DA:25,0
DA:26,0
DA:27,0
DA:29,0
DA:31,0
DA:32,0
DA:33,0
DA:35,0
DA:36,0
DA:38,0
DA:40,0
DA:41,0
DA:43,0
DA:45,0
DA:46,0
DA:47,0
DA:49,0
DA:50,0
DA:52,0
DA:53,0
DA:54,0
DA:55,0
LF:38
LH:0
BRF:0
BRH:0
end_of_record
TN:
SF:src/utils.ts
FN:10,(anonymous_0)
FN:17,(anonymous_1)
FN:36,(anonymous_2)
FN:51,(anonymous_3)
FN:61,(anonymous_4)
FN:70,(anonymous_5)
FN:99,(anonymous_6)
FN:101,(anonymous_7)
FN:104,isArray
FN:113,(anonymous_9)
FN:116,(anonymous_10)
FN:118,(anonymous_11)
FN:129,(anonymous_12)
FN:136,(anonymous_13)
FN:144,(anonymous_14)
FN:148,(anonymous_15)
FN:158,(anonymous_16)
FN:159,(anonymous_17)
FN:166,(anonymous_18)
FN:168,(anonymous_19)
FN:177,(anonymous_20)
FN:181,(anonymous_21)
FN:191,(anonymous_22)
FN:206,(anonymous_23)
FN:217,(anonymous_24)
FN:259,(anonymous_25)
FN:272,(anonymous_26)
FN:284,(anonymous_27)
FNF:28
FNH:28
FNDA:40,(anonymous_0)
FNDA:40,(anonymous_1)
FNDA:32,(anonymous_2)
FNDA:128,(anonymous_3)
FNDA:70,(anonymous_4)
FNDA:5,(anonymous_5)
FNDA:22,(anonymous_6)
FNDA:31,(anonymous_7)
FNDA:8,isArray
FNDA:31,(anonymous_9)
FNDA:9,(anonymous_10)
FNDA:14,(anonymous_11)
FNDA:28,(anonymous_12)
FNDA:19,(anonymous_13)
FNDA:24,(anonymous_14)
FNDA:116,(anonymous_15)
FNDA:79,(anonymous_16)
FNDA:255,(anonymous_17)
FNDA:44,(anonymous_18)
FNDA:206,(anonymous_19)
FNDA:21,(anonymous_20)
FNDA:93,(anonymous_21)
FNDA:22,(anonymous_22)
FNDA:33,(anonymous_23)
FNDA:21,(anonymous_24)
FNDA:44,(anonymous_25)
FNDA:41,(anonymous_26)
FNDA:1,(anonymous_27)
DA:1,71
DA:10,71
DA:11,40
DA:17,71
DA:18,40
DA:20,40
DA:36,71
DA:37,32
DA:39,32
DA:40,4
DA:43,32
DA:51,71
DA:52,128
DA:61,71
DA:62,70
DA:70,71
DA:74,5
DA:75,2
DA:78,3
DA:79,3
DA:81,3
DA:82,4
DA:83,3
DA:87,3
DA:99,71
DA:100,22
DA:101,71
DA:102,31
DA:105,8
DA:113,71
DA:114,31
DA:116,71
DA:118,71
DA:119,14
DA:120,14
DA:129,71
DA:136,71
DA:144,71
DA:145,24
DA:148,116
DA:158,71
DA:159,255
DA:166,71
DA:167,44
DA:168,206
DA:177,71
DA:180,21
DA:181,93
DA:191,71
DA:195,22
DA:197,22
DA:198,110
DA:199,110
DA:200,110
DA:203,22
DA:204,22
DA:206,33
DA:207,22
DA:217,71
DA:218,21
DA:219,21
DA:220,1
DA:221,1
DA:224,20
DA:225,25
DA:228,20
DA:231,71
DA:239,71
DA:259,71
DA:263,44
DA:264,4
DA:269,40
DA:272,71
DA:273,41
DA:274,38
DA:277,3
DA:278,3
DA:281,0
DA:284,71
DA:287,71
DA:288,71
DA:289,71
DA:290,71
DA:291,71
DA:292,71
DA:293,71
DA:294,71
DA:295,71
DA:296,71
DA:297,71
DA:298,71
DA:299,71
DA:300,71
DA:301,71
DA:302,71
DA:303,71
DA:304,71
DA:305,71
DA:306,71
DA:307,71
DA:308,71
DA:309,71
LF:102
LH:101
BRDA:11,0,0,0
BRDA:11,0,1,40
BRDA:39,1,0,4
BRDA:43,2,0,10
BRDA:43,2,1,22
BRDA:52,3,0,128
BRDA:52,3,1,120
BRDA:62,4,0,70
BRDA:62,4,1,70
BRDA:62,4,2,68
BRDA:74,5,0,2
BRDA:74,6,0,5
BRDA:74,6,1,4
BRDA:82,7,0,3
BRDA:102,8,0,31
BRDA:102,8,1,26
BRDA:102,8,2,25
BRDA:114,9,0,31
BRDA:114,9,1,24
BRDA:114,9,2,3
BRDA:148,10,0,116
BRDA:148,10,1,78
BRDA:159,11,0,255
BRDA:159,11,1,125
BRDA:168,12,0,206
BRDA:168,12,1,163
BRDA:181,13,0,93
BRDA:181,13,1,57
BRDA:219,14,0,1
BRDA:263,15,0,4
BRDA:264,16,0,3
BRDA:264,16,1,1
BRDA:273,17,0,38
BRDA:277,18,0,3
BRF:34
BRH:33
end_of_record
TN:
SF:src/components/CloseButton.tsx
FN:6,(anonymous_0)
FN:48,(anonymous_1)
FN:63,(anonymous_2)
FN:74,(anonymous_3)
FNF:4
FNH:4
FNDA:29,(anonymous_0)
FNDA:29,(anonymous_1)
FNDA:29,(anonymous_2)
FNDA:29,(anonymous_3)
DA:2,3
DA:3,3
DA:6,3
DA:7,29
DA:14,29
DA:48,3
DA:49,29
DA:63,3
DA:64,29
DA:74,3
DA:80,29
DA:81,29
DA:86,29
LF:13
LH:13
BRDA:49,0,0,22
BRDA:49,0,1,7
BRDA:64,1,0,2
BRDA:64,1,1,27
BRDA:75,2,0,7
BRDA:76,3,0,27
BRDA:77,4,0,27
BRF:7
BRH:7
end_of_record
TN:
SF:src/components/Portal.tsx
FN:10,(anonymous_0)
FNF:1
FNH:1
FNDA:4,(anonymous_0)
DA:1,16
DA:2,16
DA:10,16
DA:11,4
DA:13,4
DA:14,2
DA:17,2
LF:7
LH:7
BRDA:10,0,0,4
BRDA:13,1,0,2
BRF:2
BRH:2
end_of_record
TN:
SF:src/components/Accordion/Accordion.tsx
FN:7,(anonymous_0)
FNF:1
FNH:1
FNDA:4,(anonymous_0)
DA:1,1
DA:3,1
DA:7,1
DA:12,4
DA:14,4
DA:20,4
LF:6
LH:6
BRDA:9,0,0,2
BRF:1
BRH:1
end_of_record
TN:
SF:src/components/Accordion/AccordionContext.tsx
FNF:0
FNH:0
DA:1,2
DA:11,2
LF:2
LH:2
BRF:0
BRH:0
end_of_record
TN:
SF:src/components/Accordion/AccordionPanel.tsx
FN:19,(anonymous_0)
FN:26,(anonymous_1)
FN:35,(anonymous_2)
FN:43,(anonymous_3)
FN:69,(anonymous_4)
FN:100,(anonymous_5)
FN:106,(anonymous_6)
FN:111,(anonymous_7)
FN:111,(anonymous_8)
FNF:9
FNH:9
FNDA:40,(anonymous_0)
FNDA:40,(anonymous_1)
FNDA:40,(anonymous_2)
FNDA:40,(anonymous_3)
FNDA:40,(anonymous_4)
FNDA:21,(anonymous_5)
FNDA:19,(anonymous_6)
FNDA:2,(anonymous_7)
FNDA:2,(anonymous_8)
DA:2,2
DA:4,2
DA:8,2
DA:9,2
DA:10,2
DA:19,40
DA:26,2
DA:27,40
DA:35,2
DA:36,40
DA:43,2
DA:48,40
DA:49,18
DA:52,22
DA:58,22
DA:59,4
DA:62,22
DA:63,4
DA:66,22
DA:69,2
DA:76,40
DA:77,40
DA:83,40
DA:85,40
DA:91,40
DA:98,40
DA:100,40
DA:101,21
DA:102,4
DA:106,40
DA:107,19
DA:110,40
DA:111,2
DA:118,40
LF:34
LH:34
BRDA:27,0,0,8
BRDA:27,0,1,32
BRDA:36,1,0,8
BRDA:36,1,1,32
BRDA:48,2,0,18
BRDA:58,3,0,4
BRDA:62,4,0,4
BRDA:70,5,0,38
BRDA:71,6,0,12
BRDA:72,7,0,12
BRDA:80,8,0,0
BRDA:101,9,0,4
BRF:12
BRH:11
end_of_record
TN:
SF:src/components/Accordion/AccordionPanelContent.tsx
FN:7,(anonymous_0)
FN:25,(anonymous_1)
FNF:2
FNH:2
FNDA:48,(anonymous_0)
FNDA:48,(anonymous_1)
DA:1,3
DA:3,3
DA:4,3
DA:7,3
DA:8,48
DA:13,48
DA:14,22
DA:17,48
DA:18,8
DA:19,8
DA:22,48
DA:25,3
DA:34,48
DA:35,48
DA:36,48
DA:37,48
LF:16
LH:16
BRDA:7,0,0,0
BRDA:7,1,0,0
BRDA:7,2,0,0
BRDA:10,3,0,12
BRDA:10,3,1,36
BRDA:13,4,0,22
BRDA:17,5,0,8
BRDA:26,6,0,48
BRDA:31,7,0,2
BRDA:32,8,0,2
BRDA:33,9,0,2
BRF:11
BRH:8
end_of_record
TN:
SF:src/components/Accordion/AccordionPanelContext.ts
FNF:0
FNH:0
DA:1,4
DA:10,4
LF:2
LH:2
BRF:0
BRH:0
end_of_record
TN:
SF:src/components/Accordion/AccordionPanelHeader.tsx
FN:9,(anonymous_0)
FNF:1
FNH:1
FNDA:38,(anonymous_0)
DA:1,3
DA:2,3
DA:3,3
DA:4,3
DA:5,3
DA:6,3
DA:9,3
DA:13,38
DA:14,38
DA:15,38
DA:20,38
LF:11
LH:11
BRDA:10,0,0,38
BRF:1
BRH:1
end_of_record
TN:
SF:src/components/Accordion/ToggleButton.tsx
FN:5,(anonymous_0)
FN:60,(anonymous_1)
FNF:2
FNH:2
FNDA:48,(anonymous_0)
FNDA:48,(anonymous_1)
DA:1,4
DA:3,4
DA:5,4
DA:6,48
DA:35,48
DA:36,10
DA:37,10
DA:38,10
DA:41,48
DA:42,10
DA:43,10
DA:46,48
DA:47,6
DA:48,6
DA:51,48
DA:60,4
DA:67,48
DA:68,48
DA:69,48
LF:19
LH:19
BRDA:5,0,0,0
BRDA:5,1,0,0
BRDA:5,2,0,0
BRDA:35,3,0,10
BRDA:41,4,0,10
BRDA:46,5,0,6
BRDA:46,6,0,48
BRDA:46,6,1,8
BRDA:61,7,0,6
BRDA:62,8,0,8
BRDA:63,9,0,6
BRF:11
BRH:8
end_of_record
TN:
SF:src/components/Accordion/ToggleIcon.tsx
FN:4,(anonymous_0)
FN:26,(anonymous_1)
FNF:2
FNH:2
FNDA:42,(anonymous_0)
FNDA:42,(anonymous_1)
DA:2,4
DA:4,4
DA:5,42
DA:19,42
DA:20,8
DA:23,42
DA:26,4
DA:27,42
DA:28,42
DA:29,42
LF:10
LH:10
BRDA:4,0,0,0
BRDA:19,1,0,8
BRDA:26,2,0,2
BRF:3
BRH:2
end_of_record
TN:
SF:src/components/Accordion/getPanelKey.ts
FN:1,(anonymous_0)
FNF:1
FNH:1
FNDA:1,(anonymous_0)
DA:1,3
DA:3,3
LF:2
LH:2
BRF:0
BRH:0
end_of_record
TN:
SF:src/components/Alert/Alert.tsx
FN:60,(anonymous_0)
FN:80,(anonymous_1)
FN:93,(anonymous_2)
FNF:3
FNH:2
FNDA:38,(anonymous_0)
FNDA:41,(anonymous_1)
FNDA:0,(anonymous_2)
DA:1,2
DA:2,2
DA:23,2
DA:33,2
DA:43,2
DA:53,2
DA:60,2
DA:61,38
DA:80,2
DA:89,41
DA:90,3
DA:93,38
DA:94,38
DA:97,38
DA:98,38
DA:100,38
LF:16
LH:16
BRDA:82,0,0,22
BRDA:83,1,0,0
BRDA:84,2,0,10
BRDA:86,3,0,8
BRDA:89,4,0,3
BRDA:94,5,0,38
BRDA:94,5,1,17
BRDA:98,6,0,38
BRDA:98,6,1,19
BRDA:102,7,0,20
BRDA:102,7,1,18
BRF:11
BRH:10
end_of_record
TN:
SF:src/components/Alert/HeaderAlert.tsx
FN:6,(anonymous_0)
FN:10,(anonymous_1)
FNF:2
FNH:1
FNDA:21,(anonymous_0)
FNDA:0,(anonymous_1)
DA:1,2
DA:2,2
DA:3,2
DA:4,2
DA:6,2
DA:10,0
DA:15,21
DA:26,21
DA:27,2
DA:31,19
DA:32,19
DA:34,19
LF:12
LH:11
BRDA:7,0,0,21
BRDA:9,1,0,10
BRDA:10,2,0,18
BRDA:11,3,0,0
BRDA:12,4,0,7
BRDA:26,5,0,2
BRF:6
BRH:5
end_of_record
TN:
SF:src/components/Alert/Sticky.tsx
FN:4,(anonymous_0)
FNF:1
FNH:1
FNDA:20,(anonymous_0)
DA:2,3
DA:4,3
DA:8,20
DA:9,20
DA:15,20
DA:16,20
LF:6
LH:6
BRDA:5,0,0,1
BRF:1
BRH:1
end_of_record
TN:
SF:src/components/Alert/index.tsx
FN:4,(anonymous_0)
FN:4,(anonymous_1)
FNF:2
FNH:2
FNDA:22,(anonymous_0)
FNDA:21,(anonymous_1)
DA:1,2
DA:2,2
DA:4,24
LF:3
LH:3
BRF:0
BRH:0
end_of_record
TN:
SF:src/components/Badge/Badge.tsx
FN:20,(anonymous_0)
FN:23,(anonymous_1)
FN:33,(anonymous_2)
FN:46,(anonymous_3)
FN:71,(anonymous_4)
FN:76,(anonymous_5)
FNF:6
FNH:6
FNDA:32,(anonymous_0)
FNDA:32,(anonymous_1)
FNDA:32,(anonymous_2)
FNDA:32,(anonymous_3)
FNDA:32,(anonymous_4)
FNDA:32,(anonymous_5)
DA:1,2
DA:4,2
DA:20,2
DA:21,32
DA:23,2
DA:24,32
DA:33,2
DA:34,32
DA:46,2
DA:47,32
DA:51,32
DA:71,32
DA:76,2
DA:86,32
DA:93,32
DA:101,32
LF:16
LH:16
BRDA:21,0,0,2
BRDA:21,0,1,30
BRDA:24,1,0,1
BRDA:24,1,1,31
BRDA:34,2,0,1
BRDA:34,2,1,31
BRDA:47,3,0,9
BRDA:47,3,1,23
BRDA:78,4,0,32
BRDA:79,5,0,30
BRDA:80,6,0,31
BRDA:81,7,0,31
BRDA:82,8,0,23
BRDA:83,9,0,6
BRDA:99,10,0,32
BRDA:99,10,1,32
BRF:16
BRH:16
end_of_record
TN:
SF:src/components/Badge/mappings.ts
FNF:0
FNH:0
DA:4,2
DA:11,2
DA:18,2
DA:25,2
DA:31,2
DA:41,2
LF:6
LH:6
BRF:0
BRH:0
end_of_record
TN:
SF:src/components/Blockquote/Blockquote.tsx
FN:13,(anonymous_0)
FN:22,(anonymous_1)
FN:32,(anonymous_2)
FNF:3
FNH:3
FNDA:12,(anonymous_0)
FNDA:8,(anonymous_1)
FNDA:12,(anonymous_2)
DA:2,1
DA:13,12
DA:22,8
DA:32,1
DA:39,12
DA:40,12
DA:42,12
DA:43,8
DA:69,4
LF:9
LH:9
BRDA:34,0,0,4
BRDA:35,1,0,3
BRDA:36,2,0,12
BRDA:37,3,0,8
BRDA:42,4,0,8
BRDA:56,5,0,4
BRDA:56,5,1,4
BRF:7
BRH:7
end_of_record
TN:
SF:src/components/Breadcrumb/ActiveItem.tsx
FN:4,(anonymous_0)
FN:11,(anonymous_1)
FNF:2
FNH:2
FNDA:14,(anonymous_0)
FNDA:14,(anonymous_1)
DA:1,4
DA:2,4
DA:4,14
DA:11,4
DA:12,14
DA:13,14
DA:14,14
LF:7
LH:7
BRDA:11,0,0,2
BRF:1
BRH:1
end_of_record
TN:
SF:src/components/Breadcrumb/Breadcrumb.tsx
FN:15,(anonymous_0)
FN:23,(anonymous_1)
FNF:2
FNH:2
FNDA:10,(anonymous_0)
FNDA:30,(anonymous_1)
DA:1,1
DA:2,1
DA:15,1
DA:21,10
DA:24,30
LF:5
LH:5
BRDA:16,0,0,10
BRDA:17,1,0,10
BRDA:18,2,0,10
BRDA:19,3,0,0
BRF:4
BRH:3
end_of_record
TN:
SF:src/components/Breadcrumb/Divider.tsx
FN:3,(anonymous_0)
FNF:1
FNH:1
FNDA:27,(anonymous_0)
DA:1,5
DA:3,5
DA:4,27
DA:5,27
DA:10,27
LF:5
LH:5
BRDA:3,0,0,1
BRF:1
BRH:1
end_of_record
TN:
SF:src/components/Breadcrumb/Item.tsx
FN:15,(anonymous_0)
FN:23,(anonymous_1)
FNF:2
FNH:2
FNDA:12,(anonymous_0)
FNDA:35,(anonymous_1)
DA:2,3
DA:3,3
DA:4,3
DA:5,3
DA:15,3
DA:16,12
DA:23,3
DA:32,35
DA:33,35
DA:35,35
DA:36,12
DA:39,23
DA:40,12
DA:43,11
LF:14
LH:14
BRDA:24,0,0,3
BRDA:25,1,0,3
BRDA:28,2,0,5
BRDA:29,3,0,35
BRDA:35,4,0,12
BRDA:39,5,0,12
BRF:6
BRH:6
end_of_record
TN:
SF:src/components/Breadcrumb/Wrapper.tsx
FN:11,(anonymous_0)
FN:42,(anonymous_1)
FNF:2
FNH:2
FNDA:11,(anonymous_0)
FNDA:11,(anonymous_1)
DA:1,2
DA:11,2
DA:15,11
DA:22,11
DA:31,11
DA:32,0
DA:35,11
DA:36,0
DA:39,11
DA:42,2
DA:48,11
DA:53,11
DA:54,11
LF:13
LH:11
BRDA:12,0,0,0
BRDA:13,1,0,0
BRDA:31,2,0,0
BRDA:35,3,0,0
BRDA:43,4,0,0
BRDA:44,5,0,0
BRF:6
BRH:0
end_of_record
TN:
SF:src/components/Button/Button.tsx
FN:217,(anonymous_0)
FN:279,(anonymous_1)
FN:354,(anonymous_2)
FN:415,(anonymous_3)
FNF:4
FNH:4
FNDA:786,(anonymous_0)
FNDA:786,(anonymous_1)
FNDA:786,(anonymous_2)
FNDA:786,(anonymous_3)
DA:3,47
DA:4,47
DA:39,47
DA:49,47
DA:59,47
DA:69,47
DA:90,47
DA:96,47
DA:106,47
DA:116,47
DA:126,47
DA:136,47
DA:146,47
DA:156,47
DA:166,47
DA:176,47
DA:186,47
DA:196,47
DA:217,47
DA:220,786
DA:272,786
DA:273,1
DA:276,786
DA:279,47
DA:284,786
DA:285,710
DA:288,76
DA:298,76
DA:308,76
DA:318,76
DA:319,76
DA:321,76
DA:347,76
DA:348,0
DA:351,76
DA:354,47
DA:363,786
DA:364,786
DA:365,64
DA:380,786
DA:381,8
DA:384,786
DA:385,786
DA:386,786
DA:389,786
DA:390,3
DA:391,3
DA:392,3
DA:395,786
DA:396,3
DA:397,3
DA:398,3
DA:401,786
DA:402,21
DA:405,786
DA:406,14
DA:407,14
DA:408,14
DA:411,786
DA:414,47
DA:436,786
DA:450,786
DA:453,786
DA:455,786
DA:470,47
LF:65
LH:64
BRDA:272,0,0,1
BRDA:280,1,0,0
BRDA:281,2,0,0
BRDA:282,3,0,0
BRDA:284,4,0,710
BRDA:347,5,0,0
BRDA:355,6,0,0
BRDA:356,7,0,0
BRDA:357,8,0,0
BRDA:358,9,0,0
BRDA:359,10,0,0
BRDA:360,11,0,0
BRDA:361,12,0,0
BRDA:364,13,0,64
BRDA:380,14,0,8
BRDA:384,15,0,786
BRDA:384,16,0,786
BRDA:384,16,1,765
BRDA:389,17,0,3
BRDA:395,18,0,3
BRDA:401,19,0,21
BRDA:405,20,0,14
BRDA:405,21,0,786
BRDA:405,21,1,21
BRDA:419,22,0,779
BRDA:420,23,0,778
BRDA:421,24,0,722
BRDA:423,25,0,245
BRDA:424,26,0,585
BRDA:425,27,0,642
BRDA:426,28,0,709
BRDA:427,29,0,785
BRDA:428,30,0,765
BRDA:429,31,0,765
BRDA:430,32,0,777
BRDA:431,33,0,765
BRDA:451,34,0,786
BRDA:451,34,1,244
BRDA:453,35,0,786
BRDA:453,35,1,672
BRDA:459,36,0,8
BRDA:459,36,1,778
BRF:42
BRH:31
end_of_record
TN:
SF:src/components/Button/ButtonGroup.tsx
FN:7,(anonymous_0)
FN:27,(anonymous_1)
FNF:2
FNH:2
FNDA:22,(anonymous_0)
FNDA:22,(anonymous_1)
DA:2,44
DA:7,44
DA:8,22
DA:14,22
DA:15,15
DA:18,22
DA:19,7
DA:20,7
DA:21,7
DA:24,22
DA:27,44
DA:33,22
DA:34,22
DA:35,22
LF:14
LH:14
BRDA:7,0,0,0
BRDA:14,1,0,15
BRDA:18,2,0,7
BRDA:28,3,0,15
BRDA:29,4,0,22
BRF:5
BRH:4
end_of_record
TN:
SF:src/components/Button/ButtonToolbar.tsx
FN:4,(anonymous_0)
FNF:1
FNH:1
FNDA:1,(anonymous_0)
DA:1,43
DA:4,43
DA:9,1
DA:10,1
DA:15,1
LF:5
LH:5
BRDA:5,0,0,1
BRF:1
BRH:1
end_of_record
TN:
SF:src/components/Button/ToggleButton.tsx
FN:112,(anonymous_0)
FN:118,(anonymous_1)
FN:130,(anonymous_2)
FN:155,(anonymous_3)
FN:164,(anonymous_4)
FN:183,(anonymous_5)
FN:193,(anonymous_6)
FN:199,(anonymous_7)
FNF:8
FNH:7
FNDA:116,(anonymous_0)
FNDA:116,(anonymous_1)
FNDA:116,(anonymous_2)
FNDA:116,(anonymous_3)
FNDA:116,(anonymous_4)
FNDA:116,(anonymous_5)
FNDA:0,(anonymous_6)
FNDA:28,(anonymous_7)
DA:1,44
DA:3,44
DA:4,44
DA:6,44
DA:12,44
DA:22,44
DA:32,44
DA:42,44
DA:52,44
DA:62,44
DA:72,44
DA:82,44
DA:92,44
DA:102,44
DA:112,116
DA:118,116
DA:130,44
DA:135,116
DA:155,44
DA:156,116
DA:164,44
DA:169,116
DA:183,44
DA:193,0
DA:196,116
DA:197,116
DA:199,116
DA:200,28
DA:201,28
DA:202,28
DA:205,116
DA:213,116
DA:219,116
DA:223,116
LF:34
LH:33
BRDA:118,0,0,0
BRDA:118,1,0,0
BRDA:122,2,0,45
BRDA:122,2,1,71
BRDA:131,3,0,0
BRDA:132,4,0,0
BRDA:133,5,0,0
BRDA:135,6,0,37
BRDA:135,6,1,79
BRDA:138,7,0,14
BRDA:138,7,1,23
BRDA:142,8,0,14
BRDA:142,8,1,23
BRDA:145,9,0,14
BRDA:145,9,1,23
BRDA:155,10,0,0
BRDA:156,11,0,38
BRDA:156,11,1,78
BRDA:165,12,0,0
BRDA:166,13,0,0
BRDA:167,14,0,0
BRDA:169,15,0,0
BRDA:169,15,1,116
BRDA:171,16,0,0
BRDA:171,16,1,0
BRDA:176,17,0,0
BRDA:176,17,1,0
BRDA:186,18,0,116
BRDA:187,19,0,91
BRDA:189,20,0,29
BRDA:190,21,0,71
BRDA:191,22,0,65
BRDA:192,23,0,78
BRDA:193,24,0,96
BRDA:200,25,0,28
BRDA:200,25,1,0
BRDA:201,26,0,28
BRDA:201,26,1,0
BRF:38
BRH:22
end_of_record
TN:
SF:src/components/Button/ToggleButtonGroup.tsx
FN:17,(anonymous_0)
FN:23,(anonymous_1)
FN:33,(anonymous_2)
FNF:3
FNH:3
FNDA:6,(anonymous_0)
FNDA:1,(anonymous_1)
FNDA:15,(anonymous_2)
DA:1,43
DA:2,43
DA:17,43
DA:22,6
DA:23,6
DA:24,1
DA:27,6
DA:28,1
DA:31,5
DA:34,15
LF:10
LH:10
BRDA:18,0,0,0
BRDA:20,1,0,2
BRDA:27,2,0,1
BRF:3
BRH:2
end_of_record
TN:
SF:src/components/Button/index.ts
FN:12,(anonymous_0)
FN:13,(anonymous_1)
FN:14,(anonymous_2)
FN:15,(anonymous_3)
FN:16,(anonymous_4)
FNF:5
FNH:1
FNDA:591,(anonymous_0)
FNDA:0,(anonymous_1)
FNDA:0,(anonymous_2)
FNDA:0,(anonymous_3)
FNDA:0,(anonymous_4)
DA:1,42
DA:2,42
DA:3,42
DA:4,42
DA:5,42
DA:12,633
DA:13,42
DA:14,42
DA:15,42
DA:16,42
LF:10
LH:10
BRF:0
BRH:0
end_of_record
TN:
SF:src/components/Card/Body.tsx
FN:12,(anonymous_0)
FN:22,(anonymous_1)
FNF:2
FNH:2
FNDA:13,(anonymous_0)
FNDA:13,(anonymous_1)
DA:1,2
DA:3,2
DA:5,2
DA:12,13
DA:22,2
DA:29,13
DA:30,13
DA:33,13
LF:8
LH:8
BRDA:23,0,0,13
BRDA:25,1,0,13
BRDA:26,2,0,13
BRDA:31,3,0,13
BRDA:31,3,1,13
BRF:5
BRH:5
end_of_record
TN:
SF:src/components/Card/Card.tsx
FN:18,(anonymous_0)
FN:41,(anonymous_1)
FNF:2
FNH:2
FNDA:12,(anonymous_0)
FNDA:12,(anonymous_1)
DA:1,1
DA:11,1
DA:18,1
DA:21,12
DA:41,1
DA:48,12
DA:50,12
DA:51,12
LF:8
LH:8
BRDA:19,0,0,12
BRDA:20,1,0,0
BRDA:42,2,0,12
BRDA:45,3,0,12
BRDA:50,4,0,12
BRDA:50,4,1,12
BRF:6
BRH:5
end_of_record
TN:
SF:src/components/Card/Footer.tsx
FN:4,(anonymous_0)
FN:15,(anonymous_1)
FNF:2
FNH:2
FNDA:1,(anonymous_0)
FNDA:1,(anonymous_1)
DA:1,1
DA:4,1
DA:5,1
DA:6,1
DA:15,1
DA:16,1
DA:17,1
DA:18,1
LF:8
LH:8
BRDA:17,0,0,1
BRDA:17,0,1,0
BRF:2
BRH:1
end_of_record
TN:
SF:src/components/Card/Header.tsx
FN:7,(anonymous_0)
FN:25,(anonymous_1)
FNF:2
FNH:2
FNDA:4,(anonymous_0)
FNDA:4,(anonymous_1)
DA:1,2
DA:7,2
DA:8,4
DA:10,4
DA:18,4
DA:19,3
DA:22,4
DA:25,2
DA:31,4
DA:32,4
DA:33,4
LF:11
LH:11
BRDA:7,0,0,0
BRDA:18,1,0,3
BRDA:27,2,0,4
BRDA:28,3,0,3
BRDA:32,4,0,4
BRDA:32,4,1,4
BRF:6
BRH:5
end_of_record
TN:
SF:src/components/Card/Image.tsx
FN:11,(anonymous_0)
FN:12,(anonymous_1)
FN:14,(anonymous_2)
FN:17,(anonymous_3)
FNF:4
FNH:4
FNDA:7,(anonymous_0)
FNDA:7,(anonymous_1)
FNDA:7,(anonymous_2)
FNDA:7,(anonymous_3)
DA:1,2
DA:3,2
DA:11,7
DA:12,2
DA:13,7
DA:14,2
DA:15,7
DA:17,2
DA:23,7
DA:24,7
DA:25,7
LF:11
LH:11
BRDA:13,0,0,3
BRDA:13,0,1,4
BRDA:15,1,0,3
BRDA:15,1,1,4
BRDA:18,2,0,7
BRDA:24,3,0,7
BRDA:24,3,1,7
BRF:7
BRH:7
end_of_record
TN:
SF:src/components/Card/Subtitle.tsx
FN:14,(anonymous_0)
FN:22,(anonymous_1)
FNF:2
FNH:2
FNDA:6,(anonymous_0)
FNDA:6,(anonymous_1)
DA:2,2
DA:14,2
DA:16,6
DA:22,2
DA:29,6
DA:30,6
DA:31,6
DA:32,6
LF:8
LH:8
BRDA:15,0,0,0
BRDA:23,1,0,5
BRDA:29,2,0,6
BRDA:29,2,1,2
BRDA:31,3,0,6
BRDA:31,3,1,6
BRF:6
BRH:5
end_of_record
TN:
SF:src/components/Card/Text.tsx
FN:4,(anonymous_0)
FNF:1
FNH:1
FNDA:9,(anonymous_0)
DA:1,2
DA:4,2
DA:9,9
DA:10,9
DA:13,9
LF:5
LH:5
BRDA:5,0,0,8
BRDA:11,1,0,9
BRDA:11,1,1,8
BRF:3
BRH:3
end_of_record
TN:
SF:src/components/Card/Title.tsx
FN:7,(anonymous_0)
FN:14,(anonymous_1)
FNF:2
FNH:2
FNDA:7,(anonymous_0)
FNDA:7,(anonymous_1)
DA:1,2
DA:2,2
DA:7,2
DA:8,7
DA:14,2
DA:21,7
DA:22,7
DA:24,7
LF:8
LH:8
BRDA:15,0,0,0
BRDA:16,1,0,7
BRDA:17,2,0,7
BRDA:22,3,0,7
BRDA:22,3,1,7
BRF:5
BRH:4
end_of_record
TN:
SF:src/components/Card/imageStyle.ts
FN:11,(anonymous_0)
FN:42,(anonymous_1)
FN:53,(anonymous_2)
FNF:3
FNH:3
FNDA:11,(anonymous_0)
FNDA:15,(anonymous_1)
FNDA:15,(anonymous_2)
DA:4,4
DA:11,4
DA:16,11
DA:17,4
DA:23,7
DA:24,4
DA:30,3
DA:31,2
DA:39,1
DA:42,4
DA:43,15
DA:53,4
DA:54,15
DA:61,4
LF:14
LH:14
BRDA:16,0,0,4
BRDA:23,1,0,4
BRDA:30,2,0,2
BRDA:43,3,0,1
BRDA:43,3,1,14
BRDA:54,4,0,1
BRDA:54,4,1,14
BRF:7
BRH:7
end_of_record
TN:
SF:src/components/Caret/Caret.tsx
FN:12,(anonymous_0)
FNF:1
FNH:1
FNDA:375,(anonymous_0)
DA:1,7
DA:2,7
DA:3,7
DA:4,7
DA:12,7
DA:17,375
DA:19,5
DA:22,15
DA:25,15
DA:28,340
LF:10
LH:10
BRDA:13,0,0,1
BRDA:14,1,0,367
BRDA:17,2,0,5
BRDA:17,2,1,15
BRDA:17,2,2,15
BRDA:17,2,3,340
BRF:6
BRH:6
end_of_record
TN:
SF:src/components/Caret/CaretDown.tsx
FN:4,(anonymous_0)
FN:15,(anonymous_1)
FNF:2
FNH:2
FNDA:340,(anonymous_0)
FNDA:340,(anonymous_1)
DA:1,7
DA:4,340
DA:15,7
DA:16,340
DA:17,340
LF:5
LH:5
BRDA:15,0,0,0
BRF:1
BRH:0
end_of_record
TN:
SF:src/components/Caret/CaretEnd.tsx
FN:4,(anonymous_0)
FN:15,(anonymous_1)
FNF:2
FNH:2
FNDA:15,(anonymous_0)
FNDA:15,(anonymous_1)
DA:1,7
DA:4,15
DA:15,7
DA:16,15
DA:17,15
LF:5
LH:5
BRDA:15,0,0,0
BRF:1
BRH:0
end_of_record
TN:
SF:src/components/Caret/CaretStart.tsx
FN:4,(anonymous_0)
FN:16,(anonymous_1)
FNF:2
FNH:2
FNDA:15,(anonymous_0)
FNDA:15,(anonymous_1)
DA:1,7
DA:4,15
DA:16,7
DA:17,15
DA:18,15
LF:5
LH:5
BRDA:16,0,0,0
BRF:1
BRH:0
end_of_record
TN:
SF:src/components/Caret/CaretUp.tsx
FN:4,(anonymous_0)
FN:15,(anonymous_1)
FNF:2
FNH:2
FNDA:5,(anonymous_0)
FNDA:5,(anonymous_1)
DA:1,7
DA:4,7
DA:15,7
DA:16,5
DA:17,5
LF:5
LH:5
BRDA:15,0,0,0
BRF:1
BRH:0
end_of_record
TN:
SF:src/components/Carousel/AutoplayControls.tsx
FN:13,(anonymous_0)
FN:21,(anonymous_1)
FNF:2
FNH:2
FNDA:6,(anonymous_0)
FNDA:28,(anonymous_1)
DA:1,2
DA:2,2
DA:3,2
DA:13,6
DA:21,2
DA:28,28
DA:30,28
DA:31,22
DA:34,6
DA:35,6
LF:10
LH:10
BRDA:22,0,0,28
BRDA:23,1,0,1
BRDA:24,2,0,1
BRDA:25,3,0,5
BRDA:30,4,0,22
BRDA:37,5,0,4
BRDA:37,5,1,2
BRF:7
BRH:7
end_of_record
TN:
SF:src/components/Carousel/Caption.tsx
FN:4,(anonymous_0)
FN:27,(anonymous_1)
FNF:2
FNH:2
FNDA:14,(anonymous_0)
FNDA:14,(anonymous_1)
DA:1,4
DA:2,4
DA:4,14
DA:27,4
DA:32,14
DA:33,14
DA:34,14
LF:7
LH:7
BRDA:28,0,0,14
BRF:1
BRH:1
end_of_record
TN:
SF:src/components/Carousel/Carousel.tsx
FN:27,(anonymous_0)
FN:41,(anonymous_1)
FN:42,(anonymous_2)
FN:45,(anonymous_3)
FN:49,(anonymous_4)
FN:53,(anonymous_5)
FN:57,(anonymous_6)
FN:61,(anonymous_7)
FN:61,(anonymous_8)
FN:91,(anonymous_9)
FN:104,(anonymous_10)
FNF:11
FNH:9
FNDA:23,(anonymous_0)
FNDA:0,(anonymous_1)
FNDA:0,(anonymous_2)
FNDA:2,(anonymous_3)
FNDA:2,(anonymous_4)
FNDA:1,(anonymous_5)
FNDA:1,(anonymous_6)
FNDA:36,(anonymous_7)
FNDA:4,(anonymous_8)
FNDA:36,(anonymous_9)
FNDA:69,(anonymous_10)
DA:1,1
DA:2,1
DA:3,1
DA:4,1
DA:5,1
DA:6,1
DA:7,1
DA:8,1
DA:9,1
DA:11,1
DA:17,1
DA:27,1
DA:34,23
DA:35,23
DA:36,23
DA:38,23
DA:39,23
DA:41,23
DA:42,0
DA:45,23
DA:46,2
DA:47,2
DA:48,2
DA:49,2
DA:53,23
DA:54,1
DA:55,1
DA:56,1
DA:57,1
DA:61,36
DA:62,4
DA:63,1
DA:66,3
DA:67,1
DA:68,1
DA:71,3
DA:72,2
DA:73,2
DA:76,3
DA:79,23
DA:87,23
DA:92,36
DA:105,69
LF:43
LH:42
BRDA:28,0,0,0
BRDA:29,1,0,11
BRDA:30,2,0,21
BRDA:31,3,0,21
BRDA:46,4,0,2
BRDA:54,5,0,1
BRDA:62,6,0,1
BRDA:66,7,0,1
BRDA:71,8,0,2
BRDA:89,9,0,12
BRDA:89,9,1,11
BRDA:108,10,0,23
BRDA:108,10,1,46
BRF:13
BRH:12
end_of_record
TN:
SF:src/components/Carousel/Control.tsx
FN:15,(anonymous_0)
FN:61,(anonymous_1)
FNF:2
FNH:2
FNDA:61,(anonymous_0)
FNDA:61,(anonymous_1)
DA:2,2
DA:3,2
DA:5,2
DA:15,2
DA:16,61
DA:49,61
DA:51,31
DA:52,31
DA:54,30
DA:55,30
DA:58,61
DA:61,2
DA:68,61
DA:69,61
DA:70,61
LF:15
LH:15
BRDA:49,0,0,31
BRDA:49,0,1,30
BRDA:64,1,0,61
BRDA:65,2,0,13
BRF:4
BRH:4
end_of_record
TN:
SF:src/components/Carousel/Icon.tsx
FN:11,(anonymous_0)
FN:23,(anonymous_1)
FNF:2
FNH:2
FNDA:66,(anonymous_0)
FNDA:66,(anonymous_1)
DA:1,3
DA:4,3
DA:11,3
DA:12,66
DA:23,3
DA:32,66
DA:33,66
DA:35,66
LF:8
LH:8
BRDA:24,0,0,66
BRF:1
BRH:1
end_of_record
TN:
SF:src/components/Carousel/Indicator.tsx
FN:7,(anonymous_0)
FN:29,(anonymous_1)
FNF:2
FNH:2
FNDA:41,(anonymous_0)
FNDA:41,(anonymous_1)
DA:1,3
DA:2,3
DA:7,41
DA:29,3
DA:35,41
DA:36,41
DA:37,41
LF:7
LH:7
BRDA:22,0,0,15
BRDA:22,0,1,26
BRDA:30,1,0,41
BRDA:31,2,0,2
BRF:4
BRH:4
end_of_record
TN:
SF:src/components/Carousel/Indicators.tsx
FN:4,(anonymous_0)
FN:18,(anonymous_1)
FNF:2
FNH:2
FNDA:14,(anonymous_0)
FNDA:14,(anonymous_1)
DA:1,2
DA:4,14
DA:18,2
DA:19,14
DA:20,14
DA:21,14
LF:6
LH:6
BRDA:18,0,0,14
BRF:1
BRH:1
end_of_record
TN:
SF:src/components/Carousel/Item.tsx
FN:14,(anonymous_0)
FN:27,(anonymous_1)
FN:45,(anonymous_2)
FNF:3
FNH:3
FNDA:81,(anonymous_0)
FNDA:81,(anonymous_1)
FNDA:81,(anonymous_2)
DA:2,3
DA:3,3
DA:14,81
DA:27,3
DA:28,81
DA:37,81
DA:38,31
DA:39,31
DA:42,81
DA:45,3
DA:55,81
DA:56,81
DA:57,81
LF:13
LH:13
BRDA:16,0,0,31
BRDA:16,0,1,50
BRDA:37,1,0,31
BRDA:42,2,0,2
BRDA:42,2,1,79
BRDA:46,3,0,12
BRDA:47,4,0,4
BRDA:48,5,0,79
BRDA:66,6,0,81
BRDA:66,6,1,13
BRDA:66,6,2,13
BRF:11
BRH:11
end_of_record
TN:
SF:src/components/Carousel/Items.tsx
FN:4,(anonymous_0)
FN:10,(anonymous_1)
FNF:2
FNH:2
FNDA:27,(anonymous_0)
FNDA:27,(anonymous_1)
DA:2,2
DA:4,27
DA:10,2
DA:11,27
DA:12,27
DA:14,27
LF:6
LH:6
BRDA:10,0,0,27
BRF:1
BRH:1
end_of_record
TN:
SF:src/components/Carousel/PauseButton.tsx
FN:5,(anonymous_0)
FN:20,(anonymous_1)
FNF:2
FNH:2
FNDA:10,(anonymous_0)
FNDA:8,(anonymous_1)
DA:1,4
DA:2,4
DA:3,4
DA:5,4
DA:6,10
DA:20,4
DA:26,8
DA:27,8
DA:28,8
LF:9
LH:9
BRDA:23,0,0,4
BRF:1
BRH:1
end_of_record
TN:
SF:src/components/Carousel/PlayButton.tsx
FN:5,(anonymous_0)
FN:22,(anonymous_1)
FNF:2
FNH:2
FNDA:8,(anonymous_0)
FNDA:6,(anonymous_1)
DA:1,4
DA:2,4
DA:3,4
DA:5,4
DA:6,8
DA:22,4
DA:28,6
DA:29,6
DA:30,6
LF:9
LH:9
BRDA:25,0,0,4
BRF:1
BRH:1
end_of_record
TN:
SF:src/components/Carousel/Wrapper.tsx
FN:4,(anonymous_0)
FNF:1
FNH:1
FNDA:24,(anonymous_0)
DA:2,2
DA:4,2
DA:5,24
DA:6,24
DA:7,24
LF:5
LH:5
BRDA:4,0,0,24
BRF:1
BRH:1
end_of_record
TN:
SF:src/components/Carousel/animations.ts
FN:2,(anonymous_0)
FN:13,(anonymous_1)
FN:26,(anonymous_2)
FN:38,(anonymous_3)
FNF:4
FNH:4
FNDA:4,(anonymous_0)
FNDA:4,(anonymous_1)
FNDA:2,(anonymous_2)
FNDA:2,(anonymous_3)
DA:2,4
DA:13,4
DA:26,2
DA:38,2
DA:50,1
LF:5
LH:5
BRF:0
BRH:0
end_of_record
TN:
SF:src/components/Carousel/useAutoplay.ts
FN:13,(anonymous_0)
FN:20,(anonymous_1)
FN:24,(anonymous_2)
FN:25,(anonymous_3)
FN:29,(anonymous_4)
FNF:5
FNH:5
FNDA:23,(anonymous_0)
FNDA:16,(anonymous_1)
FNDA:1,(anonymous_2)
FNDA:1,(anonymous_3)
FNDA:16,(anonymous_4)
DA:1,1
DA:13,1
DA:20,23
DA:23,16
DA:24,2
DA:25,1
DA:29,16
DA:32,23
LF:8
LH:8
BRDA:14,0,0,0
BRDA:16,1,0,0
BRDA:17,2,0,0
BRDA:18,3,0,0
BRDA:23,4,0,2
BRF:5
BRH:1
end_of_record
TN:
SF:src/components/Collapse/Collapse.tsx
FN:9,(anonymous_0)
FNF:1
FNH:0
FNDA:0,(anonymous_0)
DA:2,5
DA:3,5
DA:9,5
DA:20,0
DA:24,0
DA:33,0
LF:6
LH:3
BRDA:11,0,0,0
BRDA:15,1,0,0
BRDA:19,2,0,0
BRF:3
BRH:0
end_of_record
TN:
SF:src/components/Collapse/CollapseContext.ts
FN:15,(anonymous_0)
FNF:1
FNH:0
FNDA:0,(anonymous_0)
DA:1,10
DA:12,10
DA:15,0
LF:3
LH:2
BRF:0
BRH:0
end_of_record
TN:
SF:src/components/Collapse/Content.tsx
FN:11,(anonymous_0)
FN:21,(anonymous_1)
FNF:2
FNH:2
FNDA:53,(anonymous_0)
FNDA:53,(anonymous_1)
DA:2,9
DA:3,9
DA:4,9
DA:6,9
DA:11,53
DA:21,9
DA:28,53
DA:29,53
DA:31,53
DA:32,53
DA:33,2
DA:49,51
LF:12
LH:12
BRDA:22,0,0,47
BRDA:23,1,0,39
BRDA:24,2,0,51
BRDA:26,3,0,53
BRDA:32,4,0,2
BRF:5
BRH:5
end_of_record
TN:
SF:src/components/Collapse/Target.tsx
FN:4,(anonymous_0)
FNF:1
FNH:1
FNDA:3,(anonymous_0)
DA:1,6
DA:2,6
DA:4,6
DA:8,3
DA:9,3
DA:10,3
LF:6
LH:6
BRDA:9,0,0,3
BRDA:9,0,1,3
BRF:2
BRH:2
end_of_record
TN:
SF:src/components/Collapse/index.ts
FN:7,(anonymous_0)
FN:7,(anonymous_1)
FN:7,(anonymous_2)
FN:7,(anonymous_3)
FN:7,(anonymous_4)
FNF:5
FNH:3
FNDA:0,(anonymous_0)
FNDA:12,(anonymous_1)
FNDA:16,(anonymous_2)
FNDA:2,(anonymous_3)
FNDA:0,(anonymous_4)
DA:1,5
DA:2,5
DA:3,5
DA:4,5
DA:5,5
DA:7,21
LF:6
LH:6
BRF:0
BRH:0
end_of_record
TN:
SF:src/components/Collapse/useCollapse.ts
FN:4,(anonymous_0)
FN:12,(anonymous_1)
FN:22,(anonymous_2)
FN:24,(anonymous_3)
FN:31,(anonymous_4)
FN:41,(anonymous_5)
FN:42,(anonymous_6)
FN:43,(anonymous_7)
FNF:8
FNH:4
FNDA:37,(anonymous_0)
FNDA:14,(anonymous_1)
FNDA:23,(anonymous_2)
FNDA:0,(anonymous_3)
FNDA:0,(anonymous_4)
FNDA:37,(anonymous_5)
FNDA:0,(anonymous_6)
FNDA:0,(anonymous_7)
DA:1,7
DA:4,7
DA:5,37
DA:6,37
DA:8,37
DA:12,37
DA:13,14
DA:14,14
DA:15,14
DA:16,14
DA:19,0
DA:22,37
DA:23,23
DA:24,0
DA:25,0
DA:26,0
DA:29,0
DA:31,0
DA:34,23
DA:37,37
DA:38,37
DA:40,37
DA:41,37
DA:43,0
LF:24
LH:17
BRDA:4,0,0,0
BRDA:9,1,0,27
BRDA:9,1,1,10
BRDA:13,2,0,14
BRDA:15,3,0,5
BRDA:15,3,1,9
BRDA:23,4,0,0
BRDA:23,5,0,23
BRDA:23,5,1,23
BRDA:23,5,2,0
BRF:10
BRH:7
end_of_record
TN:
SF:src/components/Dropdown/Dropdown.tsx
FN:24,(anonymous_0)
FNF:1
FNH:1
FNDA:312,(anonymous_0)
DA:3,5
DA:4,5
DA:5,5
DA:24,5
DA:34,312
DA:46,312
DA:48,312
LF:7
LH:7
BRDA:25,0,0,0
BRDA:27,1,0,0
BRDA:28,2,0,0
BRDA:29,3,0,0
BRDA:30,4,0,0
BRDA:31,5,0,0
BRDA:58,6,0,312
BRDA:58,6,1,309
BRDA:58,6,2,0
BRF:9
BRH:2
end_of_record
TN:
SF:src/components/Dropdown/DropdownContext.tsx
FNF:0
FNH:0
DA:1,8
DA:14,8
LF:2
LH:2
BRF:0
BRH:0
end_of_record
TN:
SF:src/components/Dropdown/DropdownDivider.tsx
FN:6,(anonymous_0)
FNF:1
FNH:1
FNDA:4,(anonymous_0)
DA:1,8
DA:6,8
DA:10,4
DA:11,4
DA:17,4
LF:5
LH:5
BRDA:7,0,0,4
BRDA:21,1,0,4
BRDA:21,1,1,4
BRF:3
BRH:3
end_of_record
TN:
SF:src/components/Dropdown/DropdownHeader.tsx
FN:4,(anonymous_0)
FNF:1
FNH:1
FNDA:11,(anonymous_0)
DA:1,8
DA:2,8
DA:4,8
DA:10,11
DA:11,11
DA:20,11
LF:6
LH:6
BRDA:5,0,0,2
BRDA:6,1,0,11
BRDA:25,2,0,11
BRDA:25,2,1,2
BRF:4
BRH:4
end_of_record
TN:
SF:src/components/Dropdown/DropdownItem.tsx
FN:16,(anonymous_0)
FN:43,(anonymous_1)
FN:55,(anonymous_2)
FN:68,(anonymous_3)
FN:82,(anonymous_4)
FNF:5
FNH:5
FNDA:542,(anonymous_0)
FNDA:542,(anonymous_1)
FNDA:542,(anonymous_2)
FNDA:542,(anonymous_3)
FNDA:1,(anonymous_4)
DA:1,8
DA:2,8
DA:3,8
DA:5,8
DA:16,8
DA:17,542
DA:18,542
DA:20,542
DA:43,8
DA:44,542
DA:45,40
DA:52,502
DA:55,8
DA:56,542
DA:57,18
DA:65,524
DA:68,8
DA:73,542
DA:75,542
DA:77,542
DA:78,542
DA:79,542
DA:80,542
DA:82,542
DA:83,542
DA:85,542
DA:86,542
DA:88,542
LF:28
LH:28
BRDA:44,0,0,40
BRDA:56,1,0,18
BRDA:70,2,0,0
BRDA:79,3,0,40
BRDA:79,3,1,502
BRDA:80,4,0,542
BRDA:80,4,1,40
BRF:7
BRH:6
end_of_record
TN:
SF:src/components/Dropdown/DropdownList.tsx
FN:42,(anonymous_0)
FN:65,(anonymous_1)
FN:77,(anonymous_2)
FN:86,(anonymous_3)
FN:102,(anonymous_4)
FNF:5
FNH:5
FNDA:316,(anonymous_0)
FNDA:316,(anonymous_1)
FNDA:316,(anonymous_2)
FNDA:316,(anonymous_3)
FNDA:316,(anonymous_4)
DA:1,6
DA:8,6
DA:10,6
DA:17,6
DA:18,6
DA:42,6
DA:43,316
DA:65,6
DA:66,316
DA:67,155
DA:70,161
DA:77,6
DA:78,316
DA:86,6
DA:101,316
DA:102,316
DA:103,316
DA:105,316
DA:125,6
LF:19
LH:19
BRDA:65,0,0,0
BRDA:66,1,0,155
BRDA:77,2,0,0
BRDA:95,3,0,0
BRDA:107,4,0,316
BRDA:107,4,1,152
BRF:6
BRH:3
end_of_record
TN:
SF:src/components/Dropdown/DropdownMenu.tsx
FN:42,(anonymous_0)
FN:65,(anonymous_1)
FN:77,(anonymous_2)
FN:86,(anonymous_3)
FN:110,(anonymous_4)
FNF:5
FNH:5
FNDA:105,(anonymous_0)
FNDA:105,(anonymous_1)
FNDA:105,(anonymous_2)
FNDA:105,(anonymous_3)
FNDA:227,(anonymous_4)
DA:1,5
DA:2,5
DA:3,5
DA:4,5
DA:5,5
DA:6,5
DA:15,5
DA:42,5
DA:43,105
DA:65,5
DA:66,105
DA:67,52
DA:70,53
DA:77,5
DA:78,105
DA:86,5
DA:97,105
DA:98,105
DA:99,105
DA:111,227
DA:112,227
DA:117,227
DA:118,227
DA:120,7
DA:122,12
DA:128,0
DA:130,208
LF:27
LH:26
BRDA:65,0,0,0
BRDA:66,1,0,52
BRDA:77,2,0,0
BRDA:87,3,0,105
BRDA:88,4,0,71
BRDA:89,5,0,89
BRDA:90,6,0,93
BRDA:91,7,0,91
BRDA:92,8,0,0
BRDA:93,9,0,52
BRDA:94,10,0,86
BRDA:95,11,0,0
BRDA:98,12,0,105
BRDA:98,12,1,71
BRDA:110,13,0,0
BRDA:110,14,0,11
BRDA:113,15,0,105
BRDA:113,15,1,122
BRDA:114,16,0,105
BRDA:114,16,1,122
BRDA:118,17,0,7
BRDA:118,17,1,12
BRDA:118,17,2,0
BRDA:118,17,3,208
BRF:24
BRH:18
end_of_record
TN:
SF:src/components/Dropdown/DropdownText.tsx
FN:6,(anonymous_0)
FNF:1
FNH:1
FNDA:4,(anonymous_0)
DA:1,8
DA:6,8
DA:11,4
DA:12,4
DA:18,4
LF:5
LH:5
BRDA:7,0,0,4
BRDA:22,1,0,4
BRDA:22,1,1,4
BRF:3
BRH:3
end_of_record
TN:
SF:src/components/Dropdown/DropdownToggle.tsx
FN:45,(anonymous_0)
FN:64,(anonymous_1)
FN:82,(anonymous_2)
FNF:3
FNH:3
FNDA:362,(anonymous_0)
FNDA:362,(anonymous_1)
FNDA:362,(anonymous_2)
DA:1,6
DA:3,6
DA:4,6
DA:5,6
DA:6,6
DA:7,6
DA:18,6
DA:45,6
DA:46,362
DA:64,6
DA:68,362
DA:69,354
DA:72,8
DA:73,8
DA:82,6
DA:95,362
DA:96,362
DA:98,362
DA:99,362
DA:100,362
DA:102,362
DA:103,173
DA:123,189
DA:144,6
LF:24
LH:24
BRDA:65,0,0,0
BRDA:66,1,0,0
BRDA:68,2,0,354
BRDA:84,3,0,0
BRDA:87,4,0,0
BRDA:88,5,0,0
BRDA:91,6,0,0
BRDA:102,7,0,173
BRF:8
BRH:2
end_of_record
TN:
SF:src/components/Dropdown/getCaretStyle.ts
FN:4,(anonymous_0)
FN:12,(anonymous_1)
FNF:2
FNH:2
FNDA:362,(anonymous_0)
FNDA:362,(anonymous_1)
DA:4,6
DA:5,362
DA:6,24
DA:9,338
DA:12,6
DA:13,362
DA:14,12
DA:22,350
DA:23,12
DA:31,338
DA:34,6
LF:11
LH:11
BRDA:5,0,0,24
BRDA:5,1,0,362
BRDA:5,1,1,350
BRDA:13,2,0,12
BRDA:22,3,0,12
BRF:5
BRH:5
end_of_record
TN:
SF:src/components/Dropdown/index.ts
FN:3,(anonymous_0)
FNF:1
FNH:1
FNDA:34,(anonymous_0)
DA:1,2
DA:3,36
LF:2
LH:2
BRF:0
BRH:0
end_of_record
TN:
SF:src/components/Dropdown/mappings.ts
FNF:0
FNH:0
DA:4,7
DA:10,7
DA:18,7
DA:26,7
LF:4
LH:4
BRF:0
BRH:0
end_of_record
TN:
SF:src/components/Dropdown/useDropdownMenu.ts
FN:17,(anonymous_0)
FN:35,(anonymous_1)
FN:45,(anonymous_2)
FN:76,(anonymous_3)
FNF:4
FNH:3
FNDA:312,(anonymous_0)
FNDA:1,(anonymous_1)
FNDA:0,(anonymous_2)
FNDA:310,(anonymous_3)
DA:1,5
DA:12,5
DA:15,5
DA:17,5
DA:18,312
DA:19,312
DA:20,312
DA:21,312
DA:22,312
DA:24,312
DA:32,312
DA:33,312
DA:35,312
DA:36,1
DA:37,1
DA:39,1
DA:40,1
DA:44,312
DA:45,312
DA:46,0
DA:47,0
DA:49,0
DA:53,312
DA:60,312
DA:67,312
DA:68,312
DA:69,312
DA:71,312
DA:75,312
DA:76,310
LF:30
LH:27
BRDA:25,0,0,312
BRDA:25,0,1,0
BRDA:39,1,0,1
BRDA:46,2,0,0
BRDA:46,2,1,0
BRF:5
BRH:2
end_of_record
TN:
SF:src/components/Figure/Caption.tsx
FN:4,(anonymous_0)
FN:11,(anonymous_1)
FNF:2
FNH:2
FNDA:4,(anonymous_0)
FNDA:4,(anonymous_1)
DA:2,2
DA:4,4
DA:11,2
DA:16,4
DA:17,4
DA:18,4
LF:6
LH:6
BRDA:12,0,0,3
BRF:1
BRH:1
end_of_record
TN:
SF:src/components/Figure/Figure.tsx
FN:7,(anonymous_0)
FNF:1
FNH:1
FNDA:2,(anonymous_0)
DA:2,1
DA:3,1
DA:4,1
DA:7,1
DA:16,2
DA:17,2
DA:18,2
LF:7
LH:7
BRDA:9,0,0,2
BRDA:10,1,0,2
BRDA:11,2,0,2
BRDA:12,3,0,2
BRDA:13,4,0,2
BRF:5
BRH:5
end_of_record
TN:
SF:src/components/Flex/Box.tsx
FN:4,(anonymous_0)
FN:14,(anonymous_1)
FNF:2
FNH:2
FNDA:10,(anonymous_0)
FNDA:10,(anonymous_1)
DA:1,2
DA:4,10
DA:14,2
DA:15,10
DA:16,10
LF:5
LH:5
BRDA:14,0,0,10
BRF:1
BRH:1
end_of_record
TN:
SF:src/components/Flex/Column.tsx
FN:35,(anonymous_0)
FNF:1
FNH:1
FNDA:15,(anonymous_0)
DA:1,2
DA:2,2
DA:5,2
DA:7,2
DA:35,2
DA:51,15
DA:52,15
DA:68,15
DA:79,15
DA:80,15
DA:81,15
LF:11
LH:11
BRDA:38,0,0,0
BRDA:39,1,0,0
BRDA:40,2,0,15
BRDA:41,3,0,15
BRDA:42,4,0,15
BRDA:43,5,0,15
BRDA:44,6,0,15
BRDA:45,7,0,15
BRDA:46,8,0,15
BRDA:47,9,0,15
BRDA:53,10,0,0
BRDA:53,10,1,15
BRDA:53,11,0,15
BRDA:53,11,1,0
BRDA:79,12,0,15
BRDA:79,12,1,15
BRDA:80,13,0,15
BRDA:80,13,1,15
BRF:18
BRH:14
end_of_record
TN:
SF:src/components/Flex/Container.tsx
FN:14,(anonymous_0)
FN:30,(anonymous_1)
FN:52,(anonymous_2)
FN:101,none
FN:102,(anonymous_4)
FN:105,exactlyOne
FN:106,(anonymous_6)
FN:110,(anonymous_7)
FN:140,(anonymous_8)
FNF:9
FNH:9
FNDA:19,(anonymous_0)
FNDA:65,(anonymous_1)
FNDA:5,(anonymous_2)
FNDA:19,none
FNDA:73,(anonymous_4)
FNDA:9,exactlyOne
FNDA:45,(anonymous_6)
FNDA:19,(anonymous_7)
FNDA:19,(anonymous_8)
DA:1,3
DA:2,3
DA:14,19
DA:22,3
DA:30,3
DA:31,65
DA:32,65
DA:33,65
DA:52,3
DA:59,5
DA:60,5
DA:61,1
DA:70,5
DA:71,1
DA:79,5
DA:80,1
DA:87,5
DA:88,1
DA:94,5
DA:95,1
DA:98,5
DA:102,73
DA:106,45
DA:107,9
DA:110,3
DA:117,19
DA:118,10
DA:119,10
DA:122,9
DA:123,4
DA:126,5
DA:133,5
DA:134,5
DA:140,3
DA:152,19
DA:153,19
DA:154,15
LF:37
LH:37
BRDA:60,0,0,1
BRDA:70,1,0,1
BRDA:79,2,0,1
BRDA:87,3,0,1
BRDA:94,4,0,1
BRDA:111,5,0,0
BRDA:112,6,0,0
BRDA:113,7,0,0
BRDA:114,8,0,0
BRDA:115,9,0,0
BRDA:117,10,0,10
BRDA:122,11,0,4
BRDA:141,12,0,6
BRDA:142,13,0,19
BRDA:145,14,0,18
BRDA:146,15,0,14
BRDA:147,16,0,18
BRDA:148,17,0,14
BRDA:149,18,0,18
BRF:19
BRH:14
end_of_record
TN:
SF:src/components/Flex/LineBreak.tsx
FN:8,(anonymous_0)
FNF:1
FNH:1
FNDA:4,(anonymous_0)
DA:1,1
DA:8,1
DA:9,4
DA:10,4
LF:4
LH:4
BRDA:8,0,0,2
BRF:1
BRH:1
end_of_record
TN:
SF:src/components/Flex/Row.tsx
FN:24,(anonymous_0)
FN:36,(anonymous_1)
FN:59,(anonymous_2)
FNF:3
FNH:3
FNDA:15,(anonymous_0)
FNDA:15,(anonymous_1)
FNDA:15,(anonymous_2)
DA:3,2
DA:5,2
DA:7,2
DA:8,2
DA:9,2
DA:24,15
DA:36,2
DA:37,15
DA:38,15
DA:39,15
DA:40,15
DA:43,15
DA:44,15
DA:47,15
DA:48,15
DA:49,15
DA:50,15
DA:56,0
DA:59,2
DA:67,15
DA:68,15
DA:69,15
DA:70,15
DA:71,15
DA:72,15
DA:73,0
DA:74,0
DA:75,0
DA:76,0
DA:79,15
DA:80,15
DA:82,15
DA:83,15
DA:84,15
LF:34
LH:29
BRDA:36,0,0,0
BRDA:36,1,0,0
BRDA:38,2,0,15
BRDA:43,3,0,15
BRDA:47,4,0,15
BRDA:61,5,0,15
BRDA:64,6,0,15
BRDA:69,7,0,15
BRDA:69,7,1,0
BRDA:69,8,0,15
BRDA:69,8,1,15
BRDA:73,9,0,0
BRDA:74,10,0,0
BRDA:74,11,0,0
BRDA:75,12,0,0
BRDA:75,12,1,0
BRDA:76,13,0,0
BRDA:76,13,1,0
BRDA:82,14,0,15
BRDA:82,14,1,15
BRDA:83,15,0,15
BRDA:83,15,1,15
BRF:22
BRH:12
end_of_record
TN:
SF:src/components/Flex/RowContext.tsx
FNF:0
FNH:0
DA:1,2
DA:10,2
DA:11,2
LF:3
LH:3
BRF:0
BRH:0
end_of_record
TN:
SF:src/components/Flex/calc.ts
FN:6,(anonymous_0)
FN:34,(anonymous_1)
FN:38,(anonymous_2)
FNF:3
FNH:3
FNDA:22,(anonymous_0)
FNDA:32,(anonymous_1)
FNDA:65,(anonymous_2)
DA:1,4
DA:6,4
DA:7,22
DA:8,2
DA:11,20
DA:12,16
DA:15,4
DA:16,1
DA:19,3
DA:20,1
DA:23,2
DA:24,1
DA:27,1
DA:28,1
DA:31,0
DA:34,4
DA:35,32
DA:38,4
DA:42,65
DA:44,65
DA:45,4
DA:48,65
DA:49,32
DA:52,65
LF:24
LH:23
BRDA:6,0,0,1
BRDA:7,1,0,2
BRDA:11,2,0,16
BRDA:15,3,0,1
BRDA:19,4,0,1
BRDA:23,5,0,1
BRDA:27,6,0,1
BRDA:34,7,0,0
BRDA:34,8,0,0
BRDA:40,9,0,65
BRDA:44,10,0,4
BRDA:44,11,0,65
BRDA:44,11,1,37
BRDA:48,12,0,32
BRDA:48,13,0,65
BRDA:48,13,1,37
BRDA:48,13,2,33
BRF:17
BRH:15
end_of_record
TN:
SF:src/components/Flex/columnStyles.ts
FN:32,(anonymous_0)
FN:47,(anonymous_1)
FN:56,(anonymous_2)
FN:61,(anonymous_3)
FN:122,(anonymous_4)
FN:131,(anonymous_5)
FN:139,(anonymous_6)
FN:147,(anonymous_7)
FNF:8
FNH:8
FNDA:18,(anonymous_0)
FNDA:18,(anonymous_1)
FNDA:19,(anonymous_2)
FNDA:26,(anonymous_3)
FNDA:20,(anonymous_4)
FNDA:21,(anonymous_5)
FNDA:23,(anonymous_6)
FNDA:18,(anonymous_7)
DA:2,3
DA:12,3
DA:13,3
DA:22,3
DA:32,3
DA:33,18
DA:34,17
DA:41,1
DA:47,3
DA:48,18
DA:49,16
DA:50,16
DA:53,2
DA:56,3
DA:57,19
DA:58,19
DA:61,3
DA:68,26
DA:70,26
DA:71,16
DA:74,10
DA:75,6
DA:77,6
DA:78,30
DA:79,30
DA:81,30
DA:82,30
DA:83,5
DA:87,6
DA:90,4
DA:91,4
DA:93,4
DA:94,4
DA:96,4
DA:97,8
DA:98,8
DA:99,8
DA:100,8
DA:102,8
DA:103,8
DA:107,4
DA:108,4
DA:110,4
DA:111,4
DA:116,4
DA:119,0
DA:122,3
DA:123,20
DA:124,5
DA:125,5
DA:128,15
DA:131,3
DA:132,21
DA:133,6
DA:136,15
DA:139,3
DA:140,23
DA:141,8
DA:144,15
DA:147,3
DA:148,18
DA:150,18
DA:151,16
DA:152,16
DA:155,18
DA:156,16
DA:159,18
LF:67
LH:66
BRDA:33,0,0,17
BRDA:33,1,0,18
BRDA:33,1,1,2
BRDA:47,2,0,1
BRDA:48,3,0,16
BRDA:48,4,0,18
BRDA:48,4,1,18
BRDA:48,5,0,18
BRDA:48,5,1,1
BRDA:58,6,0,17
BRDA:58,6,1,2
BRDA:70,7,0,16
BRDA:74,8,0,6
BRDA:82,9,0,5
BRDA:90,10,0,4
BRDA:98,11,0,8
BRDA:98,12,0,8
BRDA:98,12,1,8
BRDA:102,13,0,8
BRDA:110,14,0,4
BRDA:123,15,0,5
BRDA:123,16,0,20
BRDA:123,16,1,5
BRDA:132,17,0,6
BRDA:132,18,0,21
BRDA:132,18,1,6
BRDA:140,19,0,8
BRDA:140,20,0,23
BRDA:140,20,1,8
BRDA:140,20,2,8
BRDA:147,21,0,2
BRDA:147,22,0,2
BRDA:150,23,0,16
BRDA:155,24,0,16
BRF:34
BRH:34
end_of_record
TN:
SF:src/components/Flex/index.ts
FN:5,(anonymous_0)
FN:5,(anonymous_1)
FN:5,(anonymous_2)
FNF:3
FNH:3
FNDA:15,(anonymous_0)
FNDA:6,(anonymous_1)
FNDA:15,(anonymous_2)
DA:1,2
DA:2,2
DA:3,2
DA:5,17
LF:4
LH:4
BRF:0
BRH:0
end_of_record
TN:
SF:src/components/Flex/mapping.ts
FN:39,(anonymous_0)
FNF:1
FNH:1
FNDA:8,(anonymous_0)
DA:5,3
DA:14,3
DA:23,3
DA:24,3
DA:26,3
DA:39,3
DA:40,8
DA:41,7
DA:43,6
LF:9
LH:9
BRDA:40,0,0,1
BRDA:41,1,0,1
BRF:2
BRH:2
end_of_record
TN:
SF:src/components/Flex/mediaQuery.ts
FN:12,(anonymous_0)
FN:24,(anonymous_1)
FN:33,(anonymous_2)
FN:36,(anonymous_3)
FN:44,(anonymous_4)
FN:47,(anonymous_5)
FN:48,(anonymous_6)
FN:60,(anonymous_7)
FNF:8
FNH:8
FNDA:145,(anonymous_0)
FNDA:80,(anonymous_1)
FNDA:15,(anonymous_2)
FNDA:75,(anonymous_3)
FNDA:21,(anonymous_4)
FNDA:43,(anonymous_5)
FNDA:25,(anonymous_6)
FNDA:25,(anonymous_7)
DA:2,16
DA:3,16
DA:12,16
DA:13,145
DA:15,16
DA:23,16
DA:24,80
DA:31,16
DA:33,16
DA:36,75
DA:41,15
DA:44,16
DA:45,21
DA:47,43
DA:48,16
DA:49,25
DA:60,16
DA:61,25
DA:62,1
DA:67,24
DA:68,24
DA:70,24
DA:71,1
DA:74,24
DA:75,24
DA:76,24
LF:26
LH:26
BRDA:61,0,0,1
BRDA:70,1,0,1
BRF:2
BRH:2
end_of_record
TN:
SF:src/components/Form/Checkbox/Check.tsx
FN:11,(anonymous_0)
FN:53,(anonymous_1)
FN:88,(anonymous_2)
FN:95,(anonymous_3)
FNF:4
FNH:3
FNDA:17,(anonymous_0)
FNDA:17,(anonymous_1)
FNDA:17,(anonymous_2)
FNDA:0,(anonymous_3)
DA:2,3
DA:4,3
DA:5,3
DA:6,3
DA:7,3
DA:11,17
DA:53,3
DA:54,17
DA:88,3
DA:95,0
DA:98,17
DA:99,17
DA:100,17
DA:102,17
LF:14
LH:13
BRDA:54,0,0,2
BRDA:54,0,1,15
BRDA:90,1,0,17
BRDA:91,2,0,7
BRDA:92,3,0,9
BRDA:93,4,0,13
BRDA:94,5,0,7
BRDA:95,6,0,16
BRF:8
BRH:8
end_of_record
TN:
SF:src/components/Form/Checkbox/Checkbox.tsx
FN:7,(anonymous_0)
FN:23,(anonymous_1)
FNF:2
FNH:2
FNDA:8,(anonymous_0)
FNDA:8,(anonymous_1)
DA:1,2
DA:2,2
DA:3,2
DA:7,8
DA:23,2
DA:37,8
DA:38,8
DA:39,8
LF:8
LH:8
BRDA:11,0,0,2
BRDA:11,0,1,6
BRDA:12,1,0,2
BRDA:12,1,1,6
BRDA:13,2,0,2
BRDA:13,2,1,6
BRDA:24,3,0,6
BRDA:25,4,0,6
BRDA:26,5,0,8
BRDA:32,6,0,8
BRDA:33,7,0,8
BRF:11
BRH:11
end_of_record
TN:
SF:src/components/Form/Checkbox/CheckboxStates.ts
FNF:0
FNH:0
DA:2,4
LF:1
LH:1
BRF:0
BRH:0
end_of_record
TN:
SF:src/components/Form/Checkbox/Label.tsx
FN:7,(anonymous_0)
FN:15,(anonymous_1)
FNF:2
FNH:2
FNDA:27,(anonymous_0)
FNDA:27,(anonymous_1)
DA:1,3
DA:2,3
DA:7,3
DA:8,27
DA:15,3
DA:21,27
DA:22,27
DA:23,27
LF:8
LH:8
BRDA:8,0,0,4
BRDA:8,0,1,23
BRDA:16,1,0,17
BRDA:17,2,0,12
BRF:4
BRH:4
end_of_record
TN:
SF:src/components/Form/Checkbox/index.ts
FN:5,(anonymous_0)
FN:5,(anonymous_1)
FN:5,(anonymous_2)
FNF:3
FNH:1
FNDA:0,(anonymous_0)
FNDA:0,(anonymous_1)
FNDA:15,(anonymous_2)
DA:1,1
DA:2,1
DA:3,1
DA:5,16
LF:4
LH:4
BRF:0
BRH:0
end_of_record
TN:
SF:src/components/Form/Checkbox/useCheckbox.ts
FN:4,(anonymous_0)
FN:12,(anonymous_1)
FNF:2
FNH:2
FNDA:22,(anonymous_0)
FNDA:14,(anonymous_1)
DA:1,4
DA:2,4
DA:4,4
DA:11,22
DA:12,22
DA:13,14
DA:14,14
DA:16,3
DA:18,3
DA:19,1
DA:22,3
DA:26,2
DA:27,2
DA:28,2
DA:31,2
DA:35,9
DA:36,9
DA:37,1
DA:39,9
DA:45,22
LF:20
LH:20
BRDA:13,0,0,14
BRDA:14,1,0,3
BRDA:14,1,1,2
BRDA:14,1,2,9
BRDA:18,2,0,1
BRDA:26,3,0,2
BRDA:36,4,0,1
BRF:7
BRH:7
end_of_record
TN:
SF:src/components/Form/Controls/ColorPicker.tsx
FN:5,(anonymous_0)
FN:43,(anonymous_1)
FN:45,(anonymous_2)
FN:65,(anonymous_3)
FN:83,(anonymous_4)
FNF:5
FNH:5
FNDA:10,(anonymous_0)
FNDA:10,(anonymous_1)
FNDA:10,(anonymous_2)
FNDA:10,(anonymous_3)
FNDA:2,(anonymous_4)
DA:1,1
DA:2,1
DA:5,10
DA:43,1
DA:44,10
DA:45,1
DA:46,10
DA:65,1
DA:75,10
DA:78,10
DA:80,10
DA:81,10
DA:83,10
DA:84,2
DA:85,1
DA:88,2
DA:89,1
DA:93,10
DA:99,10
LF:19
LH:19
BRDA:44,0,0,1
BRDA:44,0,1,9
BRDA:46,1,0,1
BRDA:46,1,1,9
BRDA:67,2,0,10
BRDA:70,3,0,7
BRDA:76,4,0,10
BRDA:76,4,1,3
BRDA:81,5,0,3
BRDA:81,5,1,7
BRDA:84,6,0,1
BRDA:88,7,0,1
BRF:12
BRH:12
end_of_record
TN:
SF:src/components/Form/Controls/FormText.tsx
FN:4,(anonymous_0)
FN:12,(anonymous_1)
FNF:2
FNH:2
FNDA:11,(anonymous_0)
FNDA:11,(anonymous_1)
DA:2,4
DA:4,11
DA:12,4
DA:19,11
DA:20,11
LF:5
LH:5
BRDA:14,0,0,11
BRF:1
BRH:1
end_of_record
TN:
SF:src/components/Form/Controls/Label.tsx
FN:4,(anonymous_0)
FN:14,(anonymous_1)
FNF:2
FNH:2
FNDA:111,(anonymous_0)
FNDA:111,(anonymous_1)
DA:2,15
DA:4,111
DA:14,15
DA:15,111
DA:16,111
LF:5
LH:5
BRDA:14,0,0,53
BRF:1
BRH:1
end_of_record
TN:
SF:src/components/Form/Controls/Range.tsx
FN:28,(anonymous_0)
FN:105,(anonymous_1)
FN:120,(anonymous_2)
FNF:3
FNH:3
FNDA:8,(anonymous_0)
FNDA:8,(anonymous_1)
FNDA:2,(anonymous_2)
DA:1,1
DA:7,1
DA:8,1
DA:28,8
DA:105,1
DA:114,8
DA:115,8
DA:117,8
DA:118,8
DA:120,8
DA:121,2
DA:122,1
DA:125,2
DA:126,1
DA:130,8
DA:131,8
LF:16
LH:16
BRDA:107,0,0,8
BRDA:118,1,0,2
BRDA:118,1,1,6
BRDA:121,2,0,1
BRDA:125,3,0,1
BRDA:133,4,0,8
BRDA:133,4,1,2
BRF:7
BRH:7
end_of_record
TN:
SF:src/components/Form/FileUploadField/FileUploadField.tsx
FN:6,(anonymous_0)
FN:16,(anonymous_1)
FNF:2
FNH:2
FNDA:10,(anonymous_0)
FNDA:10,(anonymous_1)
DA:2,1
DA:3,1
DA:4,1
DA:6,10
DA:16,1
DA:23,10
DA:24,10
DA:25,10
LF:8
LH:8
BRDA:19,0,0,10
BRDA:20,1,0,4
BRDA:27,2,0,10
BRDA:27,2,1,8
BRF:4
BRH:4
end_of_record
TN:
SF:src/components/Form/FileUploadField/FileUploadInput.tsx
FN:22,(anonymous_0)
FN:78,(anonymous_1)
FN:95,(anonymous_2)
FN:119,(anonymous_3)
FNF:4
FNH:4
FNDA:21,(anonymous_0)
FNDA:21,(anonymous_1)
FNDA:21,(anonymous_2)
FNDA:21,(anonymous_3)
DA:2,2
DA:3,2
DA:22,21
DA:78,2
DA:79,21
DA:95,2
DA:96,21
DA:119,2
DA:123,21
DA:124,21
DA:129,21
DA:141,2
LF:12
LH:12
BRDA:79,0,0,4
BRDA:79,0,1,17
BRDA:96,1,0,4
BRDA:96,1,1,17
BRDA:120,2,0,5
BRDA:120,3,0,21
BRF:6
BRH:6
end_of_record
TN:
SF:src/components/Form/Floating/index.ts
FNF:0
FNH:0
DA:1,4
DA:2,4
DA:3,4
LF:3
LH:3
BRF:0
BRH:0
end_of_record
TN:
SF:src/components/Form/Floating/InputGroup/GroupButton.tsx
FN:4,(anonymous_0)
FN:9,(anonymous_1)
FNF:2
FNH:2
FNDA:2,(anonymous_0)
FNDA:2,(anonymous_1)
DA:1,5
DA:2,5
DA:4,5
DA:9,5
DA:14,2
DA:15,2
LF:6
LH:6
BRDA:10,0,0,2
BRF:1
BRH:1
end_of_record
TN:
SF:src/components/Form/Floating/InputGroup/GroupText.tsx
FN:4,(anonymous_0)
FN:9,(anonymous_1)
FNF:2
FNH:2
FNDA:2,(anonymous_0)
FNDA:2,(anonymous_1)
DA:1,5
DA:2,5
DA:4,5
DA:9,5
DA:14,2
DA:15,2
LF:6
LH:6
BRDA:10,0,0,2
BRF:1
BRH:1
end_of_record
TN:
SF:src/components/Form/Floating/InputGroup/index.ts
FN:6,(anonymous_0)
FN:6,(anonymous_1)
FNF:2
FNH:0
FNDA:0,(anonymous_0)
FNDA:0,(anonymous_1)
DA:3,4
DA:4,4
DA:6,4
LF:3
LH:3
BRF:0
BRH:0
end_of_record
TN:
SF:src/components/Form/Floating/Select/Label.tsx
FN:5,(anonymous_0)
FN:36,(anonymous_1)
FN:45,(anonymous_2)
FNF:3
FNH:3
FNDA:18,(anonymous_0)
FNDA:18,(anonymous_1)
FNDA:18,(anonymous_2)
DA:1,6
DA:2,6
DA:5,18
DA:36,6
DA:37,18
DA:45,6
DA:51,18
DA:52,18
DA:56,18
LF:9
LH:9
BRDA:37,0,0,2
BRDA:37,0,1,16
BRDA:46,1,0,16
BRDA:48,2,0,18
BRF:4
BRH:4
end_of_record
TN:
SF:src/components/Form/Floating/Select/Select.tsx
FN:7,(anonymous_0)
FN:12,(anonymous_1)
FN:46,(anonymous_2)
FN:56,(anonymous_3)
FN:76,(anonymous_4)
FN:106,(anonymous_5)
FNF:6
FNH:6
FNDA:14,(anonymous_0)
FNDA:14,(anonymous_1)
FNDA:14,(anonymous_2)
FNDA:14,(anonymous_3)
FNDA:2,(anonymous_4)
FNDA:28,(anonymous_5)
DA:1,5
DA:3,5
DA:4,5
DA:5,5
DA:7,14
DA:12,14
DA:46,14
DA:56,5
DA:68,14
DA:69,14
DA:73,14
DA:74,14
DA:76,14
DA:77,2
DA:78,1
DA:81,2
DA:82,2
DA:86,14
DA:87,14
DA:107,28
LF:20
LH:20
BRDA:57,0,0,12
BRDA:58,1,0,14
BRDA:70,2,0,14
BRDA:70,2,1,9
BRDA:74,3,0,3
BRDA:74,3,1,11
BRDA:77,4,0,1
BRDA:81,5,0,2
BRF:8
BRH:8
end_of_record
TN:
SF:src/components/Form/Floating/TextField/FloatingTextContext.ts
FNF:0
FNH:0
DA:1,8
DA:19,8
LF:2
LH:2
BRF:0
BRH:0
end_of_record
TN:
SF:src/components/Form/Floating/TextField/FloatingTextField.tsx
FN:16,(anonymous_0)
FN:22,(anonymous_1)
FN:35,(anonymous_2)
FNF:3
FNH:3
FNDA:9,(anonymous_0)
FNDA:9,(anonymous_1)
FNDA:9,(anonymous_2)
DA:1,5
DA:3,5
DA:4,5
DA:16,9
DA:22,5
DA:23,9
DA:35,5
DA:42,9
DA:43,9
DA:44,9
DA:46,9
LF:11
LH:11
BRDA:23,0,0,0
BRDA:23,0,1,9
BRDA:36,1,0,9
BRDA:38,2,0,4
BRDA:39,3,0,4
BRDA:40,4,0,4
BRF:6
BRH:5
end_of_record
TN:
SF:src/components/Form/Floating/TextField/FloatingTextInput.tsx
FN:21,(anonymous_0)
FN:65,(anonymous_1)
FN:78,(anonymous_2)
FN:87,(anonymous_3)
FN:96,(anonymous_4)
FN:106,(anonymous_5)
FN:116,(anonymous_6)
FN:134,(anonymous_7)
FN:146,(anonymous_8)
FN:163,(anonymous_9)
FN:202,(anonymous_10)
FN:212,(anonymous_11)
FN:225,(anonymous_12)
FNF:13
FNH:13
FNDA:47,(anonymous_0)
FNDA:47,(anonymous_1)
FNDA:47,(anonymous_2)
FNDA:47,(anonymous_3)
FNDA:47,(anonymous_4)
FNDA:47,(anonymous_5)
FNDA:47,(anonymous_6)
FNDA:47,(anonymous_7)
FNDA:47,(anonymous_8)
FNDA:47,(anonymous_9)
FNDA:4,(anonymous_10)
FNDA:4,(anonymous_11)
FNDA:2,(anonymous_12)
DA:1,6
DA:3,6
DA:10,6
DA:21,47
DA:65,6
DA:66,47
DA:78,6
DA:79,47
DA:87,6
DA:88,47
DA:96,6
DA:97,47
DA:106,6
DA:107,47
DA:116,6
DA:117,47
DA:134,6
DA:139,47
DA:146,6
DA:151,47
DA:163,6
DA:181,47
DA:182,47
DA:183,47
DA:187,47
DA:188,47
DA:190,47
DA:202,47
DA:203,4
DA:204,3
DA:207,4
DA:208,2
DA:212,47
DA:213,4
DA:220,3
DA:221,3
DA:225,47
DA:226,2
DA:227,2
DA:228,2
DA:229,1
DA:234,47
LF:42
LH:42
BRDA:66,0,0,6
BRDA:66,0,1,41
BRDA:79,1,0,2
BRDA:79,1,1,45
BRDA:79,2,0,47
BRDA:79,2,1,6
BRDA:88,3,0,2
BRDA:88,3,1,45
BRDA:88,4,0,47
BRDA:88,4,1,6
BRDA:97,5,0,6
BRDA:97,5,1,41
BRDA:107,6,0,6
BRDA:107,6,1,41
BRDA:117,7,0,9
BRDA:117,7,1,38
BRDA:117,8,0,47
BRDA:117,8,1,9
BRDA:139,9,0,2
BRDA:139,9,1,45
BRDA:139,10,0,47
BRDA:139,10,1,9
BRDA:139,10,2,9
BRDA:151,11,0,2
BRDA:151,11,1,45
BRDA:151,12,0,47
BRDA:151,12,1,9
BRDA:151,12,2,9
BRDA:164,13,0,47
BRDA:166,14,0,29
BRDA:168,15,0,43
BRDA:174,16,0,0
BRDA:175,17,0,0
BRDA:176,18,0,0
BRDA:177,19,0,0
BRDA:184,20,0,47
BRDA:184,20,1,40
BRDA:188,21,0,2
BRDA:188,21,1,45
BRDA:203,22,0,3
BRDA:207,23,0,2
BRDA:213,24,0,3
BRDA:214,25,0,4
BRDA:214,25,1,4
BRDA:214,25,2,3
BRDA:214,25,3,3
BRDA:214,25,4,3
BRDA:226,26,0,2
BRDA:226,27,0,2
BRDA:226,27,1,2
BRDA:228,28,0,1
BRF:51
BRH:47
end_of_record
TN:
SF:src/components/Form/Floating/TextField/FloatingTextarea.tsx
FN:14,(anonymous_0)
FN:58,(anonymous_1)
FN:71,(anonymous_2)
FN:80,(anonymous_3)
FN:89,(anonymous_4)
FN:99,(anonymous_5)
FN:109,(anonymous_6)
FN:127,(anonymous_7)
FN:139,(anonymous_8)
FN:153,(anonymous_9)
FN:191,(anonymous_10)
FN:201,(anonymous_11)
FN:214,(anonymous_12)
FNF:13
FNH:13
FNDA:34,(anonymous_0)
FNDA:34,(anonymous_1)
FNDA:34,(anonymous_2)
FNDA:34,(anonymous_3)
FNDA:34,(anonymous_4)
FNDA:34,(anonymous_5)
FNDA:34,(anonymous_6)
FNDA:34,(anonymous_7)
FNDA:34,(anonymous_8)
FNDA:34,(anonymous_9)
FNDA:3,(anonymous_10)
FNDA:4,(anonymous_11)
FNDA:2,(anonymous_12)
DA:1,5
DA:2,5
DA:4,5
DA:14,34
DA:58,5
DA:59,34
DA:71,5
DA:72,34
DA:80,5
DA:81,34
DA:89,5
DA:90,34
DA:99,5
DA:100,34
DA:109,5
DA:110,34
DA:127,5
DA:132,34
DA:139,5
DA:144,34
DA:153,5
DA:170,34
DA:171,34
DA:172,34
DA:176,34
DA:177,34
DA:179,34
DA:191,34
DA:192,3
DA:193,2
DA:196,3
DA:197,2
DA:201,34
DA:202,4
DA:209,3
DA:210,3
DA:214,34
DA:215,2
DA:216,2
DA:217,2
DA:218,1
DA:223,34
LF:42
LH:42
BRDA:59,0,0,6
BRDA:59,0,1,28
BRDA:72,1,0,2
BRDA:72,1,1,32
BRDA:72,2,0,34
BRDA:72,2,1,6
BRDA:81,3,0,2
BRDA:81,3,1,32
BRDA:81,4,0,34
BRDA:81,4,1,6
BRDA:90,5,0,6
BRDA:90,5,1,28
BRDA:100,6,0,6
BRDA:100,6,1,28
BRDA:110,7,0,7
BRDA:110,7,1,27
BRDA:110,8,0,34
BRDA:110,8,1,7
BRDA:132,9,0,2
BRDA:132,9,1,32
BRDA:132,10,0,34
BRDA:132,10,1,7
BRDA:132,10,2,7
BRDA:144,11,0,2
BRDA:144,11,1,32
BRDA:144,12,0,34
BRDA:144,12,1,7
BRDA:144,12,2,7
BRDA:154,13,0,32
BRDA:156,14,0,16
BRDA:163,15,0,0
BRDA:164,16,0,0
BRDA:165,17,0,0
BRDA:166,18,0,0
BRDA:173,19,0,34
BRDA:173,19,1,12
BRDA:177,20,0,2
BRDA:177,20,1,32
BRDA:192,21,0,2
BRDA:196,22,0,2
BRDA:202,23,0,3
BRDA:203,24,0,4
BRDA:203,24,1,4
BRDA:203,24,2,3
BRDA:203,24,3,3
BRDA:203,24,4,3
BRDA:215,25,0,2
BRDA:215,26,0,2
BRDA:215,26,1,2
BRDA:217,27,0,1
BRF:50
BRH:46
end_of_record
TN:
SF:src/components/Form/Floating/TextField/Label.tsx
FN:15,(anonymous_0)
FN:37,(anonymous_1)
FN:47,(anonymous_2)
FN:66,(anonymous_3)
FN:84,(anonymous_4)
FN:102,(anonymous_5)
FN:118,(anonymous_6)
FNF:7
FNH:7
FNDA:15,(anonymous_0)
FNDA:15,(anonymous_1)
FNDA:15,(anonymous_2)
FNDA:15,(anonymous_3)
FNDA:15,(anonymous_4)
FNDA:15,(anonymous_5)
FNDA:15,(anonymous_6)
DA:2,5
DA:3,5
DA:15,15
DA:37,5
DA:38,15
DA:47,5
DA:48,15
DA:66,5
DA:67,15
DA:84,5
DA:85,15
DA:102,5
DA:103,15
DA:104,2
DA:110,13
DA:118,5
DA:131,15
DA:133,15
DA:142,15
DA:151,15
LF:20
LH:20
BRDA:38,0,0,2
BRDA:38,0,1,13
BRDA:48,1,0,3
BRDA:48,1,1,12
BRDA:67,2,0,2
BRDA:67,2,1,13
BRDA:85,3,0,2
BRDA:85,3,1,13
BRDA:85,4,0,15
BRDA:85,4,1,2
BRDA:103,5,0,2
BRDA:119,6,0,15
BRDA:125,7,0,0
BRDA:126,8,0,0
BRDA:127,9,0,0
BRDA:128,10,0,0
BRDA:129,11,0,0
BRDA:130,12,0,0
BRF:18
BRH:12
end_of_record
TN:
SF:src/components/Form/Floating/TextField/index.ts
FN:23,(anonymous_0)
FN:24,(anonymous_1)
FN:25,(anonymous_2)
FN:27,(anonymous_3)
FN:28,(anonymous_4)
FN:21,(anonymous_5)
FN:22,(anonymous_6)
FN:26,(anonymous_7)
FNF:8
FNH:3
FNDA:2,(anonymous_0)
FNDA:2,(anonymous_1)
FNDA:2,(anonymous_2)
FNDA:0,(anonymous_3)
FNDA:0,(anonymous_4)
FNDA:0,(anonymous_5)
FNDA:0,(anonymous_6)
FNDA:0,(anonymous_7)
DA:1,4
DA:5,4
DA:9,4
DA:11,4
DA:12,4
DA:13,4
DA:14,4
DA:15,4
DA:21,4
DA:22,4
DA:23,6
DA:24,6
DA:25,6
DA:26,4
DA:27,4
DA:28,4
LF:16
LH:16
BRF:0
BRH:0
end_of_record
TN:
SF:src/components/Form/Floating/TextField/useFloatingTextContext.ts
FN:7,(anonymous_0)
FNF:1
FNH:1
FNDA:96,(anonymous_0)
DA:1,8
DA:2,8
DA:7,8
DA:8,96
LF:4
LH:4
BRF:0
BRH:0
end_of_record
TN:
SF:src/components/Form/Floating/TextField/useFloatingTextField.ts
FN:4,(anonymous_0)
FN:20,(anonymous_1)
FN:29,(anonymous_2)
FN:42,(anonymous_3)
FN:66,(anonymous_4)
FNF:5
FNH:5
FNDA:9,(anonymous_0)
FNDA:4,(anonymous_1)
FNDA:4,(anonymous_2)
FNDA:4,(anonymous_3)
FNDA:9,(anonymous_4)
DA:1,5
DA:2,5
DA:4,5
DA:9,9
DA:10,9
DA:11,9
DA:13,9
DA:15,9
DA:16,9
DA:18,9
DA:20,9
DA:21,4
DA:22,2
DA:23,2
DA:26,4
DA:29,9
DA:30,4
DA:31,4
DA:32,4
DA:33,4
DA:34,4
DA:36,0
DA:37,0
DA:42,9
DA:43,4
DA:44,4
DA:46,4
DA:47,4
DA:49,4
DA:50,4
DA:54,9
DA:62,9
DA:63,9
DA:65,9
DA:66,9
LF:35
LH:33
BRDA:5,0,0,0
BRDA:6,1,0,0
BRDA:7,2,0,0
BRDA:15,3,0,9
BRDA:15,3,1,0
BRDA:15,4,0,9
BRDA:15,4,1,0
BRDA:16,5,0,9
BRDA:16,5,1,0
BRDA:16,6,0,9
BRDA:16,6,1,0
BRDA:21,7,0,2
BRDA:21,8,0,4
BRDA:21,8,1,4
BRDA:21,8,2,3
BRDA:21,8,3,2
BRDA:30,9,0,4
BRDA:33,10,0,4
BRDA:33,10,1,0
BRDA:43,11,0,4
BRDA:49,12,0,4
BRDA:49,12,1,4
BRDA:49,12,2,1
BRF:23
BRH:15
end_of_record
TN:
SF:src/components/Form/InputGroup/GroupButton.tsx
FN:9,(anonymous_0)
FN:17,(anonymous_1)
FN:26,(anonymous_2)
FN:40,(anonymous_3)
FNF:4
FNH:4
FNDA:9,(anonymous_0)
FNDA:9,(anonymous_1)
FNDA:9,(anonymous_2)
FNDA:9,(anonymous_3)
DA:1,6
DA:2,6
DA:3,6
DA:4,6
DA:9,9
DA:17,6
DA:18,9
DA:26,6
DA:27,9
DA:40,6
DA:45,9
DA:46,9
DA:47,9
DA:53,9
LF:14
LH:14
BRDA:18,0,0,2
BRDA:18,0,1,7
BRDA:27,1,0,2
BRDA:27,1,1,7
BRDA:41,2,0,7
BRDA:57,3,0,9
BRDA:57,3,1,0
BRF:7
BRH:6
end_of_record
TN:
SF:src/components/Form/InputGroup/GroupInput.tsx
FN:9,(anonymous_0)
FN:19,(anonymous_1)
FN:28,(anonymous_2)
FN:39,(anonymous_3)
FNF:4
FNH:4
FNDA:10,(anonymous_0)
FNDA:10,(anonymous_1)
FNDA:10,(anonymous_2)
FNDA:10,(anonymous_3)
DA:1,2
DA:2,2
DA:3,2
DA:4,2
DA:9,10
DA:19,2
DA:20,10
DA:28,2
DA:29,10
DA:39,2
DA:40,10
DA:41,10
DA:43,10
LF:13
LH:13
BRDA:20,0,0,2
BRDA:20,0,1,8
BRDA:29,1,0,2
BRDA:29,1,1,8
BRDA:39,2,0,10
BRDA:40,3,0,0
BRF:6
BRH:5
end_of_record
TN:
SF:src/components/Form/InputGroup/GroupText.tsx
FN:8,(anonymous_0)
FN:23,(anonymous_1)
FN:32,(anonymous_2)
FN:52,(anonymous_3)
FNF:4
FNH:4
FNDA:10,(anonymous_0)
FNDA:10,(anonymous_1)
FNDA:10,(anonymous_2)
FNDA:10,(anonymous_3)
DA:1,6
DA:2,6
DA:3,6
DA:8,10
DA:23,6
DA:24,10
DA:32,6
DA:33,10
DA:52,6
DA:57,10
DA:58,10
DA:60,10
LF:12
LH:12
BRDA:24,0,0,2
BRDA:24,0,1,8
BRDA:33,1,0,2
BRDA:33,1,1,8
BRDA:53,2,0,8
BRDA:57,3,0,2
BRF:6
BRH:6
end_of_record
TN:
SF:src/components/Form/InputGroup/GroupTextarea.tsx
FN:9,(anonymous_0)
FN:19,(anonymous_1)
FN:28,(anonymous_2)
FN:39,(anonymous_3)
FNF:4
FNH:4
FNDA:8,(anonymous_0)
FNDA:8,(anonymous_1)
FNDA:8,(anonymous_2)
FNDA:8,(anonymous_3)
DA:1,1
DA:2,1
DA:3,1
DA:4,1
DA:9,8
DA:19,1
DA:20,8
DA:28,1
DA:29,8
DA:39,1
DA:43,8
DA:44,8
DA:45,8
LF:13
LH:13
BRDA:20,0,0,2
BRDA:20,0,1,6
BRDA:29,1,0,2
BRDA:29,1,1,6
BRDA:40,2,0,8
BRDA:43,3,0,0
BRF:6
BRH:5
end_of_record
TN:
SF:src/components/Form/InputGroup/InputGroup.tsx
FN:6,(anonymous_0)
FN:24,(anonymous_1)
FNF:2
FNH:2
FNDA:8,(anonymous_0)
FNDA:8,(anonymous_1)
DA:1,1
DA:4,1
DA:6,8
DA:24,1
DA:29,8
DA:30,8
LF:6
LH:6
BRDA:25,0,0,2
BRDA:26,1,0,8
BRF:2
BRH:2
end_of_record
TN:
SF:src/components/Form/InputGroup/InputGroupContext.ts
FNF:0
FNH:0
DA:1,11
DA:9,11
LF:2
LH:2
BRF:0
BRH:0
end_of_record
TN:
SF:src/components/Form/RadioButtons/Label.tsx
FN:5,(anonymous_0)
FN:10,(anonymous_1)
FNF:2
FNH:2
FNDA:13,(anonymous_0)
FNDA:13,(anonymous_1)
DA:1,2
DA:2,2
DA:5,2
DA:6,13
DA:10,2
DA:16,13
DA:17,13
DA:18,13
LF:8
LH:8
BRDA:6,0,0,4
BRDA:6,0,1,9
BRDA:11,1,0,13
BRDA:14,2,0,2
BRF:4
BRH:4
end_of_record
TN:
SF:src/components/Form/RadioButtons/RadioButton.tsx
FN:9,(anonymous_0)
FN:18,(anonymous_1)
FN:31,(anonymous_2)
FN:45,(anonymous_3)
FN:55,(anonymous_4)
FNF:5
FNH:4
FNDA:9,(anonymous_0)
FNDA:9,(anonymous_1)
FNDA:9,(anonymous_2)
FNDA:9,(anonymous_3)
FNDA:0,(anonymous_4)
DA:1,1
DA:2,1
DA:3,1
DA:9,9
DA:18,1
DA:19,9
DA:31,1
DA:32,9
DA:45,1
DA:55,0
DA:59,9
DA:60,9
DA:61,9
LF:13
LH:12
BRDA:19,0,0,4
BRDA:19,0,1,5
BRDA:32,1,0,0
BRDA:32,1,1,9
BRDA:47,2,0,9
BRDA:48,3,0,5
BRDA:49,4,0,9
BRDA:51,5,0,9
BRDA:55,6,0,8
BRDA:57,7,0,7
BRF:10
BRH:9
end_of_record
TN:
SF:src/components/Form/RadioButtons/RadioInput.tsx
FN:6,(anonymous_0)
FN:45,(anonymous_1)
FN:70,(anonymous_2)
FN:72,(anonymous_3)
FNF:4
FNH:3
FNDA:18,(anonymous_0)
FNDA:18,(anonymous_1)
FNDA:18,(anonymous_2)
FNDA:0,(anonymous_3)
DA:1,2
DA:2,2
DA:6,18
DA:45,2
DA:46,18
DA:70,2
DA:72,0
DA:79,18
DA:80,18
DA:81,18
LF:10
LH:9
BRDA:46,0,0,5
BRDA:46,0,1,13
BRDA:72,1,0,7
BRDA:75,2,0,18
BRDA:76,3,0,8
BRF:5
BRH:5
end_of_record
TN:
SF:src/components/Form/Select/Select.tsx
FN:19,(anonymous_0)
FN:30,(anonymous_1)
FN:41,(anonymous_2)
FN:75,(anonymous_3)
FN:83,(anonymous_4)
FN:91,(anonymous_5)
FN:113,(anonymous_6)
FN:172,(anonymous_7)
FNF:8
FNH:8
FNDA:10,(anonymous_0)
FNDA:10,(anonymous_1)
FNDA:10,(anonymous_2)
FNDA:10,(anonymous_3)
FNDA:10,(anonymous_4)
FNDA:20,(anonymous_5)
FNDA:10,(anonymous_6)
FNDA:20,(anonymous_7)
DA:2,1
DA:4,1
DA:5,1
DA:6,1
DA:19,1
DA:20,10
DA:30,1
DA:31,10
DA:41,10
DA:75,1
DA:76,10
DA:83,1
DA:84,10
DA:91,1
DA:99,20
DA:113,1
DA:127,10
DA:128,10
DA:130,10
DA:137,10
DA:138,0
DA:151,10
DA:173,20
LF:23
LH:22
BRDA:20,0,0,1
BRDA:20,0,1,9
BRDA:31,1,0,1
BRDA:31,1,1,9
BRDA:76,2,0,1
BRDA:76,2,1,9
BRDA:84,3,0,0
BRDA:84,3,1,10
BRDA:84,4,0,10
BRDA:84,4,1,0
BRDA:115,5,0,10
BRDA:116,6,0,9
BRDA:117,7,0,7
BRDA:118,8,0,10
BRDA:119,9,0,0
BRDA:121,10,0,10
BRDA:123,11,0,10
BRDA:137,12,0,0
BRDA:137,13,0,10
BRDA:137,13,1,0
BRDA:156,14,0,10
BRDA:156,14,1,5
BRDA:162,15,0,0
BRDA:162,15,1,10
BRDA:162,16,0,1
BRDA:162,16,1,9
BRDA:163,17,0,0
BRDA:163,17,1,10
BRF:28
BRH:21
end_of_record
TN:
SF:src/components/Form/Switch/Switch.tsx
FN:14,(anonymous_0)
FN:23,(anonymous_1)
FN:85,(anonymous_2)
FN:108,(anonymous_3)
FNF:4
FNH:4
FNDA:15,(anonymous_0)
FNDA:15,(anonymous_1)
FNDA:15,(anonymous_2)
FNDA:4,(anonymous_3)
DA:1,1
DA:2,1
DA:3,1
DA:4,1
DA:5,1
DA:7,1
DA:14,15
DA:23,15
DA:85,1
DA:100,15
DA:102,15
DA:105,15
DA:106,15
DA:108,15
DA:109,4
DA:110,2
DA:111,2
DA:114,4
DA:115,4
DA:119,15
DA:120,15
DA:122,15
DA:125,15
DA:129,15
LF:24
LH:24
BRDA:17,0,0,1
BRDA:17,0,1,14
BRDA:18,1,0,1
BRDA:18,1,1,14
BRDA:20,2,0,1
BRDA:20,2,1,14
BRDA:24,3,0,1
BRDA:24,3,1,14
BRDA:38,4,0,1
BRDA:38,4,1,14
BRDA:39,5,0,1
BRDA:39,5,1,14
BRDA:87,6,0,15
BRDA:88,7,0,13
BRDA:89,8,0,14
BRDA:90,9,0,15
BRDA:103,10,0,15
BRDA:103,10,1,11
BRDA:106,11,0,4
BRDA:106,11,1,11
BRDA:109,12,0,2
BRDA:114,13,0,4
BRF:22
BRH:22
end_of_record
TN:
SF:src/components/Form/TextField/SearchField.tsx
FN:5,(anonymous_0)
FN:9,(anonymous_1)
FN:27,(anonymous_2)
FNF:3
FNH:3
FNDA:2,(anonymous_0)
FNDA:2,(anonymous_1)
FNDA:2,(anonymous_2)
DA:1,1
DA:2,1
DA:3,1
DA:5,2
DA:9,2
DA:27,1
DA:31,2
DA:32,2
LF:8
LH:8
BRDA:28,0,0,2
BRF:1
BRH:1
end_of_record
TN:
SF:src/components/Form/TextField/TextField.tsx
FN:17,(anonymous_0)
FN:52,(anonymous_1)
FNF:2
FNH:2
FNDA:9,(anonymous_0)
FNDA:11,(anonymous_1)
DA:1,1
DA:2,1
DA:3,1
DA:4,1
DA:5,1
DA:17,1
DA:29,9
DA:30,9
DA:34,9
DA:52,1
DA:61,11
DA:62,2
DA:75,9
LF:13
LH:13
BRDA:19,0,0,9
BRDA:20,1,0,9
BRDA:22,2,0,6
BRDA:23,3,0,0
BRDA:24,4,0,0
BRDA:36,5,0,9
BRDA:36,5,1,9
BRDA:46,6,0,9
BRDA:46,6,1,7
BRDA:54,7,0,11
BRDA:55,8,0,9
BRDA:56,9,0,9
BRDA:58,10,0,9
BRDA:61,11,0,2
BRF:14
BRH:12
end_of_record
TN:
SF:src/components/Form/TextField/TextInput.tsx
FN:49,(anonymous_0)
FN:83,(anonymous_1)
FN:93,(anonymous_2)
FN:103,(anonymous_3)
FN:124,(anonymous_4)
FN:136,(anonymous_5)
FN:148,(anonymous_6)
FN:166,(anonymous_7)
FNF:8
FNH:8
FNDA:43,(anonymous_0)
FNDA:43,(anonymous_1)
FNDA:43,(anonymous_2)
FNDA:43,(anonymous_3)
FNDA:43,(anonymous_4)
FNDA:43,(anonymous_5)
FNDA:43,(anonymous_6)
FNDA:2,(anonymous_7)
DA:1,5
DA:2,5
DA:49,43
DA:83,5
DA:84,43
DA:93,5
DA:94,43
DA:103,5
DA:107,43
DA:124,5
DA:129,43
DA:136,5
DA:141,43
DA:148,5
DA:160,43
DA:161,43
DA:163,43
DA:164,43
DA:166,43
DA:167,2
DA:168,1
DA:171,2
DA:172,2
DA:176,43
DA:185,43
LF:25
LH:25
BRDA:84,0,0,7
BRDA:84,0,1,36
BRDA:94,1,0,7
BRDA:94,1,1,36
BRDA:107,2,0,8
BRDA:107,2,1,35
BRDA:107,3,0,43
BRDA:107,3,1,10
BRDA:129,4,0,2
BRDA:129,4,1,41
BRDA:129,5,0,43
BRDA:129,5,1,10
BRDA:129,5,2,8
BRDA:141,6,0,2
BRDA:141,6,1,41
BRDA:141,7,0,43
BRDA:141,7,1,10
BRDA:141,7,2,8
BRDA:149,8,0,28
BRDA:150,9,0,32
BRDA:152,10,0,26
BRDA:154,11,0,10
BRDA:161,12,0,43
BRDA:161,12,1,41
BRDA:164,13,0,2
BRDA:164,13,1,41
BRDA:167,14,0,1
BRDA:171,15,0,2
BRF:28
BRH:28
end_of_record
TN:
SF:src/components/Form/TextareaField/Textarea.tsx
FN:46,(anonymous_0)
FN:80,(anonymous_1)
FN:90,(anonymous_2)
FN:100,(anonymous_3)
FN:118,(anonymous_4)
FN:130,(anonymous_5)
FN:142,(anonymous_6)
FN:160,(anonymous_7)
FNF:8
FNH:8
FNDA:56,(anonymous_0)
FNDA:56,(anonymous_1)
FNDA:56,(anonymous_2)
FNDA:56,(anonymous_3)
FNDA:56,(anonymous_4)
FNDA:56,(anonymous_5)
FNDA:56,(anonymous_6)
FNDA:2,(anonymous_7)
DA:1,3
DA:2,3
DA:46,56
DA:80,3
DA:81,56
DA:90,3
DA:91,56
DA:100,3
DA:101,56
DA:118,3
DA:123,56
DA:130,3
DA:135,56
DA:142,3
DA:153,56
DA:157,56
DA:158,56
DA:160,56
DA:161,2
DA:162,1
DA:165,2
DA:166,2
DA:170,56
DA:171,56
DA:180,56
LF:25
LH:25
BRDA:81,0,0,10
BRDA:81,0,1,46
BRDA:91,1,0,10
BRDA:91,1,1,46
BRDA:101,2,0,14
BRDA:101,2,1,42
BRDA:101,3,0,56
BRDA:101,3,1,18
BRDA:123,4,0,4
BRDA:123,4,1,52
BRDA:123,5,0,56
BRDA:123,5,1,18
BRDA:123,5,2,14
BRDA:135,6,0,4
BRDA:135,6,1,52
BRDA:135,7,0,56
BRDA:135,7,1,18
BRDA:135,7,2,14
BRDA:143,8,0,24
BRDA:145,9,0,22
BRDA:150,10,0,12
BRDA:154,11,0,56
BRDA:154,11,1,48
BRDA:158,12,0,12
BRDA:158,12,1,44
BRDA:161,13,0,1
BRDA:165,14,0,2
BRF:27
BRH:27
end_of_record
TN:
SF:src/components/Form/TextareaField/TextareaField.tsx
FN:19,(anonymous_0)
FNF:1
FNH:1
FNDA:24,(anonymous_0)
DA:1,2
DA:2,2
DA:4,2
DA:5,2
DA:6,2
DA:19,2
DA:32,24
DA:33,24
DA:37,24
DA:38,0
DA:51,24
LF:11
LH:10
BRDA:21,0,0,24
BRDA:23,1,0,12
BRDA:24,2,0,16
BRDA:25,3,0,18
BRDA:26,4,0,24
BRDA:27,5,0,24
BRDA:37,6,0,0
BRDA:53,7,0,24
BRDA:53,7,1,24
BRDA:62,8,0,24
BRDA:62,8,1,2
BRF:11
BRH:10
end_of_record
TN:
SF:src/components/Form/TextareaField/index.ts
FN:4,(anonymous_0)
FN:4,(anonymous_1)
FNF:2
FNH:1
FNDA:8,(anonymous_0)
FNDA:0,(anonymous_1)
DA:1,1
DA:2,1
DA:4,9
LF:3
LH:3
BRF:0
BRH:0
end_of_record
TN:
SF:src/components/Grid/Grid.tsx
FN:10,(anonymous_0)
FN:18,(anonymous_1)
FN:38,(anonymous_2)
FNF:3
FNH:3
FNDA:8,(anonymous_0)
FNDA:8,(anonymous_1)
FNDA:18,(anonymous_2)
DA:1,1
DA:2,1
DA:10,8
DA:18,1
DA:26,8
DA:27,8
DA:38,1
DA:52,18
DA:63,18
LF:9
LH:9
BRDA:10,0,0,0
BRDA:10,1,0,0
BRDA:10,2,0,0
BRDA:19,3,0,8
BRDA:20,4,0,2
BRDA:21,5,0,8
BRDA:22,6,0,8
BRDA:39,7,0,18
BRDA:40,8,0,0
BRDA:41,9,0,16
BRDA:43,10,0,6
BRDA:44,11,0,18
BRDA:45,12,0,6
BRDA:46,13,0,18
BRDA:47,14,0,18
BRDA:48,15,0,12
BRDA:49,16,0,18
BRF:17
BRH:13
end_of_record
TN:
SF:src/components/Grid/gridColumnStyles.ts
FN:21,(anonymous_0)
FN:25,(anonymous_1)
FN:30,(anonymous_2)
FN:98,(anonymous_3)
FNF:4
FNH:4
FNDA:50,(anonymous_0)
FNDA:32,(anonymous_1)
FNDA:25,(anonymous_2)
FNDA:25,(anonymous_3)
DA:2,2
DA:8,2
DA:21,50
DA:25,2
DA:26,32
DA:30,2
DA:37,25
DA:39,25
DA:40,7
DA:43,18
DA:45,18
DA:46,5
DA:47,25
DA:48,25
DA:50,25
DA:51,5
DA:54,5
DA:58,5
DA:61,13
DA:62,13
DA:64,13
DA:65,13
DA:67,13
DA:68,13
DA:69,13
DA:70,13
DA:73,13
DA:75,13
DA:76,13
DA:81,13
DA:82,13
DA:86,13
DA:87,13
DA:92,13
DA:95,0
DA:98,2
DA:105,25
DA:107,25
DA:108,13
DA:113,12
DA:115,12
DA:116,11
DA:117,55
DA:118,55
DA:120,55
DA:121,11
DA:124,11
DA:128,11
DA:131,1
DA:135,1
DA:137,1
DA:138,1
DA:140,1
DA:141,1
DA:142,1
DA:143,1
DA:146,1
DA:148,1
DA:149,1
DA:154,1
DA:155,1
DA:159,1
DA:160,1
DA:165,1
DA:168,0
LF:65
LH:63
BRDA:39,0,0,7
BRDA:45,1,0,5
BRDA:50,2,0,5
BRDA:61,3,0,13
BRDA:69,4,0,13
BRDA:69,5,0,13
BRDA:69,5,1,13
BRDA:75,6,0,13
BRDA:86,7,0,13
BRDA:107,8,0,13
BRDA:115,9,0,11
BRDA:120,10,0,11
BRDA:131,11,0,1
BRDA:142,12,0,1
BRDA:142,13,0,1
BRDA:142,13,1,1
BRDA:148,14,0,1
BRDA:159,15,0,1
BRF:18
BRH:18
end_of_record
TN:
SF:src/components/Header/Header.tsx
FN:14,(anonymous_0)
FN:35,(anonymous_1)
FNF:2
FNH:2
FNDA:111,(anonymous_0)
FNDA:111,(anonymous_1)
DA:2,18
DA:4,18
DA:14,18
DA:15,111
DA:18,111
DA:20,111
DA:35,18
DA:41,111
DA:42,111
DA:43,111
LF:10
LH:10
BRDA:15,0,0,6
BRDA:15,0,1,105
BRDA:18,1,0,6
BRDA:18,1,1,105
BRDA:28,2,0,6
BRDA:28,2,1,105
BRDA:38,3,0,105
BRF:7
BRH:7
end_of_record
TN:
SF:src/components/Header/mappings.ts
FNF:0
FNH:0
DA:3,18
DA:12,18
DA:21,18
LF:3
LH:3
BRF:0
BRH:0
end_of_record
TN:
SF:src/components/Icons/ArrowRightIcon.tsx
FN:4,(anonymous_0)
FN:15,(anonymous_1)
FNF:2
FNH:2
FNDA:1,(anonymous_0)
FNDA:1,(anonymous_1)
DA:2,1
DA:4,1
DA:15,1
DA:16,1
DA:17,1
LF:5
LH:5
BRF:0
BRH:0
end_of_record
TN:
SF:src/components/Icons/BookHalfIcon.tsx
FN:4,(anonymous_0)
FN:12,(anonymous_1)
FNF:2
FNH:2
FNDA:1,(anonymous_0)
FNDA:1,(anonymous_1)
DA:2,1
DA:4,1
DA:12,1
DA:15,1
DA:16,1
DA:17,1
LF:6
LH:6
BRDA:13,0,0,1
BRF:1
BRH:1
end_of_record
TN:
SF:src/components/Icons/BoxSeamIcon.tsx
FN:7,(anonymous_0)
FN:18,(anonymous_1)
FNF:2
FNH:2
FNDA:7,(anonymous_0)
FNDA:7,(anonymous_1)
DA:1,1
DA:7,7
DA:18,1
DA:23,7
DA:24,7
DA:25,7
LF:6
LH:6
BRDA:12,0,0,1
BRDA:12,0,1,6
BRDA:19,1,0,0
BRDA:24,2,0,7
BRDA:24,2,1,7
BRF:5
BRH:4
end_of_record
TN:
SF:src/components/Icons/BracesAsteriskIcon.tsx
FN:6,(anonymous_0)
FN:14,(anonymous_1)
FNF:2
FNH:2
FNDA:3,(anonymous_0)
FNDA:3,(anonymous_1)
DA:2,2
DA:6,3
DA:14,2
DA:15,3
DA:16,3
DA:17,3
LF:6
LH:6
BRDA:14,0,0,3
BRF:1
BRH:1
end_of_record
TN:
SF:src/components/Icons/BracesIcon.tsx
FN:7,(anonymous_0)
FN:16,(anonymous_1)
FN:26,(anonymous_2)
FNF:3
FNH:3
FNDA:2,(anonymous_0)
FNDA:2,(anonymous_1)
FNDA:2,(anonymous_2)
DA:1,1
DA:7,1
DA:8,2
DA:16,2
DA:26,1
DA:30,2
DA:31,2
DA:32,2
LF:8
LH:8
BRDA:8,0,0,1
BRDA:8,0,1,1
BRDA:27,1,0,1
BRF:3
BRH:3
end_of_record
TN:
SF:src/components/Icons/CheckIcon.tsx
FN:5,(anonymous_0)
FNF:1
FNH:1
FNDA:4,(anonymous_0)
DA:5,1
DA:6,4
DA:7,4
DA:27,1
LF:4
LH:4
BRDA:16,0,0,4
BRDA:16,0,1,3
BRDA:17,1,0,4
BRDA:17,1,1,2
BRDA:20,2,0,4
BRDA:20,2,1,3
BRF:6
BRH:6
end_of_record
TN:
SF:src/components/Icons/ChevronDownIcon.tsx
FN:5,(anonymous_0)
FNF:1
FNH:1
FNDA:2,(anonymous_0)
DA:5,1
DA:6,2
LF:2
LH:2
BRDA:12,0,0,2
BRDA:12,0,1,1
BRF:2
BRH:2
end_of_record
TN:
SF:src/components/Icons/CirclePopIcon.tsx
FN:6,(anonymous_0)
FN:16,(anonymous_1)
FNF:2
FNH:2
FNDA:1,(anonymous_0)
FNDA:1,(anonymous_1)
DA:2,1
DA:6,1
DA:16,1
DA:22,1
DA:23,1
LF:5
LH:5
BRDA:25,0,0,1
BRDA:25,0,1,1
BRDA:29,1,0,1
BRDA:29,1,1,1
BRDA:30,2,0,1
BRDA:30,2,1,1
BRF:6
BRH:6
end_of_record
TN:
SF:src/components/Icons/CloseIcon.tsx
FN:5,(anonymous_0)
FNF:1
FNH:1
FNDA:2,(anonymous_0)
DA:5,1
DA:6,2
LF:2
LH:2
BRDA:12,0,0,2
BRDA:12,0,1,1
BRF:2
BRH:2
end_of_record
TN:
SF:src/components/Icons/CodeIcon.tsx
FN:7,(anonymous_0)
FN:16,(anonymous_1)
FN:26,(anonymous_2)
FNF:3
FNH:3
FNDA:2,(anonymous_0)
FNDA:2,(anonymous_1)
FNDA:2,(anonymous_2)
DA:1,1
DA:7,1
DA:8,2
DA:16,2
DA:26,1
DA:31,2
DA:32,2
DA:33,2
LF:8
LH:8
BRDA:8,0,0,1
BRDA:8,0,1,1
BRDA:27,1,0,1
BRDA:32,2,0,2
BRDA:32,2,1,2
BRF:5
BRH:5
end_of_record
TN:
SF:src/components/Icons/DropletIcon.tsx
FN:6,(anonymous_0)
FN:11,(anonymous_1)
FNF:2
FNH:2
FNDA:1,(anonymous_0)
FNDA:1,(anonymous_1)
DA:2,1
DA:6,1
DA:11,1
DA:17,1
DA:18,1
LF:5
LH:5
BRDA:20,0,0,1
BRDA:20,0,1,1
BRDA:24,1,0,1
BRDA:24,1,1,1
BRDA:25,2,0,1
BRDA:25,2,1,1
BRF:6
BRH:6
end_of_record
TN:
SF:src/components/Icons/EarthIcon.tsx
FN:5,(anonymous_0)
FNF:1
FNH:1
FNDA:1,(anonymous_0)
DA:5,1
DA:6,1
LF:2
LH:2
BRF:0
BRH:0
end_of_record
TN:
SF:src/components/Icons/GithubIcon.tsx
FN:6,(anonymous_0)
FNF:1
FNH:1
FNDA:1,(anonymous_0)
DA:2,1
DA:6,1
DA:7,1
DA:8,1
DA:12,1
LF:5
LH:5
BRDA:11,0,0,1
BRDA:11,0,1,1
BRDA:24,1,0,1
BRDA:24,1,1,1
BRF:4
BRH:4
end_of_record
TN:
SF:src/components/Icons/GlobeIcon2.tsx
FN:7,(anonymous_0)
FN:18,(anonymous_1)
FNF:2
FNH:2
FNDA:7,(anonymous_0)
FNDA:7,(anonymous_1)
DA:1,1
DA:7,7
DA:18,1
DA:25,7
DA:26,7
DA:27,7
LF:6
LH:6
BRDA:12,0,0,1
BRDA:12,0,1,6
BRDA:19,1,0,0
BRDA:20,2,0,7
BRF:4
BRH:3
end_of_record
TN:
SF:src/components/Icons/GreenCheck.tsx
FN:5,(anonymous_0)
FNF:1
FNH:1
FNDA:2,(anonymous_0)
DA:5,1
DA:6,2
LF:2
LH:2
BRDA:15,0,0,2
BRDA:15,0,1,1
BRF:2
BRH:2
end_of_record
TN:
SF:src/components/Icons/GridFillIcon.tsx
FN:6,(anonymous_0)
FN:14,(anonymous_1)
FNF:2
FNH:2
FNDA:1,(anonymous_0)
FNDA:1,(anonymous_1)
DA:2,1
DA:6,1
DA:14,1
DA:15,1
DA:16,1
DA:17,1
LF:6
LH:6
BRDA:14,0,0,1
BRF:1
BRH:1
end_of_record
TN:
SF:src/components/Icons/HamburgerIcon.tsx
FN:5,(anonymous_0)
FNF:1
FNH:1
FNDA:2,(anonymous_0)
DA:5,1
DA:6,2
LF:2
LH:2
BRDA:15,0,0,2
BRDA:15,0,1,1
BRF:2
BRH:2
end_of_record
TN:
SF:src/components/Icons/IconWrapper.tsx
FN:4,(anonymous_0)
FN:15,(anonymous_1)
FNF:2
FNH:2
FNDA:2,(anonymous_0)
FNDA:2,(anonymous_1)
DA:1,1
DA:4,2
DA:15,1
DA:16,2
DA:17,2
DA:18,2
LF:6
LH:6
BRF:0
BRH:0
end_of_record
TN:
SF:src/components/Icons/MagicIcon.tsx
FN:6,(anonymous_0)
FN:14,(anonymous_1)
FNF:2
FNH:2
FNDA:1,(anonymous_0)
FNDA:1,(anonymous_1)
DA:2,1
DA:6,1
DA:14,1
DA:15,1
DA:16,1
DA:17,1
LF:6
LH:6
BRDA:14,0,0,1
BRF:1
BRH:1
end_of_record
TN:
SF:src/components/Icons/MenuButtonWideFill.tsx
FN:6,(anonymous_0)
FN:19,(anonymous_1)
FNF:2
FNH:2
FNDA:1,(anonymous_0)
FNDA:1,(anonymous_1)
DA:2,1
DA:6,1
DA:19,1
DA:20,1
DA:21,1
DA:22,1
LF:6
LH:6
BRDA:19,0,0,1
BRF:1
BRH:1
end_of_record
TN:
SF:src/components/Icons/OpenCollectiveIcon.tsx
FN:6,(anonymous_0)
FNF:1
FNH:1
FNDA:1,(anonymous_0)
DA:1,1
DA:6,1
DA:12,1
DA:13,1
DA:17,1
LF:5
LH:5
BRDA:16,0,0,1
BRDA:16,0,1,1
BRDA:22,1,0,1
BRDA:22,1,1,1
BRDA:31,2,0,1
BRDA:31,2,1,1
BRF:6
BRH:6
end_of_record
TN:
SF:src/components/Icons/PaletteIcon2.tsx
FN:7,(anonymous_0)
FN:15,(anonymous_1)
FN:25,(anonymous_2)
FNF:3
FNH:3
FNDA:2,(anonymous_0)
FNDA:2,(anonymous_1)
FNDA:2,(anonymous_2)
DA:1,1
DA:7,1
DA:8,2
DA:15,2
DA:25,1
DA:32,2
DA:33,2
LF:7
LH:7
BRDA:8,0,0,1
BRDA:8,0,1,1
BRDA:26,1,0,2
BRDA:27,2,0,1
BRF:4
BRH:4
end_of_record
TN:
SF:src/components/Icons/PauseIcon.tsx
FN:5,(anonymous_0)
FNF:1
FNH:1
FNDA:2,(anonymous_0)
DA:5,1
DA:6,2
LF:2
LH:2
BRDA:10,0,0,2
BRDA:10,0,1,1
BRF:2
BRH:2
end_of_record
TN:
SF:src/components/Icons/PhoneIcon.tsx
FN:5,(anonymous_0)
FNF:1
FNH:1
FNDA:1,(anonymous_0)
DA:5,1
DA:6,1
LF:2
LH:2
BRF:0
BRH:0
end_of_record
TN:
SF:src/components/Icons/PlayIcon.tsx
FN:5,(anonymous_0)
FNF:1
FNH:1
FNDA:2,(anonymous_0)
DA:5,1
DA:6,2
LF:2
LH:2
BRDA:10,0,0,2
BRDA:10,0,1,1
BRF:2
BRH:2
end_of_record
TN:
SF:src/components/Icons/PluginIcon.tsx
FN:6,(anonymous_0)
FN:18,(anonymous_1)
FNF:2
FNH:2
FNDA:1,(anonymous_0)
FNDA:1,(anonymous_1)
DA:2,1
DA:6,1
DA:18,1
DA:19,1
DA:20,1
DA:21,1
LF:6
LH:6
BRDA:20,0,0,1
BRDA:20,0,1,1
BRF:2
BRH:2
end_of_record
TN:
SF:src/components/Icons/PlusAsteriskIcon.tsx
FN:6,(anonymous_0)
FN:18,(anonymous_1)
FNF:2
FNH:2
FNDA:1,(anonymous_0)
FNDA:1,(anonymous_1)
DA:2,1
DA:6,1
DA:18,1
DA:19,1
DA:20,1
DA:21,1
LF:6
LH:6
BRDA:20,0,0,1
BRDA:20,0,1,1
BRF:2
BRH:2
end_of_record
TN:
SF:src/components/Icons/PlusIcon.tsx
FN:6,(anonymous_0)
FN:19,(anonymous_1)
FNF:2
FNH:2
FNDA:1,(anonymous_0)
FNDA:1,(anonymous_1)
DA:2,1
DA:6,1
DA:19,1
DA:20,1
DA:21,1
DA:22,1
LF:6
LH:6
BRDA:21,0,0,1
BRDA:21,0,1,1
BRF:2
BRH:2
end_of_record
TN:
SF:src/components/Icons/RadiosIcon.tsx
FN:6,(anonymous_0)
FN:14,(anonymous_1)
FNF:2
FNH:2
FNDA:1,(anonymous_0)
FNDA:1,(anonymous_1)
DA:2,1
DA:6,1
DA:14,1
DA:15,1
DA:16,1
DA:17,1
LF:6
LH:6
BRDA:14,0,0,1
BRF:1
BRH:1
end_of_record
TN:
SF:src/components/Icons/RichTextIcon.tsx
FN:6,(anonymous_0)
FN:14,(anonymous_1)
FNF:2
FNH:2
FNDA:1,(anonymous_0)
FNDA:1,(anonymous_1)
DA:2,1
DA:6,1
DA:14,1
DA:15,1
DA:16,1
DA:17,1
LF:6
LH:6
BRDA:14,0,0,1
BRF:1
BRH:1
end_of_record
TN:
SF:src/components/Icons/SearchIcon.tsx
FN:5,(anonymous_0)
FNF:1
FNH:1
FNDA:2,(anonymous_0)
DA:5,1
DA:11,2
LF:2
LH:2
BRDA:16,0,0,2
BRDA:16,0,1,1
BRDA:22,1,0,2
BRDA:22,1,1,2
BRDA:23,2,0,2
BRDA:23,2,1,2
BRF:6
BRH:6
end_of_record
TN:
SF:src/components/Icons/ToolsIcon.tsx
FN:6,(anonymous_0)
FN:14,(anonymous_1)
FNF:2
FNH:2
FNDA:1,(anonymous_0)
FNDA:1,(anonymous_1)
DA:2,1
DA:6,1
DA:14,1
DA:15,1
DA:16,1
DA:17,1
LF:6
LH:6
BRDA:14,0,0,1
BRF:1
BRH:1
end_of_record
TN:
SF:src/components/Icons/TwitterIcon.tsx
FN:6,(anonymous_0)
FNF:1
FNH:1
FNDA:2,(anonymous_0)
DA:2,1
DA:6,1
DA:7,2
DA:8,2
DA:13,2
LF:5
LH:5
BRDA:11,0,0,2
BRDA:11,0,1,2
BRF:2
BRH:2
end_of_record
TN:
SF:src/components/Icons/UnfoldIcon.tsx
FN:6,(anonymous_0)
FN:14,(anonymous_1)
FNF:2
FNH:2
FNDA:1,(anonymous_0)
FNDA:1,(anonymous_1)
DA:2,1
DA:6,1
DA:14,1
DA:15,1
DA:16,1
DA:17,1
LF:6
LH:6
BRDA:14,0,0,1
BRF:1
BRH:1
end_of_record
TN:
SF:src/components/Image/Image.tsx
FN:15,(anonymous_0)
FN:23,(anonymous_1)
FN:31,(anonymous_2)
FN:45,(anonymous_3)
FN:57,(anonymous_4)
FN:61,(anonymous_5)
FNF:6
FNH:6
FNDA:7,(anonymous_0)
FNDA:7,(anonymous_1)
FNDA:7,(anonymous_2)
FNDA:7,(anonymous_3)
FNDA:7,(anonymous_4)
FNDA:7,(anonymous_5)
DA:2,2
DA:15,2
DA:16,7
DA:23,2
DA:24,7
DA:31,2
DA:32,7
DA:45,2
DA:46,7
DA:47,1
DA:54,6
DA:57,2
DA:58,7
DA:61,2
DA:70,7
DA:77,7
DA:85,7
LF:17
LH:17
BRDA:16,0,0,3
BRDA:16,0,1,4
BRDA:24,1,0,1
BRDA:24,1,1,6
BRDA:32,2,0,1
BRDA:32,2,1,6
BRDA:46,3,0,1
BRDA:58,4,0,1
BRDA:58,4,1,6
BRDA:62,5,0,7
BRDA:63,6,0,4
BRDA:64,7,0,4
BRDA:65,8,0,4
BRDA:66,9,0,4
BRDA:67,10,0,4
BRDA:83,11,0,7
BRDA:83,11,1,7
BRF:17
BRH:17
end_of_record
TN:
SF:src/components/Image/ProgressiveImage.tsx
FN:9,(anonymous_0)
FN:24,(anonymous_1)
FN:42,(anonymous_2)
FN:70,(anonymous_3)
FN:75,(anonymous_4)
FNF:5
FNH:5
FNDA:5,(anonymous_0)
FNDA:5,(anonymous_1)
FNDA:5,(anonymous_2)
FNDA:2,(anonymous_3)
FNDA:1,(anonymous_4)
DA:1,1
DA:7,1
DA:9,1
DA:10,5
DA:24,1
DA:25,5
DA:42,1
DA:49,5
DA:50,5
DA:52,5
DA:53,5
DA:55,5
DA:61,5
DA:65,5
DA:67,5
DA:68,5
DA:70,5
DA:71,2
DA:72,0
DA:75,2
DA:76,1
DA:77,1
DA:81,5
LF:23
LH:22
BRDA:9,0,0,0
BRDA:10,1,0,5
BRDA:10,1,1,0
BRDA:24,2,0,0
BRDA:25,3,0,5
BRDA:25,3,1,0
BRDA:46,4,0,5
BRDA:71,5,0,0
BRF:8
BRH:3
end_of_record
TN:
SF:src/components/Link/Link.tsx
FN:7,(anonymous_0)
FNF:1
FNH:1
FNDA:62,(anonymous_0)
DA:1,10
DA:2,10
DA:7,10
DA:18,62
DA:19,62
DA:28,62
DA:29,62
DA:43,10
LF:8
LH:8
BRDA:10,0,0,31
BRDA:12,1,0,60
BRDA:13,2,0,60
BRDA:28,3,0,62
BRDA:28,3,1,31
BRF:5
BRH:5
end_of_record
TN:
SF:src/components/ListGroup/DataListGroup.tsx
FN:28,(anonymous_0)
FN:40,(anonymous_1)
FN:63,(anonymous_2)
FN:96,(anonymous_3)
FN:112,(anonymous_4)
FNF:5
FNH:5
FNDA:7,(anonymous_0)
FNDA:58,(anonymous_1)
FNDA:52,(anonymous_2)
FNDA:17,(anonymous_3)
FNDA:42,(anonymous_4)
DA:1,1
DA:4,1
DA:5,1
DA:6,1
DA:28,1
DA:33,7
DA:40,1
DA:45,58
DA:46,56
DA:49,2
DA:51,2
DA:63,1
DA:72,52
DA:73,52
DA:80,52
DA:82,52
DA:96,1
DA:104,17
DA:113,42
LF:19
LH:19
BRDA:29,0,0,2
BRDA:41,1,0,2
BRDA:45,2,0,56
BRDA:53,3,0,2
BRDA:53,3,1,2
BRDA:54,4,0,2
BRDA:54,4,1,2
BRDA:75,5,0,0
BRDA:76,6,0,0
BRDA:77,7,0,0
BRDA:79,8,0,52
BRDA:97,9,0,4
BRDA:98,10,0,4
BRDA:99,11,0,4
BRDA:100,12,0,4
BRDA:101,13,0,4
BRDA:102,14,0,2
BRDA:111,15,0,14
BRDA:111,15,1,3
BRF:19
BRH:16
end_of_record
TN:
SF:src/components/ListGroup/ListGroup.tsx
FN:17,(anonymous_0)
FN:53,(anonymous_1)
FNF:2
FNH:2
FNDA:27,(anonymous_0)
FNDA:27,(anonymous_1)
DA:1,2
DA:2,2
DA:17,2
DA:23,27
DA:24,27
DA:31,27
DA:40,27
DA:41,4
DA:42,4
DA:45,27
DA:46,0
DA:47,0
DA:50,27
DA:53,2
DA:62,27
DA:67,27
DA:68,27
DA:70,27
DA:71,27
LF:19
LH:17
BRDA:18,0,0,27
BRDA:19,1,0,0
BRDA:20,2,0,0
BRDA:21,3,0,0
BRDA:23,4,0,8
BRDA:23,4,1,19
BRDA:34,5,0,4
BRDA:34,5,1,23
BRDA:40,6,0,4
BRDA:45,7,0,0
BRDA:55,8,0,27
BRDA:56,9,0,8
BRDA:57,10,0,6
BRDA:58,11,0,8
BRDA:59,12,0,8
BRDA:67,13,0,27
BRDA:67,13,1,27
BRDA:70,14,0,4
BRDA:70,14,1,23
BRF:19
BRH:15
end_of_record
TN:
SF:src/components/ListGroup/ListGroupContext.tsx
FNF:0
FNH:0
DA:1,3
DA:10,3
DA:16,3
LF:3
LH:3
BRF:0
BRH:0
end_of_record
TN:
SF:src/components/ListGroup/ListGroupItem.tsx
FN:24,(anonymous_0)
FN:41,(anonymous_1)
FN:100,(anonymous_2)
FN:119,(anonymous_3)
FN:165,(anonymous_4)
FN:191,(anonymous_5)
FNF:6
FNH:6
FNDA:164,(anonymous_0)
FNDA:164,(anonymous_1)
FNDA:164,(anonymous_2)
FNDA:164,(anonymous_3)
FNDA:164,(anonymous_4)
FNDA:164,(anonymous_5)
DA:1,3
DA:2,3
DA:3,3
DA:5,3
DA:9,3
DA:24,3
DA:25,164
DA:26,164
DA:27,164
DA:29,164
DA:41,3
DA:47,164
DA:54,164
DA:61,164
DA:68,164
DA:75,164
DA:93,164
DA:94,30
DA:97,164
DA:100,3
DA:101,164
DA:102,140
DA:105,24
DA:112,24
DA:113,8
DA:116,24
DA:119,3
DA:125,164
DA:126,164
DA:128,164
DA:130,164
DA:131,152
DA:134,12
DA:135,2
DA:138,12
DA:139,0
DA:142,12
DA:143,4
DA:144,4
DA:147,12
DA:148,4
DA:149,4
DA:152,12
DA:153,4
DA:154,4
DA:157,12
DA:158,2
DA:159,2
DA:162,12
DA:165,3
DA:170,164
DA:171,164
DA:172,146
DA:175,18
DA:176,18
DA:177,6
DA:178,6
DA:179,6
DA:182,18
DA:183,6
DA:184,6
DA:185,6
DA:188,18
DA:191,3
DA:201,164
DA:203,164
DA:215,164
DA:223,164
LF:68
LH:67
BRDA:24,0,0,0
BRDA:42,1,0,0
BRDA:43,2,0,0
BRDA:44,3,0,0
BRDA:45,4,0,0
BRDA:49,5,0,117
BRDA:49,5,1,47
BRDA:50,6,0,30
BRDA:50,6,1,134
BRDA:61,7,0,12
BRDA:61,7,1,152
BRDA:69,8,0,47
BRDA:69,8,1,117
BRDA:70,9,0,47
BRDA:70,9,1,117
BRDA:71,10,0,49
BRDA:71,10,1,115
BRDA:72,11,0,49
BRDA:72,11,1,115
BRDA:79,12,0,30
BRDA:79,12,1,134
BRDA:80,13,0,30
BRDA:80,13,1,134
BRDA:81,14,0,30
BRDA:81,14,1,134
BRDA:93,15,0,30
BRDA:100,16,0,0
BRDA:100,17,0,0
BRDA:101,18,0,140
BRDA:112,19,0,8
BRDA:120,20,0,0
BRDA:121,21,0,0
BRDA:122,22,0,0
BRDA:123,23,0,0
BRDA:125,24,0,164
BRDA:125,24,1,117
BRDA:126,25,0,164
BRDA:126,25,1,47
BRDA:130,26,0,152
BRDA:134,27,0,2
BRDA:138,28,0,0
BRDA:142,29,0,4
BRDA:147,30,0,4
BRDA:152,31,0,4
BRDA:157,32,0,2
BRDA:157,33,0,12
BRDA:157,33,1,4
BRDA:166,34,0,14
BRDA:167,35,0,0
BRDA:168,36,0,0
BRDA:171,37,0,146
BRDA:176,38,0,6
BRDA:182,39,0,6
BRDA:193,40,0,163
BRDA:194,41,0,35
BRDA:195,42,0,81
BRDA:196,43,0,81
BRDA:197,44,0,89
BRDA:198,45,0,89
BRDA:221,46,0,164
BRDA:221,46,1,163
BRF:61
BRH:47
end_of_record
TN:
SF:src/components/ListGroup/ListGroupItemAction.tsx
FN:18,(anonymous_0)
FN:45,(anonymous_1)
FNF:2
FNH:2
FNDA:60,(anonymous_0)
FNDA:60,(anonymous_1)
DA:2,3
DA:4,3
DA:6,3
DA:16,3
DA:18,3
DA:22,60
DA:45,3
DA:53,60
DA:54,60
DA:55,60
DA:56,60
LF:11
LH:11
BRDA:19,0,0,0
BRDA:20,1,0,0
BRDA:24,2,0,28
BRDA:24,2,1,32
BRDA:46,3,0,32
BRDA:50,4,0,2
BRDA:54,5,0,60
BRDA:54,5,1,28
BRDA:55,6,0,60
BRDA:55,6,1,60
BRDA:60,7,0,28
BRDA:60,7,1,32
BRF:12
BRH:10
end_of_record
TN:
SF:src/components/ListGroup/mappings.ts
FNF:0
FNH:0
DA:3,4
DA:33,4
LF:2
LH:2
BRF:0
BRH:0
end_of_record
TN:
SF:src/components/Modal/Backdrop.tsx
FN:5,(anonymous_0)
FN:21,(anonymous_1)
FNF:2
FNH:2
FNDA:21,(anonymous_0)
FNDA:21,(anonymous_1)
DA:1,2
DA:5,21
DA:21,2
DA:22,21
DA:23,21
LF:5
LH:5
BRDA:21,0,0,21
BRF:1
BRH:1
end_of_record
TN:
SF:src/components/Modal/Body.tsx
FN:4,(anonymous_0)
FN:10,(anonymous_1)
FN:18,(anonymous_2)
FNF:3
FNH:3
FNDA:21,(anonymous_0)
FNDA:21,(anonymous_1)
FNDA:21,(anonymous_2)
DA:1,2
DA:4,21
DA:10,2
DA:11,21
DA:18,2
DA:24,21
DA:25,21
DA:26,21
LF:8
LH:8
BRDA:10,0,0,0
BRDA:11,1,0,0
BRDA:11,1,1,21
BRDA:19,2,0,21
BRDA:21,3,0,1
BRF:5
BRH:3
end_of_record
TN:
SF:src/components/Modal/CloseButton.tsx
FN:5,(anonymous_0)
FN:27,(anonymous_1)
FNF:2
FNH:2
FNDA:22,(anonymous_0)
FNDA:22,(anonymous_1)
DA:2,2
DA:3,2
DA:5,22
DA:27,2
DA:32,22
DA:33,22
DA:34,22
LF:7
LH:7
BRDA:29,0,0,22
BRF:1
BRH:1
end_of_record
TN:
SF:src/components/Modal/Dialog.tsx
FN:7,(anonymous_0)
FN:19,(anonymous_1)
FN:27,(anonymous_2)
FN:36,(anonymous_3)
FN:47,(anonymous_4)
FN:57,(anonymous_5)
FN:74,(anonymous_6)
FN:88,(anonymous_7)
FNF:8
FNH:8
FNDA:40,(anonymous_0)
FNDA:80,(anonymous_1)
FNDA:40,(anonymous_2)
FNDA:40,(anonymous_3)
FNDA:40,(anonymous_4)
FNDA:40,(anonymous_5)
FNDA:40,(anonymous_6)
FNDA:40,(anonymous_7)
DA:1,2
DA:3,2
DA:4,2
DA:7,40
DA:19,2
DA:20,80
DA:27,2
DA:28,40
DA:36,40
DA:47,2
DA:48,40
DA:57,2
DA:58,40
DA:74,2
DA:86,40
DA:87,40
DA:88,40
DA:90,40
DA:99,40
DA:104,40
DA:118,2
DA:119,2
LF:22
LH:22
BRDA:19,0,0,0
BRDA:20,1,0,12
BRDA:20,1,1,68
BRDA:27,2,0,0
BRDA:28,3,0,6
BRDA:28,3,1,34
BRDA:47,4,0,0
BRDA:48,5,0,10
BRDA:48,5,1,30
BRDA:57,6,0,0
BRDA:58,7,0,10
BRDA:58,7,1,30
BRDA:76,8,0,20
BRDA:78,9,0,2
BRDA:79,10,0,14
BRDA:80,11,0,14
BRF:16
BRH:12
end_of_record
TN:
SF:src/components/Modal/Footer.tsx
FN:4,(anonymous_0)
FN:19,(anonymous_1)
FNF:2
FNH:2
FNDA:21,(anonymous_0)
FNDA:21,(anonymous_1)
DA:1,2
DA:4,21
DA:19,2
DA:24,21
DA:25,21
DA:26,21
LF:6
LH:6
BRDA:20,0,0,21
BRF:1
BRH:1
end_of_record
TN:
SF:src/components/Modal/Header.tsx
FN:4,(anonymous_0)
FN:12,(anonymous_1)
FNF:2
FNH:2
FNDA:21,(anonymous_0)
FNDA:21,(anonymous_1)
DA:1,2
DA:4,21
DA:12,2
DA:17,21
DA:18,21
DA:20,21
LF:6
LH:6
BRDA:13,0,0,21
BRF:1
BRH:1
end_of_record
TN:
SF:src/components/Modal/Modal.tsx
FN:60,(anonymous_0)
FN:90,(anonymous_1)
FNF:2
FNH:2
FNDA:15,(anonymous_0)
FNDA:20,(anonymous_1)
DA:2,1
DA:9,1
DA:10,1
DA:11,1
DA:12,1
DA:14,1
DA:15,1
DA:16,1
DA:17,1
DA:18,1
DA:19,1
DA:20,1
DA:21,1
DA:23,1
DA:25,1
DA:33,1
DA:41,1
DA:60,1
DA:71,15
DA:72,15
DA:74,15
DA:79,15
DA:84,15
DA:91,20
LF:24
LH:24
BRDA:61,0,0,0
BRDA:62,1,0,0
BRDA:64,2,0,0
BRDA:65,3,0,0
BRDA:66,4,0,0
BRDA:67,5,0,0
BRDA:114,6,0,20
BRDA:114,6,1,20
BRF:8
BRH:2
end_of_record
TN:
SF:src/components/Modal/Overlay.tsx
FN:5,(anonymous_0)
FN:25,(anonymous_1)
FNF:2
FNH:2
FNDA:21,(anonymous_0)
FNDA:21,(anonymous_1)
DA:1,2
DA:5,21
DA:25,2
DA:31,21
DA:32,21
DA:33,21
LF:6
LH:6
BRDA:27,0,0,1
BRF:1
BRH:1
end_of_record
TN:
SF:src/components/Modal/Title.tsx
FN:4,(anonymous_0)
FN:14,(anonymous_1)
FNF:2
FNH:2
FNDA:21,(anonymous_0)
FNDA:21,(anonymous_1)
DA:2,2
DA:4,21
DA:14,2
DA:19,21
DA:20,21
DA:21,21
LF:6
LH:6
BRDA:15,0,0,21
BRF:1
BRH:1
end_of_record
TN:
SF:src/components/Modal/animations.ts
FN:1,(anonymous_0)
FN:6,(anonymous_1)
FNF:2
FNH:1
FNDA:40,(anonymous_0)
FNDA:0,(anonymous_1)
DA:1,40
DA:6,2
DA:11,2
LF:3
LH:3
BRF:0
BRH:0
[...]
LF:11
LH:11
BRDA:5,0,0,0
BRDA:6,1,0,2
BRDA:6,1,1,37
BRDA:15,2,0,4
BRDA:16,3,0,37
BRDA:29,4,0,0
BRF:6
BRH:4
end_of_record
TN:
SF:src/components/PanelGroup/Header.tsx
FN:21,(anonymous_0)
FN:25,(anonymous_1)
FN:50,(anonymous_2)
FN:61,(anonymous_3)
FNF:4
FNH:3
FNDA:41,(anonymous_0)
FNDA:0,(anonymous_1)
FNDA:37,(anonymous_2)
FNDA:2,(anonymous_3)
DA:1,3
DA:7,3
DA:8,3
DA:9,3
DA:10,3
DA:11,3
DA:21,3
DA:25,0
DA:30,41
DA:31,41
DA:35,41
DA:50,3
DA:60,37
DA:61,37
DA:62,2
DA:63,1
DA:66,2
DA:69,37
LF:18
LH:17
BRDA:22,0,0,41
BRDA:23,1,0,4
BRDA:24,2,0,4
BRDA:25,3,0,3
BRDA:26,4,0,4
BRDA:51,5,0,2
BRDA:52,6,0,2
BRDA:62,7,0,1
BRF:8
BRH:8
end_of_record
TN:
SF:src/components/PanelGroup/Panel.tsx
FN:19,(anonymous_0)
FN:25,(anonymous_1)
FN:35,(anonymous_2)
FN:48,(anonymous_3)
FN:61,(anonymous_4)
FN:69,(anonymous_5)
FN:77,(anonymous_6)
FN:83,(anonymous_7)
FNF:8
FNH:7
FNDA:35,(anonymous_0)
FNDA:35,(anonymous_1)
FNDA:35,(anonymous_2)
FNDA:35,(anonymous_3)
FNDA:35,(anonymous_4)
FNDA:35,(anonymous_5)
FNDA:35,(anonymous_6)
FNDA:0,(anonymous_7)
DA:2,2
DA:3,2
DA:4,2
DA:6,2
DA:7,2
DA:19,35
DA:25,2
DA:26,35
DA:35,2
DA:36,35
DA:37,5
DA:45,30
DA:48,2
DA:49,35
DA:50,6
DA:58,29
DA:61,2
DA:62,35
DA:69,2
DA:70,35
DA:77,2
DA:83,0
DA:87,35
DA:91,35
DA:92,35
DA:93,35
DA:95,35
LF:27
LH:26
BRDA:25,0,0,0
BRDA:26,1,0,12
BRDA:26,1,1,23
BRDA:36,2,0,5
BRDA:36,3,0,35
BRDA:36,3,1,11
BRDA:49,4,0,6
BRDA:49,5,0,35
BRDA:49,5,1,11
BRDA:61,6,0,0
BRDA:62,7,0,15
BRDA:62,7,1,20
BRDA:69,8,0,0
BRDA:70,9,0,15
BRDA:70,9,1,20
BRDA:78,10,0,35
BRDA:79,11,0,11
BRDA:80,12,0,11
BRDA:81,13,0,11
BRDA:83,14,0,0
BRF:20
BRH:16
end_of_record
TN:
SF:src/components/PanelGroup/PanelGroup.tsx
FN:14,(anonymous_0)
FN:25,(anonymous_1)
FN:30,(anonymous_2)
FNF:3
FNH:2
FNDA:6,(anonymous_0)
FNDA:14,(anonymous_1)
FNDA:0,(anonymous_2)
DA:1,1
DA:2,1
DA:14,1
DA:19,6
DA:20,6
DA:26,14
DA:27,14
DA:30,0
LF:8
LH:7
BRDA:15,0,0,6
BRDA:16,1,0,4
BRDA:17,2,0,0
BRF:3
BRH:2
end_of_record
TN:
SF:src/components/PanelGroup/ToggleButton.tsx
FN:5,(anonymous_0)
FN:34,(anonymous_1)
FN:43,(anonymous_2)
FN:51,(anonymous_3)
FN:122,(anonymous_4)
FNF:5
FNH:5
FNDA:51,(anonymous_0)
FNDA:51,(anonymous_1)
FNDA:51,(anonymous_2)
FNDA:51,(anonymous_3)
FNDA:51,(anonymous_4)
DA:1,4
DA:2,4
DA:5,51
DA:34,4
DA:35,51
DA:43,4
DA:44,51
DA:51,4
DA:52,51
DA:122,4
DA:129,51
DA:130,51
DA:131,51
LF:13
LH:13
BRDA:35,0,0,13
BRDA:35,0,1,38
BRDA:44,1,0,14
BRDA:44,1,1,37
BRDA:52,2,0,17
BRDA:52,2,1,34
BRDA:52,3,0,51
BRDA:52,3,1,19
BRDA:123,4,0,6
BRDA:124,5,0,8
BRDA:125,6,0,6
BRF:11
BRH:11
end_of_record
TN:
SF:src/components/PanelGroup/ToggleIcon.tsx
FN:4,(anonymous_0)
FN:18,(anonymous_1)
FN:21,(anonymous_2)
FNF:3
FNH:3
FNDA:45,(anonymous_0)
FNDA:45,(anonymous_1)
FNDA:45,(anonymous_2)
DA:1,4
DA:4,45
DA:18,4
DA:19,45
DA:21,4
DA:22,45
DA:23,45
DA:24,45
LF:8
LH:8
BRDA:19,0,0,11
BRDA:19,0,1,34
BRDA:21,1,0,2
BRF:3
BRH:3
end_of_record
TN:
SF:src/components/Placeholder/Placeholder.tsx
FN:6,(anonymous_0)
FN:10,(anonymous_1)
FN:16,(anonymous_2)
FN:23,(anonymous_3)
FN:40,(anonymous_4)
FN:55,(anonymous_5)
FN:55,(anonymous_6)
FN:62,(anonymous_7)
FNF:8
FNH:8
FNDA:16,(anonymous_0)
FNDA:4,(anonymous_1)
FNDA:5,(anonymous_2)
FNDA:20,(anonymous_3)
FNDA:16,(anonymous_4)
FNDA:16,(anonymous_5)
FNDA:16,(anonymous_6)
FNDA:20,(anonymous_7)
DA:1,1
DA:2,1
DA:3,1
DA:6,16
DA:10,4
DA:16,5
DA:23,1
DA:24,20
DA:40,1
DA:41,16
DA:42,5
DA:52,11
DA:55,16
DA:62,1
DA:70,20
DA:73,20
DA:74,4
DA:77,20
DA:78,5
DA:81,20
DA:82,16
DA:84,16
DA:91,4
LF:23
LH:23
BRDA:26,0,0,20
BRDA:26,0,1,0
BRDA:29,1,0,20
BRDA:29,1,1,0
BRDA:41,2,0,5
BRDA:63,3,0,20
BRDA:64,4,0,4
BRDA:65,5,0,19
BRDA:66,6,0,16
BRDA:67,7,0,18
BRDA:68,8,0,11
BRDA:73,9,0,4
BRDA:77,10,0,5
BRDA:81,11,0,16
BRDA:97,12,0,4
BRDA:97,12,1,0
BRF:16
BRH:13
end_of_record
TN:
SF:src/components/Placeholder/mappings.ts
FNF:0
FNH:0
DA:4,1
DA:11,1
LF:2
LH:2
BRF:0
BRH:0
end_of_record
TN:
SF:src/components/Progress/Progress.tsx
FN:32,(anonymous_0)
FN:43,(anonymous_1)
FN:63,(anonymous_2)
FN:70,(anonymous_3)
FN:71,(anonymous_4)
FN:81,(anonymous_5)
FN:104,(anonymous_6)
FNF:7
FNH:7
FNDA:78,(anonymous_0)
FNDA:78,(anonymous_1)
FNDA:10,(anonymous_2)
FNDA:78,(anonymous_3)
FNDA:78,(anonymous_4)
FNDA:78,(anonymous_5)
FNDA:78,(anonymous_6)
DA:1,2
DA:3,2
DA:13,2
DA:32,78
DA:43,2
DA:44,78
DA:63,10
DA:70,2
DA:71,78
DA:72,78
DA:81,2
DA:85,78
DA:104,2
DA:115,78
DA:123,78
DA:125,78
DA:126,78
DA:131,78
LF:18
LH:18
BRDA:32,0,0,0
BRDA:32,1,0,0
BRDA:35,2,0,28
BRDA:35,2,1,50
BRDA:38,3,0,28
BRDA:38,3,1,50
BRDA:40,4,0,28
BRDA:40,4,1,50
BRDA:43,5,0,0
BRDA:43,6,0,0
BRDA:44,7,0,20
BRDA:44,7,1,58
BRDA:71,8,0,0
BRDA:71,9,0,0
BRDA:72,10,0,10
BRDA:72,10,1,68
BRDA:72,11,0,78
BRDA:72,11,1,20
BRDA:72,11,2,10
BRDA:82,12,0,0
BRDA:83,13,0,0
BRDA:84,14,0,0
BRDA:95,15,0,28
BRDA:95,15,1,50
BRDA:105,16,0,78
BRDA:106,17,0,10
BRDA:107,18,0,60
BRDA:108,19,0,0
BRDA:109,20,0,50
BRDA:110,21,0,50
BRDA:111,22,0,58
BRDA:112,23,0,68
BRDA:123,24,0,10
BRDA:123,24,1,68
BRDA:123,25,0,78
BRDA:123,25,1,20
BRDA:125,26,0,78
BRDA:125,26,1,0
BRDA:143,27,0,10
BRDA:143,27,1,68
BRF:40
BRH:29
end_of_record
TN:
SF:src/components/Progress/ProgressStacked.tsx
FN:9,(anonymous_0)
FN:18,(anonymous_1)
FN:32,(anonymous_2)
FNF:3
FNH:3
FNDA:7,(anonymous_0)
FNDA:7,(anonymous_1)
FNDA:18,(anonymous_2)
DA:1,1
DA:3,1
DA:9,7
DA:18,1
DA:23,7
DA:24,7
DA:26,7
DA:27,1
DA:30,6
DA:33,18
DA:34,18
DA:35,18
DA:36,18
LF:13
LH:13
BRDA:19,0,0,5
BRDA:20,1,0,0
BRDA:26,2,0,1
BRDA:35,3,0,6
BRDA:35,4,0,0
BRF:5
BRH:3
end_of_record
TN:
SF:src/components/SegmentedButton/Action.tsx
FN:6,(anonymous_0)
FN:14,(anonymous_1)
FN:19,(anonymous_2)
FNF:3
FNH:3
FNDA:7,(anonymous_0)
FNDA:7,(anonymous_1)
FNDA:7,(anonymous_2)
DA:1,2
DA:2,2
DA:6,7
DA:14,7
DA:19,2
DA:20,7
DA:21,7
DA:26,7
LF:8
LH:8
BRDA:19,0,0,7
BRF:1
BRH:1
end_of_record
TN:
SF:src/components/SegmentedButton/Item.tsx
FN:15,(anonymous_0)
FNF:1
FNH:1
FNDA:14,(anonymous_0)
DA:1,2
DA:3,2
DA:4,2
DA:5,2
DA:6,2
DA:15,2
DA:21,14
DA:22,14
DA:24,14
DA:29,14
DA:30,14
DA:32,2
DA:34,6
DA:40,2
DA:42,4
LF:15
LH:15
BRDA:16,0,0,0
BRDA:18,1,0,0
BRDA:25,2,0,12
BRDA:25,2,1,2
BRDA:26,3,0,12
BRDA:26,3,1,2
BRDA:30,4,0,2
BRDA:30,4,1,6
BRDA:30,4,2,2
BRDA:30,4,3,4
BRF:10
BRH:8
end_of_record
TN:
SF:src/components/SegmentedButton/Segment.tsx
FN:5,(anonymous_0)
FN:13,(anonymous_1)
FN:17,(anonymous_2)
FN:25,(anonymous_3)
FN:35,(anonymous_4)
FN:47,(anonymous_5)
FN:57,(anonymous_6)
FNF:7
FNH:7
FNDA:8,(anonymous_0)
FNDA:8,(anonymous_1)
FNDA:8,(anonymous_2)
FNDA:8,(anonymous_3)
FNDA:8,(anonymous_4)
FNDA:8,(anonymous_5)
FNDA:8,(anonymous_6)
DA:1,2
DA:2,2
DA:3,2
DA:5,8
DA:13,8
DA:17,8
DA:25,8
DA:35,8
DA:47,8
DA:57,2
DA:61,8
DA:62,8
DA:68,8
DA:69,8
DA:70,8
DA:87,2
LF:16
LH:16
BRDA:58,0,0,8
BRF:1
BRH:1
end_of_record
TN:
SF:src/components/SegmentedButton/SegmentedButton.tsx
FN:17,(anonymous_0)
FN:70,(anonymous_1)
FN:113,(anonymous_2)
FNF:3
FNH:3
FNDA:6,(anonymous_0)
FNDA:15,(anonymous_1)
FNDA:15,(anonymous_2)
DA:2,1
DA:4,1
DA:5,1
DA:6,1
DA:7,1
DA:8,1
DA:17,1
DA:37,6
DA:39,6
DA:46,6
DA:47,3
DA:74,15
DA:89,3
DA:114,15
LF:14
LH:14
BRDA:20,0,0,0
BRDA:21,1,0,0
BRDA:46,2,0,3
BRDA:71,3,0,0
BRDA:71,4,0,0
BRDA:113,5,0,0
BRDA:113,6,0,0
BRF:7
BRH:1
end_of_record
TN:
SF:src/components/SegmentedButton/Wrapper.tsx
FN:4,(anonymous_0)
FN:13,(anonymous_1)
FNF:2
FNH:2
FNDA:8,(anonymous_0)
FNDA:8,(anonymous_1)
DA:1,2
DA:4,8
DA:13,2
DA:14,8
DA:15,8
DA:16,8
LF:6
LH:6
BRDA:13,0,0,8
BRF:1
BRH:1
end_of_record
TN:
SF:src/components/SegmentedButton/useSegmentedButton.tsx
FN:14,(anonymous_0)
FN:46,(anonymous_1)
FN:57,(anonymous_2)
FNF:3
FNH:2
FNDA:6,(anonymous_0)
FNDA:0,(anonymous_1)
FNDA:6,(anonymous_2)
DA:1,1
DA:11,1
DA:14,1
DA:15,6
DA:16,6
DA:24,6
DA:25,6
DA:27,6
DA:28,6
DA:30,6
DA:37,6
DA:38,6
DA:39,6
DA:41,6
DA:45,6
DA:46,6
DA:47,0
DA:48,0
DA:50,0
DA:51,0
DA:55,6
DA:56,6
DA:57,6
LF:23
LH:19
BRDA:50,0,0,0
BRF:1
BRH:0
end_of_record
TN:
SF:src/components/Spinner/Spinner.tsx
FN:16,(anonymous_0)
FN:28,(anonymous_1)
FN:41,(anonymous_2)
FN:50,(anonymous_3)
FN:58,(anonymous_4)
FN:74,(anonymous_5)
FN:89,(anonymous_6)
FN:104,(anonymous_7)
FNF:8
FNH:8
FNDA:37,(anonymous_0)
FNDA:37,(anonymous_1)
FNDA:37,(anonymous_2)
FNDA:37,(anonymous_3)
FNDA:37,(anonymous_4)
FNDA:37,(anonymous_5)
FNDA:37,(anonymous_6)
FNDA:37,(anonymous_7)
DA:2,1
DA:6,1
DA:16,1
DA:17,37
DA:28,1
DA:29,37
DA:41,37
DA:50,1
DA:51,37
DA:58,1
DA:59,37
DA:74,1
DA:75,37
DA:89,1
DA:95,37
DA:96,37
DA:100,37
DA:104,37
DA:106,37
DA:108,19
DA:109,19
DA:111,18
DA:112,18
DA:115,37
DA:123,37
DA:129,37
LF:26
LH:26
BRDA:16,0,0,0
BRDA:17,1,0,19
BRDA:17,1,1,18
BRDA:28,2,0,0
BRDA:29,3,0,18
BRDA:29,3,1,19
BRDA:41,4,0,0
BRDA:41,5,0,0
BRDA:44,6,0,24
BRDA:44,6,1,13
BRDA:45,7,0,24
BRDA:45,7,1,13
BRDA:50,8,0,0
BRDA:51,9,0,19
BRDA:51,9,1,18
BRDA:74,10,0,0
BRDA:74,11,0,0
BRDA:75,12,0,18
BRDA:75,12,1,19
BRDA:90,13,0,37
BRDA:91,14,0,13
BRDA:92,15,0,1
BRDA:93,16,0,13
BRDA:104,17,0,0
BRDA:106,18,0,19
BRDA:106,18,1,18
BRF:26
BRH:18
end_of_record
TN:
SF:src/components/Table/Body.tsx
FN:14,(anonymous_0)
FN:16,(anonymous_1)
FN:27,(anonymous_2)
FN:34,(anonymous_3)
FNF:4
FNH:4
FNDA:86,(anonymous_0)
FNDA:86,(anonymous_1)
FNDA:86,(anonymous_2)
FNDA:86,(anonymous_3)
DA:2,2
DA:3,2
DA:4,2
DA:5,2
DA:14,86
DA:16,2
DA:17,86
DA:27,2
DA:28,86
DA:34,2
DA:39,86
DA:40,86
DA:41,86
DA:46,86
LF:14
LH:14
BRDA:16,0,0,0
BRDA:16,1,0,0
BRDA:17,2,0,30
BRDA:17,2,1,56
BRDA:27,3,0,0
BRDA:28,4,0,18
BRDA:28,4,1,68
BRDA:35,5,0,84
BRDA:39,6,0,0
BRF:9
BRH:5
end_of_record
TN:
SF:src/components/Table/Col.tsx
FN:9,(anonymous_0)
FN:17,(anonymous_1)
FN:31,(anonymous_2)
FN:38,(anonymous_3)
FN:45,(anonymous_4)
FN:62,(anonymous_5)
FNF:6
FNH:6
FNDA:712,(anonymous_0)
FNDA:712,(anonymous_1)
FNDA:712,(anonymous_2)
FNDA:712,(anonymous_3)
FNDA:712,(anonymous_4)
FNDA:712,(anonymous_5)
DA:2,2
DA:3,2
DA:6,2
DA:7,2
DA:9,712
DA:17,2
DA:24,712
DA:25,482
DA:28,230
DA:31,2
DA:32,712
DA:38,2
DA:39,712
DA:45,2
DA:46,712
DA:62,2
DA:77,712
DA:78,712
DA:89,712
DA:90,712
DA:99,712
LF:21
LH:21
BRDA:18,0,0,0
BRDA:19,1,0,0
BRDA:20,2,0,0
BRDA:21,3,0,0
BRDA:22,4,0,0
BRDA:24,5,0,482
BRDA:25,6,0,482
BRDA:25,6,1,378
BRDA:28,7,0,230
BRDA:28,7,1,172
BRDA:28,7,2,98
BRDA:31,8,0,0
BRDA:32,9,0,46
BRDA:32,9,1,666
BRDA:38,10,0,0
BRDA:39,11,0,76
BRDA:39,11,1,636
BRDA:45,12,0,0
BRDA:45,13,0,0
BRDA:46,14,0,24
BRDA:46,14,1,688
BRDA:64,15,0,314
BRDA:65,16,0,402
BRDA:67,17,0,150
BRDA:68,18,0,150
BRDA:72,19,0,4
BRDA:73,20,0,4
BRDA:74,21,0,4
BRDA:75,22,0,4
BRDA:76,23,0,4
BRDA:89,24,0,712
BRDA:89,24,1,140
BRF:32
BRH:23
end_of_record
TN:
SF:src/components/Table/Head.tsx
FN:8,(anonymous_0)
FN:12,(anonymous_1)
FN:19,(anonymous_2)
FNF:3
FNH:3
FNDA:44,(anonymous_0)
FNDA:44,(anonymous_1)
FNDA:44,(anonymous_2)
DA:1,2
DA:2,2
DA:3,2
DA:8,44
DA:12,2
DA:13,44
DA:19,2
DA:24,44
DA:25,44
DA:26,44
DA:27,44
LF:11
LH:11
BRDA:13,0,0,4
BRDA:13,0,1,40
BRDA:20,1,0,42
BRDA:24,2,0,4
BRF:4
BRH:4
end_of_record
TN:
SF:src/components/Table/Row.tsx
FN:7,(anonymous_0)
FN:15,(anonymous_1)
FN:22,(anonymous_2)
FN:35,(anonymous_3)
FNF:4
FNH:4
FNDA:190,(anonymous_0)
FNDA:190,(anonymous_1)
FNDA:190,(anonymous_2)
FNDA:190,(anonymous_3)
DA:1,2
DA:2,2
DA:3,2
DA:4,2
DA:7,190
DA:15,2
DA:16,190
DA:22,2
DA:23,190
DA:35,2
DA:45,190
DA:46,190
DA:52,190
DA:59,190
LF:14
LH:14
BRDA:16,0,0,22
BRDA:16,0,1,168
BRDA:22,1,0,0
BRDA:23,2,0,30
BRDA:23,2,1,160
BRDA:37,3,0,190
BRDA:38,4,0,154
BRDA:42,5,0,2
BRDA:43,6,0,2
BRDA:44,7,0,2
BRF:10
BRH:9
end_of_record
TN:
SF:src/components/Table/Table.tsx
FN:21,(anonymous_0)
FN:41,(anonymous_1)
FN:64,(anonymous_2)
FN:78,(anonymous_3)
FN:82,(anonymous_4)
FNF:5
FNH:5
FNDA:396,(anonymous_0)
FNDA:36,(anonymous_1)
FNDA:144,(anonymous_2)
FNDA:108,(anonymous_3)
FNDA:396,(anonymous_4)
DA:3,1
DA:4,1
DA:5,1
DA:6,1
DA:7,1
DA:8,1
DA:21,396
DA:41,1
DA:50,36
DA:58,36
DA:59,36
DA:65,144
DA:79,108
DA:91,396
LF:14
LH:14
BRDA:42,0,0,8
BRDA:43,1,0,34
BRDA:44,2,0,32
BRDA:45,3,0,22
BRDA:46,4,0,36
BRDA:48,5,0,0
BRDA:58,6,0,0
BRDA:78,7,0,106
BRDA:84,8,0,0
BRDA:86,9,0,396
BRDA:92,10,0,396
BRDA:92,10,1,388
BRDA:96,11,0,108
BRDA:96,11,1,288
BRDA:97,12,0,108
BRDA:97,12,1,288
BRF:16
BRH:13
end_of_record
TN:
SF:src/components/Table/TableContext.ts
FNF:0
FNH:0
DA:1,6
DA:12,6
LF:2
LH:2
BRF:0
BRH:0
end_of_record
TN:
SF:src/components/Table/Wrapper.tsx
FN:6,(anonymous_0)
FN:13,(anonymous_1)
FN:21,(anonymous_2)
FNF:3
FNH:3
FNDA:37,(anonymous_0)
FNDA:37,(anonymous_1)
FNDA:37,(anonymous_2)
DA:1,2
DA:2,2
DA:3,2
DA:4,2
DA:6,37
DA:13,37
DA:21,2
DA:30,37
DA:31,37
DA:32,37
LF:10
LH:10
BRDA:22,0,0,37
BRDA:27,1,0,0
BRDA:28,2,0,0
BRDA:29,3,0,0
BRF:4
BRH:1
end_of_record
TN:
SF:src/components/Table/variant.ts
FN:58,(anonymous_0)
FNF:1
FNH:1
FNDA:1651,(anonymous_0)
DA:3,5
DA:13,5
DA:23,5
DA:38,5
DA:48,5
DA:58,5
DA:64,1651
LF:7
LH:7
BRDA:59,0,0,0
BRDA:60,1,0,939
BRDA:61,2,0,227
BRDA:62,3,0,902
BRDA:64,4,0,270
BRDA:64,4,1,1381
BRDA:64,5,0,1651
BRDA:64,5,1,1399
BRDA:73,6,0,326
BRDA:73,6,1,1055
BRF:10
BRH:9
end_of_record
TN:
SF:src/components/Toast/Body.tsx
FN:4,(anonymous_0)
FN:9,(anonymous_1)
FNF:2
FNH:2
FNDA:87,(anonymous_0)
FNDA:87,(anonymous_1)
DA:1,3
DA:4,87
DA:9,3
DA:10,87
DA:11,87
DA:12,87
LF:6
LH:6
BRDA:9,0,0,85
BRF:1
BRH:1
end_of_record
TN:
SF:src/components/Toast/CloseButton.tsx
FN:12,(anonymous_0)
FN:51,(anonymous_1)
FNF:2
FNH:2
FNDA:77,(anonymous_0)
FNDA:77,(anonymous_1)
DA:1,4
DA:2,4
DA:5,4
DA:12,4
DA:13,77
DA:51,4
DA:52,77
DA:53,77
DA:54,77
LF:9
LH:9
BRDA:51,0,0,76
BRF:1
BRH:1
end_of_record
TN:
SF:src/components/Toast/Container.tsx
FN:28,(anonymous_0)
FN:33,(anonymous_1)
FN:85,(anonymous_2)
FNF:3
FNH:3
FNDA:74,(anonymous_0)
FNDA:74,(anonymous_1)
FNDA:74,(anonymous_2)
DA:3,3
DA:28,3
DA:29,74
DA:30,74
DA:33,3
DA:34,74
DA:37,74
DA:39,24
DA:40,24
DA:43,24
DA:44,24
DA:48,26
DA:49,26
DA:53,74
DA:55,24
DA:56,24
DA:60,24
DA:61,24
DA:65,26
DA:66,26
DA:70,74
DA:71,16
DA:74,74
DA:75,16
DA:78,74
DA:79,8
DA:82,74
DA:85,3
DA:91,74
DA:92,74
DA:93,74
DA:94,74
LF:32
LH:32
BRDA:33,0,0,0
BRDA:33,1,0,0
BRDA:37,2,0,24
BRDA:37,2,1,24
BRDA:37,2,2,26
BRDA:53,3,0,24
BRDA:53,3,1,24
BRDA:53,3,2,26
BRDA:70,4,0,16
BRDA:70,5,0,74
BRDA:70,5,1,24
BRDA:74,6,0,16
BRDA:74,7,0,74
BRDA:74,7,1,24
BRDA:78,8,0,8
BRDA:78,9,0,74
BRDA:78,9,1,24
BRDA:86,10,0,54
BRDA:89,11,0,2
BRF:19
BRH:17
end_of_record
TN:
SF:src/components/Toast/Header.tsx
FN:7,(anonymous_0)
FN:26,(anonymous_1)
FNF:2
FNH:2
FNDA:75,(anonymous_0)
FNDA:75,(anonymous_1)
DA:1,3
DA:3,3
DA:5,3
DA:7,75
DA:26,3
DA:34,75
DA:35,75
DA:36,75
LF:8
LH:8
BRDA:27,0,0,67
BRDA:38,1,0,75
BRDA:38,1,1,73
BRDA:39,2,0,75
BRDA:39,2,1,69
BRDA:50,3,0,75
BRDA:50,3,1,65
BRF:7
BRH:7
end_of_record
TN:
SF:src/components/Toast/Icon.tsx
FN:3,(anonymous_0)
FN:8,(anonymous_1)
FNF:2
FNH:2
FNDA:75,(anonymous_0)
FNDA:75,(anonymous_1)
DA:1,4
DA:3,75
DA:8,4
DA:9,75
DA:10,75
LF:5
LH:5
BRDA:8,0,0,75
BRF:1
BRH:1
end_of_record
TN:
SF:src/components/Toast/Stack.tsx
FN:15,(anonymous_0)
FN:27,(anonymous_1)
FNF:2
FNH:2
FNDA:18,(anonymous_0)
FNDA:36,(anonymous_1)
DA:1,1
DA:2,1
DA:4,1
DA:15,1
DA:21,18
DA:22,18
DA:25,18
DA:28,36
DA:29,36
DA:30,36
LF:10
LH:10
BRDA:16,0,0,0
BRDA:17,1,0,18
BRDA:18,2,0,0
BRDA:19,3,0,18
BRDA:29,4,0,0
BRDA:29,4,1,36
BRF:6
BRH:3
end_of_record
TN:
SF:src/components/Toast/Toast.tsx
FN:21,(anonymous_0)
FN:43,(anonymous_1)
FN:57,(anonymous_2)
FN:90,(anonymous_3)
FNF:4
FNH:4
FNDA:81,(anonymous_0)
FNDA:81,(anonymous_1)
FNDA:36,(anonymous_2)
FNDA:47,(anonymous_3)
DA:2,2
DA:3,2
DA:4,2
DA:5,2
DA:6,2
DA:7,2
DA:21,81
DA:33,2
DA:35,2
DA:43,2
DA:51,81
DA:52,81
DA:53,81
DA:54,36
DA:58,36
DA:87,45
DA:91,47
LF:17
LH:17
BRDA:44,0,0,45
BRDA:53,1,0,36
BRDA:70,2,0,36
BRDA:70,2,1,18
BRDA:99,3,0,47
BRDA:99,3,1,45
BRF:6
BRH:6
end_of_record
TN:
SF:src/components/Tooltip/Arrow.tsx
FN:4,(anonymous_0)
FNF:1
FNH:1
FNDA:60,(anonymous_0)
DA:1,1
DA:2,1
DA:4,1
DA:8,60
DA:19,1
LF:5
LH:5
BRF:0
BRH:0
end_of_record
TN:
SF:src/components/Tooltip/Content.tsx
FN:12,(anonymous_0)
FN:34,(anonymous_1)
FN:43,(anonymous_2)
FNF:3
FNH:3
FNDA:60,(anonymous_0)
FNDA:60,(anonymous_1)
FNDA:88,(anonymous_2)
DA:1,1
DA:4,1
DA:12,60
DA:34,60
DA:43,1
DA:55,88
DA:57,88
DA:58,28
DA:61,60
DA:62,60
DA:64,60
DA:84,1
LF:12
LH:12
BRDA:48,0,0,88
BRDA:50,1,0,0
BRDA:57,2,0,28
BRF:3
BRH:2
end_of_record
TN:
SF:src/components/Tooltip/Tooltip.tsx
FN:11,(anonymous_0)
FNF:1
FNH:1
FNDA:92,(anonymous_0)
DA:2,1
DA:3,1
DA:4,1
DA:5,1
DA:11,1
DA:17,92
DA:18,92
LF:7
LH:7
BRDA:12,0,0,0
BRDA:13,1,0,0
BRDA:14,2,0,0
BRDA:24,3,0,92
BRDA:24,3,1,0
BRF:5
BRH:1
end_of_record
TN:
SF:src/components/Tooltip/Trigger.tsx
FN:5,(anonymous_0)
FNF:1
FNH:1
FNDA:89,(anonymous_0)
DA:1,2
DA:5,2
DA:9,89
DA:16,2
LF:4
LH:4
BRF:0
BRH:0
end_of_record
TN:
SF:src/components/Tooltip/useTooltip.ts
FN:28,(anonymous_0)
FN:43,(anonymous_1)
FN:76,(anonymous_2)
FN:80,(anonymous_3)
FNF:4
FNH:4
FNDA:92,(anonymous_0)
FNDA:92,(anonymous_1)
FNDA:44,(anonymous_2)
FNDA:76,(anonymous_3)
DA:1,1
DA:15,1
DA:23,1
DA:28,1
DA:29,92
DA:30,92
DA:32,92
DA:40,1
DA:41,1
DA:43,1
DA:47,92
DA:48,92
DA:50,92
DA:63,92
DA:65,92
DA:67,92
DA:68,92
DA:69,92
DA:70,92
DA:72,92
DA:74,92
DA:76,44
DA:79,92
DA:80,76
LF:24
LH:24
BRDA:28,0,0,72
BRDA:28,1,0,72
BRDA:44,2,0,0
BRDA:45,3,0,0
BRDA:65,4,0,92
BRDA:65,4,1,52
BRF:6
BRH:4
end_of_record
TN:
SF:src/hooks/index.ts
FN:8,(anonymous_0)
FN:9,(anonymous_1)
FN:10,(anonymous_2)
FN:11,(anonymous_3)
FN:12,(anonymous_4)
FNF:5
FNH:2
FNDA:0,(anonymous_0)
FNDA:66,(anonymous_1)
FNDA:66,(anonymous_2)
FNDA:0,(anonymous_3)
FNDA:0,(anonymous_4)
DA:1,2
DA:2,2
DA:3,2
DA:4,2
DA:5,2
DA:8,2
DA:9,68
DA:10,68
DA:11,2
DA:12,2
LF:10
LH:10
BRF:0
BRH:0
end_of_record
TN:
SF:src/hooks/useClickOutside.ts
FN:13,useClickOutside
FN:20,(anonymous_1)
FN:24,(anonymous_2)
FN:32,(anonymous_3)
FNF:4
FNH:4
FNDA:84,useClickOutside
FNDA:58,(anonymous_1)
FNDA:11,(anonymous_2)
FNDA:39,(anonymous_3)
DA:1,4
DA:13,4
DA:20,84
DA:24,58
DA:25,11
DA:26,10
DA:29,58
DA:31,39
DA:32,39
DA:34,39
LF:10
LH:10
BRDA:17,0,0,2
BRDA:25,1,0,10
BRDA:25,2,0,11
BRDA:25,2,1,11
BRDA:29,3,0,39
BRF:5
BRH:5
end_of_record
TN:
SF:src/hooks/useEscapeKey.ts
FN:4,(anonymous_0)
FN:12,(anonymous_1)
FN:19,(anonymous_2)
FN:20,(anonymous_3)
FN:26,(anonymous_4)
FNF:5
FNH:5
FNDA:6,(anonymous_0)
FNDA:85,(anonymous_1)
FNDA:59,(anonymous_2)
FNDA:6,(anonymous_3)
FNDA:39,(anonymous_4)
DA:1,4
DA:3,4
DA:4,6
DA:12,4
DA:19,85
DA:20,59
DA:21,6
DA:23,59
DA:24,39
DA:26,39
DA:27,39
DA:30,39
DA:34,85
LF:13
LH:13
BRDA:14,0,0,1
BRDA:21,1,0,5
BRDA:21,1,1,1
BRDA:23,2,0,39
BRF:4
BRH:4
end_of_record
TN:
SF:src/hooks/useFillColor.ts
FN:11,(anonymous_0)
FN:17,(anonymous_1)
FN:25,(anonymous_2)
FN:32,(anonymous_3)
FNF:4
FNH:4
FNDA:26,(anonymous_0)
FNDA:13,(anonymous_1)
FNDA:11,(anonymous_2)
FNDA:13,(anonymous_3)
DA:1,7
DA:3,7
DA:11,7
DA:15,26
DA:17,26
DA:18,13
DA:20,13
DA:21,13
DA:22,13
DA:24,13
DA:25,13
DA:26,11
DA:27,11
DA:28,11
DA:32,13
DA:35,26
LF:16
LH:16
BRDA:12,0,0,9
BRDA:20,1,0,13
BRF:2
BRH:2
end_of_record
TN:
SF:src/hooks/useIsomorphicLayoutEffect.ts
FNF:0
FNH:0
DA:1,19
DA:2,19
DA:4,19
DA:6,19
LF:4
LH:4
BRDA:4,0,0,19
BRDA:4,0,1,0
BRF:2
BRH:1
end_of_record
TN:
SF:src/hooks/useMediaQuery.ts
FN:17,(anonymous_0)
FN:24,(anonymous_1)
FN:29,(anonymous_2)
FN:35,(anonymous_3)
FNF:4
FNH:4
FNDA:39,(anonymous_0)
FNDA:2,(anonymous_1)
FNDA:21,(anonymous_2)
FNDA:2,(anonymous_3)
DA:1,3
DA:3,3
DA:17,3
DA:21,39
DA:22,39
DA:24,39
DA:25,2
DA:29,39
DA:30,21
DA:31,2
DA:32,2
DA:34,2
DA:35,2
DA:39,39
LF:14
LH:14
BRDA:25,0,0,2
BRDA:25,0,1,0
BRDA:30,1,0,2
BRF:3
BRH:2
end_of_record
TN:
SF:src/hooks/useWindowSize.ts
FN:3,(anonymous_0)
FN:7,(anonymous_1)
FN:8,(anonymous_2)
FN:16,(anonymous_3)
FNF:4
FNH:4
FNDA:5,(anonymous_0)
FNDA:2,(anonymous_1)
FNDA:3,(anonymous_2)
FNDA:2,(anonymous_3)
DA:1,3
DA:3,3
DA:4,5
DA:5,5
DA:7,5
DA:8,2
DA:9,3
DA:10,3
DA:13,2
DA:14,2
DA:16,2
DA:19,5
LF:12
LH:12
BRF:0
BRH:0
end_of_record
TN:
SF:src/hooks/useWrapperElement.ts
FN:8,(anonymous_0)
FN:16,(anonymous_1)
FN:34,(anonymous_2)
FNF:3
FNH:3
FNDA:12,(anonymous_0)
FNDA:6,(anonymous_1)
FNDA:6,(anonymous_2)
DA:1,19
DA:3,19
DA:4,19
DA:6,19
DA:8,19
DA:12,12
DA:16,12
DA:17,6
DA:18,6
DA:22,6
DA:23,3
DA:26,6
DA:27,2
DA:28,2
DA:29,6
DA:33,6
DA:34,6
DA:35,6
DA:36,3
DA:39,6
DA:42,6
DA:45,12
LF:22
LH:22
BRDA:18,0,0,3
BRDA:18,0,1,3
BRDA:22,1,0,3
BRDA:26,2,0,2
BRDA:26,3,0,6
BRDA:26,3,1,2
BRDA:26,3,2,2
BRDA:35,4,0,3
BRF:8
BRH:8
end_of_record
TN:
SF:src/reboot/lightTheme.ts
FNF:0
FNH:0
DA:1,200
LF:1
LH:1
BRF:0
BRH:0
end_of_record
